## SLURM PROLOG ###############################################################
##    Job ID : 7597285
##  Job Name : test
##  Nodelist : node2308
##      CPUs : 48
##  Mem/Node : 98304 MB
## Directory : /oscar/scratch/kbadger1/SaddleClimb/example/fosp_searches/fcc1_to_hcp/saddleclimb
##   Job Started : Sat Jan 11 06:21:33 PM EST 2025
###############################################################################
distance to initial position:
 0.010000000000000136
Fmax
 0.01021751
self.forward_climb?:  True
path_F_dot:  0.40911831195450094
eig:  [ 1.34907956 70.         70.         70.         70.         70.
 70.         70.         70.         70.         70.         70.
 70.         70.         70.         70.         70.         70.
 70.         70.         70.         70.         70.         70.
 70.         70.         70.         70.         70.         70.
 70.         70.         70.         70.         70.         70.
 70.         70.         70.         70.         70.         70.
 70.         70.         70.         70.         70.         70.
 70.         70.         70.         70.         70.         70.
 70.         70.         70.01281132]
distance to initial position:
 0.019056381344047496
Fmax
 0.01889883
self.forward_climb?:  True
path_F_dot:  0.6526327911971981
eig:  [ 1.12436509 63.0111115  70.         70.         70.         70.
 70.         70.         70.         70.         70.         70.
 70.         70.         70.         70.         70.         70.
 70.         70.         70.         70.         70.         70.
 70.         70.         70.         70.         70.         70.
 70.         70.         70.         70.         70.         70.
 70.         70.         70.         70.         70.         70.
 70.         70.         70.         70.         70.         70.
 70.         70.         70.         70.         70.         70.
 70.         70.00527165 70.82256933]
distance to initial position:
 0.03798901930405775
Fmax
 0.03363181
self.forward_climb?:  True
path_F_dot:  0.7938890662222138
eig:  [ 0.87757368 61.06908972 70.         70.         70.         70.
 70.         70.         70.         70.         70.         70.
 70.         70.         70.         70.         70.         70.
 70.         70.         70.         70.         70.         70.
 70.         70.         70.         70.         70.         70.
 70.         70.         70.         70.         70.         70.
 70.         70.         70.         70.         70.         70.
 70.         70.         70.         70.         70.         70.
 70.         70.         70.         70.         70.         70.
 70.0038873  70.28038487 70.93227416]
distance to initial position:
 0.08042976111150402
Fmax
 0.06260101
self.forward_climb?:  True
path_F_dot:  0.8448872236576541
eig:  [ 0.77451951 60.66185501 70.         70.         70.         70.
 70.         70.         70.         70.         70.         70.
 70.         70.         70.         70.         70.         70.
 70.         70.         70.         70.         70.         70.
 70.         70.         70.         70.         70.         70.
 70.         70.         70.         70.         70.         70.
 70.         70.         70.         70.         70.         70.
 70.         70.         70.         70.         70.         70.
 70.         70.         70.         70.         70.         70.00385496
 70.14699126 70.3251329  71.08914957]
distance to initial position:
 0.17040588543467589
Fmax
 0.10560095
self.forward_climb?:  True
path_F_dot:  0.6956380839399615
eig:  [ 0.51127093 60.59061114 70.         70.         70.         70.
 70.         70.         70.         70.         70.         70.
 70.         70.         70.         70.         70.         70.
 70.         70.         70.         70.         70.         70.
 70.         70.         70.         70.         70.         70.
 70.         70.         70.         70.         70.         70.
 70.         70.         70.         70.         70.         70.
 70.         70.         70.         70.         70.         70.
 70.         70.         70.         70.         70.0037172  70.09119436
 70.22047652 70.44683351 71.38750523]
distance to initial position:
 0.28720183067596783
Fmax
 0.19945836
self.forward_climb?:  True
path_F_dot:  0.5019348440528293
eig:  [ 0.20551762 60.57586948 70.         70.         70.         70.
 70.         70.         70.         70.         70.         70.
 70.         70.         70.         70.         70.         70.
 70.         70.         70.         70.         70.         70.
 70.         70.         70.         70.         70.         70.
 70.         70.         70.         70.         70.         70.
 70.         70.         70.         70.         70.         70.
 70.         70.         70.         70.         70.         70.
 70.         70.         70.         70.00347208 70.01171359 70.07466384
 70.13196378 70.46861919 71.50126373]
distance to initial position:
 0.4041210826441199
Fmax
 0.31658128
self.forward_climb?:  True
path_F_dot:  0.3760315210046653
eig:  [-2.67104869e-02  6.05995660e+01  6.56847728e+01  7.00000000e+01
  7.00000000e+01  7.00000000e+01  7.00000000e+01  7.00000000e+01
  7.00000000e+01  7.00000000e+01  7.00000000e+01  7.00000000e+01
  7.00000000e+01  7.00000000e+01  7.00000000e+01  7.00000000e+01
  7.00000000e+01  7.00000000e+01  7.00000000e+01  7.00000000e+01
  7.00000000e+01  7.00000000e+01  7.00000000e+01  7.00000000e+01
  7.00000000e+01  7.00000000e+01  7.00000000e+01  7.00000000e+01
  7.00000000e+01  7.00000000e+01  7.00000000e+01  7.00000000e+01
  7.00000000e+01  7.00000000e+01  7.00000000e+01  7.00000000e+01
  7.00000000e+01  7.00000000e+01  7.00000000e+01  7.00000000e+01
  7.00000000e+01  7.00000000e+01  7.00000000e+01  7.00000000e+01
  7.00000000e+01  7.00000000e+01  7.00000000e+01  7.00000000e+01
  7.00000000e+01  7.00000000e+01  7.00000000e+01  7.00030226e+01
  7.00420700e+01  7.00748151e+01  7.01101849e+01  7.02590476e+01
  7.05267554e+01]
scale of eig:  29.770416084577732
distance to initial position:
 0.5214002053557157
Fmax
 0.37773951
self.forward_climb?:  True
path_F_dot:  0.28979441510441095
eig:  [-0.22977552 38.73253788 60.72255473 69.98688946 70.         70.
 70.         70.         70.         70.         70.         70.
 70.         70.         70.         70.         70.         70.
 70.         70.         70.         70.         70.         70.
 70.         70.         70.         70.         70.         70.
 70.         70.         70.         70.         70.         70.
 70.         70.         70.         70.         70.         70.
 70.         70.         70.         70.         70.         70.
 70.         70.         70.         70.0030227  70.0388974  70.08344156
 70.16346954 70.2431723  70.50776722]
scale of eig:  2.0629639745438624
distance to initial position:
 0.6394212173932337
Fmax
 0.34100594
self.forward_climb?:  True
path_F_dot:  0.21810708278620705
eig:  [-0.21919435 19.6396315  60.72401885 69.50163692 69.99564423 70.
 70.         70.         70.         70.         70.         70.
 70.         70.         70.         70.         70.         70.
 70.         70.         70.         70.         70.         70.
 70.         70.         70.         70.         70.         70.
 70.         70.         70.         70.         70.         70.
 70.         70.         70.         70.         70.         70.
 70.         70.         70.         70.         70.         70.
 70.         70.         70.         70.00302337 70.0388967  70.06918889
 70.10854083 70.23737575 70.50225528]
scale of eig:  3.2720806027219185
distance to initial position:
 0.6797182755311064
Fmax
 0.22485242
self.forward_climb?:  True
path_F_dot:  0.1884797521398967
eig:  [-0.25102787  4.79360877 60.83603362 69.74358991 69.99565744 70.
 70.         70.         70.         70.         70.         70.
 70.         70.         70.         70.         70.         70.
 70.         70.         70.         70.         70.         70.
 70.         70.         70.         70.         70.         70.
 70.         70.         70.         70.         70.         70.
 70.         70.         70.         70.         70.         70.
 70.         70.         70.         70.         70.         70.
 70.         70.         70.00302196 70.03704073 70.0628491  70.09967141
 70.21202582 70.38055142 70.75164142]
distance to initial position:
 0.799327717847879
Fmax
 0.23256891
self.forward_climb?:  True
path_F_dot:  0.11383486270730389
eig:  [-0.11313124  2.55621956 61.31345196 69.84834196 69.99568831 70.
 70.         70.         70.         70.         70.         70.
 70.         70.         70.         70.         70.         70.
 70.         70.         70.         70.         70.         70.
 70.         70.         70.         70.         70.         70.
 70.         70.         70.         70.         70.         70.
 70.         70.         70.         70.         70.         70.
 70.         70.         70.         70.         70.         70.
 70.         70.00291386 70.02832186 70.03637685 70.06827483 70.12306129
 70.23140102 70.49921479 73.19214471]
distance to initial position:
 0.9152771941823189
Fmax
 0.3140397
self.forward_climb?:  True
path_F_dot:  0.10349380286576094
eig:  [ 0.14274726  2.31509244 62.67984858 69.79285355 69.9957147  70.
 70.         70.         70.         70.         70.         70.
 70.         70.         70.         70.         70.         70.
 70.         70.         70.         70.         70.         70.
 70.         70.         70.         70.         70.         70.
 70.         70.         70.         70.         70.         70.
 70.         70.         70.         70.         70.         70.
 70.         70.         70.         70.         70.         70.
 70.00282834 70.02083866 70.03491014 70.06731555 70.08339341 70.20514918
 70.26701503 70.58298592 78.88614222]
scale of eig:  1.5460728647360251
distance to initial position:
 1.0341595373459609
Fmax
 0.36917927
self.forward_climb?:  True
path_F_dot:  0.12144040862125942
eig:  [ 0.17251783  4.25746772 62.67693019 69.77079335 69.99585042 70.
 70.         70.         70.         70.         70.         70.
 70.         70.         70.         70.         70.         70.
 70.         70.         70.         70.         70.         70.
 70.         70.         70.         70.         70.         70.
 70.         70.         70.         70.         70.         70.
 70.         70.         70.         70.         70.         70.
 70.         70.         70.         70.         70.         70.00276369
 70.01776053 70.02662583 70.03543408 70.06676102 70.08619412 70.21549581
 70.39891661 70.90517487 85.67474917]
scale of eig:  11.614870961661278
distance to initial position:
 1.0926276167386109
Fmax
 0.33447714
self.forward_climb?:  True
path_F_dot:  0.14470523323117102
eig:  [ 0.14583861  4.0307145  12.32858036 62.93055723 69.94099936 69.99605714
 70.         70.         70.         70.         70.         70.
 70.         70.         70.         70.         70.         70.
 70.         70.         70.         70.         70.         70.
 70.         70.         70.         70.         70.         70.
 70.         70.         70.         70.         70.         70.
 70.         70.         70.         70.         70.         70.
 70.         70.         70.         70.         70.         70.00264602
 70.02260416 70.02688321 70.03595674 70.06886018 70.10039897 70.13611465
 70.22907734 70.40167804 71.25583256]
scale of eig:  2.0506591908528744
distance to initial position:
 1.2077020852390898
Fmax
 0.17905273
self.forward_climb?:  True
path_F_dot:  0.24137141547068922
eig:  [ 0.10335743  5.08226444 12.27555834 62.94009017 69.93842462 69.99610642
 70.         70.         70.         70.         70.         70.
 70.         70.         70.         70.         70.         70.
 70.         70.         70.         70.         70.         70.
 70.         70.         70.         70.         70.         70.
 70.         70.         70.         70.         70.         70.
 70.         70.         70.         70.         70.         70.
 70.         70.         70.         70.         70.00255527 70.01754871
 70.02406001 70.02785163 70.04823802 70.07010955 70.11006043 70.22446405
 70.40059118 70.5647603  71.83385716]
scale of eig:  1.7001734364812167
distance to initial position:
 1.3224572259795646
Fmax
 0.16115973
self.forward_climb?:  True
path_F_dot:  0.26237209256064287
eig:  [1.87307535e-02 4.91172261e+00 1.12986424e+01 6.39790914e+01
 6.99390879e+01 6.99961064e+01 7.00000000e+01 7.00000000e+01
 7.00000000e+01 7.00000000e+01 7.00000000e+01 7.00000000e+01
 7.00000000e+01 7.00000000e+01 7.00000000e+01 7.00000000e+01
 7.00000000e+01 7.00000000e+01 7.00000000e+01 7.00000000e+01
 7.00000000e+01 7.00000000e+01 7.00000000e+01 7.00000000e+01
 7.00000000e+01 7.00000000e+01 7.00000000e+01 7.00000000e+01
 7.00000000e+01 7.00000000e+01 7.00000000e+01 7.00000000e+01
 7.00000000e+01 7.00000000e+01 7.00000000e+01 7.00000000e+01
 7.00000000e+01 7.00000000e+01 7.00000000e+01 7.00000000e+01
 7.00000000e+01 7.00000000e+01 7.00000000e+01 7.00000000e+01
 7.00000000e+01 7.00022167e+01 7.00154447e+01 7.00231607e+01
 7.00264254e+01 7.00362649e+01 7.00578178e+01 7.00745215e+01
 7.02136925e+01 7.02826072e+01 7.04319043e+01 7.12590178e+01
 7.18874344e+01]
scale of eig:  1.982531888882337
distance to initial position:
 1.4370177923774274
Fmax
 0.19791337
self.forward_climb?:  True
path_F_dot:  0.19998279618043743
eig:  [-0.17855539  4.58770555 11.4309091  61.41356155 69.00131055 69.943546
 69.99611149 70.         70.         70.         70.         70.
 70.         70.         70.         70.         70.         70.
 70.         70.         70.         70.         70.         70.
 70.         70.         70.         70.         70.         70.
 70.         70.         70.         70.         70.         70.
 70.         70.         70.         70.         70.         70.
 70.         70.         70.         70.00219131 70.01549353 70.02195692
 70.02636707 70.03538574 70.03761557 70.07025612 70.20816128 70.2430369
 70.28484008 70.4487956  71.66023374]
distance to initial position:
 1.5505916756010276
Fmax
 0.13336339
self.forward_climb?:  True
path_F_dot:  0.01855289691941506
eig:  [-0.1802521   4.98796497 13.57904306 61.99033672 68.1758935  69.94262085
 69.99620027 70.         70.         70.         70.         70.
 70.         70.         70.         70.         70.         70.
 70.         70.         70.         70.         70.         70.
 70.         70.         70.         70.         70.         70.
 70.         70.         70.         70.         70.         70.
 70.         70.         70.         70.         70.         70.
 70.         70.         70.00195423 70.01204884 70.01666451 70.02548287
 70.03312767 70.03545092 70.06140234 70.07400764 70.12639764 70.21683317
 70.44043136 71.40998323 71.59092182]
scale of eig:  1.3245777894837993
distance to initial position:
 1.5898481153940767
Fmax
 0.14312322
self.forward_climb?:  False
path_F_dot:  0.006046153247006999
eig:  [-0.78554481  0.22539682  6.45066237 16.5326976  66.52060748 69.82177225
 69.95576624 69.99629262 70.         70.         70.         70.
 70.         70.         70.         70.         70.         70.
 70.         70.         70.         70.         70.         70.
 70.         70.         70.         70.         70.         70.
 70.         70.         70.         70.         70.         70.
 70.         70.         70.         70.         70.         70.
 70.         70.         70.0019529  70.01341314 70.02208824 70.02304548
 70.02744197 70.0354645  70.0588428  70.06538613 70.14562509 70.28925532
 70.39579152 70.52531306 71.64030704]
scale of eig:  3.0129004829696053
distance to initial position:
 1.4731072978435589
Fmax
 0.05484609
self.forward_climb?:  False
path_F_dot:  0.09253247222998508
eig:  [-2.91671941e-02  4.29952478e+00  8.86689002e+00  1.63339184e+01
  6.65214764e+01  6.98271562e+01  6.99560214e+01  6.99962934e+01
  7.00000000e+01  7.00000000e+01  7.00000000e+01  7.00000000e+01
  7.00000000e+01  7.00000000e+01  7.00000000e+01  7.00000000e+01
  7.00000000e+01  7.00000000e+01  7.00000000e+01  7.00000000e+01
  7.00000000e+01  7.00000000e+01  7.00000000e+01  7.00000000e+01
  7.00000000e+01  7.00000000e+01  7.00000000e+01  7.00000000e+01
  7.00000000e+01  7.00000000e+01  7.00000000e+01  7.00000000e+01
  7.00000000e+01  7.00000000e+01  7.00000000e+01  7.00000000e+01
  7.00000000e+01  7.00000000e+01  7.00000000e+01  7.00000000e+01
  7.00000000e+01  7.00000000e+01  7.00000000e+01  7.00019283e+01
  7.00131612e+01  7.00187746e+01  7.00229183e+01  7.00269644e+01
  7.00354633e+01  7.00581152e+01  7.00640935e+01  7.00929222e+01
  7.01772953e+01  7.03106305e+01  7.04470262e+01  7.11731479e+01
  7.20130573e+01]
scale of eig:  4.707664862357292
distance to initial position:
 1.3862387862986678
Fmax
 0.03149842
self.forward_climb?:  True
path_F_dot:  0.05547765180023578
eig:  [-0.26181157  4.23819498  8.87287424 16.64225103 65.85940796 67.48645541
 69.916237   69.95771561 69.99629445 70.         70.         70.
 70.         70.         70.         70.         70.         70.
 70.         70.         70.         70.         70.         70.
 70.         70.         70.         70.         70.         70.
 70.         70.         70.         70.         70.         70.
 70.         70.         70.         70.         70.         70.
 70.         70.00191472 70.01290644 70.01596299 70.02188174 70.02635941
 70.03487932 70.05491425 70.06305929 70.07732798 70.14314389 70.20257493
 70.31864472 70.60822048 71.47380808]
distance to initial position:
 1.4407595392301247
Fmax
 0.03223342
self.forward_climb?:  False
path_F_dot:  0.009329357111624787
eig:  [-0.26392279  4.23306914  8.87319522 16.32765516 51.5544997  66.55989322
 69.78596532 69.95527    69.98363277 69.99633049 70.         70.
 70.         70.         70.         70.         70.         70.
 70.         70.         70.         70.         70.         70.
 70.         70.         70.         70.         70.         70.
 70.         70.         70.         70.         70.         70.
 70.         70.         70.         70.         70.         70.
 70.         70.00191094 70.01161757 70.01425025 70.02105027 70.02345502
 70.03397704 70.04528425 70.060133   70.06472436 70.10546472 70.19212449
 70.29695693 70.42299956 71.47612708]
distance to initial position:
 1.428300780769172
Fmax
 0.02560268
self.forward_climb?:  False
path_F_dot:  0.009380692852676344
eig:  [-0.29413906  2.92258612  6.85059679 11.42740802 17.72171318 66.54812396
 69.71802936 69.95581015 69.97708378 69.99639514 70.         70.
 70.         70.         70.         70.         70.         70.
 70.         70.         70.         70.         70.         70.
 70.         70.         70.         70.         70.         70.
 70.         70.         70.         70.         70.         70.
 70.         70.         70.         70.         70.         70.
 70.00190333 70.01024581 70.01412542 70.01852218 70.02085207 70.03256217
 70.04336214 70.05748475 70.06010642 70.08704764 70.1808055  70.27882822
 70.32299356 70.54417808 71.45996321]
distance to initial position:
 1.378701708444092
Fmax
 0.01874035
self.forward_climb?:  True
path_F_dot:  0.2333953416359846
eig:  [-0.4129855   2.74634077  6.22902409 11.2645773  17.59579894 66.5416666
 69.72268201 69.92281999 69.95653487 69.97981144 69.99642966 70.
 70.         70.         70.         70.         70.         70.
 70.         70.         70.         70.         70.         70.
 70.         70.         70.         70.         70.         70.
 70.         70.         70.         70.         70.         70.
 70.         70.         70.         70.         70.         70.
 70.00190332 70.01021574 70.01411942 70.01823631 70.02078505 70.02988339
 70.03572275 70.05718526 70.05804566 70.08756229 70.18142357 70.28167234
 70.30762623 70.50338356 71.45091774]
distance to initial position:
 1.4045938072262558
Fmax
 0.01898868
self.forward_climb?:  True
path_F_dot:  0.05518814215535555
eig:  [-0.31277339  3.32998713  4.88174231 12.43680205 17.1269554  62.92419309
 67.07344509 69.83800409 69.95961233 69.97890845 69.99655025 70.
 70.         70.         70.         70.         70.         70.
 70.         70.         70.         70.         70.         70.
 70.         70.         70.         70.         70.         70.
 70.         70.         70.         70.         70.         70.
 70.         70.         70.         70.         70.         70.00180381
 70.00957574 70.01404688 70.01676789 70.02017122 70.02540083 70.03405613
 70.044723   70.05695436 70.08698656 70.12914451 70.19641598 70.29313386
 70.41432053 70.68482965 71.93684554]
distance to initial position:
 1.417007532656117
Fmax
 0.01104856
self.forward_climb?:  True
path_F_dot:  0.053927273523849406
eig:  [-0.29226742  3.29894693  4.05503593 14.07185265 15.07140225 47.03068139
 66.53788872 69.67112715 69.94852347 69.96620887 69.98356681 69.99657626
 70.         70.         70.         70.         70.         70.
 70.         70.         70.         70.         70.         70.
 70.         70.         70.         70.         70.         70.
 70.         70.         70.         70.         70.         70.
 70.         70.         70.         70.         70.         70.00178667
 70.00962862 70.01257813 70.01693561 70.02031454 70.02491578 70.03305942
 70.04880279 70.05662759 70.08698646 70.17101844 70.18990563 70.25847477
 70.47251902 70.50397803 71.68202434]
distance to initial position:
 1.4206008195208188
Fmax
 0.01140655
self.forward_climb?:  True
path_F_dot:  0.06647478745190943
eig:  [-0.28895769  3.18076313  3.82226206 11.70219114 14.45414405 24.61649398
 66.47582773 69.52021276 69.90014615 69.96482043 69.98328912 69.99693213
 70.         70.         70.         70.         70.         70.
 70.         70.         70.         70.         70.         70.
 70.         70.         70.         70.         70.         70.
 70.         70.         70.         70.         70.         70.
 70.         70.         70.         70.         70.00173125 70.00950433
 70.01058574 70.01617043 70.01994655 70.02312592 70.03251745 70.04476615
 70.0542875  70.08575056 70.14689054 70.15825019 70.24756163 70.33138507
 70.46774366 71.35878077 72.94336671]
distance to initial position:
 1.4225076158872805
Fmax
 0.0134895
self.forward_climb?:  True
path_F_dot:  0.07013104556389443
eig:  [-0.29414583  2.15805455  3.67397414  9.98466977 14.42880418 18.39479202
 66.47834695 69.4228102  69.87898293 69.96497003 69.98321588 69.99706075
 70.         70.         70.         70.         70.         70.
 70.         70.         70.         70.         70.         70.
 70.         70.         70.         70.         70.         70.
 70.         70.         70.         70.         70.         70.
 70.         70.         70.         70.00171004 70.00868688 70.01040732
 70.0153827  70.01957164 70.02262283 70.03226473 70.04297144 70.05416872
 70.08569265 70.12087665 70.15647462 70.22936687 70.29004856 70.41143986
 71.30860583 71.40976586 72.3455853 ]
distance to initial position:
 1.425975017153595
Fmax
 0.01138372
self.forward_climb?:  False
path_F_dot:  0.037152756624846586
eig:  [-0.29381824  2.88788167  3.82225514  8.81867131 14.39536679 17.42310804
 66.47873559 69.34494307 69.84585089 69.97071141 69.98300178 69.99752296
 70.         70.         70.         70.         70.         70.
 70.         70.         70.         70.         70.         70.
 70.         70.         70.         70.         70.         70.
 70.         70.         70.         70.         70.         70.
 70.         70.         70.00170009 70.0084928  70.0100406  70.01411156
 70.01669726 70.02129856 70.02525606 70.03433482 70.048815   70.05439577
 70.08583425 70.13759263 70.15425398 70.24526436 70.29342434 70.42576097
 71.07911861 71.38987569 73.90002263]
distance to initial position:
 1.4184229628235152
Fmax
 0.00944802
self.forward_climb?:  True
path_F_dot:  0.12114047513569379
eig:  [-0.30302478  2.21132676  3.75278505  8.58012313 14.5115571  17.43996541
 66.47251295 69.40281769 69.83048634 69.96921039 69.98151388 69.98890244
 69.99785061 70.         70.         70.         70.         70.
 70.         70.         70.         70.         70.         70.
 70.         70.         70.         70.         70.         70.
 70.         70.         70.         70.         70.         70.
 70.         70.         70.00169238 70.00806461 70.00946072 70.01405186
 70.01916341 70.02208106 70.02375609 70.04011504 70.05139384 70.07719723
 70.12767912 70.13017536 70.15556976 70.28247995 70.29252176 70.4301656
 71.16517791 71.39182735 74.88326723]
