## SLURM PROLOG ###############################################################
##    Job ID : 7952535
##  Job Name : test
##  Nodelist : node2327
##      CPUs : 48
##  Mem/Node : 98304 MB
## Directory : /oscar/scratch/kbadger1/SaddleClimb/examples/H_diffusion_Pt111/fosp_searches/fcc_to_atop/saddleclimb
##   Job Started : Sat Feb  1 12:05:37 AM EST 2025
###############################################################################
[70. 70. 70. 70. 70. 70. 70. 70. 70. 70. 70. 70. 70. 70. 70. 70. 70. 70.
 70. 70. 70. 70. 70. 70. 70. 70. 70. 70. 70. 70. 70. 70. 70. 70. 70. 70.
 70. 70. 70. 70. 70. 70. 70. 70. 70. 70. 70. 70. 70. 70. 70. 70. 70. 70.
 70. 70. 70.]
[ 1.57599649 70.         70.         70.         70.         70.
 70.         70.         70.         70.         70.         70.
 70.         70.         70.         70.         70.         70.
 70.         70.         70.         70.         70.         70.
 70.         70.         70.         70.         70.         70.
 70.         70.         70.         70.         70.         70.
 70.         70.         70.         70.         70.         70.
 70.         70.         70.         70.         70.         70.
 70.         70.         70.         70.         70.         70.
 70.         70.         70.04519963]
[ 1.4191552  65.8067306  70.         70.         70.         70.
 70.         70.         70.         70.         70.         70.
 70.         70.         70.         70.         70.         70.
 70.         70.         70.         70.         70.         70.
 70.         70.         70.         70.         70.         70.
 70.         70.         70.         70.         70.         70.
 70.         70.         70.         70.         70.         70.
 70.         70.         70.         70.         70.         70.
 70.         70.         70.         70.         70.         70.
 70.         70.00124205 70.81662598]
[ 1.31326485 64.04829011 70.         70.         70.         70.
 70.         70.         70.         70.         70.         70.
 70.         70.         70.         70.         70.         70.
 70.         70.         70.         70.         70.         70.
 70.         70.         70.         70.         70.         70.
 70.         70.         70.         70.         70.         70.
 70.         70.         70.         70.         70.         70.
 70.         70.         70.         70.         70.         70.
 70.         70.         70.         70.         70.         70.
 70.00027116 70.03546547 71.00461922]
[ 1.23078232 63.35645594 70.         70.         70.         70.
 70.         70.         70.         70.         70.         70.
 70.         70.         70.         70.         70.         70.
 70.         70.         70.         70.         70.         70.
 70.         70.         70.         70.         70.         70.
 70.         70.         70.         70.         70.         70.
 70.         70.         70.         70.         70.         70.
 70.         70.         70.         70.         70.         70.
 70.         70.         70.         70.         70.         70.00023432
 70.00622213 70.13933303 70.89369211]
[ 1.12728904 63.22814631 70.         70.         70.         70.
 70.         70.         70.         70.         70.         70.
 70.         70.         70.         70.         70.         70.
 70.         70.         70.         70.         70.         70.
 70.         70.         70.         70.         70.         70.
 70.         70.         70.         70.         70.         70.
 70.         70.         70.         70.         70.         70.
 70.         70.         70.         70.         70.         70.
 70.         70.         70.         70.         70.00020575 70.00600359
 70.01258677 70.60668975 70.65020754]
[ 0.99536122 63.48128372 69.98885059 70.         70.         70.
 70.         70.         70.         70.         70.         70.
 70.         70.         70.         70.         70.         70.
 70.         70.         70.         70.         70.         70.
 70.         70.         70.         70.         70.         70.
 70.         70.         70.         70.         70.         70.
 70.         70.         70.         70.         70.         70.
 70.         70.         70.         70.         70.         70.
 70.         70.         70.         70.         70.00020319 70.00089007
 70.00601831 70.23200059 72.46403826]
[ 0.67526504 63.68337516 66.28207669 70.         70.         70.
 70.         70.         70.         70.         70.         70.
 70.         70.         70.         70.         70.         70.
 70.         70.         70.         70.         70.         70.
 70.         70.         70.         70.         70.         70.
 70.         70.         70.         70.         70.         70.
 70.         70.         70.         70.         70.         70.
 70.         70.         70.         70.         70.         70.
 70.         70.         70.         70.0002012  70.00040992 70.00236944
 70.00667522 70.19091406 72.3475636 ]
[ 0.09165989 34.60342771 64.05713513 70.         70.         70.
 70.         70.         70.         70.         70.         70.
 70.         70.         70.         70.         70.         70.
 70.         70.         70.         70.         70.         70.
 70.         70.         70.         70.         70.         70.
 70.         70.         70.         70.         70.         70.
 70.         70.         70.         70.         70.         70.
 70.         70.         70.         70.         70.         70.
 70.         70.         70.0001432  70.00020471 70.00106296 70.00647882
 70.02656529 70.35069156 70.57459745]
[-0.14167022 30.79349938 64.52164588 69.95596863 70.         70.
 70.         70.         70.         70.         70.         70.
 70.         70.         70.         70.         70.         70.
 70.         70.         70.         70.         70.         70.
 70.         70.         70.         70.         70.         70.
 70.         70.         70.         70.         70.         70.
 70.         70.         70.         70.         70.         70.
 70.         70.         70.         70.         70.         70.
 70.         70.         70.00013854 70.00020393 70.00031243 70.00440314
 70.01453604 70.34851495 74.1285496 ]
[-0.23319653 21.39512485 64.97453403 68.29672849 70.         70.
 70.         70.         70.         70.         70.         70.
 70.         70.         70.         70.         70.         70.
 70.         70.         70.         70.         70.         70.
 70.         70.         70.         70.         70.         70.
 70.         70.         70.         70.         70.         70.
 70.         70.         70.         70.         70.         70.
 70.         70.         70.         70.         70.         70.
 70.         70.00013538 70.00020375 70.00023987 70.00370391 70.00946187
 70.06538496 70.42528442 74.60163952]
[-0.57047309 10.15398382 34.62248589 64.99444361 69.80088883 70.
 70.         70.         70.         70.         70.         70.
 70.         70.         70.         70.         70.         70.
 70.         70.         70.         70.         70.         70.
 70.         70.         70.         70.         70.         70.
 70.         70.         70.         70.         70.         70.
 70.         70.         70.         70.         70.         70.
 70.         70.         70.         70.         70.         70.
 70.         70.00011605 70.00020265 70.00024207 70.00307828 70.00467702
 70.02904255 70.1475928  70.76556372]
[-0.59223686  8.61937611 32.49734465 65.04034977 69.78969783 70.
 70.         70.         70.         70.         70.         70.
 70.         70.         70.         70.         70.         70.
 70.         70.         70.         70.         70.         70.
 70.         70.         70.         70.         70.         70.
 70.         70.         70.         70.         70.         70.
 70.         70.         70.         70.         70.         70.
 70.         70.         70.         70.         70.         70.
 70.00011248 70.00019696 70.00024136 70.00139635 70.00306189 70.01319537
 70.02953812 70.37946091 74.11307873]
[-0.56562393  4.58100731 30.14810374 47.33118244 65.14475146 69.97899612
 70.         70.         70.         70.         70.         70.
 70.         70.         70.         70.         70.         70.
 70.         70.         70.         70.         70.         70.
 70.         70.         70.         70.         70.         70.
 70.         70.         70.         70.         70.         70.
 70.         70.         70.         70.         70.         70.
 70.         70.         70.         70.         70.         70.
 70.00011252 70.00019631 70.0002356  70.00140362 70.0030872  70.02008894
 70.0295198  70.23736676 70.55246646]
[-0.56656858  3.67057379 21.06440037 41.13635823 65.19404334 69.9973703
 70.         70.         70.         70.         70.         70.
 70.         70.         70.         70.         70.         70.
 70.         70.         70.         70.         70.         70.
 70.         70.         70.         70.         70.         70.
 70.         70.         70.         70.         70.         70.
 70.         70.         70.         70.         70.         70.
 70.         70.         70.         70.         70.         70.0001013
 70.00017472 70.00020418 70.00107097 70.00307591 70.01752786 70.02881375
 70.13105412 70.35723582 70.63789962]
[-0.55168368  3.69442089 18.69764429 38.90208589 65.20959168 69.95560578
 69.99935727 70.         70.         70.         70.         70.
 70.         70.         70.         70.         70.         70.
 70.         70.         70.         70.         70.         70.
 70.         70.         70.         70.         70.         70.
 70.         70.         70.         70.         70.         70.
 70.         70.         70.         70.         70.         70.
 70.         70.         70.         70.         70.         70.00006605
 70.0001616  70.0002041  70.0011642  70.00302752 70.01088041 70.02623295
 70.05738011 70.40193135 70.45082166]
[-0.5633723   3.64956842 12.68709359 28.89457989 54.81573913 65.39128679
 69.99766385 70.         70.         70.         70.         70.
 70.         70.         70.         70.         70.         70.
 70.         70.         70.         70.         70.         70.
 70.         70.         70.         70.         70.         70.
 70.         70.         70.         70.         70.         70.
 70.         70.         70.         70.         70.         70.
 70.         70.         70.         70.         70.00005792 70.00012989
 70.00020375 70.00094115 70.00222946 70.00407145 70.01011888 70.02773711
 70.06603077 70.37747242 70.6669327 ]
[-0.56201018  3.24670032  9.14176028 22.76425757 49.19349039 65.39260976
 69.99813399 70.         70.         70.         70.         70.
 70.         70.         70.         70.         70.         70.
 70.         70.         70.         70.         70.         70.
 70.         70.         70.         70.         70.         70.
 70.         70.         70.         70.         70.         70.
 70.         70.         70.         70.         70.         70.
 70.         70.         70.         70.00004881 70.00011392 70.00017977
 70.00084573 70.00182189 70.00260785 70.00423755 70.01679571 70.02943305
 70.30793252 70.37870706 70.53128475]
[-0.56098938  3.63773821  7.65880343 20.88023433 44.5974347  65.39243087
 69.99539962 69.99828732 70.         70.         70.         70.
 70.         70.         70.         70.         70.         70.
 70.         70.         70.         70.         70.         70.
 70.         70.         70.         70.         70.         70.
 70.         70.         70.         70.         70.         70.
 70.         70.         70.         70.         70.         70.
 70.         70.         70.         70.00004881 70.00011243 70.00017959
 70.00075613 70.00160992 70.00249664 70.00393297 70.0177563  70.02930309
 70.1394195  70.36902741 70.68142928]
[-0.57127708  2.65528524  7.36506904 20.29343994 41.06920023 65.41807211
 68.71195097 69.99815126 70.         70.         70.         70.
 70.         70.         70.         70.         70.         70.
 70.         70.         70.         70.         70.         70.
 70.         70.         70.         70.         70.         70.
 70.         70.         70.         70.         70.         70.
 70.         70.         70.         70.         70.         70.
 70.         70.         70.00004861 70.00011143 70.00016642 70.00071924
 70.00130737 70.00150678 70.00263133 70.00339178 70.00978456 70.02587762
 70.04219445 70.36107411 70.53099769]
[-0.56912878  2.51491421  7.03066392 19.80736972 32.49589897 65.0384593
 65.84011294 69.99815881 70.         70.         70.         70.
 70.         70.         70.         70.         70.         70.
 70.         70.         70.         70.         70.         70.
 70.         70.         70.         70.         70.         70.
 70.         70.         70.         70.         70.         70.
 70.         70.         70.         70.         70.         70.
 70.         70.00004788 70.00011108 70.00013994 70.00023129 70.0007936
 70.00134814 70.00170024 70.003189   70.005067   70.01438732 70.03100446
 70.07069547 70.37807685 71.42519749]
[-0.5728843   2.17781447  5.43382086 15.12331084 20.97531435 51.40511875
 65.45219932 69.99694972 69.99904216 70.         70.         70.
 70.         70.         70.         70.         70.         70.
 70.         70.         70.         70.         70.         70.
 70.         70.         70.         70.         70.         70.
 70.         70.         70.         70.         70.         70.
 70.         70.         70.         70.         70.         70.
 70.         70.00004778 70.00010805 70.00014346 70.00052176 70.00085554
 70.00141589 70.0021075  70.00306661 70.00426007 70.0163551  70.0299529
 70.18244565 70.37496509 71.11502844]
[-0.56982     1.88320845  4.37444943 11.86871483 20.71670724 47.65664982
 65.47376002 69.99549543 69.99935453 70.         70.         70.
 70.         70.         70.         70.         70.         70.
 70.         70.         70.         70.         70.         70.
 70.         70.         70.         70.         70.         70.
 70.         70.         70.         70.         70.         70.
 70.         70.         70.         70.         70.         70.
 70.00004713 70.00010802 70.00014153 70.00030615 70.00048651 70.0010922
 70.00148093 70.00254017 70.00321814 70.01049055 70.01697452 70.03740153
 70.34790641 70.39306776 72.66599784]
[-0.57177122  1.68486645  3.84024026 10.16354503 20.62208251 39.06950399
 65.5611615  69.09816141 69.99860454 70.         70.         70.
 70.         70.         70.         70.         70.         70.
 70.         70.         70.         70.         70.         70.
 70.         70.         70.         70.         70.         70.
 70.         70.         70.         70.         70.         70.
 70.         70.         70.         70.         70.         70.00002406
 70.00004645 70.00008634 70.00014499 70.00037838 70.00085172 70.00108308
 70.00159459 70.00268615 70.00325835 70.00998285 70.02184039 70.02368209
 70.03880709 70.3825329  71.30709578]
[-0.58297163  1.33629118  3.58405552  8.70043361 20.74062943 28.02320199
 59.7753522  65.63828693 69.99746804 69.99975225 70.         70.
 70.         70.         70.         70.         70.         70.
 70.         70.         70.         70.         70.         70.
 70.         70.         70.         70.         70.         70.
 70.         70.         70.         70.         70.         70.
 70.         70.         70.         70.         70.         70.00004346
 70.00008252 70.00014166 70.00031325 70.00046936 70.00066862 70.00149811
 70.00250738 70.00308393 70.00312736 70.01060226 70.01998293 70.03617622
 70.08013431 70.39183756 70.77449897]
[-0.62645486  0.95064757  3.62628992  7.37743364 18.98475195 22.5380906
 49.37387789 65.60770475 69.99458397 69.99951716 70.         70.
 70.         70.         70.         70.         70.         70.
 70.         70.         70.         70.         70.         70.
 70.         70.         70.         70.         70.         70.
 70.         70.         70.         70.         70.         70.
 70.         70.         70.         70.         70.00004299 70.00008144
 70.00012352 70.00023409 70.00036295 70.00048274 70.00127325 70.00161384
 70.00224529 70.0029845  70.00419131 70.01049336 70.01797471 70.03980472
 70.07541664 70.38041917 70.51081596]
[-0.62465368  1.04258737  3.60628171  6.77543946 16.78018132 22.49105677
 47.88212706 65.61312151 69.88428312 69.99841403 69.99991698 70.
 70.         70.         70.         70.         70.         70.
 70.         70.         70.         70.         70.         70.
 70.         70.         70.         70.         70.         70.
 70.         70.         70.         70.         70.         70.
 70.         70.         70.         70.         70.00004077 70.00006496
 70.00011839 70.000324   70.00047667 70.00055349 70.00103886 70.00143856
 70.00230977 70.00285554 70.00363661 70.00502651 70.01091479 70.022156
 70.04197439 70.38347628 70.60491109]
[-0.65674739  0.713095    3.60267755  6.66660643 16.31342484 22.67167679
 48.76787253 65.68069759 69.7009472  69.99779637 69.99982353 70.
 70.         70.         70.         70.         70.         70.
 70.         70.         70.         70.         70.         70.
 70.         70.         70.         70.         70.         70.
 70.         70.         70.         70.         70.         70.
 70.         70.         70.         70.00003804 70.00006395 70.00011033
 70.00019542 70.00038772 70.00048324 70.00052397 70.00095618 70.00189494
 70.00248618 70.00362194 70.00411955 70.00697507 70.01104052 70.02053327
 70.04449035 70.41154219 70.5938801 ]
[-0.63814681  0.53189054  3.58157014  6.51629338 14.94378925 21.05215519
 34.6294046  65.38295349 68.70290963 69.99601201 69.99931785 69.99999304
 70.         70.         70.         70.         70.         70.
 70.         70.         70.         70.         70.         70.
 70.         70.         70.         70.         70.         70.
 70.         70.         70.         70.         70.         70.
 70.         70.         70.         70.00003766 70.00006329 70.00011648
 70.00020633 70.00025851 70.00046079 70.00085404 70.00134637 70.00180588
 70.00226866 70.00332615 70.00364399 70.00896312 70.01092425 70.02408857
 70.0475485  70.36553798 71.08137885]
[-0.63299554  0.47488466  3.48122769  6.43699917 12.17659861 18.23624533
 28.71627243 65.07987573 67.71799531 69.9944067  69.99949733 69.99997196
 70.         70.         70.         70.         70.         70.
 70.         70.         70.         70.         70.         70.
 70.         70.         70.         70.         70.         70.
 70.         70.         70.         70.         70.         70.
 70.         70.         70.00003719 70.00005372 70.00011542 70.00020572
 70.00022942 70.00037409 70.0006426  70.0008834  70.00154314 70.00193978
 70.0024736  70.00343435 70.00362964 70.01088752 70.01674793 70.0367717
 70.05851288 70.36510661 72.22403593]
[-0.61877396  0.42958723  3.15887487  6.33383101  8.79319103 16.62922158
 27.2967545  59.79017365 66.53742662 69.98768777 69.9995115  69.9999196
 70.         70.         70.         70.         70.         70.
 70.         70.         70.         70.         70.         70.
 70.         70.         70.         70.         70.         70.
 70.         70.         70.         70.         70.         70.
 70.         70.0000321  70.00004048 70.0000806  70.00011773 70.00016884
 70.00029288 70.00049439 70.0008825  70.00113481 70.00153073 70.00198023
 70.00237068 70.00358819 70.00367014 70.01092612 70.01830551 70.04026502
 70.09955973 70.36218552 71.04859659]
[-0.61079638  0.37079938  2.86978689  5.73539273  7.15261354 15.99849637
 25.7483969  43.8271121  66.46218262 69.76906365 69.99893872 69.99954289
 69.99999645 70.         70.         70.         70.         70.
 70.         70.         70.         70.         70.         70.
 70.         70.         70.         70.         70.         70.
 70.         70.         70.         70.         70.         70.
 70.         70.00003103 70.00003903 70.00007616 70.0001456  70.00025086
 70.000335   70.00068484 70.00082946 70.00121491 70.00171235 70.0020594
 70.00217068 70.00357007 70.00373119 70.01047982 70.01667334 70.03608851
 70.0892826  70.24893572 70.41943302]
[-0.62249906  0.33336821  2.73511059  4.92548917  6.93017987 15.68379995
 21.99865426 33.53897438 66.69697095 69.2203376  69.99778121 69.99953461
 69.99998457 70.         70.         70.         70.         70.
 70.         70.         70.         70.         70.         70.
 70.         70.         70.         70.         70.         70.
 70.         70.         70.         70.         70.         70.
 70.00002953 70.00003407 70.00005927 70.00013584 70.00022585 70.00031636
 70.00062125 70.00078821 70.00104901 70.00121971 70.00191103 70.00208576
 70.00231364 70.00347942 70.00381069 70.01139843 70.01911092 70.03690252
 70.05059936 70.34873605 70.74648522]
[-0.68987939  0.27261087  2.93204881  4.62597234  7.07542582 15.45218524
 16.74926536 32.41048684 65.53443231 66.79114265 69.98819682 69.99956452
 69.99991815 70.         70.         70.         70.         70.
 70.         70.         70.         70.         70.         70.
 70.         70.         70.         70.         70.         70.
 70.         70.         70.         70.         70.         70.00002831
 70.00002843 70.00005437 70.00006455 70.00014706 70.0002802  70.00035842
 70.00071076 70.00080377 70.00099694 70.00121957 70.00204458 70.00227493
 70.00231669 70.00333846 70.00441272 70.01150844 70.01800799 70.02898195
 70.05581443 70.18381189 70.39830841]
[-0.71060441  0.2535954   2.92792036  4.27183076  7.07228873 12.05418685
 16.09792068 31.62055223 54.95037222 66.82700422 69.84296817 69.99920353
 69.99957616 69.99999234 70.         70.         70.         70.
 70.         70.         70.         70.         70.         70.
 70.         70.         70.         70.         70.         70.
 70.         70.         70.         70.         70.         70.00002237
 70.0000294  70.00005505 70.00012143 70.00022068 70.00029182 70.00034978
 70.0007202  70.00089505 70.00121803 70.00149847 70.0018307  70.00226088
 70.00259437 70.00327588 70.00451407 70.01151447 70.01410463 70.02445955
 70.05483891 70.09646182 70.39405978]
[-0.70719141  0.23428526  2.94186735  4.0539112   7.0414792  10.68304192
 16.12561755 29.23361039 39.03454852 66.81478332 69.72891985 69.99848096
 69.99957301 69.99998814 70.         70.         70.         70.
 70.         70.         70.         70.         70.         70.
 70.         70.         70.         70.         70.         70.
 70.         70.         70.         70.         70.00002166 70.00002863
 70.00005474 70.00010002 70.0001418  70.00025549 70.00031344 70.00054117
 70.00084426 70.00091476 70.0012586  70.00134463 70.00171497 70.00237535
 70.0028213  70.00321715 70.00419743 70.01120254 70.01777792 70.02180583
 70.05305689 70.38941357 70.40808225]
[-0.70874705  0.21971002  2.74987286  3.94724548  6.63869548  9.77728713
 16.40526342 18.45455132 33.40961394 66.80518013 69.52937781 69.99710775
 69.99959581 69.99996638 70.         70.         70.         70.
 70.         70.         70.         70.         70.         70.
 70.         70.         70.         70.         70.         70.
 70.         70.         70.         70.00001915 70.00002837 70.00005472
 70.00005854 70.00010405 70.00016132 70.00027001 70.00037768 70.00054959
 70.00079262 70.00097535 70.00125139 70.00164202 70.00190929 70.00238599
 70.00282633 70.00336283 70.00413087 70.01249309 70.01522613 70.02746359
 70.0577018  70.37965383 70.64433604]
