## SLURM PROLOG ###############################################################
##    Job ID : 7615160
##  Job Name : test
##  Nodelist : node2346
##      CPUs : 48
##  Mem/Node : 98304 MB
## Directory : /oscar/scratch/kbadger1/SaddleClimb/example/fosp_searches/atop_to_hcp/saddleclimb
##   Job Started : Mon Jan 13 12:51:51 PM EST 2025
###############################################################################
distance to initial position:
 0.01000000000000046
Fmax
 0.06959679
self.forward_climb?:  True
path_F_dot:  0.3006210549612208
eig:  [ 2.05256175 70.         70.         70.         70.         70.
 70.         70.         70.         70.         70.         70.
 70.         70.         70.         70.         70.         70.
 70.         70.         70.         70.         70.         70.
 70.         70.         70.         70.         70.         70.
 70.         70.         70.         70.         70.         70.
 70.         70.         70.         70.         70.         70.
 70.         70.         70.         70.         70.         70.
 70.         70.         70.         70.         70.         70.
 70.         70.         71.38876394]
distance to initial position:
 0.017968961392978888
Fmax
 0.06830252
self.forward_climb?:  True
path_F_dot:  0.4361242827658593
eig:  [ 1.30585907 38.77850325 70.         70.         70.         70.
 70.         70.         70.         70.         70.         70.
 70.         70.         70.         70.         70.         70.
 70.         70.         70.         70.         70.         70.
 70.         70.         70.         70.         70.         70.
 70.         70.         70.         70.         70.         70.
 70.         70.         70.         70.         70.         70.
 70.         70.         70.         70.         70.         70.
 70.         70.         70.         70.         70.         70.
 70.         70.0981513  72.22254976]
distance to initial position:
 0.03101339553948957
Fmax
 0.03590697
self.forward_climb?:  True
path_F_dot:  0.5529462729375757
eig:  [ 0.33282304 36.93008248 70.         70.         70.         70.
 70.         70.         70.         70.         70.         70.
 70.         70.         70.         70.         70.         70.
 70.         70.         70.         70.         70.         70.
 70.         70.         70.         70.         70.         70.
 70.         70.         70.         70.         70.         70.
 70.         70.         70.         70.         70.         70.
 70.         70.         70.         70.         70.         70.
 70.         70.         70.         70.         70.         70.
 70.07181737 70.55802459 73.17214552]
distance to initial position:
 0.0809940436604207
Fmax
 0.09216087
self.forward_climb?:  True
path_F_dot:  0.29387036961569196
eig:  [ 0.59431908 37.82319721 70.         70.         70.         70.
 70.         70.         70.         70.         70.         70.
 70.         70.         70.         70.         70.         70.
 70.         70.         70.         70.         70.         70.
 70.         70.         70.         70.         70.         70.
 70.         70.         70.         70.         70.         70.
 70.         70.         70.         70.         70.         70.
 70.         70.         70.         70.         70.         70.
 70.         70.         70.         70.         70.         70.054066
 70.14824055 70.57905859 78.32942077]
distance to initial position:
 0.15905819330970747
Fmax
 0.14976033
self.forward_climb?:  True
path_F_dot:  0.34296809664932526
eig:  [ 0.53382411 37.84658181 70.         70.         70.         70.
 70.         70.         70.         70.         70.         70.
 70.         70.         70.         70.         70.         70.
 70.         70.         70.         70.         70.         70.
 70.         70.         70.         70.         70.         70.
 70.         70.         70.         70.         70.         70.
 70.         70.         70.         70.         70.         70.
 70.         70.         70.         70.         70.         70.
 70.         70.         70.         70.         70.0291253  70.0642206
 70.26235566 70.56320854 76.21596815]
distance to initial position:
 0.28047545420339115
Fmax
 0.26975552
self.forward_climb?:  True
path_F_dot:  0.3181854043073958
eig:  [ 0.50784116 38.35279746 70.         70.         70.         70.
 70.         70.         70.         70.         70.         70.
 70.         70.         70.         70.         70.         70.
 70.         70.         70.         70.         70.         70.
 70.         70.         70.         70.         70.         70.
 70.         70.         70.         70.         70.         70.
 70.         70.         70.         70.         70.         70.
 70.         70.         70.         70.         70.         70.
 70.         70.         70.         70.02029648 70.0543705  70.11375013
 70.2252981  70.55179226 75.80870521]
distance to initial position:
 0.40193133961065364
Fmax
 0.38397406
self.forward_climb?:  True
path_F_dot:  0.29815570492359456
eig:  [ 0.44813534 38.88459613 70.         70.         70.         70.
 70.         70.         70.         70.         70.         70.
 70.         70.         70.         70.         70.         70.
 70.         70.         70.         70.         70.         70.
 70.         70.         70.         70.         70.         70.
 70.         70.         70.         70.         70.         70.
 70.         70.         70.         70.         70.         70.
 70.         70.         70.         70.         70.         70.
 70.         70.         70.01959662 70.021272   70.05442968 70.14205134
 70.26346349 70.57740914 74.98036191]
scale of eig:  1.2253817614884228
distance to initial position:
 0.5236959098155983
Fmax
 0.44487038
self.forward_climb?:  True
path_F_dot:  0.3049141471453603
eig:  [ 0.35819962 38.14859826 69.90315616 70.         70.         70.
 70.         70.         70.         70.         70.         70.
 70.         70.         70.         70.         70.         70.
 70.         70.         70.         70.         70.         70.
 70.         70.         70.         70.         70.         70.
 70.         70.         70.         70.         70.         70.
 70.         70.         70.         70.         70.         70.
 70.         70.         70.         70.         70.         70.
 70.         70.         70.0125999  70.02005068 70.02857151 70.05565278
 70.40054451 70.69587101 72.25234429]
scale of eig:  2.108028000542759
distance to initial position:
 0.6461303844645527
Fmax
 0.46460239
self.forward_climb?:  True
path_F_dot:  0.32674889026462134
eig:  [ 0.26082005 33.09169889 65.54260068 70.         70.         70.
 70.         70.         70.         70.         70.         70.
 70.         70.         70.         70.         70.         70.
 70.         70.         70.         70.         70.         70.
 70.         70.         70.         70.         70.         70.
 70.         70.         70.         70.         70.         70.
 70.         70.         70.         70.         70.         70.
 70.         70.         70.         70.         70.         70.
 70.         70.01156867 70.01578134 70.02337658 70.03809366 70.05844085
 70.34807915 70.48105798 71.17863306]
scale of eig:  4.047332640505511
distance to initial position:
 0.7698225875471717
Fmax
 0.38295968
self.forward_climb?:  True
path_F_dot:  0.40339117130601376
eig:  [ 0.11728929 24.80359117 60.93722504 70.         70.         70.
 70.         70.         70.         70.         70.         70.
 70.         70.         70.         70.         70.         70.
 70.         70.         70.         70.         70.         70.
 70.         70.         70.         70.         70.         70.
 70.         70.         70.         70.         70.         70.
 70.         70.         70.         70.         70.         70.
 70.         70.         70.         70.         70.         70.
 70.01150374 70.01550788 70.02286897 70.0307995  70.03905103 70.16152676
 70.25742425 70.63427473 71.59116035]
scale of eig:  1.4195035443949726
distance to initial position:
 0.8937028313106644
Fmax
 0.42000609
self.forward_climb?:  True
path_F_dot:  0.34119465071851535
eig:  [-4.76134678e-02  1.93905787e+01  6.08446317e+01  6.97818660e+01
  7.00000000e+01  7.00000000e+01  7.00000000e+01  7.00000000e+01
  7.00000000e+01  7.00000000e+01  7.00000000e+01  7.00000000e+01
  7.00000000e+01  7.00000000e+01  7.00000000e+01  7.00000000e+01
  7.00000000e+01  7.00000000e+01  7.00000000e+01  7.00000000e+01
  7.00000000e+01  7.00000000e+01  7.00000000e+01  7.00000000e+01
  7.00000000e+01  7.00000000e+01  7.00000000e+01  7.00000000e+01
  7.00000000e+01  7.00000000e+01  7.00000000e+01  7.00000000e+01
  7.00000000e+01  7.00000000e+01  7.00000000e+01  7.00000000e+01
  7.00000000e+01  7.00000000e+01  7.00000000e+01  7.00000000e+01
  7.00000000e+01  7.00000000e+01  7.00000000e+01  7.00000000e+01
  7.00000000e+01  7.00000000e+01  7.00000000e+01  7.00000000e+01
  7.00115060e+01  7.00134724e+01  7.00223851e+01  7.00307824e+01
  7.00375168e+01  7.00745990e+01  7.01939245e+01  7.06283611e+01
  7.14938317e+01]
scale of eig:  13.853204252677864
distance to initial position:
 1.0207048145901654
Fmax
 0.24170951
self.forward_climb?:  True
path_F_dot:  0.4019993651200169
eig:  [-0.21831406 21.15936042 61.84725218 68.75107582 69.85173065 70.
 70.         70.         70.         70.         70.         70.
 70.         70.         70.         70.         70.         70.
 70.         70.         70.         70.         70.         70.
 70.         70.         70.         70.         70.         70.
 70.         70.         70.         70.         70.         70.
 70.         70.         70.         70.         70.         70.
 70.         70.         70.         70.         70.         70.
 70.01076557 70.01151119 70.02208627 70.02691002 70.03398478 70.04564284
 70.08921022 70.54160754 71.23906736]
distance to initial position:
 1.1472568285209253
Fmax
 0.23624589
self.forward_climb?:  True
path_F_dot:  0.24499241356796053
eig:  [-0.37394738 18.50343751 61.55698055 67.62689206 69.58640764 69.97619689
 70.         70.         70.         70.         70.         70.
 70.         70.         70.         70.         70.         70.
 70.         70.         70.         70.         70.         70.
 70.         70.         70.         70.         70.         70.
 70.         70.         70.         70.         70.         70.
 70.         70.         70.         70.         70.         70.
 70.         70.         70.         70.         70.         70.
 70.00966555 70.01104332 70.02199449 70.02599444 70.0332323  70.03947391
 70.08139304 70.52137651 71.17291762]
distance to initial position:
 1.2780986593858386
Fmax
 0.17706262
self.forward_climb?:  True
path_F_dot:  0.041902875634940925
eig:  [-0.48652548 16.51440344 60.56607615 65.26722468 69.53057879 69.9722555
 69.98089851 70.         70.         70.         70.         70.
 70.         70.         70.         70.         70.         70.
 70.         70.         70.         70.         70.         70.
 70.         70.         70.         70.         70.         70.
 70.         70.         70.         70.         70.         70.
 70.         70.         70.         70.         70.         70.
 70.         70.         70.         70.         70.         70.
 70.00966624 70.01094815 70.02198309 70.02554891 70.03222359 70.03461565
 70.07957914 70.51753211 71.16580669]
distance to initial position:
 1.2888932337576555
Fmax
 0.35550268
self.forward_climb?:  True
path_F_dot:  0.08114249892112796
eig:  [-0.48636352 14.20409396 56.95837994 62.86427338 69.96341658 69.97506006
 69.98045254 70.         70.         70.         70.         70.
 70.         70.         70.         70.         70.         70.
 70.         70.         70.         70.         70.         70.
 70.         70.         70.         70.         70.         70.
 70.         70.         70.         70.         70.         70.
 70.         70.         70.         70.         70.         70.
 70.         70.         70.         70.         70.         70.00640575
 70.01069446 70.02181681 70.02533282 70.0296559  70.03325343 70.07952593
 70.47430562 71.14917713 73.2045808 ]
distance to initial position:
 1.3129079949119837
Fmax
 0.61991395
self.forward_climb?:  True
path_F_dot:  0.07328523174353467
eig:  [-0.49588167 10.30533454 55.11033949 62.49422594 69.96742289 69.97356993
 69.98031846 70.         70.         70.         70.         70.
 70.         70.         70.         70.         70.         70.
 70.         70.         70.         70.         70.         70.
 70.         70.         70.         70.         70.         70.
 70.         70.         70.         70.         70.         70.
 70.         70.         70.         70.         70.         70.
 70.         70.         70.         70.         70.00619477 70.01040205
 70.01951071 70.02515845 70.026364   70.03160749 70.0465235  70.11335482
 70.47449481 71.15799109 74.27780766]
distance to initial position:
 1.3032401245935066
Fmax
 0.17650928
self.forward_climb?:  False
path_F_dot:  0.14398158482841708
eig:  [-0.49471944 10.48251701 54.24462893 62.88722241 69.96731919 69.97348504
 69.98019252 70.         70.         70.         70.         70.
 70.         70.         70.         70.         70.         70.
 70.         70.         70.         70.         70.         70.
 70.         70.         70.         70.         70.         70.
 70.         70.         70.         70.         70.         70.
 70.         70.         70.         70.         70.         70.
 70.         70.         70.         70.00319769 70.00627202 70.01040407
 70.01951435 70.02509675 70.02631675 70.0314001  70.04803626 70.11331262
 70.47981648 71.16038229 76.8893487 ]
distance to initial position:
 1.2412117385778227
Fmax
 0.14289263
self.forward_climb?:  False
path_F_dot:  0.05569900447966489
eig:  [-0.40602323 10.38207245 29.51262323 62.58670369 69.69085592 69.97131319
 69.97408757 69.98092279 70.         70.         70.         70.
 70.         70.         70.         70.         70.         70.
 70.         70.         70.         70.         70.         70.
 70.         70.         70.         70.         70.         70.
 70.         70.         70.         70.         70.         70.
 70.         70.         70.         70.         70.         70.
 70.         70.         70.         70.00584294 70.00799509 70.01161634
 70.01998851 70.02504745 70.02818968 70.03040728 70.05499447 70.11151433
 70.46890051 71.05783641 71.94645718]
distance to initial position:
 1.2156035743876041
Fmax
 0.09583527
self.forward_climb?:  True
path_F_dot:  0.002459670556957479
eig:  [-0.37397002  6.441189   13.33166841 62.52553596 68.78791839 69.97038728
 69.97437916 69.9809613  70.         70.         70.         70.
 70.         70.         70.         70.         70.         70.
 70.         70.         70.         70.         70.         70.
 70.         70.         70.         70.         70.         70.
 70.         70.         70.         70.         70.         70.
 70.         70.         70.         70.         70.         70.
 70.         70.         70.00517537 70.00629086 70.01076657 70.01618239
 70.02463144 70.02682939 70.02995669 70.0427541  70.06459308 70.13991186
 70.47288724 70.94357785 72.15441627]
distance to initial position:
 1.2485499549959624
Fmax
 0.03866828
self.forward_climb?:  False
path_F_dot:  0.17480386823491767
eig:  [-0.49421639  5.30332517 14.42764145 62.51439658 68.43350328 69.96987728
 69.97480317 69.98307756 70.         70.         70.         70.
 70.         70.         70.         70.         70.         70.
 70.         70.         70.         70.         70.         70.
 70.         70.         70.         70.         70.         70.
 70.         70.         70.         70.         70.         70.
 70.         70.         70.         70.         70.         70.
 70.         70.00260702 70.00603103 70.01009504 70.01541256 70.01948855
 70.02409531 70.02912353 70.03211906 70.03460984 70.11193293 70.12815273
 70.47885602 70.95060118 74.80500669]
distance to initial position:
 1.198092037692327
Fmax
 0.02890015
self.forward_climb?:  True
path_F_dot:  0.02335868172203175
eig:  [-0.54617035  5.16414277 13.63162605 61.96199532 65.59624048 69.90047712
 69.97135033 69.97904347 69.98533675 70.         70.         70.
 70.         70.         70.         70.         70.         70.
 70.         70.         70.         70.         70.         70.
 70.         70.         70.         70.         70.         70.
 70.         70.         70.         70.         70.         70.
 70.         70.         70.         70.         70.         70.
 70.         70.0028418  70.00591823 70.00860494 70.01142773 70.01570281
 70.02234934 70.02926839 70.03220232 70.03394205 70.11286212 70.12815881
 70.47790438 70.91945886 73.36107875]
distance to initial position:
 1.2096430702202121
Fmax
 0.02958311
self.forward_climb?:  False
path_F_dot:  0.02227730766040822
eig:  [-0.55576708  4.09768528 10.63680645 33.90377265 63.00451778 69.8380366
 69.97366892 69.97898563 69.98527268 70.         70.         70.
 70.         70.         70.         70.         70.         70.
 70.         70.         70.         70.         70.         70.
 70.         70.         70.         70.         70.         70.
 70.         70.         70.         70.         70.         70.
 70.         70.         70.         70.         70.         70.
 70.00234498 70.00590373 70.0082381  70.01136035 70.01541966 70.02214021
 70.02864173 70.0313493  70.03275986 70.09991856 70.12308856 70.16767475
 70.47574654 70.88414759 73.22437411]
distance to initial position:
 1.199993183636685
Fmax
 0.03302275
self.forward_climb?:  True
path_F_dot:  0.033128462800870395
eig:  [-0.54035388  4.19119814  9.36669662 22.01953584 63.26234407 69.83478959
 69.97375739 69.97911249 69.98574179 70.         70.         70.
 70.         70.         70.         70.         70.         70.
 70.         70.         70.         70.         70.         70.
 70.         70.         70.         70.         70.         70.
 70.         70.         70.         70.         70.         70.
 70.         70.         70.         70.         70.         70.00227633
 70.00574474 70.00793835 70.00954492 70.01526021 70.02044619 70.02538495
 70.03048116 70.03243619 70.08332224 70.10632761 70.140242   70.43846151
 70.85522117 70.96687717 72.86850658]
distance to initial position:
 1.2064221793026282
Fmax
 0.0215598
self.forward_climb?:  True
path_F_dot:  0.01348828512995066
eig:  [-0.5427935   4.99984087  7.7453747  18.9356761  62.61208577 68.69571621
 69.90562038 69.974911   69.97911935 69.98585594 70.         70.
 70.         70.         70.         70.         70.         70.
 70.         70.         70.         70.         70.         70.
 70.         70.         70.         70.         70.         70.
 70.         70.         70.         70.         70.         70.
 70.         70.         70.         70.         70.         70.00241243
 70.00573062 70.00674413 70.00930449 70.01482149 70.02047102 70.02524584
 70.02981623 70.03289923 70.06654135 70.10385326 70.13830062 70.45633366
 70.79964457 70.98860043 72.06969824]
distance to initial position:
 1.220401361366616
Fmax
 0.0254221
self.forward_climb?:  False
path_F_dot:  0.07036276569553326
eig:  [-0.60499858  3.8643488   8.73570968 18.78963074 62.27491596 67.56628104
 69.88034092 69.97471472 69.97955384 69.98578981 70.         70.
 70.         70.         70.         70.         70.         70.
 70.         70.         70.         70.         70.         70.
 70.         70.         70.         70.         70.         70.
 70.         70.         70.         70.         70.         70.
 70.         70.         70.         70.         70.00231551 70.00571089
 70.00622854 70.00813287 70.01438824 70.0193043  70.02510127 70.02978057
 70.03254806 70.05978656 70.06931426 70.12109569 70.16184179 70.43656052
 70.71239858 70.9186664  73.22893774]
distance to initial position:
 1.1964200485357663
Fmax
 0.01552557
self.forward_climb?:  True
path_F_dot:  0.004875312207785011
eig:  [-0.60322018  4.12854026  8.092603   18.72693276 62.22657644 67.39285763
 69.87512199 69.97509535 69.97955202 69.98599453 70.         70.
 70.         70.         70.         70.         70.         70.
 70.         70.         70.         70.         70.         70.
 70.         70.         70.         70.         70.         70.
 70.         70.         70.         70.         70.         70.
 70.         70.         70.         70.00223602 70.00548037 70.00613394
 70.00810727 70.01314353 70.01792002 70.02380749 70.02942895 70.0308091
 70.05041587 70.06044048 70.09070028 70.14906416 70.15337601 70.43038058
 70.70557761 70.93229611 74.34502635]
distance to initial position:
 1.1969792718651142
Fmax
 0.01233875
self.forward_climb?:  True
path_F_dot:  0.03843694900185166
eig:  [-0.61690664  4.16120831  8.59448389 18.77882464 27.41641397 64.53474998
 69.38042309 69.88320699 69.97868369 69.97987612 69.98627456 70.
 70.         70.         70.         70.         70.         70.
 70.         70.         70.         70.         70.         70.
 70.         70.         70.         70.         70.         70.
 70.         70.         70.         70.         70.         70.
 70.         70.         70.         70.00226051 70.003354   70.00619845
 70.00766726 70.0125692  70.01716911 70.0244277  70.02951258 70.03157094
 70.05240196 70.06833519 70.11694139 70.14950828 70.42371116 70.62523526
 70.73345221 70.94936572 72.21440116]
distance to initial position:
 1.2003720924524335
Fmax
 0.00700053
self.forward_climb?:  True
path_F_dot:  0.026500017150504044
eig:  [-0.60029368  3.46785772  5.61800853 18.70140569 19.85231914 64.62482594
 69.37505591 69.8892598  69.97865657 69.98006222 69.98627423 70.
 70.         70.         70.         70.         70.         70.
 70.         70.         70.         70.         70.         70.
 70.         70.         70.         70.         70.         70.
 70.         70.         70.         70.         70.         70.
 70.         70.         70.00213959 70.00329835 70.00611608 70.00744952
 70.01252471 70.01663092 70.02292566 70.02923561 70.02953591 70.04993944
 70.06729669 70.11366548 70.138091   70.36845945 70.54269731 70.6912803
 70.7999534  71.4736787  72.21165236]
