## SLURM PROLOG ###############################################################
##    Job ID : 7952534
##  Job Name : test
##  Nodelist : node2326
##      CPUs : 48
##  Mem/Node : 98304 MB
## Directory : /oscar/scratch/kbadger1/SaddleClimb/examples/H_diffusion_Pt111/fosp_searches/atop_to_hcp/saddleclimb
##   Job Started : Sat Feb  1 12:05:07 AM EST 2025
###############################################################################
[70. 70. 70. 70. 70. 70. 70. 70. 70. 70. 70. 70. 70. 70. 70. 70. 70. 70.
 70. 70. 70. 70. 70. 70. 70. 70. 70. 70. 70. 70. 70. 70. 70. 70. 70. 70.
 70. 70. 70. 70. 70. 70. 70. 70. 70. 70. 70. 70. 70. 70. 70. 70. 70. 70.
 70. 70. 70.]
[ 1.97057612 70.         70.         70.         70.         70.
 70.         70.         70.         70.         70.         70.
 70.         70.         70.         70.         70.         70.
 70.         70.         70.         70.         70.         70.
 70.         70.         70.         70.         70.         70.
 70.         70.         70.         70.         70.         70.
 70.         70.         70.         70.         70.         70.
 70.         70.         70.         70.         70.         70.
 70.         70.         70.         70.         70.         70.
 70.         70.         71.40799677]
[ 0.66756669 37.72793109 70.         70.         70.         70.
 70.         70.         70.         70.         70.         70.
 70.         70.         70.         70.         70.         70.
 70.         70.         70.         70.         70.         70.
 70.         70.         70.         70.         70.         70.
 70.         70.         70.         70.         70.         70.
 70.         70.         70.         70.         70.         70.
 70.         70.         70.         70.         70.         70.
 70.         70.         70.         70.         70.         70.
 70.         70.07057841 70.47851867]
[ 0.6741997  33.97372156 70.         70.         70.         70.
 70.         70.         70.         70.         70.         70.
 70.         70.         70.         70.         70.         70.
 70.         70.         70.         70.         70.         70.
 70.         70.         70.         70.         70.         70.
 70.         70.         70.         70.         70.         70.
 70.         70.         70.         70.         70.         70.
 70.         70.         70.         70.         70.         70.
 70.         70.         70.         70.         70.         70.
 70.00277003 70.1160081  75.0939732 ]
[ 0.61705718 33.91176962 70.         70.         70.         70.
 70.         70.         70.         70.         70.         70.
 70.         70.         70.         70.         70.         70.
 70.         70.         70.         70.         70.         70.
 70.         70.         70.         70.         70.         70.
 70.         70.         70.         70.         70.         70.
 70.         70.         70.         70.         70.         70.
 70.         70.         70.         70.         70.         70.
 70.         70.         70.         70.         70.         70.00054601
 70.02019065 70.36488947 74.06134214]
[ 0.57772397 33.99835375 70.         70.         70.         70.
 70.         70.         70.         70.         70.         70.
 70.         70.         70.         70.         70.         70.
 70.         70.         70.         70.         70.         70.
 70.         70.         70.         70.         70.         70.
 70.         70.         70.         70.         70.         70.
 70.         70.         70.         70.         70.         70.
 70.         70.         70.         70.         70.         70.
 70.         70.         70.         70.         70.00050874 70.00273469
 70.04279288 70.46712443 73.07959133]
[ 0.52761734 34.44676495 70.         70.         70.         70.
 70.         70.         70.         70.         70.         70.
 70.         70.         70.         70.         70.         70.
 70.         70.         70.         70.         70.         70.
 70.         70.         70.         70.         70.         70.
 70.         70.         70.         70.         70.         70.
 70.         70.         70.         70.         70.         70.
 70.         70.         70.         70.         70.         70.
 70.         70.         70.         70.0003735  70.00169311 70.00430328
 70.09019882 70.41226399 72.36381533]
[ 0.46373968 33.59684326 66.5709359  70.         70.         70.
 70.         70.         70.         70.         70.         70.
 70.         70.         70.         70.         70.         70.
 70.         70.         70.         70.         70.         70.
 70.         70.         70.         70.         70.         70.
 70.         70.         70.         70.         70.         70.
 70.         70.         70.         70.         70.         70.
 70.         70.         70.         70.         70.         70.
 70.         70.         70.         70.00027502 70.00051914 70.00170851
 70.00909276 70.18750882 70.56843331]
[ 0.37266294 30.97429057 57.6075483  70.         70.         70.
 70.         70.         70.         70.         70.         70.
 70.         70.         70.         70.         70.         70.
 70.         70.         70.         70.         70.         70.
 70.         70.         70.         70.         70.         70.
 70.         70.         70.         70.         70.         70.
 70.         70.         70.         70.         70.         70.
 70.         70.         70.         70.         70.         70.
 70.         70.         70.00009892 70.00034622 70.00136252 70.00552963
 70.00786652 70.32206923 70.54863826]
[ 0.28630543 27.06336144 49.08262436 70.         70.         70.
 70.         70.         70.         70.         70.         70.
 70.         70.         70.         70.         70.         70.
 70.         70.         70.         70.         70.         70.
 70.         70.         70.         70.         70.         70.
 70.         70.         70.         70.         70.         70.
 70.         70.         70.         70.         70.         70.
 70.         70.         70.         70.         70.         70.
 70.         70.00007355 70.00033677 70.00081315 70.00136179 70.00500869
 70.02694825 70.4755071  70.54994791]
[ 0.17891223 21.83661398 42.82499539 69.81116013 70.         70.
 70.         70.         70.         70.         70.         70.
 70.         70.         70.         70.         70.         70.
 70.         70.         70.         70.         70.         70.
 70.         70.         70.         70.         70.         70.
 70.         70.         70.         70.         70.         70.
 70.         70.         70.         70.         70.         70.
 70.         70.         70.         70.         70.         70.
 70.         70.00009267 70.00032196 70.00090199 70.00146099 70.00534012
 70.02759512 70.1025134  70.57198172]
[ 0.09226828 16.14047526 38.76145851 67.60551484 70.         70.
 70.         70.         70.         70.         70.         70.
 70.         70.         70.         70.         70.         70.
 70.         70.         70.         70.         70.         70.
 70.         70.         70.         70.         70.         70.
 70.         70.         70.         70.         70.         70.
 70.         70.         70.         70.         70.         70.
 70.         70.         70.         70.         70.         70.
 70.00007562 70.00015449 70.00032624 70.00124035 70.00355772 70.0060057
 70.02544738 70.11356724 70.54999035]
[3.38318052e-02 1.07909905e+01 3.64089601e+01 6.21141879e+01
 7.00000000e+01 7.00000000e+01 7.00000000e+01 7.00000000e+01
 7.00000000e+01 7.00000000e+01 7.00000000e+01 7.00000000e+01
 7.00000000e+01 7.00000000e+01 7.00000000e+01 7.00000000e+01
 7.00000000e+01 7.00000000e+01 7.00000000e+01 7.00000000e+01
 7.00000000e+01 7.00000000e+01 7.00000000e+01 7.00000000e+01
 7.00000000e+01 7.00000000e+01 7.00000000e+01 7.00000000e+01
 7.00000000e+01 7.00000000e+01 7.00000000e+01 7.00000000e+01
 7.00000000e+01 7.00000000e+01 7.00000000e+01 7.00000000e+01
 7.00000000e+01 7.00000000e+01 7.00000000e+01 7.00000000e+01
 7.00000000e+01 7.00000000e+01 7.00000000e+01 7.00000000e+01
 7.00000000e+01 7.00000000e+01 7.00000000e+01 7.00000511e+01
 7.00001439e+01 7.00002088e+01 7.00007980e+01 7.00013442e+01
 7.00026260e+01 7.00147580e+01 7.00220377e+01 7.02015738e+01
 7.05990301e+01]
[-9.03688802e-03  9.35924137e+00  3.44830336e+01  5.35980218e+01
  6.99975037e+01  7.00000000e+01  7.00000000e+01  7.00000000e+01
  7.00000000e+01  7.00000000e+01  7.00000000e+01  7.00000000e+01
  7.00000000e+01  7.00000000e+01  7.00000000e+01  7.00000000e+01
  7.00000000e+01  7.00000000e+01  7.00000000e+01  7.00000000e+01
  7.00000000e+01  7.00000000e+01  7.00000000e+01  7.00000000e+01
  7.00000000e+01  7.00000000e+01  7.00000000e+01  7.00000000e+01
  7.00000000e+01  7.00000000e+01  7.00000000e+01  7.00000000e+01
  7.00000000e+01  7.00000000e+01  7.00000000e+01  7.00000000e+01
  7.00000000e+01  7.00000000e+01  7.00000000e+01  7.00000000e+01
  7.00000000e+01  7.00000000e+01  7.00000000e+01  7.00000000e+01
  7.00000000e+01  7.00000000e+01  7.00000000e+01  7.00000910e+01
  7.00001257e+01  7.00002190e+01  7.00006321e+01  7.00012677e+01
  7.00055239e+01  7.00119592e+01  7.00192214e+01  7.03583114e+01
  7.06405479e+01]
[-1.70827289e-02  2.08207509e+00  3.65163657e+01  4.07977171e+01
  6.96249749e+01  7.00000000e+01  7.00000000e+01  7.00000000e+01
  7.00000000e+01  7.00000000e+01  7.00000000e+01  7.00000000e+01
  7.00000000e+01  7.00000000e+01  7.00000000e+01  7.00000000e+01
  7.00000000e+01  7.00000000e+01  7.00000000e+01  7.00000000e+01
  7.00000000e+01  7.00000000e+01  7.00000000e+01  7.00000000e+01
  7.00000000e+01  7.00000000e+01  7.00000000e+01  7.00000000e+01
  7.00000000e+01  7.00000000e+01  7.00000000e+01  7.00000000e+01
  7.00000000e+01  7.00000000e+01  7.00000000e+01  7.00000000e+01
  7.00000000e+01  7.00000000e+01  7.00000000e+01  7.00000000e+01
  7.00000000e+01  7.00000000e+01  7.00000000e+01  7.00000000e+01
  7.00000000e+01  7.00000000e+01  7.00000623e+01  7.00001182e+01
  7.00001775e+01  7.00004415e+01  7.00012434e+01  7.00013513e+01
  7.00059371e+01  7.00073596e+01  7.00280617e+01  7.03981367e+01
  7.11269297e+01]
[-3.19743436e-04  8.23094122e+00  4.01674798e+01  4.67894040e+01
  6.98359370e+01  7.00000000e+01  7.00000000e+01  7.00000000e+01
  7.00000000e+01  7.00000000e+01  7.00000000e+01  7.00000000e+01
  7.00000000e+01  7.00000000e+01  7.00000000e+01  7.00000000e+01
  7.00000000e+01  7.00000000e+01  7.00000000e+01  7.00000000e+01
  7.00000000e+01  7.00000000e+01  7.00000000e+01  7.00000000e+01
  7.00000000e+01  7.00000000e+01  7.00000000e+01  7.00000000e+01
  7.00000000e+01  7.00000000e+01  7.00000000e+01  7.00000000e+01
  7.00000000e+01  7.00000000e+01  7.00000000e+01  7.00000000e+01
  7.00000000e+01  7.00000000e+01  7.00000000e+01  7.00000000e+01
  7.00000000e+01  7.00000000e+01  7.00000000e+01  7.00000000e+01
  7.00000000e+01  7.00000501e+01  7.00001001e+01  7.00001739e+01
  7.00004332e+01  7.00005537e+01  7.00012433e+01  7.00024995e+01
  7.00071598e+01  7.00214296e+01  7.03906353e+01  7.06010684e+01
  7.78446757e+01]
[-3.35410149e-04  7.52689682e+00  3.49253424e+01  4.90646301e+01
  6.82703751e+01  6.99557010e+01  7.00000000e+01  7.00000000e+01
  7.00000000e+01  7.00000000e+01  7.00000000e+01  7.00000000e+01
  7.00000000e+01  7.00000000e+01  7.00000000e+01  7.00000000e+01
  7.00000000e+01  7.00000000e+01  7.00000000e+01  7.00000000e+01
  7.00000000e+01  7.00000000e+01  7.00000000e+01  7.00000000e+01
  7.00000000e+01  7.00000000e+01  7.00000000e+01  7.00000000e+01
  7.00000000e+01  7.00000000e+01  7.00000000e+01  7.00000000e+01
  7.00000000e+01  7.00000000e+01  7.00000000e+01  7.00000000e+01
  7.00000000e+01  7.00000000e+01  7.00000000e+01  7.00000000e+01
  7.00000000e+01  7.00000000e+01  7.00000000e+01  7.00000000e+01
  7.00000000e+01  7.00000495e+01  7.00001001e+01  7.00001678e+01
  7.00004271e+01  7.00005527e+01  7.00011900e+01  7.00013918e+01
  7.00042681e+01  7.00143865e+01  7.00326931e+01  7.04163128e+01
  8.34093427e+01]
[-1.27344279e+01 -1.97100001e-04  9.05664899e+00  4.76166708e+01
  5.83825572e+01  6.99498266e+01  7.00000000e+01  7.00000000e+01
  7.00000000e+01  7.00000000e+01  7.00000000e+01  7.00000000e+01
  7.00000000e+01  7.00000000e+01  7.00000000e+01  7.00000000e+01
  7.00000000e+01  7.00000000e+01  7.00000000e+01  7.00000000e+01
  7.00000000e+01  7.00000000e+01  7.00000000e+01  7.00000000e+01
  7.00000000e+01  7.00000000e+01  7.00000000e+01  7.00000000e+01
  7.00000000e+01  7.00000000e+01  7.00000000e+01  7.00000000e+01
  7.00000000e+01  7.00000000e+01  7.00000000e+01  7.00000000e+01
  7.00000000e+01  7.00000000e+01  7.00000000e+01  7.00000000e+01
  7.00000000e+01  7.00000000e+01  7.00000000e+01  7.00000000e+01
  7.00000457e+01  7.00000954e+01  7.00001286e+01  7.00003973e+01
  7.00004853e+01  7.00007882e+01  7.00012536e+01  7.00037139e+01
  7.00087388e+01  7.00284016e+01  7.00877674e+01  7.04124210e+01
  7.91070201e+01]
[-0.37148211  2.50327894  8.54443679 47.05918001 57.7146973  69.79609482
 69.99096433 70.         70.         70.         70.         70.
 70.         70.         70.         70.         70.         70.
 70.         70.         70.         70.         70.         70.
 70.         70.         70.         70.         70.         70.
 70.         70.         70.         70.         70.         70.
 70.         70.         70.         70.         70.         70.
 70.         70.         70.00004351 70.00009483 70.00012852 70.00029592
 70.00041465 70.00063711 70.00125363 70.00340665 70.00846054 70.01837967
 70.06231867 70.41279835 78.00572596]
[-0.36609357  3.54910984  8.81045194 48.27186263 60.35438417 69.96825818
 69.99875811 70.         70.         70.         70.         70.
 70.         70.         70.         70.         70.         70.
 70.         70.         70.         70.         70.         70.
 70.         70.         70.         70.         70.         70.
 70.         70.         70.         70.         70.         70.
 70.         70.         70.         70.         70.         70.
 70.         70.0000324  70.00009338 70.00012844 70.00028494 70.00040156
 70.0005453  70.00123688 70.00324161 70.00831425 70.01640203 70.05804679
 70.38372092 72.65983589 79.31869701]
[-0.34311124  2.92793563  8.72876439 40.34700876 52.04892457 65.23799544
 69.97522708 69.99955853 70.         70.         70.         70.
 70.         70.         70.         70.         70.         70.
 70.         70.         70.         70.         70.         70.
 70.         70.         70.         70.         70.         70.
 70.         70.         70.         70.         70.         70.
 70.         70.         70.         70.         70.         70.
 70.         70.00003267 70.00009167 70.00012293 70.00028506 70.0003605
 70.00048598 70.00111664 70.00323853 70.00814209 70.01245442 70.03941738
 70.07301028 70.40814897 77.79436407]
[-0.31250662  2.501071    9.01247067 26.02544971 50.08986953 64.28451825
 69.97563076 69.99941468 70.         70.         70.         70.
 70.         70.         70.         70.         70.         70.
 70.         70.         70.         70.         70.         70.
 70.         70.         70.         70.         70.         70.
 70.         70.         70.         70.         70.         70.
 70.         70.         70.         70.         70.         70.
 70.00002638 70.00009018 70.00012236 70.00028499 70.00034582 70.00043836
 70.00105922 70.00238247 70.00323946 70.00813655 70.01357233 70.05326577
 70.18605533 70.48942302 78.78537829]
[-0.30584852  2.53281968  8.11921058 20.70126436 48.2626829  63.6700354
 69.95476461 69.99715414 70.         70.         70.         70.
 70.         70.         70.         70.         70.         70.
 70.         70.         70.         70.         70.         70.
 70.         70.         70.         70.         70.         70.
 70.         70.         70.         70.         70.         70.
 70.         70.         70.         70.         70.         70.00002563
 70.00007116 70.00009283 70.00012526 70.00028132 70.00034569 70.00042446
 70.00094745 70.00315065 70.00398408 70.00755661 70.01105721 70.05467245
 70.2913257  70.56807121 78.47344239]
[-0.34598981  2.55207467  8.39698242 13.46636159 39.62045482 61.32150196
 67.35919245 69.9786497  69.99955307 70.         70.         70.
 70.         70.         70.         70.         70.         70.
 70.         70.         70.         70.         70.         70.
 70.         70.         70.         70.         70.         70.
 70.         70.         70.         70.         70.         70.
 70.         70.         70.         70.         70.         70.00002195
 70.00007035 70.00011931 70.00025086 70.00028583 70.00036884 70.00073781
 70.00113338 70.00216184 70.00412888 70.00870329 70.01483646 70.04787906
 70.06816566 70.46508029 77.76479227]
[-0.55266766  2.53037497  8.25368831 13.84179899 31.28302709 59.59628726
 65.71989278 69.9774228  69.99351772 69.99966386 70.         70.
 70.         70.         70.         70.         70.         70.
 70.         70.         70.         70.         70.         70.
 70.         70.         70.         70.         70.         70.
 70.         70.         70.         70.         70.         70.
 70.         70.         70.         70.         70.         70.0000218
 70.00005539 70.00011937 70.00025094 70.00026839 70.00036565 70.000679
 70.00121884 70.00212075 70.00413855 70.00804868 70.00947661 70.02978458
 70.05925258 70.46506836 77.76903951]
[-0.65405998  2.50657051  8.37897019 10.80057955 26.17715184 57.31566421
 64.40539214 69.89672427 69.97885114 69.99958642 70.         70.
 70.         70.         70.         70.         70.         70.
 70.         70.         70.         70.         70.         70.
 70.         70.         70.         70.         70.         70.
 70.         70.         70.         70.         70.         70.
 70.         70.         70.         70.         70.00002144 70.00005521
 70.00008702 70.00014906 70.00025444 70.00036273 70.00037278 70.00069883
 70.0010779  70.00218614 70.00402548 70.00513334 70.01042503 70.01856129
 70.05782794 70.46509877 77.54189328]
[-0.58578351  2.40786784  5.32549963  8.47374302 25.14788315 53.6478038
 63.17468926 69.61914132 69.97883189 69.99939758 69.9999233  70.
 70.         70.         70.         70.         70.         70.
 70.         70.         70.         70.         70.         70.
 70.         70.         70.         70.         70.         70.
 70.         70.         70.         70.         70.         70.
 70.         70.         70.         70.         70.00002149 70.00005517
 70.00011058 70.00022668 70.00025088 70.00036365 70.00060097 70.00082647
 70.00115223 70.00214446 70.00425517 70.00560293 70.00986036 70.01683119
 70.05703227 70.46848873 76.40651612]
[-0.58492538  2.52524225  4.56064744  8.46471631 25.19437565 49.78040354
 62.37949869 69.46850171 69.98020985 69.9992518  69.99983465 70.
 70.         70.         70.         70.         70.         70.
 70.         70.         70.         70.         70.         70.
 70.         70.         70.         70.         70.         70.
 70.         70.         70.         70.         70.         70.
 70.         70.         70.         70.0000211  70.0000551  70.00009822
 70.00017863 70.00024869 70.00034592 70.00047285 70.00071116 70.00088825
 70.00157499 70.00375274 70.00498572 70.00934689 70.01613426 70.02735166
 70.0634177  70.47131573 76.10114453]
[-0.59562033  2.02051759  4.42194305  8.43139104 25.62216815 42.76094235
 61.0139161  68.37277293 69.97995491 69.99812853 69.99960834 70.
 70.         70.         70.         70.         70.         70.
 70.         70.         70.         70.         70.         70.
 70.         70.         70.         70.         70.         70.
 70.         70.         70.         70.         70.         70.
 70.         70.         70.00001467 70.00005325 70.00005748 70.00012893
 70.00016892 70.00025936 70.00034759 70.00065891 70.0008354  70.00107835
 70.00173927 70.00376957 70.00423012 70.00719152 70.01434481 70.02079324
 70.06334387 70.46349317 76.27981283]
