## SLURM PROLOG ###############################################################
##    Job ID : 8625683
##  Job Name : test
##  Nodelist : node2342
##      CPUs : 48
##  Mem/Node : 98304 MB
## Directory : /oscar/scratch/kbadger1/SaddleClimb/examples/H_diffusion_Pt111/fosp_searches/atop_to_hcp/saddleclimb
##   Job Started : Mon Feb 24 09:56:59 AM EST 2025
###############################################################################
rho is:  0.12243322933691883
[25. 25. 25. 25. 25. 25. 25. 25. 25. 25. 25. 25. 25. 25. 25. 25. 25. 25.
 25. 25. 25. 25. 25. 25. 25. 25. 25. 25. 25. 25. 25. 25. 25. 25. 25. 25.
 25. 25. 25. 25. 25. 25. 25. 25. 25. 25. 25. 25. 25. 25. 25. 25. 25. 25.
 25. 25. 25.]
dx norm:  0.060398675482165994
alpha:  [0.02864482]
delta:  0.008
rho is:  1.1579806076726649
[-0.69187405 25.         25.         25.         25.         25.
 25.         25.         25.         25.         25.         25.
 25.         25.         25.         25.         25.         25.
 25.         25.         25.         25.         25.         25.
 25.         25.         25.         25.         25.         25.
 25.         25.         25.         25.         25.         25.
 25.         25.         25.         25.         25.         25.
 25.         25.         25.         25.         25.         25.
 25.         25.         25.         25.         25.         25.
 25.         25.         29.66643436]
dx norm:  0.060398675482166084
alpha:  [-0.1370103]
delta:  0.008
rho is:  0.946834764684269
[-0.57894803 24.66935596 25.         25.         25.         25.
 25.         25.         25.         25.         25.         25.
 25.         25.         25.         25.         25.         25.
 25.         25.         25.         25.         25.         25.
 25.         25.         25.         25.         25.         25.
 25.         25.         25.         25.         25.         25.
 25.         25.         25.         25.         25.         25.
 25.         25.         25.         25.         25.         25.
 25.         25.         25.         25.         25.         25.
 25.         25.00047828 49.85337426]
dx norm:  0.06039867548216602
alpha:  [0.07523677]
delta:  0.008
rho is:  1.54218658883512
[-0.57814348 24.40675063 24.9945789  25.         25.         25.
 25.         25.         25.         25.         25.         25.
 25.         25.         25.         25.         25.         25.
 25.         25.         25.         25.         25.         25.
 25.         25.         25.         25.         25.         25.
 25.         25.         25.         25.         25.         25.
 25.         25.         25.         25.         25.         25.
 25.         25.         25.         25.         25.         25.
 25.         25.         25.         25.         25.         25.
 25.         25.00382826 49.32518683]
dx norm:  0.06039867548216601
alpha:  [0.06429977]
delta:  0.008
rho is:  1.097636218850918
[-0.3488681  10.71110184 24.95401527 25.         25.         25.
 25.         25.         25.         25.         25.         25.
 25.         25.         25.         25.         25.         25.
 25.         25.         25.         25.         25.         25.
 25.         25.         25.         25.         25.         25.
 25.         25.         25.         25.         25.         25.
 25.         25.         25.         25.         25.         25.
 25.         25.         25.         25.         25.         25.
 25.         25.         25.         25.         25.         25.
 25.0009645  25.04600455 41.82757517]
dx norm:  0.060398675482166014
alpha:  [0.03986642]
delta:  0.008
rho is:  1.003425068876235
[-0.17551958  0.87093843 24.88650629 24.99522958 25.         25.
 25.         25.         25.         25.         25.         25.
 25.         25.         25.         25.         25.         25.
 25.         25.         25.         25.         25.         25.
 25.         25.         25.         25.         25.         25.
 25.         25.         25.         25.         25.         25.
 25.         25.         25.         25.         25.         25.
 25.         25.         25.         25.         25.         25.
 25.         25.         25.         25.         25.         25.
 25.0010462  25.03929419 40.70834242]
dx norm:  0.06643854303038264
alpha:  [-0.06405007]
delta:  0.008800000000000002
rho is:  1.3464296208403088
[-0.12492389  0.95640312 24.63922624 24.98032804 25.         25.
 25.         25.         25.         25.         25.         25.
 25.         25.         25.         25.         25.         25.
 25.         25.         25.         25.         25.         25.
 25.         25.         25.         25.         25.         25.
 25.         25.         25.         25.         25.         25.
 25.         25.         25.         25.         25.         25.
 25.         25.         25.         25.         25.         25.
 25.         25.         25.         25.         25.         25.00035657
 25.00117324 25.03775743 42.65872832]
dx norm:  0.06643854303038264
alpha:  [0.0577912]
delta:  0.008800000000000002
rho is:  0.8642674590293352
[ 0.28796697 10.59127956 24.42138868 24.9765345  25.         25.
 25.         25.         25.         25.         25.         25.
 25.         25.         25.         25.         25.         25.
 25.         25.         25.         25.         25.         25.
 25.         25.         25.         25.         25.         25.
 25.         25.         25.         25.         25.         25.
 25.         25.         25.         25.         25.         25.
 25.         25.         25.         25.         25.         25.
 25.         25.         25.         25.         25.0000383  25.0002032
 25.01193181 25.65732974 51.226581  ]
dx norm:  0.06643854303038264
alpha:  [0.06064484]
delta:  0.008800000000000002
rho is:  0.9326168536124508
[ 0.28951712  7.85146387 24.60737887 24.98318407 25.         25.
 25.         25.         25.         25.         25.         25.
 25.         25.         25.         25.         25.         25.
 25.         25.         25.         25.         25.         25.
 25.         25.         25.         25.         25.         25.
 25.         25.         25.         25.         25.         25.
 25.         25.         25.         25.         25.         25.
 25.         25.         25.         25.         25.         25.
 25.         25.         25.         25.00003668 25.00012725 25.00043482
 25.01143834 25.83176791 61.95591365]
dx norm:  0.06643854303038262
alpha:  [0.06009129]
delta:  0.008800000000000002
rho is:  0.9216270198597905
[ 0.2908285   4.60897299 24.44500073 24.94174432 24.99026273 25.
 25.         25.         25.         25.         25.         25.
 25.         25.         25.         25.         25.         25.
 25.         25.         25.         25.         25.         25.
 25.         25.         25.         25.         25.         25.
 25.         25.         25.         25.         25.         25.
 25.         25.         25.         25.         25.         25.
 25.         25.         25.         25.         25.         25.
 25.         25.         25.         25.00001316 25.00004078 25.00116537
 25.01472392 26.67618489 62.51382019]
dx norm:  0.0664385430303826
alpha:  [0.05987313]
delta:  0.008800000000000002
rho is:  0.9210542176475005
[ 0.26046696  3.49137576 23.1455795  24.89498707 24.99030155 25.
 25.         25.         25.         25.         25.         25.
 25.         25.         25.         25.         25.         25.
 25.         25.         25.         25.         25.         25.
 25.         25.         25.         25.         25.         25.
 25.         25.         25.         25.         25.         25.
 25.         25.         25.         25.         25.         25.
 25.         25.         25.         25.         25.         25.
 25.         25.         25.00001077 25.00004062 25.00031286 25.00130991
 25.07575733 26.07219462 50.10505095]
dx norm:  0.06643854303038264
alpha:  [0.06087236]
delta:  0.008800000000000002
rho is:  0.9407754655806078
[ 0.22063132  3.20682616 16.36724492 24.83257526 24.99445592 25.
 25.         25.         25.         25.         25.         25.
 25.         25.         25.         25.         25.         25.
 25.         25.         25.         25.         25.         25.
 25.         25.         25.         25.         25.         25.
 25.         25.         25.         25.         25.         25.
 25.         25.         25.         25.         25.         25.
 25.         25.         25.         25.         25.         25.
 25.         25.00000987 25.00003016 25.00009539 25.00085373 25.00454032
 25.03662139 25.83687244 49.61853973]
dx norm:  0.06643854303038262
alpha:  [0.06152075]
delta:  0.008800000000000002
rho is:  0.9525778824798284
[ 0.19123729  2.87719985 10.86444964 24.78652125 24.97754    24.99675137
 25.         25.         25.         25.         25.         25.
 25.         25.         25.         25.         25.         25.
 25.         25.         25.         25.         25.         25.
 25.         25.         25.         25.         25.         25.
 25.         25.         25.         25.         25.         25.
 25.         25.         25.         25.         25.         25.
 25.         25.         25.         25.         25.         25.
 25.         25.00001024 25.0000166  25.00006326 25.00029261 25.0018168
 25.09454562 26.86428906 51.68540348]
dx norm:  0.06643854303038262
alpha:  [0.06022372]
delta:  0.008800000000000002
rho is:  0.9430815740475145
[ 0.18462818  2.23702744  7.60424172 24.72815698 24.94853591 24.99667232
 25.         25.         25.         25.         25.         25.
 25.         25.         25.         25.         25.         25.
 25.         25.         25.         25.         25.         25.
 25.         25.         25.         25.         25.         25.
 25.         25.         25.         25.         25.         25.
 25.         25.         25.         25.         25.         25.
 25.         25.         25.         25.         25.         25.
 25.00000923 25.00001643 25.0000632  25.00022846 25.0016874  25.00383554
 25.34726835 26.83281194 50.78768937]
dx norm:  0.06643854303038263
alpha:  [0.0586411]
delta:  0.008800000000000002
rho is:  0.9228029824246398
[ 0.15526655  1.80944171  5.85954054 22.34248341 24.90629162 24.99681622
 25.         25.         25.         25.         25.         25.
 25.         25.         25.         25.         25.         25.
 25.         25.         25.         25.         25.         25.
 25.         25.         25.         25.         25.         25.
 25.         25.         25.         25.         25.         25.
 25.         25.         25.         25.         25.         25.
 25.         25.         25.         25.         25.         25.00000697
 25.00001583 25.00005417 25.0001928  25.00057323 25.00171623 25.03235934
 25.06455057 25.91853343 50.27698189]
dx norm:  0.06643854303038263
alpha:  [0.05605267]
delta:  0.008800000000000002
rho is:  0.9071280020855439
[ 0.13458386  1.40007606  4.61083121 16.0606005  24.88405444 24.98961163
 24.99798386 25.         25.         25.         25.         25.
 25.         25.         25.         25.         25.         25.
 25.         25.         25.         25.         25.         25.
 25.         25.         25.         25.         25.         25.
 25.         25.         25.         25.         25.         25.
 25.         25.         25.         25.         25.         25.
 25.         25.         25.         25.         25.         25.00000666
 25.00001478 25.00003366 25.00019042 25.00038078 25.00161819 25.00407775
 25.11215375 26.7022684  50.24502898]
dx norm:  0.06643854303038262
alpha:  [0.05454506]
delta:  0.008800000000000002
rho is:  0.9059453164580384
[ 0.11867542  1.16481226  3.82689413 11.37299323 24.8693474  24.97213102
 24.99781522 25.         25.         25.         25.         25.
 25.         25.         25.         25.         25.         25.
 25.         25.         25.         25.         25.         25.
 25.         25.         25.         25.         25.         25.
 25.         25.         25.         25.         25.         25.
 25.         25.         25.         25.         25.         25.
 25.         25.         25.         25.         25.00000544 25.00000936
 25.0000264  25.00014199 25.00031663 25.00038695 25.00159864 25.02243711
 25.2498439  27.32434546 50.31076831]
dx norm:  0.06643854303038263
alpha:  [0.05374753]
delta:  0.008800000000000002
rho is:  0.8957879823761414
[ 0.10057588  1.02170422  3.41067348  8.68019141 24.75567156 24.93234825
 24.99764909 25.         25.         25.         25.         25.
 25.         25.         25.         25.         25.         25.
 25.         25.         25.         25.         25.         25.
 25.         25.         25.         25.         25.         25.
 25.         25.         25.         25.         25.         25.
 25.         25.         25.         25.         25.         25.
 25.         25.         25.         25.00000497 25.00000827 25.00002537
 25.00009033 25.00013766 25.00033538 25.00086661 25.00228871 25.04172172
 25.48119302 26.01285891 50.29511506]
dx norm:  0.0664385430303826
alpha:  [0.05365904]
delta:  0.008800000000000002
rho is:  0.8817364701750615
[ 0.07127531  1.02435475  3.13788643  6.9788431  20.86525433 24.8887827
 24.99607339 24.99976467 25.         25.         25.         25.
 25.         25.         25.         25.         25.         25.
 25.         25.         25.         25.         25.         25.
 25.         25.         25.         25.         25.         25.
 25.         25.         25.         25.         25.         25.
 25.         25.         25.         25.         25.         25.
 25.         25.         25.         25.0000046  25.00000881 25.00002762
 25.00003217 25.00020585 25.00031431 25.00071248 25.0017595  25.01111935
 25.11575998 26.09861062 50.45424273]
dx norm:  0.06643854303038263
alpha:  [0.05341324]
delta:  0.008800000000000002
rho is:  0.903642239751309
[ 0.06033607  0.95854308  3.00757966  5.88261946 16.13068364 24.87709075
 24.98125427 24.99805815 25.         25.         25.         25.
 25.         25.         25.         25.         25.         25.
 25.         25.         25.         25.         25.         25.
 25.         25.         25.         25.         25.         25.
 25.         25.         25.         25.         25.         25.
 25.         25.         25.         25.         25.         25.
 25.         25.         25.00000421 25.0000069  25.0000106  25.0000283
 25.00008343 25.00017551 25.00034882 25.00069619 25.00133682 25.01703014
 25.17624601 26.70896044 50.667205  ]
dx norm:  0.06643854303038263
alpha:  [0.05323356]
delta:  0.008800000000000002
rho is:  0.9373340728206004
[ 0.05818229  0.84073403  3.04564714  5.25363115 12.98621643 24.85582234
 24.96102757 24.99789213 25.         25.         25.         25.
 25.         25.         25.         25.         25.         25.
 25.         25.         25.         25.         25.         25.
 25.         25.         25.         25.         25.         25.
 25.         25.         25.         25.         25.         25.
 25.         25.         25.         25.         25.         25.
 25.         25.00000415 25.00000676 25.00001012 25.00002149 25.00004621
 25.00008665 25.00019207 25.00039125 25.00121982 25.00366671 25.01984922
 25.3340565  26.49618802 50.26025279]
dx norm:  0.06643854303038263
alpha:  [0.05347017]
delta:  0.008800000000000002
rho is:  0.9641528857548758
[ 0.05804799  0.74963684  3.12800486  4.93125573 11.10510613 24.02518257
 24.91060167 24.99747797 25.         25.         25.         25.
 25.         25.         25.         25.         25.         25.
 25.         25.         25.         25.         25.         25.
 25.         25.         25.         25.         25.         25.
 25.         25.         25.         25.         25.         25.
 25.         25.         25.         25.         25.         25.
 25.00000414 25.00000585 25.00000981 25.00001273 25.00003184 25.00006122
 25.00019069 25.00028094 25.00054437 25.0012027  25.00586806 25.01777897
 25.13466124 25.62760321 49.59640589]
dx norm:  0.06643854303038262
alpha:  [0.05446848]
delta:  0.008800000000000002
rho is:  0.9828866633876311
[ 0.0622228   0.66790477  3.18589882  4.81333957 10.01387462 20.76468481
 24.89548159 24.98756951 24.99854825 25.         25.         25.
 25.         25.         25.         25.         25.         25.
 25.         25.         25.         25.         25.         25.
 25.         25.         25.         25.         25.         25.
 25.         25.         25.         25.         25.         25.
 25.         25.         25.         25.         25.         25.
 25.00000356 25.0000042  25.00000781 25.00001479 25.00002969 25.00004574
 25.00013773 25.00020601 25.00043335 25.00124058 25.00186534 25.01745688
 25.10397876 25.94384968 49.07119949]
dx norm:  0.07308239733342088
alpha:  [0.06352284]
delta:  0.009680000000000003
rho is:  0.9916216125450633
[ 0.06900213  0.59897332  3.20722845  4.81588024  9.43461277 17.90431701
 24.88357033 24.97148542 24.99825518 25.         25.         25.
 25.         25.         25.         25.         25.         25.
 25.         25.         25.         25.         25.         25.
 25.         25.         25.         25.         25.         25.
 25.         25.         25.         25.         25.         25.
 25.         25.         25.         25.         25.         25.00000348
 25.00000408 25.00000745 25.00001409 25.00001788 25.00003601 25.00008456
 25.00017949 25.00025463 25.0005519  25.00120519 25.00345363 25.02124292
 25.17356447 26.03593335 48.82782187]
dx norm:  0.08039063706676297
alpha:  [0.07582143]
delta:  0.010648000000000003
rho is:  0.9924293667971689
[ 0.07236476  0.55901486  3.20510962  4.84516866  9.17558642 16.36723059
 24.70777408 24.93503374 24.99794729 25.         25.         25.
 25.         25.         25.         25.         25.         25.
 25.         25.         25.         25.         25.         25.
 25.         25.         25.         25.         25.         25.
 25.         25.         25.         25.         25.         25.
 25.         25.         25.         25.         25.00000234 25.00000378
 25.00000666 25.00000895 25.00001762 25.00002498 25.00007805 25.00013049
 25.00020382 25.00039932 25.00102737 25.00127504 25.00530981 25.01920057
 25.19287638 25.36656232 49.61721072]
dx norm:  0.0884297007734393
alpha:  [0.08469273]
delta:  0.011712800000000004
rho is:  0.9859234061342108
[ 0.05689083  0.55591255  3.22700775  4.84354921  8.92460134 15.74985775
 22.51072201 24.90913579 24.98623339 24.99882343 25.         25.
 25.         25.         25.         25.         25.         25.
 25.         25.         25.         25.         25.         25.
 25.         25.         25.         25.         25.         25.
 25.         25.         25.         25.         25.         25.
 25.         25.         25.         25.         25.00000242 25.00000312
 25.00000664 25.00000909 25.00001624 25.00003864 25.0000749  25.00009652
 25.00014829 25.00033502 25.00050313 25.00120055 25.00284365 25.00966173
 25.19441687 25.27804474 54.01379735]
dx norm:  0.09727267085078325
alpha:  [0.09688062]
delta:  0.012884080000000011
rho is:  0.9530873069395519
[-3.81505333e-03  1.26512435e+00  3.34308748e+00  4.86861655e+00
  8.53267245e+00  1.59764248e+01  2.05368903e+01  2.48909176e+01
  2.49812901e+01  2.49992300e+01  2.50000000e+01  2.50000000e+01
  2.50000000e+01  2.50000000e+01  2.50000000e+01  2.50000000e+01
  2.50000000e+01  2.50000000e+01  2.50000000e+01  2.50000000e+01
  2.50000000e+01  2.50000000e+01  2.50000000e+01  2.50000000e+01
  2.50000000e+01  2.50000000e+01  2.50000000e+01  2.50000000e+01
  2.50000000e+01  2.50000000e+01  2.50000000e+01  2.50000000e+01
  2.50000000e+01  2.50000000e+01  2.50000000e+01  2.50000000e+01
  2.50000000e+01  2.50000000e+01  2.50000000e+01  2.50000022e+01
  2.50000031e+01  2.50000063e+01  2.50000076e+01  2.50000145e+01
  2.50000281e+01  2.50000658e+01  2.50000730e+01  2.50001163e+01
  2.50003340e+01  2.50004848e+01  2.50008192e+01  2.50023318e+01
  2.50039598e+01  2.50702312e+01  2.51144098e+01  2.56008536e+01
  4.43769509e+01]
dx norm:  0.09727267085078316
alpha:  [-0.09675129]
delta:  0.012884080000000011
rho is:  0.6538726225546367
[-0.58162869  0.31783764  2.0149309   4.84164503  7.40284068 15.88067639
 16.45929308 23.04487651 24.91022935 24.98515191 24.999382   25.
 25.         25.         25.         25.         25.         25.
 25.         25.         25.         25.         25.         25.
 25.         25.         25.         25.         25.         25.
 25.         25.         25.         25.         25.         25.
 25.         25.         25.         25.00000186 25.00000306 25.00000619
 25.00000758 25.00001102 25.00002035 25.00003725 25.00006671 25.0000888
 25.00030918 25.00045689 25.00081944 25.00124286 25.00331241 25.0118073
 25.07158698 25.48560716 27.90921314]
dx norm:  0.09727267085078325
alpha:  [0.02369591]
delta:  0.012884080000000011
rho is:  0.629993098194446
[-0.57596433  0.34371051  2.49581637  5.1338917   7.91203727 16.03585371
 22.01744069 22.73552146 24.91480431 24.98518438 24.99942288 25.
 25.         25.         25.         25.         25.         25.
 25.         25.         25.         25.         25.         25.
 25.         25.         25.         25.         25.         25.
 25.         25.         25.         25.         25.         25.
 25.         25.         25.00000178 25.00000306 25.00000469 25.00000717
 25.00001007 25.0000162  25.00003073 25.0000469  25.0000882  25.00024829
 25.00030984 25.0007601  25.00092625 25.00178268 25.00577901 25.02341216
 25.16376744 26.4368753  36.69503366]
dx norm:  0.09727267085078328
alpha:  [0.06058245]
delta:  0.012884080000000011
rho is:  0.9527898116506585
[-0.57624394  0.34435343  2.48892745  3.25056737  7.95348156 16.06133508
 22.22921539 22.7249733  24.91661246 24.98681333 24.99943603 25.
 25.         25.         25.         25.         25.         25.
 25.         25.         25.         25.         25.         25.
 25.         25.         25.         25.         25.         25.
 25.         25.         25.         25.         25.         25.
 25.         25.00000171 25.00000305 25.00000419 25.00000579 25.00000945
 25.00001601 25.00002568 25.00003176 25.0000882  25.00019465 25.0003036
 25.00053928 25.00089773 25.0017609  25.00575473 25.02322764 25.05435317
 25.17910594 26.38436775 37.34004615]
dx norm:  0.09727267085078327
alpha:  [0.06685958]
delta:  0.012884080000000011
rho is:  0.9468086535628738
[-0.57518584  0.34544689  2.46112342  2.85686928  7.81051948 16.07164225
 22.22964484 22.46253752 24.90789705 24.92708961 24.98804778 24.99948354
 25.         25.         25.         25.         25.         25.
 25.         25.         25.         25.         25.         25.
 25.         25.         25.         25.         25.         25.
 25.         25.         25.         25.         25.         25.
 25.         25.00000159 25.00000239 25.00000398 25.00000574 25.00000945
 25.00001313 25.00002509 25.00002909 25.00005594 25.00015658 25.00029026
 25.00054343 25.00081314 25.00144417 25.00506906 25.0235381  25.0333955
 25.19293702 26.29340806 37.78211403]
dx norm:  0.09727267085078502
alpha:  [0.06412859]
delta:  0.012884080000000011
rho is:  -1.1780043057526912
[-0.57574706  0.35432343  2.31714746  2.62017256  7.42765611 15.43261662
 22.11593556 22.24203865 24.64669272 24.93032888 24.98738383 24.99949128
 25.         25.         25.         25.         25.         25.
 25.         25.         25.         25.         25.         25.
 25.         25.         25.         25.         25.         25.
 25.         25.         25.         25.         25.         25.
 25.00000146 25.00000239 25.00000362 25.00000474 25.00000895 25.00001225
 25.0000241  25.00002904 25.00004421 25.00009367 25.00016654 25.00043547
 25.0005462  25.00136821 25.00407122 25.00787779 25.02262832 25.09585932
 25.19061555 26.28098286 37.77384943]
dx norm:  0.07781813668062802
alpha:  [0.05586975]
delta:  0.010307264000000198
rho is:  0.962677793955369
[-0.57589986  0.35668952  2.12885307  2.53441806  7.15624529 15.43748707
 21.81216103 22.25311778 24.47507435 24.93032425 24.98778761 24.99949332
 25.         25.         25.         25.         25.         25.
 25.         25.         25.         25.         25.         25.
 25.         25.         25.         25.         25.         25.
 25.         25.         25.         25.         25.         25.00000145
 25.00000232 25.00000249 25.00000452 25.00000644 25.00001136 25.00001434
 25.00002859 25.0000348  25.00006931 25.00014418 25.00042979 25.00054298
 25.00134768 25.00321722 25.00604559 25.01673598 25.02940491 25.0625556
 25.20582071 26.4040549  37.59632768]
dx norm:  0.077818136680628
alpha:  [0.05735684]
delta:  0.010307264000000198
rho is:  0.9620636621054257
[-0.57462378  0.35941737  2.04233599  2.31306885  6.62418361 15.32231435
 21.14727002 22.35596197 24.25039756 24.93774215 24.9879722  24.99392263
 24.99965491 25.         25.         25.         25.         25.
 25.         25.         25.         25.         25.         25.
 25.         25.         25.         25.         25.         25.
 25.         25.         25.         25.         25.         25.0000011
 25.0000023  25.00000238 25.00000452 25.00000642 25.00000991 25.00001342
 25.00002709 25.00003479 25.0000693  25.00014469 25.00042935 25.00051521
 25.00090626 25.002371   25.00667965 25.01953226 25.02027195 25.07486417
 25.2995803  26.54454387 37.55107531]
dx norm:  0.07781813668062824
alpha:  [0.05547771]
delta:  0.010307264000000198
rho is:  0.961200409468225
[-0.57336088  0.36203711  2.05749233  2.26392431  5.90561625 14.06853598
 20.55543885 22.3445389  23.99493156 24.93845893 24.9510267  24.98835927
 24.99964456 25.         25.         25.         25.         25.
 25.         25.         25.         25.         25.         25.
 25.         25.         25.         25.         25.         25.
 25.         25.         25.         25.         25.00000087 25.00000194
 25.00000237 25.00000395 25.00000634 25.0000096  25.0000131  25.000018
 25.00003457 25.00006683 25.00013734 25.00020239 25.0005028  25.00079646
 25.00114109 25.00304369 25.0064937  25.01418774 25.04418055 25.09924828
 25.25291682 26.52592469 37.04591694]
dx norm:  0.07781813668062804
alpha:  [0.05563801]
delta:  0.010307264000000198
rho is:  0.8973751299403115
[-0.57340524  0.36275062  2.11108377  2.35894085  5.57738798 13.27522939
 20.08733651 22.30355736 23.77716782 24.8130793  24.9427558  24.98846419
 24.99964895 25.         25.         25.         25.         25.
 25.         25.         25.         25.         25.         25.
 25.         25.         25.         25.         25.         25.
 25.         25.         25.         25.00000049 25.00000137 25.0000023
 25.00000289 25.00000593 25.00000747 25.00001309 25.00001677 25.00003454
 25.0000599  25.00013605 25.00018109 25.00041672 25.00053789 25.00088852
 25.00144437 25.00409087 25.00685917 25.01184633 25.04608264 25.10595124
 25.23671114 26.55639971 36.78355241]
dx norm:  0.077818136680628
alpha:  [0.05441385]
delta:  0.010307264000000198
rho is:  1.2227649223405865
[-0.5718625   0.36444845  1.77980595  2.30739171  5.11206975 12.47402755
 19.54197057 22.33703968 23.55005544 24.66348607 24.94311448 24.98848845
 24.99964173 25.         25.         25.         25.         25.
 25.         25.         25.         25.         25.         25.
 25.         25.         25.         25.         25.         25.
 25.         25.         25.00000045 25.00000124 25.00000141 25.00000273
 25.00000549 25.00000598 25.00000933 25.00001592 25.0000344  25.0000585
 25.0000956  25.00014998 25.00017937 25.00043008 25.00066544 25.00076468
 25.00297514 25.00406748 25.00984136 25.02759145 25.04244461 25.08119508
 25.24405682 26.76906377 36.65811858]
dx norm:  0.07781813668062805
alpha:  [0.05602909]
delta:  0.010307264000000198
rho is:  0.9631154886816979
[-0.57140632  0.36540518  1.6872841   2.16937187  4.78168013 11.58167574
 19.17955807 22.21824025 23.39187305 24.52721772 24.94310367 24.98873916
 24.99769266 24.99969252 25.         25.         25.         25.
 25.         25.         25.         25.         25.         25.
 25.         25.         25.         25.         25.         25.
 25.         25.         25.00000045 25.00000084 25.00000137 25.00000229
 25.00000282 25.00000561 25.00000926 25.0000123  25.00001657 25.0000567
 25.00010237 25.00014288 25.00021978 25.00041793 25.00056884 25.00070623
 25.00170008 25.00404908 25.01333177 25.01999986 25.05107935 25.09641766
 25.25997329 26.7177741  36.54583499]
dx norm:  0.07781813668062802
alpha:  [0.04698516]
delta:  0.010307264000000198
rho is:  1.1604032147897643
[-0.57063547  0.36631909  1.72580527  2.09591235  4.43294448 10.72233404
 18.84174453 22.10155124 23.27825091 24.39711431 24.94294412 24.9872131
 24.98931278 24.99967285 25.         25.         25.         25.
 25.         25.         25.         25.         25.         25.
 25.         25.         25.         25.         25.         25.
 25.         25.00000038 25.00000069 25.00000111 25.00000143 25.00000233
 25.00000541 25.0000085  25.00001227 25.00001605 25.00004169 25.00008265
 25.00013964 25.00014515 25.000222   25.0004509  25.00059489 25.00101896
 25.00149626 25.00960656 25.01088911 25.01847044 25.04207589 25.10487923
 25.25917196 26.63397338 36.47304572]
dx norm:  0.07781813668062804
alpha:  [0.05965314]
delta:  0.010307264000000198
rho is:  1.0345348582120248
[-0.57130955  0.36568957  1.73599468  2.23796966  3.56511763 10.70149313
 18.70978617 22.06460764 23.26277964 24.46785528 24.9427099  24.98307384
 24.99191311 24.99973409 25.         25.         25.         25.
 25.         25.         25.         25.         25.         25.
 25.         25.         25.         25.         25.         25.
 25.00000019 25.00000068 25.00000111 25.00000143 25.00000231 25.00000329
 25.0000075  25.0000096  25.00001367 25.00003166 25.00005723 25.00011531
 25.00013471 25.00014367 25.0003587  25.0005752  25.00083718 25.00137563
 25.00601844 25.00873317 25.01379817 25.04119399 25.06655153 25.12573715
 25.25851768 26.62043664 36.46193311]
dx norm:  0.07781813668062802
alpha:  [0.05591842]
delta:  0.010307264000000198
rho is:  0.9960120674457076
[-0.64485359  0.36194547  1.73292228  2.15690298  3.56773835 10.10458992
 18.32253357 21.9638024  23.31525385 24.4572205  24.94121719 24.96787686
 24.99094624 24.99972262 24.99998777 25.         25.         25.
 25.         25.         25.         25.         25.         25.
 25.         25.         25.         25.         25.         25.
 25.00000008 25.00000058 25.00000079 25.00000114 25.00000204 25.00000248
 25.00000744 25.00001087 25.00001272 25.00004499 25.00005345 25.00010772
 25.00013167 25.00016394 25.00040375 25.00059964 25.00095818 25.00144248
 25.00316999 25.00848895 25.01542179 25.04283267 25.09024217 25.14016685
 25.27875588 26.65697709 36.86997023]
dx norm:  0.08559995034869085
alpha:  [0.05671599]
delta:  0.011337990400000218
rho is:  1.010571611386485
[-0.64485054  0.35836034  1.75096254  2.17392126  3.52013473 10.03472962
 18.22872621 21.94082825 23.30676934 24.46154607 24.94056709 24.96528818
 24.99191141 24.99971854 24.99997032 25.         25.         25.
 25.         25.         25.         25.         25.         25.
 25.         25.         25.         25.         25.         25.00000008
 25.00000027 25.00000061 25.00000112 25.00000203 25.00000246 25.00000505
 25.00000886 25.00001108 25.00002241 25.00004651 25.00005983 25.00010218
 25.00015285 25.00031131 25.000374   25.00094984 25.00143527 25.00197837
 25.00695503 25.01304488 25.01622814 25.04287136 25.09005437 25.17935752
 25.28087085 26.66711107 36.89494125]
dx norm:  0.0941599453835599
alpha:  [0.06722694]
delta:  0.012471789440000243
rho is:  0.9862676104248205
[-0.64471463  0.35816199  1.69772857  2.17525813  3.48390295 10.00741236
 18.08169133 21.91890696 23.29972608 24.48117684 24.94161205 24.96275587
 24.99140965 24.99971033 24.99993712 25.         25.         25.
 25.         25.         25.         25.         25.         25.
 25.         25.         25.         25.         25.00000006 25.00000027
 25.00000035 25.0000011  25.00000197 25.00000227 25.00000246 25.00000664
 25.00000997 25.00001459 25.00003186 25.00004482 25.00007174 25.00012939
 25.00015962 25.00035678 25.00063904 25.00100797 25.00169963 25.00256263
 25.00585311 25.00953105 25.02055743 25.0443389  25.11009527 25.1634031
 25.27671832 26.69208471 36.96288823]
dx norm:  0.10357593992191585
alpha:  [0.07465431]
delta:  0.013718968384000264
rho is:  1.001010671761081
[-0.64469395  0.3560102   1.74975291  2.08122259  3.43387248  9.94473152
 17.93316014 21.88761141 23.28820958 24.44458425 24.92833283 24.94883914
 24.99114088 24.99972671 24.99994348 25.         25.         25.
 25.         25.         25.         25.         25.         25.
 25.         25.         25.         25.00000006 25.00000013 25.0000003
 25.00000089 25.0000016  25.00000207 25.00000245 25.00000619 25.000009
 25.00001076 25.0000211  25.00003117 25.00005393 25.00006711 25.00014925
 25.00028372 25.00049338 25.00067083 25.00100308 25.00176062 25.00255056
 25.00594981 25.00976464 25.01921234 25.04552301 25.10584477 25.16185057
 25.27174896 26.70511646 36.96481224]
dx norm:  0.11393353391410732
alpha:  [-0.10084444]
delta:  0.015090865222400284
rho is:  1.0021458356575983
[-0.64411892  0.35747979  1.8134235   2.12910441  3.39741683  9.8646941
 17.6955084  21.89126254 23.25717245 24.39476163 24.87709817 24.94605308
 24.99092687 24.99913089 24.99973302 24.99999946 25.         25.
 25.         25.         25.         25.         25.         25.
 25.         25.         25.         25.00000004 25.00000013 25.0000003
 25.00000065 25.00000196 25.00000212 25.00000315 25.0000051  25.00000681
 25.0000107  25.0000215  25.00003421 25.00005069 25.00007495 25.00014406
 25.00021197 25.00047    25.0007512  25.0010174  25.00170932 25.00362978
 25.00507452 25.00833106 25.03039318 25.04585189 25.10148357 25.15587252
 25.27194045 26.76447063 37.01326673]
dx norm:  0.12532688730551805
alpha:  [0.08339928]
delta:  0.016599951744640296
rho is:  1.1331766211555818
[-0.64617855  0.35677188  1.82591416  2.19898626  3.40446141  9.79607028
 17.44562106 21.89091809 23.2111354  24.33451517 24.77022611 24.94403845
 24.98786867 24.99211879 24.99973181 24.99999545 25.         25.
 25.         25.         25.         25.         25.         25.
 25.         25.         25.00000003 25.0000001  25.0000002  25.00000045
 25.00000075 25.00000209 25.00000235 25.00000328 25.00000496 25.00000878
 25.00001829 25.00003325 25.00004352 25.0000487  25.00007506 25.00015587
 25.00029484 25.00056584 25.00062182 25.00093725 25.00200432 25.00359341
 25.00460411 25.00833609 25.02464353 25.04835058 25.08796521 25.11813654
 25.27103691 26.68987996 37.15976916]
dx norm:  0.12532688730551803
alpha:  [0.08588239]
delta:  0.016599951744640296
rho is:  0.7768047359015448
[-0.64616757  0.35543746  1.70490687  2.19225281  3.39627872  9.80638413
 17.41201232 21.90141765 23.19781102 24.343182   24.74286114 24.94733122
 24.98735284 24.99184758 24.99974852 24.99999452 25.         25.
 25.         25.         25.         25.         25.         25.
 25.         25.00000003 25.00000009 25.00000015 25.00000032 25.00000071
 25.00000092 25.00000209 25.00000265 25.00000417 25.00000778 25.00000895
 25.00001826 25.00003903 25.00004856 25.00006498 25.00007549 25.00019935
 25.00030205 25.00057669 25.00086286 25.00130943 25.00233593 25.00361211
 25.00723916 25.0083667  25.02915962 25.04927343 25.08581384 25.13870016
 25.27116389 26.71233125 37.17444365]
dx norm:  0.1253268873055181
alpha:  [0.0873179]
delta:  0.016599951744640296
rho is:  0.8952910116800505
[-0.64566066  0.35631048  1.5649467   2.14311046  3.40163705  9.77935661
 17.31993096 21.895066   23.18051723 24.28150971 24.72122185 24.94813986
 24.98839935 24.99176547 24.99981831 24.99999497 25.         25.
 25.         25.         25.         25.         25.         25.
 25.00000002 25.00000008 25.00000014 25.0000003  25.00000064 25.00000072
 25.00000172 25.00000237 25.00000303 25.00000594 25.00000713 25.00001573
 25.00002298 25.00004782 25.00005305 25.00006656 25.00011532 25.00022948
 25.00030256 25.00057213 25.00093387 25.00157549 25.00233992 25.00380836
 25.00754176 25.01243891 25.0330537  25.04903486 25.08773679 25.14613664
 25.28719815 26.71292015 37.23253642]
dx norm:  0.12532688730551964
alpha:  [0.0855135]
delta:  0.016599951744640296
rho is:  0.9754391384254347
[-0.6449501   0.35756805  1.45000132  2.10096295  3.40362628  9.75333537
 17.18676873 21.89333432 23.14816861 24.14808008 24.70544067 24.94698632
 24.98996406 24.99273643 24.99978686 24.99997034 24.99999948 25.
 25.         25.         25.         25.         25.         25.
 25.00000002 25.00000008 25.00000016 25.0000002  25.00000044 25.00000116
 25.00000176 25.00000233 25.00000305 25.00000521 25.00000613 25.00001386
 25.00002293 25.00002657 25.0000569  25.00008691 25.00018    25.00029089
 25.00040174 25.00066531 25.00092615 25.00156547 25.00266628 25.00384818
 25.00613991 25.01179523 25.04505561 25.04993394 25.08993031 25.12723094
 25.28880304 26.71357286 37.17168154]
dx norm:  0.12532688730551808
alpha:  [0.08835094]
delta:  0.016599951744640296
rho is:  0.9997331914121113
[-0.64461052  0.35477829  1.47523199  2.01192253  3.39969727  9.73604894
 17.05901867 21.95296729 23.11699132 23.98901403 24.69324416 24.94010934
 24.98577037 24.9918068  24.998628   24.99985577 24.99999905 25.
 25.         25.         25.         25.         25.         25.00000002
 25.00000006 25.00000008 25.00000019 25.00000036 25.00000101 25.0000014
 25.00000148 25.00000215 25.00000378 25.00000502 25.00000751 25.0000102
 25.00002223 25.00004226 25.00005964 25.00008412 25.00013691 25.00026533
 25.00039428 25.00055995 25.00084552 25.00115682 25.00263684 25.00363317
 25.00486466 25.00984517 25.04700239 25.05167326 25.0719743  25.12097037
 25.282373   26.72730907 37.35732223]
dx norm:  0.1378595760360699
alpha:  [0.09695915]
delta:  0.01825994691910433
rho is:  1.012538559331088
[-0.64413388  0.3552192   1.59380429  1.94842311  3.39451565  9.69545708
 16.84605459 21.88680568 23.09240808 23.79349229 24.67365216 24.9361798
 24.98283711 24.99185641 24.99862574 24.99985084 24.99999802 25.
 25.         25.         25.         25.         25.00000001 25.00000004
 25.00000008 25.00000017 25.00000031 25.0000006  25.00000102 25.00000142
 25.000002   25.0000025  25.00000413 25.00000485 25.00000821 25.00001185
 25.00002361 25.00003705 25.00007887 25.00009525 25.00017449 25.00027813
 25.00039562 25.00084159 25.00100849 25.00175019 25.00282396 25.00368532
 25.00542881 25.00998944 25.04502946 25.0512542  25.07063906 25.11683212
 25.28262335 26.72809163 37.40883226]
dx norm:  0.1516455336396768
alpha:  [0.10539776]
delta:  0.020085941611014766
rho is:  0.9475903710480923
[-0.6418635   0.35676794  1.64766034  2.06217722  3.39360752  9.64651763
 16.58899195 21.89713718 23.02287083 23.64706927 24.65777777 24.93845262
 24.98143789 24.99168207 24.99883248 24.99985237 24.99999754 25.
 25.         25.         25.         25.00000001 25.00000003 25.00000008
 25.00000017 25.00000018 25.00000039 25.00000086 25.00000121 25.00000141
 25.0000024  25.00000272 25.00000452 25.0000056  25.00000904 25.00001367
 25.00002502 25.0000341  25.00008518 25.00012615 25.00019575 25.0003556
 25.00040358 25.00088228 25.00104314 25.00212288 25.0032812  25.00424931
 25.00853791 25.0099658  25.04405693 25.06093535 25.07112276 25.14074613
 25.28551847 26.80147817 37.56658146]
dx norm:  0.1516455336396768
alpha:  [0.10780564]
delta:  0.020085941611014766
rho is:  0.9292717828620964
[-0.64157055  0.35531725  1.54154243  2.09690821  3.39260969  9.60716058
 16.38070481 22.03032304 22.8799676  23.58874039 24.64335316 24.94596054
 24.9790848  24.9914489  24.9991149  24.99982537 24.99999506 24.99999985
 25.         25.         25.         25.00000001 25.00000002 25.00000004
 25.00000015 25.00000029 25.0000008  25.00000095 25.00000124 25.00000227
 25.00000233 25.00000263 25.00000486 25.00000576 25.00000863 25.00001492
 25.00002494 25.00004101 25.000076   25.00012576 25.00032552 25.00033624
 25.00046235 25.00089695 25.0010484  25.00240108 25.00331375 25.00474794
 25.00588332 25.00996654 25.0433676  25.06194812 25.07159807 25.16546416
 25.29337039 26.8624642  37.81210228]
dx norm:  0.15164553363967684
alpha:  [0.10866339]
delta:  0.020085941611014766
rho is:  0.9306178726531894
[-0.64157086  0.35463278  1.37954208  2.04375636  3.39778693  9.56190943
 16.08068116 21.88679553 22.78688055 23.50071956 24.6289604  24.95050516
 24.97736669 24.99132957 24.99880588 24.99980739 24.99994585 24.99999984
 25.         25.         25.         25.00000001 25.00000004 25.00000013
 25.00000025 25.00000054 25.00000074 25.00000092 25.00000117 25.00000191
 25.00000256 25.00000313 25.00000569 25.00000603 25.00000899 25.00001482
 25.00002423 25.00004811 25.00007079 25.00016734 25.0002231  25.00033004
 25.00045298 25.00090428 25.00130023 25.00293234 25.0037051  25.00460648
 25.00720033 25.0104272  25.04272293 25.06195223 25.08011457 25.16967285
 25.30037666 26.86021868 37.92675751]
dx norm:  0.1516455336396785
alpha:  [0.10396627]
delta:  0.020085941611014766
rho is:  0.9496331680715969
[-0.64112546  0.35546656  1.28010911  1.93694847  3.39851947  9.49710292
 15.72391017 21.66553535 22.63780322 23.42463883 24.61727769 24.94112801
 24.97535023 24.99152539 24.99843256 24.99974361 24.99992026 24.99999975
 25.         25.         25.00000001 25.00000003 25.00000012 25.00000015
 25.00000029 25.00000047 25.00000074 25.00000098 25.00000115 25.000002
 25.00000256 25.0000039  25.00000571 25.00000738 25.0000088  25.00001566
 25.0000271  25.00003723 25.00008985 25.00017607 25.00022521 25.00033898
 25.0004695  25.0009374  25.00148298 25.00289234 25.00432569 25.00520661
 25.00667944 25.01333018 25.04289422 25.0621792  25.08816087 25.16137078
 25.32340284 26.86807355 37.94871234]
dx norm:  0.1516455336396771
alpha:  [0.10642847]
delta:  0.020085941611014766
rho is:  1.0014317101721801
[-0.64084546  0.35435815  1.32668418  1.81491537  3.40028753  9.45220858
 15.4289939  21.42824766 22.57717081 23.36823796 24.60399215 24.91521163
 24.9725162  24.99136687 24.99756755 24.99963635 24.99992945 24.99999964
 25.         25.00000001 25.00000002 25.00000009 25.00000011 25.0000002
 25.00000031 25.00000039 25.00000074 25.00000098 25.00000125 25.0000025
 25.00000356 25.00000454 25.00000575 25.00000773 25.00000867 25.00001753
 25.00002732 25.00003903 25.00009092 25.00016613 25.00022188 25.00036154
 25.00049868 25.00093136 25.00149569 25.0023106  25.00358422 25.00482137
 25.0074884  25.01237143 25.04277276 25.06213539 25.08643657 25.16356542
 25.34463983 26.88976974 38.09353593]
dx norm:  0.16681008700364486
alpha:  [0.01475849]
delta:  0.02209453577211627
rho is:  0.22963826056416395
[-0.64041749  0.35461039  1.44013364  1.81770464  3.39805638  9.3854325
 15.01191492 21.05032143 22.5805592  23.33768811 24.59242539 24.90130694
 24.97219534 24.99139445 24.99656594 24.99958694 24.9999331  24.9999995
 24.99999997 25.         25.00000001 25.00000009 25.00000014 25.00000022
 25.00000031 25.00000065 25.00000074 25.00000113 25.0000013  25.00000284
 25.00000369 25.00000468 25.00000595 25.00000842 25.00000882 25.00001985
 25.00002764 25.00004961 25.00011421 25.00021217 25.0002423  25.0003414
 25.00049446 25.00089813 25.0015584  25.00213984 25.00354418 25.0050349
 25.00898731 25.01370293 25.04275891 25.06375841 25.08998702 25.16396505
 25.34471737 26.89816357 38.17683052]
dx norm:  0.13344806960291594
alpha:  [0.04685963]
delta:  0.01767562861769302
rho is:  1.140117952486023
[-0.68905606  0.32950352  1.4357476   1.81464226  3.36843603  4.65023876
  9.49661412 15.09420008 21.49013586 22.6320205  24.59354458 24.94807971
 24.97224147 24.99296106 24.99690753 24.99961693 24.99994071 24.9999995
 24.99999999 25.00000001 25.00000005 25.0000001  25.0000002  25.00000025
 25.00000054 25.00000073 25.00000102 25.00000128 25.00000266 25.00000306
 25.00000455 25.0000059  25.00000789 25.00000881 25.00001738 25.00002414
 25.00002995 25.00006722 25.00012143 25.00023669 25.00031068 25.00042665
 25.00058498 25.00146404 25.00180517 25.00304792 25.00389253 25.0082143
 25.01198553 25.03533875 25.05296639 25.07494618 25.13496694 25.34104418
 25.83984892 27.08712782 39.09338363]
dx norm:  0.13344806960291591
alpha:  [0.08223741]
delta:  0.01767562861769302
rho is:  1.2219892673318227
[-0.67699777  0.33264478  1.4265141   1.80597259  3.37045193  4.58131374
  9.40507215 14.92567913 21.50470534 21.68575077 24.5819468  24.94491129
 24.94836835 24.98195255 24.99640706 24.99797457 24.99965946 24.99994083
 24.99999969 25.         25.00000002 25.0000001  25.00000013 25.00000025
 25.00000034 25.00000071 25.0000009  25.00000103 25.00000131 25.00000302
 25.00000396 25.00000545 25.00000619 25.00000851 25.00001178 25.00001773
 25.00002427 25.00004249 25.00006921 25.00015659 25.00030888 25.00040406
 25.00049136 25.00143939 25.00160694 25.00257311 25.00357847 25.00716265
 25.01112709 25.01849736 25.05284654 25.07501506 25.12448008 25.34065511
 25.89742325 26.9503638  59.77023962]
dx norm:  0.13344806960291591
alpha:  [0.0852815]
delta:  0.01767562861769302
rho is:  1.1709636850575802
[ -0.60932858   0.33312508   1.43761235   1.79710541   3.37061778
   4.61514637   9.39449742  14.93978599  20.36673343  21.50955559
  24.57764731  24.88140928  24.94920192  24.97696229  24.99660961
  24.9969535   24.99965517  24.99995077  24.99999973  24.99999999
  25.00000006  25.00000012  25.00000019  25.00000025  25.0000005
  25.00000085  25.00000093  25.00000119  25.00000138  25.00000301
  25.00000507  25.00000533  25.0000066   25.00001013  25.00001139
  25.00002078  25.00003787  25.00006856  25.00009706  25.00015038
  25.000321    25.00038981  25.00043575  25.00127946  25.00146169
  25.00220488  25.00344766  25.00751304  25.00957808  25.01731357
  25.05328289  25.07486809  25.12791462  25.31450243  25.55830579
  26.96766364 125.36924592]
dx norm:  0.13344806960291586
alpha:  [0.12114999]
delta:  0.01767562861769302
rho is:  0.9893971585854806
[ -0.5533301    0.33316726   1.43963546   1.80576314   3.37386848
   4.62704374   9.48115395  14.94455991  20.08567693  21.51171188
  24.56597902  24.78693974  24.95063701  24.97434094  24.99236374
  24.99665918  24.99848891  24.99968292  24.99997631  24.9999998
  25.          25.00000006  25.00000014  25.00000023  25.00000038
  25.0000007   25.00000093  25.00000108  25.00000136  25.00000286
  25.00000307  25.00000533  25.00000628  25.00000669  25.00001147
  25.00001716  25.00003842  25.00004734  25.00009663  25.00014122
  25.00018519  25.00034873  25.00046389  25.00137162  25.00195549
  25.00314908  25.00605093  25.00906034  25.01436014  25.03450033
  25.05716718  25.08400628  25.13074722  25.27412258  25.53963978
  26.92405108 260.77777331]
dx norm:  0.14679287656320747
alpha:  [0.07868577]
delta:  0.019443191479462323
rho is:  0.8025581293986227
[ -0.58131494   0.3325176    1.43770624   1.80506973   3.37114694
   4.62619731   9.48222769  14.94983156  20.12400676  21.51284566
  24.5633245   24.80678964  24.95201318  24.97584075  24.99338655
  24.99660431  24.99860579  24.99968533  24.99997532  24.99999946
  24.9999999   25.00000006  25.00000014  25.00000016  25.00000038
  25.00000067  25.00000093  25.00000107  25.00000134  25.00000288
  25.00000299  25.00000499  25.00000628  25.00000668  25.00001127
  25.00001672  25.00003665  25.00004777  25.0000913   25.00014139
  25.00018505  25.00034837  25.00046431  25.00137387  25.00196302
  25.00319066  25.00629653  25.00902662  25.01493228  25.03776768
  25.06125382  25.09108184  25.13229759  25.29012969  25.54672107
  26.88419875 295.71143401]
dx norm:  0.14679287656320747
alpha:  [0.09571349]
delta:  0.019443191479462323
rho is:  0.9854232031803732
[-7.84437616e+00  3.08300775e-01  1.35098545e+00  1.70023165e+00
  3.13806991e+00  4.62692457e+00  8.36543279e+00  1.40818296e+01
  1.99484780e+01  2.13743036e+01  2.32220868e+01  2.46871792e+01
  2.48177974e+01  2.49544599e+01  2.49766791e+01  2.49957986e+01
  2.49970560e+01  2.49995677e+01  2.49997578e+01  2.49999858e+01
  2.49999999e+01  2.50000001e+01  2.50000001e+01  2.50000003e+01
  2.50000004e+01  2.50000006e+01  2.50000009e+01  2.50000011e+01
  2.50000013e+01  2.50000021e+01  2.50000032e+01  2.50000038e+01
  2.50000063e+01  2.50000068e+01  2.50000106e+01  2.50000142e+01
  2.50000202e+01  2.50000461e+01  2.50000535e+01  2.50001414e+01
  2.50001581e+01  2.50002296e+01  2.50004652e+01  2.50009512e+01
  2.50018908e+01  2.50020115e+01  2.50032538e+01  2.50073228e+01
  2.50105967e+01  2.50179433e+01  2.50535661e+01  2.50728567e+01
  2.51193673e+01  2.52204706e+01  2.54904101e+01  2.56369884e+01
  3.25938079e+02]
dx norm:  0.16147216421952884
alpha:  [0.60016155]
delta:  0.021387510627408554
rho is:  1.316761820946543
[-7.81712051e+00  3.08293441e-01  1.35088514e+00  1.70039260e+00
  3.10403856e+00  4.62753434e+00  8.37199579e+00  1.40899414e+01
  1.99523885e+01  2.13798435e+01  2.32622219e+01  2.46893595e+01
  2.48187808e+01  2.49544658e+01  2.49766606e+01  2.49957597e+01
  2.49970521e+01  2.49996088e+01  2.49997599e+01  2.49999857e+01
  2.49999973e+01  2.49999999e+01  2.50000001e+01  2.50000002e+01
  2.50000003e+01  2.50000005e+01  2.50000009e+01  2.50000011e+01
  2.50000014e+01  2.50000022e+01  2.50000029e+01  2.50000036e+01
  2.50000048e+01  2.50000067e+01  2.50000089e+01  2.50000145e+01
  2.50000171e+01  2.50000488e+01  2.50000506e+01  2.50001383e+01
  2.50001666e+01  2.50002711e+01  2.50004624e+01  2.50009486e+01
  2.50018440e+01  2.50020094e+01  2.50032671e+01  2.50073224e+01
  2.50105994e+01  2.50178780e+01  2.50535978e+01  2.50728839e+01
  2.51191010e+01  2.52210570e+01  2.54921579e+01  2.56385748e+01
  3.19533724e+02]
dx norm:  0.16147216421952812
alpha:  [0.10675886]
delta:  0.021387510627408554
rho is:  1.2616328907448477
[ -7.87067756   0.30830435   1.35095118   1.69908135   3.11489502
   4.62802426   8.39685633  14.08791833  19.92992892  21.36217177
  23.27418758  24.70198513  24.82841529  24.95514841  24.97775525
  24.99597741  24.99693481  24.99860863  24.99971599  24.99981566
  24.99999348  24.99999995  25.00000009  25.00000027  25.00000034
  25.00000047  25.00000097  25.0000013   25.00000141  25.00000201
  25.0000029   25.00000389  25.00000461  25.00000742  25.000011
  25.00001424  25.00003114  25.00004587  25.00006215  25.00009838
  25.00017528  25.0003635   25.00059736  25.00076629  25.0019011
  25.00301321  25.00675789  25.0105363   25.01070364  25.02385944
  25.05289693  25.07305293  25.13404567  25.21104399  25.4857908
  25.63857342 186.80165717]
dx norm:  0.16147216421952826
alpha:  [0.11771779]
delta:  0.021387510627408554
rho is:  1.3080418093431032
[ -7.87883289   0.30830404   1.35020343   1.70044061   3.22577474
   4.62651747   8.41144601  14.09380361  19.92410753  21.38151103
  23.28197643  24.68879091  24.83070136  24.95843316  24.97775346
  24.99277888  24.99655032  24.99720831  24.99971079  24.99981265
  24.99999365  25.          25.00000021  25.00000029  25.00000047
  25.0000006   25.00000106  25.00000128  25.00000143  25.00000201
  25.0000029   25.00000449  25.00000475  25.0000079   25.00001216
  25.00001432  25.00003146  25.00004485  25.00006825  25.00009439
  25.00021348  25.00029298  25.00066707  25.0006826   25.00189737
  25.00260166  25.00710464  25.00980675  25.01204774  25.02890439
  25.04975496  25.07300204  25.13604731  25.21125319  25.48624012
  25.63171133 110.66218067]
dx norm:  0.1614721642195282
alpha:  [0.11833554]
delta:  0.021387510627408554
rho is:  0.48658103215101217
[-7.87986391  0.30827487  1.3514729   1.70374011  3.33601849  4.6247691
  8.42118496 14.09031001 19.90852432 21.39076879 23.2820313  24.57649192
 24.83181043 24.94421992 24.96284888 24.98010406 24.99646685 24.99744111
 24.99973918 24.99984966 24.99999514 25.00000004 25.00000025 25.00000032
 25.00000053 25.00000077 25.00000124 25.0000014  25.0000019  25.00000242
 25.00000342 25.00000467 25.00000487 25.00000806 25.00001431 25.00001912
 25.00003534 25.00004455 25.00007085 25.00010044 25.00021822 25.00027796
 25.00064934 25.00067959 25.00206309 25.00239339 25.00737761 25.00834326
 25.01226456 25.03071777 25.03889899 25.07289608 25.12755986 25.2175341
 25.48216151 25.603755   78.33875124]
dx norm:  0.1614721642195283
alpha:  [0.10402002]
delta:  0.021387510627408554
rho is:  1.5426288953748175
[-7.54345218  0.30833309  1.35642317  1.72598634  3.07943393  4.63130418
  8.49645726 14.03027648 19.88943854 21.36484129 23.27308115 23.61861702
 24.82801096 24.88135284 24.96183614 24.97987241 24.9964846  24.9986597
 24.9997386  24.99990389 24.99999552 25.00000006 25.00000025 25.00000033
 25.00000053 25.00000092 25.00000137 25.00000155 25.00000191 25.00000247
 25.00000423 25.0000047  25.00000653 25.00000967 25.00001565 25.0000191
 25.00003848 25.00004471 25.00009118 25.0002043  25.0002595  25.00053465
 25.00066767 25.00089683 25.00209866 25.00421865 25.00727951 25.01086041
 25.01224964 25.03114612 25.03304383 25.07321131 25.12687766 25.22325209
 25.47911118 25.56264337 62.02264383]
dx norm:  0.16147216421953117
alpha:  [0.10798537]
delta:  0.021387510627408554
rho is:  1.1339153144990246
[-3.63293965  0.30867751  1.33056596  1.80380822  2.003737    4.65265534
  8.61418473 13.57384343 19.75248783 20.73158787 22.06487248 23.34958098
 24.82513521 24.87588463 24.96229242 24.97980931 24.99658994 24.99905589
 24.99974368 24.99994043 24.99999657 25.00000018 25.00000026 25.00000041
 25.00000056 25.00000092 25.00000144 25.00000169 25.00000235 25.00000268
 25.00000446 25.00000519 25.00000651 25.00001208 25.00001566 25.00003803
 25.00004198 25.00007231 25.00009484 25.00020716 25.00025719 25.00055157
 25.00074045 25.00160825 25.00209137 25.00579973 25.00777846 25.0106101
 25.01770115 25.0312651  25.03818499 25.07321276 25.13206284 25.22564518
 25.48717242 25.55124139 57.43241065]
dx norm:  0.16147216421952817
alpha:  [0.11193116]
delta:  0.021387510627408554
rho is:  1.0129339926764627
[-1.99314784  0.30931338  1.05927709  1.46332107  1.8887917   4.7208842
  8.334926   12.02833865 19.05486284 20.13227693 21.75109773 23.46227432
 24.82482323 24.87471966 24.96487965 24.98097843 24.99683222 24.99925748
 24.99974856 24.99994114 24.99999657 25.00000018 25.00000031 25.00000049
 25.00000056 25.00000093 25.0000016  25.00000216 25.00000267 25.00000362
 25.00000446 25.0000052  25.00000683 25.00001554 25.00002126 25.00003927
 25.00004597 25.00008404 25.00012205 25.00023824 25.000288   25.00055774
 25.00096752 25.00188181 25.00240623 25.00614579 25.00873331 25.01335737
 25.02591947 25.03659214 25.04973539 25.07893507 25.13221384 25.22981006
 25.49158687 25.62949932 60.04766093]
dx norm:  0.177619380641481
alpha:  [0.12284337]
delta:  0.023526261690149403
rho is:  1.0176955779070296
[-1.75662642  0.30956702  0.85228628  1.47870738  2.0730875   4.76740029
  7.55219883 10.53876884 18.45459324 20.05012264 21.68148295 23.59526431
 24.82918699 24.8769268  24.96461799 24.98206214 24.99734236 24.99947223
 24.99979241 24.99994823 24.99999663 25.0000002  25.00000041 25.00000054
 25.00000074 25.00000093 25.00000216 25.00000231 25.00000268 25.00000426
 25.00000471 25.00000631 25.00000838 25.00002095 25.00003012 25.00004519
 25.00004824 25.00008545 25.00020952 25.00023497 25.00035895 25.00075461
 25.0018078  25.00230224 25.00459463 25.00554736 25.0110567  25.01576338
 25.02761697 25.0365206  25.07382148 25.09721215 25.19320053 25.22744566
 25.50742264 25.6881566  59.47207347]
dx norm:  0.1953813187056291
alpha:  [0.13560271]
delta:  0.025878887859164347
rho is:  1.017348293398017
[-1.56751944  0.30993297  0.56178116  1.52733318  2.30623426  4.84034016
  7.04715151 10.07536229 18.24144398 20.0377391  21.66073916 23.59097291
 24.82916684 24.87675887 24.96413401 24.98372767 24.99780593 24.99853847
 24.99976075 24.99990926 24.99996505 24.99999841 25.00000024 25.00000042
 25.00000068 25.00000096 25.00000129 25.00000234 25.00000248 25.00000272
 25.00000442 25.00000486 25.00000721 25.0000144  25.00002739 25.00003956
 25.00004757 25.00010673 25.00012146 25.00021719 25.00034494 25.0006243
 25.0013796  25.00233881 25.00436321 25.00818427 25.01562753 25.02004614
 25.03100545 25.04320506 25.06966056 25.09806931 25.20588635 25.27690586
 25.50610463 25.64802796 58.57642208]
dx norm:  0.2149194505761922
alpha:  [0.14915579]
delta:  0.028466776645080783
rho is:  0.9848344194156227
[-1.38679595  0.30558797  0.33569022  1.60241328  2.62181134  4.88915179
  6.52841452  9.90287968 18.1150134  20.05236927 21.60155574 23.51057588
 24.83320504 24.87549113 24.95114556 24.97037697 24.98471041 24.99850557
 24.9996515  24.99985347 24.9999655  24.99999843 25.00000037 25.00000053
 25.00000088 25.000001   25.0000013  25.00000239 25.00000264 25.00000441
 25.00000464 25.0000058  25.00001117 25.0000142  25.00002688 25.00003736
 25.00004787 25.00010827 25.00012317 25.00022334 25.00033484 25.00053034
 25.0013781  25.00228576 25.00458211 25.00909421 25.0152393  25.01674257
 25.03274363 25.05211985 25.0737146  25.09050051 25.16366375 25.29982098
 25.48311758 25.62669696 58.40301273]
dx norm:  0.2364113956338085
alpha:  [-0.19595929]
delta:  0.03131345430958889
rho is:  0.8767547683671781
[-0.98008373  0.13002272  0.33649788  1.71501585  3.02517936  4.85240992
  5.91570524  9.82825561 18.05590567 20.06960355 21.54727634 23.45778797
 24.76773713 24.84895932 24.88515267 24.96851038 24.98580166 24.998674
 24.99967225 24.99986483 24.99997199 24.99999886 25.00000043 25.00000072
 25.00000088 25.00000109 25.00000132 25.00000241 25.00000335 25.00000455
 25.00000571 25.00000573 25.00001403 25.00001716 25.00002874 25.00004735
 25.00007949 25.00011857 25.00013315 25.00031222 25.00045741 25.00100356
 25.00140281 25.00246409 25.00484098 25.0091131  25.01260233 25.01711892
 25.03197841 25.03598807 25.07885991 25.09128126 25.14556759 25.29225207
 25.49254436 25.76206475 58.75797682]
dx norm:  0.23641139563381147
alpha:  [0.17520917]
delta:  0.03131345430958889
rho is:  1.2034518571218868
[-6.86069613e-01 -7.91164061e-03  3.12493379e-01  1.74329291e+00
  2.19544625e+00  5.06454430e+00  6.22075776e+00  9.80139709e+00
  1.80768157e+01  2.02987992e+01  2.15545405e+01  2.36654843e+01
  2.46372632e+01  2.48488087e+01  2.48979025e+01  2.49679532e+01
  2.49862430e+01  2.49987955e+01  2.49996776e+01  2.49998855e+01
  2.49999724e+01  2.49999989e+01  2.50000005e+01  2.50000007e+01
  2.50000009e+01  2.50000011e+01  2.50000014e+01  2.50000027e+01
  2.50000034e+01  2.50000047e+01  2.50000057e+01  2.50000102e+01
  2.50000170e+01  2.50000275e+01  2.50000459e+01  2.50000477e+01
  2.50000799e+01  2.50001312e+01  2.50001549e+01  2.50004464e+01
  2.50009434e+01  2.50013498e+01  2.50017669e+01  2.50040644e+01
  2.50057273e+01  2.50110680e+01  2.50170809e+01  2.50218662e+01
  2.50304531e+01  2.50604062e+01  2.50808129e+01  2.51106449e+01
  2.51814181e+01  2.52649052e+01  2.55036848e+01  2.63274172e+01
  5.92789479e+01]
dx norm:  0.23641139563381147
alpha:  [0.15090938]
delta:  0.03131345430958889
rho is:  0.7445423689275906
[-2.73956038e+00  7.01496206e-04  3.13486196e-01  1.73042376e+00
  2.22766682e+00  5.04813803e+00  5.63972053e+00  9.80133231e+00
  1.77944018e+01  2.01728841e+01  2.15589971e+01  2.30830097e+01
  2.43132720e+01  2.48054085e+01  2.48980974e+01  2.49379207e+01
  2.49740618e+01  2.49872537e+01  2.49988417e+01  2.49997359e+01
  2.49999165e+01  2.49999771e+01  2.50000001e+01  2.50000005e+01
  2.50000008e+01  2.50000011e+01  2.50000012e+01  2.50000016e+01
  2.50000027e+01  2.50000040e+01  2.50000057e+01  2.50000094e+01
  2.50000141e+01  2.50000235e+01  2.50000427e+01  2.50000477e+01
  2.50000650e+01  2.50000985e+01  2.50001556e+01  2.50003153e+01
  2.50005066e+01  2.50013339e+01  2.50017674e+01  2.50034780e+01
  2.50053164e+01  2.50057938e+01  2.50115872e+01  2.50197782e+01
  2.50274255e+01  2.50575584e+01  2.50734760e+01  2.50980069e+01
  2.51679683e+01  2.52288492e+01  2.54760994e+01  2.61651475e+01
  5.29471182e+01]
dx norm:  0.23641139563381147
alpha:  [-0.28270358]
delta:  0.03131345430958889
rho is:  0.6680921076597698
[-0.85444972  0.30333131  1.57707867  1.81872163  2.59915199  4.72593328
  5.20874164  9.79848624 17.40220331 20.04761542 21.57015279 22.60981641
 24.14570815 24.76070946 24.89858116 24.92937292 24.97405689 24.98760535
 24.99884452 24.99976723 24.99991601 24.99997703 25.00000007 25.00000069
 25.00000077 25.0000012  25.00000157 25.0000019  25.00000286 25.00000398
 25.00000567 25.00000943 25.00001549 25.00002376 25.00004438 25.00005085
 25.00009628 25.00011346 25.00016715 25.00031024 25.00049855 25.00139762
 25.00178872 25.00416689 25.00479393 25.00668872 25.01142954 25.01953095
 25.02689653 25.05918838 25.07368764 25.0939665  25.16759029 25.21528102
 25.4717204  26.30201596 50.3894173 ]
dx norm:  0.23641139563381158
alpha:  [-0.36885101]
delta:  0.03131345430958889
rho is:  -2.2096228735612895
[-0.78768543  0.30354734  1.66326141  2.10159452  2.90611175  5.00841741
  5.60640593  9.7983506  17.32841776 20.01256111 21.68525961 22.61735764
 24.17434253 24.86935337 24.92531492 24.92887844 24.97416821 24.98862601
 24.9989014  24.99938705 24.99990994 24.99992261 24.99998989 25.00000009
 25.0000007  25.00000079 25.00000128 25.00000205 25.0000026  25.00000362
 25.00000405 25.00000908 25.00000949 25.00001703 25.0000343  25.00004598
 25.00005667 25.00013369 25.00025591 25.00036872 25.00048301 25.00172942
 25.00200957 25.0043646  25.00562067 25.00835766 25.01488291 25.0204636
 25.05015447 25.07348723 25.08216507 25.12812409 25.19132899 25.23874729
 25.48194912 26.28229594 51.65034258]
dx norm:  0.18912911650704933
alpha:  [0.09772769]
delta:  0.025050763447671126
rho is:  1.3431801115090276
[-1.08543366  0.30173174  1.62712081  2.0437762   2.83754856  5.04355305
  5.49586405  9.78710488 17.04028471 20.01749234 21.60664159 21.96746474
 24.1769211  24.79266715 24.91957588 24.94178216 24.96625105 24.97587671
 24.99100106 24.99943125 24.99959772 24.99991614 24.99996087 24.99999223
 25.00000012 25.00000071 25.00000092 25.0000017  25.00000243 25.00000289
 25.00000405 25.00000694 25.00000946 25.0000161  25.00002553 25.00003705
 25.00005716 25.00012399 25.00018811 25.00031711 25.00048069 25.00107932
 25.00175466 25.00376147 25.00461897 25.00581821 25.01644415 25.01778459
 25.05234989 25.06565933 25.07557261 25.1274206  25.1992137  25.29584682
 25.46222701 26.28997373 46.70660565]
dx norm:  0.18912911650704944
alpha:  [-0.42837699]
delta:  0.025050763447671126
rho is:  0.7125491976252116
[-1.03944939  0.20050338  1.64458064  2.06035209  2.82515228  4.94095632
  5.84702789  9.71217052 17.67562621 20.03856568 20.50909616 21.80781237
 24.08420287 24.68240136 24.91372489 24.93799381 24.9528344  24.97732327
 24.99048446 24.99942421 24.9995592  24.99993432 24.99994404 24.99999246
 25.00000069 25.00000091 25.00000165 25.00000186 25.00000288 25.00000389
 25.00000611 25.00000788 25.00001029 25.0000225  25.00002718 25.00005501
 25.00006467 25.00012444 25.00030294 25.00031058 25.00096874 25.00157556
 25.00339985 25.00372036 25.00581514 25.00682352 25.01646973 25.01979039
 25.05673861 25.07490684 25.07620082 25.13387958 25.19490274 25.36973971
 25.48357632 26.27975922 48.57515357]
dx norm:  0.1891291165070643
alpha:  [0.07205703]
delta:  0.025050763447671126
rho is:  0.9093523017831361
[-0.89936764  0.15228343  1.72747868  2.21470538  3.03100557  4.75801028
  5.79929492  9.54606457 17.94493479 19.32689402 20.0575439  21.80497419
 23.90324183 24.59123277 24.89442942 24.93224801 24.94710498 24.97721216
 24.9945231  24.99942658 24.99962182 24.9999278  24.99995759 24.99999519
 25.00000078 25.00000137 25.00000185 25.0000023  25.00000317 25.00000461
 25.00000599 25.00000902 25.00001561 25.00002486 25.00003976 25.00005806
 25.00012164 25.00018341 25.00030786 25.00062741 25.00101488 25.00156355
 25.00275536 25.00385187 25.00581738 25.01619024 25.01790371 25.02332562
 25.05090698 25.07311955 25.08184803 25.13672862 25.19834804 25.33399458
 25.51929576 26.27615355 48.77901817]
dx norm:  0.18912911650704878
alpha:  [0.23323744]
delta:  0.025050763447671126
rho is:  1.090772220378573
[-0.7396225   0.14978593  1.72766153  2.21577469  3.02793536  4.71361571
  5.74272352  9.53833312 17.94985508 19.30465186 20.05018551 21.79834262
 23.80177889 24.5757946  24.88816628 24.93184533 24.94376712 24.96446142
 24.97807987 24.99479555 24.99959717 24.99991816 24.99993493 24.99995762
 24.99999523 25.00000079 25.00000153 25.00000186 25.00000243 25.00000401
 25.0000059  25.00000876 25.00001523 25.00002056 25.00002503 25.00003997
 25.0000852  25.00017183 25.00030701 25.00058426 25.00082011 25.00128126
 25.00183667 25.00370503 25.00578054 25.01122308 25.01628894 25.01814016
 25.03210106 25.07301688 25.07873595 25.13534531 25.19271404 25.3288113
 25.51680874 26.20417379 48.61719898]
dx norm:  0.0863624190370499
alpha:  1
delta:  0.025050763447671126
rho is:  0.6660267050238065
[-0.74804231  0.15313128  1.7272995   2.21569401  3.02768375  4.67419632
  5.7404474   9.50784142 17.92284747 19.22146495 19.98080039 21.78349114
 23.60952805 24.56630211 24.83656399 24.90708366 24.93223437 24.95350129
 24.97766608 24.99487751 24.99957751 24.99988398 24.99992611 24.99995456
 24.99997113 24.99999625 25.00000096 25.00000165 25.00000212 25.00000389
 25.00000589 25.00000687 25.00001497 25.0000194  25.00002212 25.00003612
 25.0000721  25.00017167 25.00030244 25.00058303 25.0007121  25.00092194
 25.00178769 25.0036883  25.0057678  25.00963664 25.01613374 25.01802676
 25.03276217 25.07315261 25.07850331 25.1348632  25.18590073 25.32853676
 25.49586161 26.08704002 48.72467597]
dx norm:  0.01497601497286128
alpha:  1
delta:  0.025050763447671126
rho is:  1.967669262670049
[-0.86859145  0.15292606  1.72535592  2.21326618  3.02236841  4.66225498
  5.65333655  9.37245823 17.64820833 19.11441478 19.83203934 21.77928831
 22.97002785 24.56830308 24.63414172 24.90694088 24.93153387 24.95294054
 24.97761117 24.99019044 24.99499432 24.99963706 24.99991392 24.99995183
 24.99995894 24.99999619 25.00000095 25.00000173 25.00000216 25.00000329
 25.00000538 25.00000697 25.0000129  25.00001784 25.00002232 25.00003554
 25.00006923 25.00017196 25.00023338 25.00030846 25.00062537 25.00080024
 25.00177926 25.00352284 25.00576878 25.00976779 25.01264044 25.01754762
 25.0235231  25.06729521 25.07758243 25.12082945 25.18283909 25.30101593
 25.49304275 26.00088905 48.77674898]
dx norm:  0.024014035947531594
alpha:  1
delta:  0.025050763447671126
rho is:  1.7605972684753708
[-0.8809377   0.1537978   1.60735442  2.15428347  2.81320086  3.23526111
  5.24585539  7.61886166 12.06006987 18.73505456 19.39701924 20.94445927
 22.11058314 24.34773831 24.56922009 24.91506672 24.94127987 24.96312464
 24.97219493 24.98252672 24.99653769 24.99965852 24.99991028 24.9999535
 24.9999591  24.99999669 25.0000009  25.00000141 25.00000247 25.00000403
 25.00000549 25.00001169 25.00001361 25.00002162 25.00003522 25.00004636
 25.00013573 25.00017407 25.00021416 25.00031225 25.00068245 25.00085044
 25.00327324 25.00527052 25.00737534 25.00895753 25.01453519 25.01980863
 25.0294926  25.07627134 25.09119127 25.12434548 25.19417892 25.34368521
 25.55875362 25.96999162 48.79185527]
dx norm:  0.09433018621144082
alpha:  1
delta:  0.025050763447671126
rho is:  1.2112165128129881
[-0.95951392  0.15075171  0.58244913  1.85859478  2.36959265  3.05304328
  5.81306369  7.18059863 10.59507265 18.85339729 19.34255635 20.77709208
 22.27269764 24.3102907  24.57159197 24.91658111 24.94433352 24.96228497
 24.9804111  24.98766549 24.99702458 24.99965777 24.9999434  24.99995421
 24.9999724  24.99999704 25.00000132 25.0000024  25.00000349 25.00000529
 25.00001162 25.00001348 25.00002162 25.0000352  25.00004565 25.0000948
 25.00014853 25.00018366 25.00027369 25.00040297 25.00080922 25.00117628
 25.0032757  25.00519892 25.00893482 25.01341886 25.01588553 25.02099737
 25.04670709 25.07893148 25.12316891 25.16443767 25.21778933 25.39906802
 25.53861777 25.92249282 48.88343796]
dx norm:  0.18912911650704922
alpha:  [0.0594098]
delta:  0.025050763447671126
rho is:  0.9182182066448945
[-0.92235629  0.17541331  0.29750073  1.8273001   2.34140935  3.12752402
  5.77244201  7.75185651 10.60886384 19.10441166 19.84476981 20.74708111
 22.29427902 24.266728   24.57348359 24.92595459 24.94616218 24.95954861
 24.98009809 24.98682179 24.99702536 24.99967675 24.99994673 24.99995456
 24.9999733  25.0000012  25.00000197 25.00000257 25.00000423 25.00001087
 25.00001229 25.00001752 25.00003077 25.00003678 25.0000587  25.00010439
 25.00015409 25.00018504 25.00030815 25.00046886 25.00081247 25.00119504
 25.00330176 25.00519081 25.01061671 25.01306677 25.01558929 25.02213558
 25.05992702 25.07897804 25.12460867 25.17812386 25.2883827  25.52704156
 25.83269775 27.64549101 49.14608385]
dx norm:  0.1891291165070485
alpha:  [0.2739681]
delta:  0.025050763447671126
rho is:  0.9017562819539875
[-0.87489327  0.17541638  0.30095468  1.82560957  2.3280659   3.12139641
  5.77137988  7.72155315 10.48064027 19.08314222 19.80326185 20.69838858
 22.26570618 24.26311526 24.57273858 24.92366591 24.94483843 24.952142
 24.96746822 24.98199697 24.99417462 24.99802363 24.99969704 24.99994951
 24.99995869 24.99999296 25.00000121 25.00000225 25.00000382 25.00001058
 25.00001166 25.00001595 25.00003071 25.00003516 25.00004628 25.0000611
 25.00012481 25.00016114 25.00021495 25.00045736 25.0005748  25.00097332
 25.00293132 25.0034045  25.0087752  25.01102199 25.0154349  25.02217109
 25.05600166 25.07775061 25.12458913 25.17810164 25.2885658  25.52710054
 25.79328458 27.46998059 48.80902249]
dx norm:  0.12140160154920669
alpha:  1
delta:  0.025050763447671126
rho is:  1.15647801760319
[-0.76964637  0.17552654  0.28247028  1.82588919  2.32176422  3.12063015
  5.75086139  7.72866284 10.23383515 19.08287822 19.59547272 20.61274988
 22.19923164 24.25745298 24.57238894 24.90614175 24.93138741 24.94615955
 24.96280502 24.98226422 24.98984503 24.99796908 24.99963766 24.99986303
 24.99995388 24.99999304 24.99999617 25.00000131 25.00000377 25.00000872
 25.0000112  25.00001427 25.0000265  25.00003324 25.00004688 25.00006079
 25.00010846 25.00016131 25.00020625 25.0004469  25.00050994 25.0007521
 25.00276372 25.00334884 25.00838365 25.01095439 25.01520484 25.02208284
 25.05643694 25.07528599 25.12090766 25.17735259 25.28383678 25.51866073
 25.66542617 26.64486829 48.38359735]
dx norm:  0.11139008597837428
alpha:  1
delta:  0.025050763447671126
rho is:  1.560438765673889
[-0.65958114  0.16540355  0.28162094  1.82804888  2.28425192  3.12583993
  5.44926417  7.62059477  8.40119342 16.86585866 19.13576186 20.4228844
 21.7898543  23.32192116 24.2940471  24.57456914 24.92646848 24.94556423
 24.96131838 24.98364448 24.99688711 24.99803855 24.99965069 24.9997921
 24.99996389 24.99999173 24.99999863 25.00000132 25.00000381 25.00001068
 25.00001266 25.00002035 25.00002822 25.00004637 25.00005523 25.00009326
 25.00013011 25.00016226 25.00029738 25.00047446 25.00055858 25.00172771
 25.00270367 25.00513735 25.00818301 25.01404974 25.02095216 25.02727867
 25.05159444 25.07601012 25.12310131 25.14664783 25.1937003  25.3200718
 25.55028269 25.97240406 47.9536586 ]
dx norm:  0.14714133361735415
alpha:  1
delta:  0.025050763447671126
rho is:  1.651580797924336
[-0.68223208  0.17785698  0.24144044  1.82826477  2.18546308  3.07961602
  3.73390946  6.34553857  7.92331094 12.96970114 19.12526923 20.27611478
 21.51393899 22.69177123 24.2745467  24.57718698 24.9248492  24.94551251
 24.95889717 24.9784653  24.98770446 24.99785649 24.99817779 24.99973361
 24.99997165 24.9999904  24.99999561 25.00000234 25.00000382 25.00001123
 25.00001355 25.00001899 25.00003634 25.0000458  25.00006783 25.00009309
 25.00016099 25.0001657  25.00031687 25.00036001 25.00056964 25.0012512
 25.00295831 25.00474585 25.00906955 25.0129497  25.01555644 25.02133548
 25.03953425 25.07663926 25.08779992 25.18613136 25.26732195 25.31158384
 25.53750557 25.98628916 45.60995815]
dx norm:  0.08939958561097731
alpha:  1
delta:  0.025050763447671126
rho is:  1.8779736305489692
[-0.8761806   0.16892381  0.24857476  1.81360017  2.1859172   3.06098711
  4.52112805  6.03956438  7.87709809 11.77802944 19.12324236 20.20884793
 21.39542154 22.39555913 24.24292303 24.58580056 24.85192918 24.93044087
 24.94712747 24.96224482 24.98484405 24.99767545 24.99827128 24.99972002
 24.99996351 24.99997823 24.99999568 25.0000013  25.00000362 25.00000959
 25.00001127 25.00001619 25.00003073 25.00004193 25.00005845 25.00010503
 25.00015793 25.0001902  25.00032725 25.0004957  25.00068494 25.00249699
 25.00374403 25.00796193 25.00867684 25.0143677  25.01945735 25.02118426
 25.03689514 25.06735743 25.08663237 25.17638419 25.20256714 25.30606143
 25.55026365 25.99332157 44.73292066]
dx norm:  0.14692454109132497
alpha:  1
delta:  0.025050763447671126
rho is:  0.3949398756472373
[-0.95956202  0.13402916  0.24721242  1.80688402  2.21810464  3.10812469
  4.53556846  6.39882327  7.71038635  8.98615827 18.71102163 19.27739592
 20.50441923 21.82942261 23.52564251 24.31782573 24.60914312 24.93056516
 24.94649265 24.96458302 24.98559065 24.99728759 24.99826778 24.99857921
 24.99975961 24.99998884 24.99999636 25.00000251 25.00000555 25.00000939
 25.00001311 25.00002297 25.00003042 25.00005459 25.00007786 25.00010999
 25.0001281  25.00019893 25.00024339 25.0004981  25.00070628 25.00243205
 25.00404618 25.00744991 25.00860919 25.01406402 25.02050223 25.03581341
 25.04329856 25.06825286 25.08603812 25.16775249 25.21504603 25.36521736
 25.55386482 25.96239617 45.4535434 ]
dx norm:  0.04555879654355256
alpha:  1
delta:  0.025050763447671126
rho is:  1.1803948719356328
[-0.92104899  0.19209172  0.34381701  1.80984697  2.25766946  3.11280338
  4.82634342  6.99916616  7.48820732  9.65551522 17.76337221 19.66954646
 20.60623362 21.81397983 23.4210953  24.35562066 24.63198797 24.9322291
 24.95036376 24.96447086 24.98824874 24.99671714 24.99827103 24.99845407
 24.99976536 24.99998936 25.00000211 25.00000333 25.00000542 25.00001247
 25.00002193 25.0000263  25.00004364 25.00005406 25.00008658 25.00011704
 25.00013272 25.00023128 25.00049051 25.0006446  25.00081862 25.0025033
 25.00611666 25.00799473 25.01261374 25.01428926 25.03008524 25.03823103
 25.04587883 25.08465704 25.09764541 25.16706158 25.30904004 25.45421461
 25.95006437 26.10938138 53.60849616]
dx norm:  0.03649776398754577
alpha:  1
delta:  0.025050763447671126
rho is:  1.3835678529435136
[-0.91660058  0.19676033  0.37401038  1.79415266  2.26039123  3.11303862
  4.6904523   5.86664766  7.40453377  8.51290399 17.2839392  19.59116277
 20.64973292 21.82482448 23.33577874 24.22586268 24.6140031  24.92007747
 24.9388661  24.95517255 24.96927622 24.98919686 24.99790265 24.99839607
 24.99954984 24.99980507 24.9999924  25.00000345 25.00000381 25.00001139
 25.00001325 25.00002285 25.00005027 25.00005315 25.00008141 25.00009555
 25.00013481 25.00022967 25.00048056 25.00064226 25.00100381 25.00234341
 25.00621058 25.00688786 25.00982791 25.01320598 25.01973254 25.0345087
 25.04537149 25.048872   25.08947987 25.17160263 25.25731651 25.40076493
 25.96030532 26.33258279 53.94415012]
dx norm:  0.18912911650704922
alpha:  [0.02554433]
delta:  0.025050763447671126
rho is:  0.7543002195584014
[-0.89381379  0.19277358  0.34052769  1.81620704  2.26348453  3.10986548
  4.28160805  5.37517958  7.40836171  8.24193992 14.7250806  19.58594263
 20.64974929 21.8205711  22.30166885 23.89358817 24.59496194 24.68527337
 24.93678057 24.95127466 24.96588916 24.98866057 24.99781831 24.99835442
 24.99939002 24.99989666 24.99999765 25.00000365 25.0000042  25.00001178
 25.0000181  25.00003527 25.00004935 25.00005585 25.00008245 25.00012797
 25.0001941  25.0003146  25.00063592 25.00072765 25.00171831 25.00503268
 25.00669159 25.00785506 25.00993965 25.0130159  25.0293655  25.03890968
 25.04429335 25.05722733 25.08961871 25.16719386 25.25426536 25.39407069
 25.9683763  26.3025723  54.84760357]
dx norm:  0.18912911650704944
alpha:  [0.86658151]
delta:  0.025050763447671126
rho is:  0.9254166449475774
[-0.90103176  0.19184958  0.33847588  1.81250383  2.26340038  3.04148011
  3.57709643  5.44521452  7.40950183  8.26286873 14.71798307 19.64305328
 20.79587521 21.82504833 22.31008817 23.90059938 24.59326314 24.70016566
 24.93707468 24.95526691 24.96660113 24.9886641  24.99789794 24.99879363
 24.99945296 24.99989648 25.00000032 25.00000367 25.00000781 25.00001787
 25.00003258 25.00004568 25.00005238 25.00006174 25.00010112 25.00016274
 25.00024534 25.00052927 25.00071819 25.00160692 25.00330633 25.00519761
 25.0070125  25.00825073 25.01069865 25.01379163 25.03264797 25.04012692
 25.0449293  25.06562777 25.0945403  25.19591392 25.31419539 25.39452019
 25.97973392 26.41855094 56.37975645]
dx norm:  0.011943298706560792
alpha:  1
delta:  0.025050763447671126
rho is:  1.6844981798098342
[-0.89846695  0.19181341  0.33835957  1.81252906  2.26348197  3.03680608
  3.58104484  5.41934718  7.40842983  8.23385257 14.7136033  19.64182415
 20.77257471 21.81683414 22.21753621 23.87075239 24.59005763 24.7031522
 24.93716683 24.9536364  24.9666546  24.98865878 24.99788968 24.99850283
 24.99946593 24.99989268 24.99998633 25.00000313 25.00000607 25.00001416
 25.0000306  25.00004584 25.00005259 25.00006202 25.00009877 25.00015919
 25.00024221 25.0004742  25.00071624 25.00128451 25.00283842 25.00513103
 25.00674492 25.00848426 25.01084329 25.01343138 25.03411435 25.03754975
 25.04449589 25.06941737 25.09556402 25.19981374 25.29971469 25.39519168
 25.98267711 26.46361256 56.52589257]
dx norm:  0.015923398593126026
alpha:  1
delta:  0.025050763447671126
rho is:  1.22226195936125
[-0.85845225  0.18313044  0.33127615  1.80790044  2.26658848  2.92580717
  3.59450617  4.4952841   6.30672912  7.56593094  9.98971562 19.2637107
 19.68713588 20.96079973 21.8429714  23.40858115 24.36820737 24.70887953
 24.90122408 24.94662132 24.96711032 24.97806249 24.98888209 24.99789837
 24.99920419 24.99957849 24.99995514 25.00000351 25.00000641 25.00001213
 25.00003684 25.00004576 25.00005461 25.00006565 25.00014418 25.0001591
 25.00036776 25.00053578 25.00072351 25.00164233 25.0039946  25.00463114
 25.00609818 25.00898402 25.01143738 25.01243212 25.02190241 25.0369414
 25.05057386 25.05975479 25.0973824  25.19587305 25.28909641 25.39438102
 25.97422603 26.307868   56.75497377]
dx norm:  0.007497521587299731
alpha:  1
delta:  0.025050763447671126
