## SLURM PROLOG ###############################################################
##    Job ID : 8625685
##  Job Name : test
##  Nodelist : node2343
##      CPUs : 48
##  Mem/Node : 98304 MB
## Directory : /oscar/scratch/kbadger1/SaddleClimb/examples/H_diffusion_Pt111/fosp_searches/fcc_to_atop/saddleclimb
##   Job Started : Mon Feb 24 09:57:28 AM EST 2025
###############################################################################
rho is:  0.06512636055870887
[25. 25. 25. 25. 25. 25. 25. 25. 25. 25. 25. 25. 25. 25. 25. 25. 25. 25.
 25. 25. 25. 25. 25. 25. 25. 25. 25. 25. 25. 25. 25. 25. 25. 25. 25. 25.
 25. 25. 25. 25. 25. 25. 25. 25. 25. 25. 25. 25. 25. 25. 25. 25. 25. 25.
 25. 25. 25.]
dx norm:  0.06039867548216601
alpha:  [0.04452847]
delta:  0.008
rho is:  0.9002556098947035
[ 1.49196342 25.         25.         25.         25.         25.
 25.         25.         25.         25.         25.         25.
 25.         25.         25.         25.         25.         25.
 25.         25.         25.         25.         25.         25.
 25.         25.         25.         25.         25.         25.
 25.         25.         25.         25.         25.         25.
 25.         25.         25.         25.         25.         25.
 25.         25.         25.         25.         25.         25.
 25.         25.         25.         25.         25.         25.
 25.         25.         25.06681778]
dx norm:  0.0603986754821665
alpha:  [0.05123977]
delta:  0.008
rho is:  0.9738120724014646
[ 1.05455032 23.36191769 25.         25.         25.         25.
 25.         25.         25.         25.         25.         25.
 25.         25.         25.         25.         25.         25.
 25.         25.         25.         25.         25.         25.
 25.         25.         25.         25.         25.         25.
 25.         25.         25.         25.         25.         25.
 25.         25.         25.         25.         25.         25.
 25.         25.         25.         25.         25.         25.
 25.         25.         25.         25.         25.         25.
 25.         25.00536631 25.31938957]
dx norm:  0.06039867548216602
alpha:  [0.05366603]
delta:  0.008
rho is:  0.9628470410877924
[ 0.92703298 21.29569426 25.         25.         25.         25.
 25.         25.         25.         25.         25.         25.
 25.         25.         25.         25.         25.         25.
 25.         25.         25.         25.         25.         25.
 25.         25.         25.         25.         25.         25.
 25.         25.         25.         25.         25.         25.
 25.         25.         25.         25.         25.         25.
 25.         25.         25.         25.         25.         25.
 25.         25.         25.         25.         25.         25.
 25.00337254 25.0274641  26.41726476]
dx norm:  0.06039867548216602
alpha:  [0.05535798]
delta:  0.008
rho is:  0.950284678887897
[ 0.72095043 18.79150244 25.         25.         25.         25.
 25.         25.         25.         25.         25.         25.
 25.         25.         25.         25.         25.         25.
 25.         25.         25.         25.         25.         25.
 25.         25.         25.         25.         25.         25.
 25.         25.         25.         25.         25.         25.
 25.         25.         25.         25.         25.         25.
 25.         25.         25.         25.         25.         25.
 25.         25.         25.         25.         25.         25.00105783
 25.02293786 25.04682349 25.80811563]
dx norm:  0.060398675482166014
alpha:  [0.05651268]
delta:  0.008
rho is:  0.9494660559525889
[ 0.49523396 14.54544456 23.49495335 25.         25.         25.
 25.         25.         25.         25.         25.         25.
 25.         25.         25.         25.         25.         25.
 25.         25.         25.         25.         25.         25.
 25.         25.         25.         25.         25.         25.
 25.         25.         25.         25.         25.         25.
 25.         25.         25.         25.         25.         25.
 25.         25.         25.         25.         25.         25.
 25.         25.         25.         25.         25.         25.00078886
 25.00956213 25.03441873 26.03677202]
dx norm:  0.060398675482166035
alpha:  [0.05700202]
delta:  0.008
rho is:  0.9391628557119882
[ 0.31012066 10.06033054 22.08080828 25.         25.         25.
 25.         25.         25.         25.         25.         25.
 25.         25.         25.         25.         25.         25.
 25.         25.         25.         25.         25.         25.
 25.         25.         25.         25.         25.         25.
 25.         25.         25.         25.         25.         25.
 25.         25.         25.         25.         25.         25.
 25.         25.         25.         25.         25.         25.
 25.         25.         25.         25.         25.00053637 25.00342346
 25.02509646 25.08435226 27.49667395]
dx norm:  0.060398675482166
alpha:  [0.05489905]
delta:  0.008
rho is:  0.9003505771354399
[ 0.17293841  5.6440659  20.41909153 25.         25.         25.
 25.         25.         25.         25.         25.         25.
 25.         25.         25.         25.         25.         25.
 25.         25.         25.         25.         25.         25.
 25.         25.         25.         25.         25.         25.
 25.         25.         25.         25.         25.         25.
 25.         25.         25.         25.         25.         25.
 25.         25.         25.         25.         25.         25.
 25.         25.         25.         25.00047653 25.00069867 25.0076559
 25.03276911 25.31504951 26.66359501]
dx norm:  0.060398675482166056
alpha:  [0.04992258]
delta:  0.008
rho is:  0.9001714950811602
[ 0.12530583  2.60993745 18.27646317 24.36754109 25.         25.
 25.         25.         25.         25.         25.         25.
 25.         25.         25.         25.         25.         25.
 25.         25.         25.         25.         25.         25.
 25.         25.         25.         25.         25.         25.
 25.         25.         25.         25.         25.         25.
 25.         25.         25.         25.         25.         25.
 25.         25.         25.         25.         25.         25.
 25.         25.         25.         25.00043332 25.00064315 25.00559085
 25.02039961 25.0538427  26.59664126]
dx norm:  0.06039867548216601
alpha:  [0.0490255]
delta:  0.008
rho is:  0.9172390636965279
[ 0.10341279  1.89009522 15.84720827 22.98816792 25.         25.
 25.         25.         25.         25.         25.         25.
 25.         25.         25.         25.         25.         25.
 25.         25.         25.         25.         25.         25.
 25.         25.         25.         25.         25.         25.
 25.         25.         25.         25.         25.         25.
 25.         25.         25.         25.         25.         25.
 25.         25.         25.         25.         25.         25.
 25.         25.         25.00017639 25.0004659  25.00068116 25.00954802
 25.041648   25.13638097 27.48648076]
dx norm:  0.06039867548216599
alpha:  [0.04953095]
delta:  0.008
rho is:  0.9246558034409473
[ 0.07364509  1.8131604  13.21346468 21.63585636 25.         25.
 25.         25.         25.         25.         25.         25.
 25.         25.         25.         25.         25.         25.
 25.         25.         25.         25.         25.         25.
 25.         25.         25.         25.         25.         25.
 25.         25.         25.         25.         25.         25.
 25.         25.         25.         25.         25.         25.
 25.         25.         25.         25.         25.         25.
 25.         25.00006676 25.00032667 25.00065085 25.00225178 25.01254668
 25.04331892 25.44772038 26.92825968]
dx norm:  0.06039867548216601
alpha:  [0.05028587]
delta:  0.008
rho is:  0.9348513267048075
[ 0.05851297  1.73773098 10.98868847 20.20973947 25.         25.
 25.         25.         25.         25.         25.         25.
 25.         25.         25.         25.         25.         25.
 25.         25.         25.         25.         25.         25.
 25.         25.         25.         25.         25.         25.
 25.         25.         25.         25.         25.         25.
 25.         25.         25.         25.         25.         25.
 25.         25.         25.         25.         25.         25.
 25.00005691 25.00018883 25.00020679 25.0006512  25.00379732 25.01782354
 25.03087508 25.22818584 26.51902437]
dx norm:  0.060398675482166
alpha:  [0.05119056]
delta:  0.008
rho is:  0.9456474173901878
[ 0.05047168  1.62819425  9.27829726 18.3624394  24.0267209  25.
 25.         25.         25.         25.         25.         25.
 25.         25.         25.         25.         25.         25.
 25.         25.         25.         25.         25.         25.
 25.         25.         25.         25.         25.         25.
 25.         25.         25.         25.         25.         25.
 25.         25.         25.         25.         25.         25.
 25.         25.         25.         25.         25.         25.
 25.00002584 25.00008725 25.00038294 25.00064961 25.00131261 25.01200495
 25.04815598 25.10369364 26.69925725]
dx norm:  0.06039867548216601
alpha:  [0.05225313]
delta:  0.008
rho is:  0.9546435165699757
[ 0.04592119  1.51633542  7.88902691 15.89650949 23.01861575 25.
 25.         25.         25.         25.         25.         25.
 25.         25.         25.         25.         25.         25.
 25.         25.         25.         25.         25.         25.
 25.         25.         25.         25.         25.         25.
 25.         25.         25.         25.         25.         25.
 25.         25.         25.         25.         25.         25.
 25.         25.         25.         25.         25.         25.00001746
 25.0000862  25.00010007 25.00039108 25.00065916 25.00464414 25.01350354
 25.04595392 25.33728018 26.46570731]
dx norm:  0.0603986754821655
alpha:  [0.0533425]
delta:  0.008
rho is:  0.9600075804080078
[ 0.04365509  1.39773918  6.62680335 13.25100285 22.30218512 25.
 25.         25.         25.         25.         25.         25.
 25.         25.         25.         25.         25.         25.
 25.         25.         25.         25.         25.         25.
 25.         25.         25.         25.         25.         25.
 25.         25.         25.         25.         25.         25.
 25.         25.         25.         25.         25.         25.
 25.         25.         25.         25.         25.00001737 25.00004446
 25.00009458 25.00029568 25.00045622 25.0007623  25.00806399 25.01743313
 25.04200386 25.456325   26.26671434]
dx norm:  0.06039867548216588
alpha:  [0.0538776]
delta:  0.008
rho is:  0.9606548036160808
[ 0.04274366  1.24965396  5.34296215 11.00511748 21.47198662 24.54926117
 25.         25.         25.         25.         25.         25.
 25.         25.         25.         25.         25.         25.
 25.         25.         25.         25.         25.         25.
 25.         25.         25.         25.         25.         25.
 25.         25.         25.         25.         25.         25.
 25.         25.         25.         25.         25.         25.
 25.         25.         25.         25.         25.00001613 25.00002625
 25.00009046 25.00017014 25.00042564 25.00073228 25.00170606 25.01278232
 25.04883339 25.07135997 26.4426619 ]
dx norm:  0.06039867548216598
alpha:  [0.05412161]
delta:  0.008
rho is:  0.9702315725252303
[ 0.0405346   1.1661571   4.17015384  9.41299905 19.6503729  23.2836457
 25.         25.         25.         25.         25.         25.
 25.         25.         25.         25.         25.         25.
 25.         25.         25.         25.         25.         25.
 25.         25.         25.         25.         25.         25.
 25.         25.         25.         25.         25.         25.
 25.         25.         25.         25.         25.         25.
 25.         25.         25.         25.00001607 25.00002462 25.00007193
 25.00009213 25.00039414 25.00047876 25.00073839 25.00443703 25.01313115
 25.04850575 25.12830126 26.10628691]
dx norm:  0.060398675482165994
alpha:  [0.05635648]
delta:  0.008
rho is:  0.9847097176648234
[ 0.03928686  1.20001022  3.52910851  8.50167165 16.90604227 22.55811288
 25.         25.         25.         25.         25.         25.
 25.         25.         25.         25.         25.         25.
 25.         25.         25.         25.         25.         25.
 25.         25.         25.         25.         25.         25.
 25.         25.         25.         25.         25.         25.
 25.         25.         25.         25.         25.         25.
 25.         25.         25.00001582 25.00002271 25.00006798 25.00008185
 25.00009229 25.00039055 25.00062154 25.00102828 25.00885124 25.01468961
 25.04525628 25.28771383 25.68882459]
dx norm:  0.06643854303038263
alpha:  [0.06542014]
delta:  0.0088
rho is:  0.9794336908390517
[ 0.02692343  1.55701917  3.26588493  8.47504376 14.00567876 22.33908109
 24.91229073 25.         25.         25.         25.         25.
 25.         25.         25.         25.         25.         25.
 25.         25.         25.         25.         25.         25.
 25.         25.         25.         25.         25.         25.
 25.         25.         25.         25.         25.         25.
 25.         25.         25.         25.         25.         25.
 25.         25.         25.00000982 25.00002229 25.00005915 25.00007028
 25.00009274 25.00029533 25.00056018 25.00064358 25.00316561 25.01319945
 25.04231928 25.17638847 25.65111889]
dx norm:  0.06643854303038259
alpha:  [-0.05891877]
delta:  0.0088
rho is:  0.8441815565106272
[-0.09024219  1.30698058  3.72101589  8.78341974 12.66892746 22.2781944
 23.71107467 25.         25.         25.         25.         25.
 25.         25.         25.         25.         25.         25.
 25.         25.         25.         25.         25.         25.
 25.         25.         25.         25.         25.         25.
 25.         25.         25.         25.         25.         25.
 25.         25.         25.         25.         25.         25.
 25.         25.00000973 25.00001924 25.00003583 25.00006156 25.00009145
 25.00020164 25.00041312 25.00060416 25.0021298  25.00833327 25.01718764
 25.04175149 25.25226029 25.85535146]
dx norm:  0.06643854303038267
alpha:  [0.05578215]
delta:  0.0088
rho is:  1.1785355069332206
[-0.57412164  0.39752497  3.71334189  7.04127581 12.55456137 19.60529628
 22.79713222 24.76411338 25.         25.         25.         25.
 25.         25.         25.         25.         25.         25.
 25.         25.         25.         25.         25.         25.
 25.         25.         25.         25.         25.         25.
 25.         25.         25.         25.         25.         25.
 25.         25.         25.         25.         25.         25.
 25.         25.00000914 25.00001425 25.00003202 25.00006019 25.00007586
 25.00019957 25.00041065 25.00060423 25.00186384 25.0044562  25.01307344
 25.04159757 25.04778214 25.52741101]
dx norm:  0.06643854303039164
alpha:  [0.04782663]
delta:  0.0088
rho is:  0.9273140144648783
[-0.84535298  0.33222288  3.68435196  5.54063934 12.05359407 16.45388741
 21.93675292 24.52298649 24.99060073 25.         25.         25.
 25.         25.         25.         25.         25.         25.
 25.         25.         25.         25.         25.         25.
 25.         25.         25.         25.         25.         25.
 25.         25.         25.         25.         25.         25.
 25.         25.         25.         25.         25.         25.
 25.         25.00000718 25.00001335 25.00002664 25.00005984 25.00007297
 25.00018848 25.00034749 25.00060287 25.00186906 25.00388653 25.00764392
 25.04160675 25.04944968 25.53172439]
dx norm:  0.06643854303038266
alpha:  [-0.05842083]
delta:  0.0088
rho is:  1.0315834542946352
[-0.86483555  0.33644596  3.68837439  4.76612564 11.98580965 14.5294639
 21.45149257 24.43373775 24.98815053 25.         25.         25.
 25.         25.         25.         25.         25.         25.
 25.         25.         25.         25.         25.         25.
 25.         25.         25.         25.         25.         25.
 25.         25.         25.         25.         25.         25.
 25.         25.         25.         25.         25.         25.
 25.00000708 25.00001311 25.00002612 25.00005928 25.00007241 25.00017446
 25.00031575 25.0005957  25.00186531 25.0028436  25.00583792 25.01801071
 25.04731444 25.06144072 25.59410424]
dx norm:  0.0664385430303826
alpha:  [0.0370093]
delta:  0.0088
rho is:  0.9367162783000903
[-0.78935582  0.29374636  3.68220996  4.47018201 11.76529333 13.03215792
 21.09162714 24.21556153 24.867532   24.99806027 25.         25.
 25.         25.         25.         25.         25.         25.
 25.         25.         25.         25.         25.         25.
 25.         25.         25.         25.         25.         25.
 25.         25.         25.         25.         25.         25.
 25.         25.         25.         25.         25.         25.
 25.0000055  25.00001272 25.00002598 25.0000563  25.00006082 25.0001764
 25.00029611 25.00055575 25.00176463 25.0024735  25.00383702 25.0081649
 25.03333889 25.04936673 25.35579881]
dx norm:  0.06643854303038309
alpha:  [-0.0557026]
delta:  0.0088
rho is:  1.016450980623352
[-0.87667736  0.29932032  3.68347301  4.34622461 11.39199291 12.35308173
 20.46254487 23.99224588 24.69224749 24.99476624 24.9997699  25.
 25.         25.         25.         25.         25.         25.
 25.         25.         25.         25.         25.         25.
 25.         25.         25.         25.         25.         25.
 25.         25.         25.         25.         25.         25.
 25.         25.         25.         25.         25.         25.
 25.00000507 25.00001248 25.00002581 25.00004837 25.00005736 25.00017312
 25.00029506 25.0005487  25.00166827 25.00239621 25.00327205 25.00812479
 25.03243825 25.04874491 25.30555242]
dx norm:  0.0730823973334214
alpha:  [-0.06925542]
delta:  0.009680000000000072
rho is:  1.0094854890204672
[-0.80656699  0.28446999  3.68332819  4.23331771 10.84423187 12.05507982
 19.71100724 23.8699016  24.59345304 24.99379271 24.99881243 25.
 25.         25.         25.         25.         25.         25.
 25.         25.         25.         25.         25.         25.
 25.         25.         25.         25.         25.         25.
 25.         25.         25.         25.         25.         25.
 25.         25.         25.         25.         25.         25.00000502
 25.00000987 25.00002017 25.00002869 25.00005518 25.00008227 25.00018584
 25.00028161 25.00053632 25.00160635 25.00264424 25.00313629 25.00801563
 25.03257302 25.04708341 25.31235031]
dx norm:  0.0803906370667636
alpha:  [0.02991229]
delta:  0.01064800000000008
rho is:  0.8740419069155394
[-0.78088877  0.27300041  3.68104413  4.15268066 10.3110004  11.95697785
 19.21656166 23.78873021 24.50855613 24.98214477 24.99583495 24.99993453
 25.         25.         25.         25.         25.         25.
 25.         25.         25.         25.         25.         25.
 25.         25.         25.         25.         25.         25.
 25.         25.         25.         25.         25.         25.
 25.         25.         25.         25.         25.         25.00000473
 25.00000942 25.00001932 25.0000248  25.00004438 25.00016135 25.00026623
 25.0004516  25.00106277 25.00137821 25.00185525 25.00441928 25.00636601
 25.03261513 25.04335258 25.31021925]
dx norm:  0.08039063706676353
alpha:  [-0.06939208]
delta:  0.01064800000000008
rho is:  1.0055958426507812
[-0.85177733  0.27308965  3.6761646   4.09836514 10.00445461 11.95260884
 18.71221552 23.78559586 24.45895084 24.97410689 24.99582267 24.99954191
 24.99996816 25.         25.         25.         25.         25.
 25.         25.         25.         25.         25.         25.
 25.         25.         25.         25.         25.         25.
 25.         25.         25.         25.         25.         25.
 25.         25.         25.         25.         25.         25.00000453
 25.00000845 25.00001786 25.00002281 25.00003843 25.0001611  25.00026121
 25.00043412 25.00098381 25.00137701 25.00184221 25.0041725  25.00633078
 25.03202873 25.04281695 25.3044563 ]
dx norm:  0.08842970077343992
alpha:  [-0.08729361]
delta:  0.011712800000000086
rho is:  1.0048431353752119
[-0.7957643   0.26643634  3.67557957  4.06561569  9.69370903 11.95706257
 18.28476597 23.7559232  24.35292156 24.95039601 24.99581043 24.99935417
 24.9999647  25.         25.         25.         25.         25.
 25.         25.         25.         25.         25.         25.
 25.         25.         25.         25.         25.         25.
 25.         25.         25.         25.         25.         25.
 25.         25.         25.         25.         25.00000359 25.00000813
 25.00001361 25.00001984 25.00003037 25.0000387  25.00016089 25.00027062
 25.00046065 25.00079747 25.00137111 25.00195676 25.00353857 25.0065122
 25.03275713 25.04289245 25.31071636]
dx norm:  0.09727267085078474
alpha:  [0.02766138]
delta:  0.0128840800000001
rho is:  1.4511572692706776
[-0.79184093  0.26359452  3.67322401  4.04716961  9.63081274 11.95422826
 17.99074847 23.75742433 24.21580516 24.91100926 24.99803383 24.99893212
 24.99977212 24.99997396 25.         25.         25.         25.
 25.         25.         25.         25.         25.         25.
 25.         25.         25.         25.         25.         25.
 25.         25.         25.         25.         25.         25.
 25.         25.         25.         25.         25.00000372 25.00000769
 25.00001508 25.00002037 25.00002914 25.00012237 25.00012912 25.00025418
 25.00039931 25.00083157 25.00138375 25.00162517 25.00388087 25.0060825
 25.03388558 25.04301057 25.34043046]
dx norm:  0.09727267085078392
alpha:  [-0.08633405]
delta:  0.0128840800000001
rho is:  1.0022178769877654
[-0.82099947  0.26360773  3.67050522  4.0353635   9.52329018 11.93411894
 17.67731284 23.75210115 24.1444381  24.90521348 24.99778057 24.99888
 24.99954263 24.99995367 24.9999767  25.         25.         25.
 25.         25.         25.         25.         25.         25.
 25.         25.         25.         25.         25.         25.
 25.         25.         25.         25.         25.         25.
 25.         25.         25.         25.         25.0000036  25.0000076
 25.00001289 25.00002031 25.000027   25.00011771 25.00012888 25.0002395
 25.00039837 25.00082987 25.00138319 25.00145755 25.00387941 25.00546433
 25.03384045 25.04221856 25.34003328]
dx norm:  0.10699993793586234
alpha:  [-0.11220415]
delta:  0.014172488000000111
rho is:  1.0068277857814127
[-0.77563925  0.25749195  3.67314228  4.03651181  9.38317043 11.86011241
 17.42239201 23.66204692 24.05242212 24.89050871 24.99460391 24.9985166
 24.99984986 24.99995323 24.9999851  25.         25.         25.
 25.         25.         25.         25.         25.         25.
 25.         25.         25.         25.         25.         25.
 25.         25.         25.         25.         25.         25.
 25.         25.         25.         25.00000333 25.00000535 25.00000781
 25.00001353 25.00002029 25.00004569 25.00012278 25.00013925 25.00026216
 25.00038498 25.00082197 25.00137638 25.00160725 25.00388131 25.00430192
 25.03390243 25.03964703 25.3381298 ]
dx norm:  0.11769993172944965
alpha:  [0.02782859]
delta:  0.015589736800000127
rho is:  1.044687134346055
[-0.77345015  0.24800739  3.67341506  4.03632049  9.41187361 11.78237909
 17.22673827 23.64305686 24.02997329 24.8654449  24.98895013 24.99897787
 24.99960562 24.9999514  24.99998175 24.99999831 25.         25.
 25.         25.         25.         25.         25.         25.
 25.         25.         25.         25.         25.         25.
 25.         25.         25.         25.         25.         25.
 25.         25.         25.         25.00000326 25.00000481 25.00001303
 25.00001695 25.00002087 25.0000509  25.00011013 25.00016484 25.00024886
 25.00056608 25.00090617 25.00149562 25.0017964  25.00380677 25.01153247
 25.0373591  25.04364635 25.50011577]
dx norm:  0.11769993172944858
alpha:  [0.10942033]
delta:  0.015589736800000127
rho is:  0.9838960503156933
[-0.77354334  0.24801098  3.67332603  4.03631701  9.36821156 11.69327636
 17.01755112 23.59637924 23.99918872 24.86207665 24.98672439 24.99877206
 24.99905144 24.99991997 24.99997756 24.99999592 24.99999892 25.
 25.         25.         25.         25.         25.         25.
 25.         25.         25.         25.         25.         25.
 25.         25.         25.         25.         25.         25.
 25.         25.         25.         25.00000265 25.00000481 25.00000957
 25.00001644 25.00001954 25.00004823 25.00010729 25.00015925 25.00024609
 25.00049526 25.00088025 25.0013714  25.00164229 25.00364862 25.01137962
 25.0352987  25.04363219 25.49958745]
dx norm:  0.12946992490239354
alpha:  [0.15498405]
delta:  0.01714871048000014
rho is:  1.0087284999459443
[-0.73224735  0.24419403  3.67232689  4.03374199  9.27449251 11.4775899
 16.90911801 23.42209678 24.01537767 24.85358729 24.96826761 24.99759338
 24.99955411 24.99992018 24.99997809 24.99999427 24.99999877 25.
 25.         25.         25.         25.         25.         25.
 25.         25.         25.         25.         25.         25.
 25.         25.         25.         25.         25.         25.
 25.         25.         25.0000023  25.00000476 25.00000482 25.00000768
 25.00001685 25.00002054 25.00004561 25.00010464 25.0001622  25.00027947
 25.00040116 25.00088015 25.00149554 25.00169888 25.00353928 25.0113212
 25.02990303 25.04343054 25.46012976]
dx norm:  0.14241691739263274
alpha:  [0.25624313]
delta:  0.01886358152800017
rho is:  0.9876626258279808
[-0.72452413  0.22765219  3.67062279  4.03025433  9.33233261 11.33358442
 16.84988728 23.44660811 24.11387195 24.83917948 24.94473857 24.99690537
 24.99919708 24.99992228 24.99997413 24.99999281 24.99999753 24.99999901
 25.         25.         25.         25.         25.         25.
 25.         25.         25.         25.         25.         25.
 25.         25.         25.         25.         25.         25.
 25.         25.         25.00000159 25.00000437 25.00000659 25.00001342
 25.0000189  25.00003237 25.00006046 25.0001073  25.00015034 25.00017524
 25.00052379 25.00092131 25.00140708 25.00172774 25.00353226 25.01491899
 25.02786477 25.05801896 25.94146727]
dx norm:  0.07444365160163623
alpha:  1
delta:  0.020749939680800165
rho is:  1.0607827768360858
[-0.72445796  0.21713877  3.68247286  4.08021904  9.39294099 11.32262937
 16.97447652 23.45672911 24.1957654  24.8274234  24.9608868  24.99607215
 24.99912479 24.9999309  24.99993846 24.99999229 24.99999626 24.99999922
 25.         25.         25.         25.         25.         25.
 25.         25.         25.         25.         25.         25.
 25.         25.         25.         25.         25.         25.
 25.         25.00000132 25.00000338 25.00000484 25.00001007 25.00001317
 25.00002437 25.00003018 25.00005261 25.00010047 25.00015879 25.00042695
 25.00068803 25.00099018 25.00171576 25.00191475 25.00358124 25.01752417
 25.02974877 25.07230011 27.11951113]
dx norm:  0.011630997838126416
alpha:  1
delta:  0.020749939680800165
rho is:  1.6699916127269632
[-0.71734829  0.20192598  3.63626566  4.01964185  9.45925511 10.79480322
 17.26862426 23.48864627 24.30548022 24.36991601 24.8566187  24.9950382
 24.99941375 24.99980102 24.99993929 24.99998283 24.99999608 24.99999833
 24.9999994  25.         25.         25.         25.         25.
 25.         25.         25.         25.         25.         25.
 25.         25.         25.         25.         25.         25.
 25.         25.00000165 25.00000371 25.0000049  25.00000585 25.00001389
 25.0000165  25.00003153 25.00006923 25.00013418 25.00015699 25.00033682
 25.00091758 25.00115757 25.00171965 25.00348657 25.00358786 25.0184238
 25.02477714 25.08041962 29.4745134 ]
dx norm:  0.15665860913189614
alpha:  [0.01648981]
delta:  0.020749939680800165
rho is:  0.5357435334757684
[-0.68400056  0.20505398  2.62564803  3.90465825  6.82032642  9.48063143
 16.28636126 19.54007057 23.49228352 24.36432767 24.84290845 24.99476024
 24.99914244 24.99943325 24.99994252 24.99996916 24.99999599 24.99999697
 24.99999933 25.         25.         25.         25.         25.
 25.         25.         25.         25.         25.         25.
 25.         25.         25.         25.         25.         25.
 25.00000101 25.00000282 25.00000394 25.0000049  25.00000987 25.00001356
 25.00002585 25.00003307 25.00007589 25.00010649 25.00015463 25.00045087
 25.00075941 25.00121408 25.0017082  25.00329219 25.0124553  25.0195674
 25.06739523 25.08521643 29.56582433]
dx norm:  0.15633340405102342
alpha:  1
delta:  0.020749939680800165
rho is:  1.0047507972691931
[-0.72798852  0.20406779  2.59008109  3.75384325  4.66379314  9.60116446
 16.52049657 19.5565223  23.5256829  24.37389974 24.84955435 24.99623339
 24.99914441 24.999503   24.99996072 24.99998692 24.99999686 24.99999764
 24.99999938 25.         25.         25.         25.         25.
 25.         25.         25.         25.         25.         25.
 25.         25.         25.         25.         25.         25.00000093
 25.00000245 25.00000336 25.0000049  25.00000727 25.00001324 25.00002009
 25.00003299 25.00007522 25.00010607 25.00015255 25.00044533 25.00073921
 25.0011057  25.00152844 25.0029377  25.00610872 25.01424831 25.03154807
 25.06765282 25.13212331 30.0557404 ]
dx norm:  0.0021578554718005875
alpha:  1
delta:  0.022777551737127432
