Iteration           Energy (eV)         Fmax (eV/A)         Climbing Direction
0                   -378227.690281      0.002755            
1                   -378227.594355      2.803031            
2                   -378227.511279      3.195879            
3                   -378227.35713       3.875345            
4                   -378227.034601      4.583837            
5                   -378226.376264      4.64791             
6                   -378225.65974       3.452841            
7                   -378225.306377      1.951987            
8                   -378225.277962      1.583559            
9                   -378225.361364      1.466055            
10                  -378225.447353      1.397794            
11                  -378225.535389      1.394573            
12                  -378225.623014      1.389761            
13                  -378225.707919      1.362536            
14                  -378225.788369      1.331973            
15                  -378225.86321       1.292839            
16                  -378225.931477      1.245366            
17                  -378225.993031      1.19206             
18                  -378226.048739      1.133988            
19                  -378226.099803      1.070225            
20                  -378226.14768       0.997854            
21                  -378226.195136      0.908769            
22                  -378226.249331      0.772755            
23                  -378226.312619      0.558844            
24                  -378226.339292      0.634321            
25                  -378226.354521      0.564907            
26                  -378226.368587      0.494534            
27                  -378226.380399      0.430378            
28                  -378226.390445      0.406578            
29                  -378226.399314      0.380234            
30                  -378226.4073        0.355095            
31                  -378226.414588      0.332901            
32                  -378226.421283      0.315048            
33                  -378226.427456      0.30105             
34                  -378226.433175      0.289412            
35                  -378226.438494      0.279002            
36                  -378226.443468      0.269681            
37                  -378226.448138      0.261197            
38                  -378226.452539      0.253504            
39                  -378226.456697      0.246496            
40                  -378226.460634      0.239989            
41                  -378226.464365      0.234007            
42                  -378226.46791       0.228504            
43                  -378226.471289      0.223278            
44                  -378226.474509      0.218174            
45                  -378226.47758       0.213286            
46                  -378226.480517      0.208609            
47                  -378226.483328      0.204111            
48                  -378226.486023      0.199796            
49                  -378226.488608      0.195694            
50                  -378226.491095      0.191692            
51                  -378226.493482      0.187714            
52                  -378226.495781      0.183894            
53                  -378226.497995      0.180295            
54                  -378226.500126      0.176668            
55                  -378226.502183      0.173123            
56                  -378226.504169      0.169962            
57                  -378226.506084      0.166861            
58                  -378226.507938      0.163614            
59                  -378226.509731      0.16045             
60                  -378226.511468      0.157807            
61                  -378226.51315       0.156671            
62                  -378226.514808      0.154574            
63                  -378226.516457      0.147105            
64                  -378226.518255      0.141917            
65                  -378226.543271      0.577293            
66                  -378226.520475      0.221402            
67                  -378226.521993      0.184235            
68                  -378226.524119      0.182127            
69                  -378226.526639      0.348564            
70                  -378226.569376      0.225897            
71                  -378226.569814      0.251745            
72                  -378226.571193      0.24041             
73                  -378226.57461       0.236549            
74                  -378226.578256      0.16688             
75                  -378226.523787      1.106534            
76                  -378226.491643      1.67813             
77                  -378226.550421      0.504528            
78                  -378226.524751      0.961199            
79                  -378226.580838      0.789745            
80                  -378226.58088       0.374172            
81                  -378226.579803      0.350487            
82                  -378226.574062      0.304819            
83                  -378226.565749      0.38674             
84                  -378226.557295      0.583497            
85                  -378226.580138      0.148951            
86                  -378226.583295      0.105477            
87                  -378226.584176      0.097866            
88                  -378226.584903      0.081311            
89                  -378226.585538      0.08045             
90                  -378226.586041      0.080122            
91                  -378226.58641       0.07847             
92                  -378226.58665       0.07915             
93                  -378226.586785      0.08575             
94                  -378226.586878      0.091726            
95                  -378226.587048      0.092221            
96                  -378226.587463      0.101568            
97                  -378226.588211      0.112631            
98                  -378226.589075      0.098407            
99                  -378226.589538      0.064358            
100                 -378226.589033      0.082264            
101                 -378226.587746      0.157002            
102                 -378226.587156      0.186119            
103                 -378226.588         0.153119            
104                 -378226.591228      0.110005            
105                 -378226.593855      0.079268            
106                 -378226.595848      0.093733            
107                 -378226.596736      0.121618            
108                 -378226.597102      0.065824            
109                 -378226.59751       0.036493            
110                 -378226.597916      0.040434            
111                 -378226.598424      0.035252            
112                 -378226.59853       0.030517            
113                 -378226.598588      0.031137            
114                 -378226.598642      0.025549            
115                 -378226.599241      0.028582            
116                 -378226.599262      0.032654            
117                 -378226.599306      0.030251            
118                 -378226.599375      0.032318            
119                 -378226.599562      0.024213            
120                 -378226.599464      0.045021            
121                 -378226.599343      0.052713            
122                 -378226.599319      0.0552              
123                 -378226.599927      0.022558            
124                 -378226.599956      0.024692            
125                 -378226.600008      0.025698            
126                 -378226.600414      0.031992            
127                 -378226.600408      0.028967            
128                 -378226.600413      0.02986             
129                 -378226.600443      0.029296            
130                 -378226.600501      0.028911            
131                 -378226.600958      0.036185            
132                 -378226.600893      0.043202            
133                 -378226.600856      0.045925            
134                 -378226.600892      0.051914            
135                 -378226.601009      0.045229            
136                 -378226.601428      0.032242            
137                 -378226.601397      0.038076            
138                 -378226.601411      0.038011            
139                 -378226.601481      0.047783            
140                 -378226.601595      0.034043            
141                 -378226.60183       0.033015            
142                 -378226.601734      0.040664            
143                 -378226.601658      0.046467            
144                 -378226.601678      0.065087            
145                 -378226.601805      0.046513            
146                 -378226.602155      0.03006             
147                 -378226.602143      0.036764            
148                 -378226.602176      0.032341            
149                 -378226.602252      0.046484            
150                 -378226.602359      0.03364             
151                 -378226.602546      0.028787            
152                 -378226.602401      0.049021            
153                 -378226.60222       0.057776            
154                 -378226.602177      0.089384            
155                 -378226.602351      0.060868            
156                 -378226.602919      0.022156            
157                 -378226.602924      0.038835            
158                 -378226.602958      0.026785            
159                 -378226.603337      0.019859            
160                 -378226.603311      0.030001            
161                 -378226.603312      0.040344            
162                 -378226.603357      0.027429            
163                 -378226.603704      0.019202            
164                 -378226.603711      0.020507            
165                 -378226.603733      0.018773            
166                 -378226.603865      0.016421            
167                 -378226.60384       0.021927            
168                 -378226.603809      0.026139            
169                 -378226.603807      0.031703            
170                 -378226.603854      0.036416            
171                 -378226.603976      0.019087            
172                 -378226.603982      0.018153            
173                 -378226.603993      0.020837            
174                 -378226.604008      0.016349            
175                 -378226.604055      0.015584            
176                 -378226.60404       0.023626            
177                 -378226.604026      0.018431            
178                 -378226.604116      0.014385            
179                 -378226.604123      0.015671            
180                 -378226.604132      0.013829            
181                 -378226.60418       0.01046             
182                 -378226.604177      0.009945            
