## SLURM PROLOG ###############################################################
##    Job ID : 7597266
##  Job Name : test
##  Nodelist : node2331
##      CPUs : 48
##  Mem/Node : 98304 MB
## Directory : /oscar/scratch/kbadger1/SaddleClimb/example/fosp_searches/fcc1_to_atop/saddleclimb
##   Job Started : Sat Jan 11 06:08:06 PM EST 2025
###############################################################################
distance to initial position:
 0.009999999999999383
Fmax
 0.0164463
self.forward_climb?:  True
path_F_dot:  0.49832100670004253
eig:  [ 1.70097378 70.         70.         70.         70.         70.
 70.         70.         70.         70.         70.         70.
 70.         70.         70.         70.         70.         70.
 70.         70.         70.         70.         70.         70.
 70.         70.         70.         70.         70.         70.
 70.         70.         70.         70.         70.         70.
 70.         70.         70.         70.         70.         70.
 70.         70.         70.         70.         70.         70.
 70.         70.         70.         70.         70.         70.
 70.         70.         70.05157716]
distance to initial position:
 0.020017030519734042
Fmax
 0.02735704
self.forward_climb?:  True
path_F_dot:  0.6611861981200886
eig:  [ 1.2124105  63.6516551  70.         70.         70.         70.
 70.         70.         70.         70.         70.         70.
 70.         70.         70.         70.         70.         70.
 70.         70.         70.         70.         70.         70.
 70.         70.         70.         70.         70.         70.
 70.         70.         70.         70.         70.         70.
 70.         70.         70.         70.         70.         70.
 70.         70.         70.         70.         70.         70.
 70.         70.         70.         70.         70.         70.
 70.         70.01887863 70.91446278]
distance to initial position:
 0.042848767155412824
Fmax
 0.04846401
self.forward_climb?:  True
path_F_dot:  0.7985714135938733
eig:  [ 1.28530336 61.98291603 70.         70.         70.         70.
 70.         70.         70.         70.         70.         70.
 70.         70.         70.         70.         70.         70.
 70.         70.         70.         70.         70.         70.
 70.         70.         70.         70.         70.         70.
 70.         70.         70.         70.         70.         70.
 70.         70.         70.         70.         70.         70.
 70.         70.         70.         70.         70.         70.
 70.         70.         70.         70.         70.         70.
 70.01271253 70.15016442 71.18607177]
distance to initial position:
 0.08628293615722789
Fmax
 0.08823439
self.forward_climb?:  True
path_F_dot:  0.8893808570686392
eig:  [ 1.11240079 61.11408749 70.         70.         70.         70.
 70.         70.         70.         70.         70.         70.
 70.         70.         70.         70.         70.         70.
 70.         70.         70.         70.         70.         70.
 70.         70.         70.         70.         70.         70.
 70.         70.         70.         70.         70.         70.
 70.         70.         70.         70.         70.         70.
 70.         70.         70.         70.         70.         70.
 70.         70.         70.         70.         70.         70.01258117
 70.10951243 70.28118781 71.00613703]
distance to initial position:
 0.17894951899755618
Fmax
 0.19336105
self.forward_climb?:  True
path_F_dot:  0.8826934126576734
eig:  [ 1.02262836 61.00636703 70.         70.         70.         70.
 70.         70.         70.         70.         70.         70.
 70.         70.         70.         70.         70.         70.
 70.         70.         70.         70.         70.         70.
 70.         70.         70.         70.         70.         70.
 70.         70.         70.         70.         70.         70.
 70.         70.         70.         70.         70.         70.
 70.         70.         70.         70.         70.         70.
 70.         70.         70.         70.         70.01086262 70.07154791
 70.12948144 70.7039192  71.0181846 ]
distance to initial position:
 0.28832152663805133
Fmax
 0.34687775
self.forward_climb?:  True
path_F_dot:  0.6689613701297776
eig:  [ 0.90844824 61.50175207 70.         70.         70.         70.
 70.         70.         70.         70.         70.         70.
 70.         70.         70.         70.         70.         70.
 70.         70.         70.         70.         70.         70.
 70.         70.         70.         70.         70.         70.
 70.         70.         70.         70.         70.         70.
 70.         70.         70.         70.         70.         70.
 70.         70.         70.         70.         70.         70.
 70.         70.         70.         70.00846824 70.02524744 70.0731876
 70.13071611 70.5858223  74.8880139 ]
distance to initial position:
 0.39892656523880904
Fmax
 0.52703513
self.forward_climb?:  True
path_F_dot:  0.4876455501861614
eig:  [ 0.65947217 61.96488046 70.         70.         70.         70.
 70.         70.         70.         70.         70.         70.
 70.         70.         70.         70.         70.         70.
 70.         70.         70.         70.         70.         70.
 70.         70.         70.         70.         70.         70.
 70.         70.         70.         70.         70.         70.
 70.         70.         70.         70.         70.         70.
 70.         70.         70.         70.         70.         70.
 70.         70.         70.00779875 70.01900499 70.05782772 70.07596065
 70.11852957 70.49648127 83.75925151]
scale of eig:  1.9166390761499275
distance to initial position:
 0.5118601660568972
Fmax
 0.67381913
self.forward_climb?:  True
path_F_dot:  0.3771921125513496
eig:  [3.49639313e-02 6.00871346e+01 6.41201935e+01 7.00000000e+01
 7.00000000e+01 7.00000000e+01 7.00000000e+01 7.00000000e+01
 7.00000000e+01 7.00000000e+01 7.00000000e+01 7.00000000e+01
 7.00000000e+01 7.00000000e+01 7.00000000e+01 7.00000000e+01
 7.00000000e+01 7.00000000e+01 7.00000000e+01 7.00000000e+01
 7.00000000e+01 7.00000000e+01 7.00000000e+01 7.00000000e+01
 7.00000000e+01 7.00000000e+01 7.00000000e+01 7.00000000e+01
 7.00000000e+01 7.00000000e+01 7.00000000e+01 7.00000000e+01
 7.00000000e+01 7.00000000e+01 7.00000000e+01 7.00000000e+01
 7.00000000e+01 7.00000000e+01 7.00000000e+01 7.00000000e+01
 7.00000000e+01 7.00000000e+01 7.00000000e+01 7.00000000e+01
 7.00000000e+01 7.00000000e+01 7.00000000e+01 7.00000000e+01
 7.00000000e+01 7.00000000e+01 7.00069798e+01 7.00188330e+01
 7.00293530e+01 7.00651553e+01 7.01425616e+01 7.05092292e+01
 7.16387743e+01]
scale of eig:  32.43480833077737
distance to initial position:
 0.6296499885083265
Fmax
 0.64794301
self.forward_climb?:  True
path_F_dot:  0.30218334165902705
eig:  [-0.59610219 42.54001092 63.41215778 69.8107768  70.         70.
 70.         70.         70.         70.         70.         70.
 70.         70.         70.         70.         70.         70.
 70.         70.         70.         70.         70.         70.
 70.         70.         70.         70.         70.         70.
 70.         70.         70.         70.         70.         70.
 70.         70.         70.         70.         70.         70.
 70.         70.         70.         70.         70.         70.
 70.         70.         70.00507122 70.01863075 70.02977643 70.06483632
 70.15759048 70.26253282 70.80623588]
scale of eig:  4.649327508603383
distance to initial position:
 0.6817631593585619
Fmax
 0.31621589
self.forward_climb?:  True
path_F_dot:  0.34152040025281805
eig:  [-0.59085588 23.31253116 64.51393694 69.98363205 70.         70.
 70.         70.         70.         70.         70.         70.
 70.         70.         70.         70.         70.         70.
 70.         70.         70.         70.         70.         70.
 70.         70.         70.         70.         70.         70.
 70.         70.         70.         70.         70.         70.
 70.         70.         70.         70.         70.         70.
 70.         70.         70.         70.         70.         70.
 70.         70.00490608 70.01685821 70.02803663 70.06367349 70.10908021
 70.26247465 70.59954596 74.52157255]
distance to initial position:
 0.8067477876189413
Fmax
 0.38678251
self.forward_climb?:  True
path_F_dot:  0.04232006558236753
eig:  [-0.66103982 23.91116927 60.46480922 66.57400647 69.98368284 70.
 70.         70.         70.         70.         70.         70.
 70.         70.         70.         70.         70.         70.
 70.         70.         70.         70.         70.         70.
 70.         70.         70.         70.         70.         70.
 70.         70.         70.         70.         70.         70.
 70.         70.         70.         70.         70.         70.
 70.         70.         70.         70.         70.         70.
 70.         70.00474327 70.0120779  70.02544551 70.03386502 70.06504697
 70.17459462 70.2652307  70.88838861]
distance to initial position:
 0.8694294541146561
Fmax
 0.41451315
self.forward_climb?:  False
path_F_dot:  0.07526509255249839
eig:  [-0.67173015 10.97552274 30.31299692 65.53366647 69.98369925 70.
 70.         70.         70.         70.         70.         70.
 70.         70.         70.         70.         70.         70.
 70.         70.         70.         70.         70.         70.
 70.         70.         70.         70.         70.         70.
 70.         70.         70.         70.         70.         70.
 70.         70.         70.         70.         70.         70.
 70.         70.         70.         70.         70.         70.
 70.00465025 70.0056505  70.01679888 70.02377386 70.04675298 70.06657925
 70.20131402 70.26940947 70.86699302]
distance to initial position:
 0.7746348134226976
Fmax
 0.12615415
self.forward_climb?:  True
path_F_dot:  0.13718650359325235
eig:  [-0.68157322  5.91866567 32.15342721 65.49264382 69.98401648 70.
 70.         70.         70.         70.         70.         70.
 70.         70.         70.         70.         70.         70.
 70.         70.         70.         70.         70.         70.
 70.         70.         70.         70.         70.         70.
 70.         70.         70.         70.         70.         70.
 70.         70.         70.         70.         70.         70.
 70.         70.         70.         70.         70.         70.00090477
 70.00470774 70.01181917 70.01983757 70.02378359 70.06220401 70.08849136
 70.2458272  70.35891705 71.04515166]
distance to initial position:
 0.7983156961482115
Fmax
 0.15446479
self.forward_climb?:  False
path_F_dot:  0.024000238283368714
eig:  [-0.68996035  4.70594368 32.13557333 65.20556168 69.27592408 69.98443822
 70.         70.         70.         70.         70.         70.
 70.         70.         70.         70.         70.         70.
 70.         70.         70.         70.         70.         70.
 70.         70.         70.         70.         70.         70.
 70.         70.         70.         70.         70.         70.
 70.         70.         70.         70.         70.         70.
 70.         70.         70.         70.         70.         70.00378921
 70.00482925 70.01115773 70.01956652 70.02368561 70.06247176 70.11429473
 70.25421121 70.32645769 70.8390158 ]
distance to initial position:
 0.7826778493174366
Fmax
 0.1481795
self.forward_climb?:  False
path_F_dot:  0.024072291793945905
eig:  [-0.66384392  3.03926582 27.36707411 32.85567053 65.59954763 69.98433737
 70.         70.         70.         70.         70.         70.
 70.         70.         70.         70.         70.         70.
 70.         70.         70.         70.         70.         70.
 70.         70.         70.         70.         70.         70.
 70.         70.         70.         70.         70.         70.
 70.         70.         70.         70.         70.         70.
 70.         70.         70.         70.         70.00315815 70.00439118
 70.00981429 70.0153189  70.01903924 70.02430174 70.05907198 70.09147432
 70.16837047 70.3283305  70.67816068]
distance to initial position:
 0.7782082812706099
Fmax
 0.09167638
self.forward_climb?:  False
path_F_dot:  0.10158715489382657
eig:  [-0.66410328  3.31317637 15.65590493 32.89555629 65.59441906 69.98455797
 70.         70.         70.         70.         70.         70.
 70.         70.         70.         70.         70.         70.
 70.         70.         70.         70.         70.         70.
 70.         70.         70.         70.         70.         70.
 70.         70.         70.         70.         70.         70.
 70.         70.         70.         70.         70.         70.
 70.         70.         70.         70.00267317 70.00418553 70.00649526
 70.01240194 70.01820647 70.02399536 70.04728351 70.06677179 70.12934795
 70.26045725 70.64370614 70.91917809]
distance to initial position:
 0.7663376613217586
Fmax
 0.06047793
self.forward_climb?:  False
path_F_dot:  0.11740492088166421
eig:  [-0.65860568  3.3013991  10.9955665  32.95383984 65.50146375 69.82160731
 69.98707978 70.         70.         70.         70.         70.
 70.         70.         70.         70.         70.         70.
 70.         70.         70.         70.         70.         70.
 70.         70.         70.         70.         70.         70.
 70.         70.         70.         70.         70.         70.
 70.         70.         70.         70.         70.         70.
 70.         70.         70.         70.00329172 70.00417024 70.0078596
 70.0129296  70.0171791  70.02444964 70.04650783 70.06554723 70.13164168
 70.27140708 70.58001237 70.67341785]
distance to initial position:
 0.7515779538954358
Fmax
 0.04610441
self.forward_climb?:  False
path_F_dot:  0.004582474858680589
eig:  [-0.63770772  3.21167047  9.94853163 32.89043481 47.17212224 65.65848315
 69.98775937 70.         70.         70.         70.         70.
 70.         70.         70.         70.         70.         70.
 70.         70.         70.         70.         70.         70.
 70.         70.         70.         70.         70.         70.
 70.         70.         70.         70.         70.         70.
 70.         70.         70.         70.         70.         70.
 70.         70.         70.00260634 70.00381004 70.00646974 70.01219002
 70.01548234 70.02403795 70.04422517 70.05010194 70.06419689 70.13340011
 70.15777391 70.27162984 70.66968181]
distance to initial position:
 0.7501966495217858
Fmax
 0.04542379
self.forward_climb?:  False
path_F_dot:  0.0032035901958093376
eig:  [-0.6458951   2.62398283 13.63488988 16.5626029  33.20046094 65.611222
 69.98775181 70.         70.         70.         70.         70.
 70.         70.         70.         70.         70.         70.
 70.         70.         70.         70.         70.         70.
 70.         70.         70.         70.         70.         70.
 70.         70.         70.         70.         70.         70.
 70.         70.         70.         70.         70.         70.
 70.         70.00211478 70.00343261 70.00628524 70.0114609  70.01502719
 70.02332945 70.0317582  70.04741565 70.05801178 70.07458687 70.14842433
 70.27013346 70.45181516 70.7554788 ]
distance to initial position:
 0.7447580065899997
Fmax
 0.03120092
self.forward_climb?:  True
path_F_dot:  0.022247608944626657
eig:  [-0.63936087  2.43084559  8.38478117 14.65935229 33.20067877 65.63302465
 69.98776646 70.         70.         70.         70.         70.
 70.         70.         70.         70.         70.         70.
 70.         70.         70.         70.         70.         70.
 70.         70.         70.         70.         70.         70.
 70.         70.         70.         70.         70.         70.
 70.         70.         70.         70.         70.         70.
 70.00141317 70.00329197 70.00587609 70.00740428 70.01180409 70.01490371
 70.02285826 70.04463278 70.05575756 70.06825908 70.14128453 70.26933388
 70.34357974 70.72568414 70.90608193]
distance to initial position:
 0.749084508590077
Fmax
 0.02015839
self.forward_climb?:  False
path_F_dot:  0.037513970526606884
eig:  [-0.64220511  2.14581675  6.05874847 12.96019134 33.27630851 65.63466325
 69.30932471 69.98786883 70.         70.         70.         70.
 70.         70.         70.         70.         70.         70.
 70.         70.         70.         70.         70.         70.
 70.         70.         70.         70.         70.         70.
 70.         70.         70.         70.         70.         70.
 70.         70.         70.         70.         70.         70.
 70.00230701 70.00332161 70.00627721 70.00872656 70.01488105 70.0216122
 70.02781022 70.044135   70.05736967 70.07694077 70.13847714 70.26937568
 70.28709554 70.64710687 70.77959755]
distance to initial position:
 0.7470740369702671
Fmax
 0.02011353
self.forward_climb?:  False
path_F_dot:  0.003583719114663787
eig:  [-0.64271415  2.56426756  4.90857915 12.89985855 33.31026462 62.45527984
 65.74102852 69.98852048 70.         70.         70.         70.
 70.         70.         70.         70.         70.         70.
 70.         70.         70.         70.         70.         70.
 70.         70.         70.         70.         70.         70.
 70.         70.         70.         70.         70.         70.
 70.         70.         70.         70.         70.         70.0019954
 70.00319697 70.00585337 70.00831634 70.01420995 70.01532205 70.02174223
 70.04329458 70.05400851 70.06344088 70.13325604 70.22724395 70.26663379
 70.44272822 70.71460229 70.76596394]
distance to initial position:
 0.7459384219353551
Fmax
 0.01563105
self.forward_climb?:  True
path_F_dot:  0.0022165675203738777
eig:  [-0.818387    0.24055147  6.3151574  12.61106194 18.7610231  33.834411
 65.67568525 69.9868     69.99164393 70.         70.         70.
 70.         70.         70.         70.         70.         70.
 70.         70.         70.         70.         70.         70.
 70.         70.         70.         70.         70.         70.
 70.         70.         70.         70.         70.         70.
 70.         70.         70.         70.         70.         70.00265519
 70.00313769 70.00583266 70.00872782 70.01429787 70.02143984 70.03912198
 70.04475175 70.05827623 70.08386154 70.13371945 70.26397761 70.29287285
 70.44912639 70.68803382 71.73816584]
distance to initial position:
 0.7824553242438288
Fmax
 0.05612918
self.forward_climb?:  False
path_F_dot:  0.05935960976185906
eig:  [-0.55326199  2.05472866  6.40084176 13.06700059 18.48927299 33.89416358
 65.69844011 69.98756601 69.99213308 70.         70.         70.
 70.         70.         70.         70.         70.         70.
 70.         70.         70.         70.         70.         70.
 70.         70.         70.         70.         70.         70.
 70.         70.         70.         70.         70.         70.
 70.         70.         70.         70.         70.00256328 70.00311607
 70.00488965 70.00864548 70.01400866 70.02112003 70.0388495  70.04455143
 70.05271908 70.07335774 70.12893182 70.24649978 70.28999068 70.3516461
 70.66244726 70.9382279  72.38559431]
distance to initial position:
 0.7439018760479253
Fmax
 0.0106674
self.forward_climb?:  False
path_F_dot:  0.008873564496037859
eig:  [-0.55395607  2.04218297  6.34722506 13.13649137 18.39106266 33.92103997
 65.70656301 69.98786451 69.99213692 70.         70.         70.
 70.         70.         70.         70.         70.         70.
 70.         70.         70.         70.         70.         70.
 70.         70.         70.         70.         70.         70.
 70.         70.         70.         70.         70.         70.
 70.         70.         70.         70.00191105 70.00257083 70.00311615
 70.00500907 70.00866141 70.0140012  70.02122146 70.03902751 70.04459505
 70.05322312 70.07408099 70.12837223 70.24074405 70.29111496 70.35159077
 70.65719861 71.08812968 72.73815974]
distance to initial position:
 0.7417403671377577
Fmax
 0.01214507
self.forward_climb?:  False
path_F_dot:  0.02291917225270284
eig:  [-0.55276028  2.02818958  8.43388794 11.48210502 13.64184884 33.57780292
 63.08828775 65.97958809 69.98884751 69.99217967 70.         70.
 70.         70.         70.         70.         70.         70.
 70.         70.         70.         70.         70.         70.
 70.         70.         70.         70.         70.         70.
 70.         70.         70.         70.         70.         70.
 70.         70.         70.         70.00210363 70.00304523 70.00471221
 70.00809393 70.01369899 70.01417001 70.03738876 70.04446377 70.05002695
 70.06380227 70.12065484 70.15476534 70.25258559 70.30652423 70.36594527
 70.54441177 70.92791895 71.87107789]
distance to initial position:
 0.7374542106591981
Fmax
 0.01288988
self.forward_climb?:  True
path_F_dot:  0.01737215185271886
eig:  [-0.54600231  1.37820486  4.24254057 11.24260501 13.51518761 33.2908121
 57.98257031 65.89928364 69.98926339 69.99229588 70.         70.
 70.         70.         70.         70.         70.         70.
 70.         70.         70.         70.         70.         70.
 70.         70.         70.         70.         70.         70.
 70.         70.         70.         70.         70.         70.
 70.         70.         70.00164177 70.00286453 70.0043822  70.00768669
 70.01255026 70.01404295 70.03518758 70.04435311 70.04650276 70.06365783
 70.10958355 70.13412125 70.20576057 70.28359758 70.35554295 70.38496494
 70.499854   70.88593273 71.69827341]
distance to initial position:
 0.7454829742557055
Fmax
 0.0164833
self.forward_climb?:  True
path_F_dot:  0.007139523531506263
eig:  [-0.54878983  1.85595235  5.49258858 10.91332709 13.64670681 33.12357684
 56.3632695  65.90140587 69.98941716 69.99232902 70.         70.
 70.         70.         70.         70.         70.         70.
 70.         70.         70.         70.         70.         70.
 70.         70.         70.         70.         70.         70.
 70.         70.         70.         70.         70.         70.
 70.         70.0014965  70.00283477 70.00409364 70.00749177 70.01150672
 70.01293151 70.02632826 70.03985182 70.04489771 70.04699501 70.06639199
 70.12094965 70.13348053 70.25469494 70.28432233 70.32165367 70.40307871
 70.58020125 70.88704625 71.69543571]
distance to initial position:
 0.7474952789341972
Fmax
 0.01177163
self.forward_climb?:  False
path_F_dot:  0.04247091817551006
eig:  [-0.54887445  2.25109548  7.357385    7.85226109 13.24539609 33.2721437
 54.94249881 65.92685497 69.8663916  69.98994148 69.99275144 70.
 70.         70.         70.         70.         70.         70.
 70.         70.         70.         70.         70.         70.
 70.         70.         70.         70.         70.         70.
 70.         70.         70.         70.         70.         70.
 70.         70.00152787 70.00281134 70.00400587 70.00719061 70.01126671
 70.01317837 70.03320247 70.03886584 70.04565405 70.06194972 70.09912371
 70.10879746 70.15892956 70.26033862 70.29220835 70.34878302 70.47970525
 70.88274399 71.45900809 72.75287624]
distance to initial position:
 0.7469382751136259
Fmax
 0.01054482
self.forward_climb?:  False
path_F_dot:  0.07138119813514864
eig:  [-0.88097126 -0.19492259  4.57977977 10.19923755 13.44665148 28.77241402
 38.21721268 66.01087374 69.10064359 69.99107269 69.99303726 70.
 70.         70.         70.         70.         70.         70.
 70.         70.         70.         70.         70.         70.
 70.         70.         70.         70.         70.         70.
 70.         70.         70.         70.         70.         70.
 70.00149202 70.0026015  70.0036005  70.00700262 70.01101331 70.01293885
 70.02614545 70.03421431 70.03835919 70.0466832  70.06331713 70.10226808
 70.12180049 70.24531958 70.25716989 70.30279425 70.39938462 70.58882152
 70.87620705 71.4576962  74.43168451]
distance to initial position:
 0.7005721773802396
Fmax
 0.03377361
self.forward_climb?:  True
path_F_dot:  0.305345903323685
eig:  [-2.45877339  0.31141703  4.72425561 10.29377854 13.32003753 26.48201147
 37.50579322 66.00502625 69.008834   69.9906141  69.99346815 69.99808789
 70.         70.         70.         70.         70.         70.
 70.         70.         70.         70.         70.         70.
 70.         70.         70.         70.         70.         70.
 70.         70.         70.         70.         70.         70.
 70.00159596 70.00256973 70.00400336 70.00704448 70.01091951 70.01320391
 70.03099128 70.03578672 70.04006402 70.05993436 70.08556581 70.11439669
 70.15421936 70.21245123 70.25747773 70.3047311  70.38083583 70.56506206
 70.89384159 71.49045053 74.42423819]
distance to initial position:
 0.7248136353734559
Fmax
 0.02462384
self.forward_climb?:  True
path_F_dot:  0.1737370835957662
eig:  [-0.93713566  0.27536638  4.56758674 10.098457   13.21555559 23.90063045
 36.47544319 65.24695324 67.02766412 69.09575163 69.99113175 69.99368419
 70.         70.         70.         70.         70.         70.
 70.         70.         70.         70.         70.         70.
 70.         70.         70.         70.         70.         70.
 70.         70.         70.         70.         70.         70.00142502
 70.00244036 70.00313523 70.00565721 70.00975828 70.01213464 70.02093265
 70.02493881 70.03340629 70.03896122 70.05564815 70.06029233 70.09168792
 70.12115181 70.19922438 70.25698725 70.30390054 70.33389022 70.56498846
 70.83683839 71.38372677 74.42409627]
distance to initial position:
 0.7567038261037334
Fmax
 0.02096312
self.forward_climb?:  False
path_F_dot:  0.2900925552839663
eig:  [-1.47437013  0.63567359  5.07989757 10.16600202 13.22126507 23.06481113
 36.75627223 63.91655509 66.63963444 69.09093012 69.99117426 69.9939322
 70.         70.         70.         70.         70.         70.
 70.         70.         70.         70.         70.         70.
 70.         70.         70.         70.         70.         70.
 70.         70.         70.         70.         70.0001891  70.00137563
 70.00244483 70.00395051 70.00682373 70.01024818 70.01191191 70.01649217
 70.03181941 70.03710312 70.05269137 70.05520719 70.08577624 70.0928099
 70.12367721 70.19900878 70.26217781 70.31007895 70.48768308 70.57113054
 70.83728755 71.36750626 74.49339802]
distance to initial position:
 0.7386718115681197
Fmax
 0.01870598
self.forward_climb?:  True
path_F_dot:  0.0280244980107145
eig:  [-1.60139805  0.88806921  4.78423561 10.17362982 13.23697486 23.37075752
 37.2659816  63.20589586 66.57338339 69.08864198 69.89809252 69.99145991
 69.99394947 70.         70.         70.         70.         70.
 70.         70.         70.         70.         70.         70.
 70.         70.         70.         70.         70.         70.
 70.         70.         70.         70.         70.00130971 70.0023324
 70.00310886 70.00561976 70.00969077 70.01175211 70.01631455 70.02169145
 70.03189942 70.03797994 70.04721699 70.05868432 70.08532544 70.10577301
 70.1528257  70.19825413 70.26213126 70.30452065 70.48662444 70.65185239
 70.79820476 71.36269066 74.38913326]
distance to initial position:
 0.7425201739942551
Fmax
 0.01157368
self.forward_climb?:  False
path_F_dot:  0.0470897721013074
eig:  [-1.67957235  1.12582117  4.55077963 10.03066168 12.79625359 15.62292242
 34.77742984 45.27527677 66.31399914 69.05211437 69.73716101 69.99148976
 69.99424871 69.99914073 70.         70.         70.         70.
 70.         70.         70.         70.         70.         70.
 70.         70.         70.         70.         70.         70.
 70.         70.         70.         70.         70.00133017 70.00200439
 70.003754   70.00580011 70.01001766 70.01180742 70.01640387 70.02281186
 70.03348092 70.04656376 70.05156319 70.07989295 70.08533053 70.10778432
 70.19668037 70.25959344 70.28755829 70.33859463 70.52396274 70.75640882
 70.98380342 71.36722426 74.38641994]
distance to initial position:
 0.7410680001238581
Fmax
 0.00802014
self.forward_climb?:  False
path_F_dot:  0.053810336398248865
eig:  [-1.65779631  0.73761356  4.93350234  7.75103359 11.06385888 13.45109975
 31.32889611 40.0482415  66.3112535  69.04420921 69.69671596 69.99179401
 69.99428644 69.99589957 70.         70.         70.         70.
 70.         70.         70.         70.         70.         70.
 70.         70.         70.         70.         70.         70.
 70.         70.         70.         70.00126738 70.00195046 70.00341273
 70.00509741 70.00875406 70.01149309 70.01518588 70.02200819 70.03331513
 70.04626047 70.0510895  70.05715668 70.08292982 70.10145386 70.19382294
 70.24571047 70.26605382 70.29412991 70.51675869 70.69931564 70.84865678
 71.35736548 71.80113593 74.37764007]
