Iteration           Energy (eV)         Fmax (eV/A)         Climbing Direction
0                   -378148.374736      0.006863            
1                   -378148.362227      0.415746            
2                   -378148.326137      0.745532            
3                   -378148.209086      1.459493            
4                   -378147.928433      2.258801            
5                   -378147.494285      2.659521            
6                   -378146.93586       2.984821            
7                   -378146.335848      2.741425            
8                   -378145.831534      2.067987            
9                   -378145.501428      1.893386            
10                  -378145.366639      1.930189            
11                  -378145.42608       1.991812            
12                  -378145.536159      2.043189            
13                  -378145.698979      2.069262            
14                  -378146.09911       1.396012            
15                  -378146.164365      1.679079            
16                  -378145.925803      1.755023            
17                  -378146.155882      1.207637            
18                  -378146.233437      1.139187            
19                  -378146.265656      0.905067            
20                  -378146.293588      0.74829             
21                  -378146.314059      0.640036            
22                  -378146.329883      0.581453            
23                  -378146.342701      0.51152             
24                  -378146.353622      0.474066            
25                  -378146.363678      0.425314            
26                  -378146.372708      0.395609            
27                  -378146.38082       0.362442            
28                  -378146.388149      0.340494            
29                  -378146.394795      0.319322            
30                  -378146.400879      0.304325            
31                  -378146.406474      0.290147            
32                  -378146.411646      0.279562            
33                  -378146.416433      0.269491            
34                  -378146.420841      0.2621              
35                  -378146.424746      0.25676             
36                  -378146.420955      0.222979            
37                  -378146.445633      0.425267            
38                  -378146.423249      0.250536            
39                  -378146.425487      0.190814            
40                  -378146.427448      0.212545            
41                  -378146.41523       0.521725            
42                  -378146.437819      0.144598            
43                  -378146.43935       0.115196            
44                  -378146.445327      0.239986            
45                  -378146.446603      0.195147            
46                  -378146.447626      0.145588            
47                  -378146.448151      0.092173            
48                  -378146.448561      0.065711            
49                  -378146.451195      0.085699            
50                  -378146.451715      0.063667            
51                  -378146.451889      0.081419            
52                  -378146.452308      0.040964            
53                  -378146.452457      0.037391            
54                  -378146.452568      0.03404             
55                  -378146.452658      0.032109            
56                  -378146.452738      0.030162            
57                  -378146.45281       0.028736            
58                  -378146.452874      0.027567            
59                  -378146.452933      0.02647             
60                  -378146.452987      0.025511            
61                  -378146.453038      0.024627            
62                  -378146.453084      0.023813            
63                  -378146.453128      0.023052            
64                  -378146.453169      0.022352            
65                  -378146.453208      0.021693            
66                  -378146.453244      0.021077            
67                  -378146.453279      0.020494            
68                  -378146.453311      0.019929            
69                  -378146.453342      0.019387            
70                  -378146.453371      0.018878            
71                  -378146.453399      0.018391            
72                  -378146.453425      0.017921            
73                  -378146.45345       0.017469            
74                  -378146.453474      0.01704             
75                  -378146.453496      0.016627            
76                  -378146.453518      0.016225            
77                  -378146.453538      0.015834            
78                  -378146.453558      0.015452            
79                  -378146.453576      0.015088            
80                  -378146.453594      0.014741            
81                  -378146.453611      0.014398            
82                  -378146.453627      0.01407             
83                  -378146.453643      0.01374             
84                  -378146.453657      0.013435            
85                  -378146.453672      0.013121            
86                  -378146.453685      0.012823            
87                  -378146.453698      0.012528            
88                  -378146.45371       0.012255            
89                  -378146.453722      0.011983            
90                  -378146.453734      0.011721            
91                  -378146.453744      0.011478            
92                  -378146.453755      0.011227            
93                  -378146.453765      0.010971            
94                  -378146.453775      0.010744            
95                  -378146.453784      0.010509            
96                  -378146.453793      0.010284            
97                  -378146.453801      0.010055            
98                  -378146.453809      0.009845            
