Iteration           Energy (eV)         Fmax (eV/A)         Climbing Direction
0                   -378501.776947      0.00748             
1                   -378501.741127      1.208832            
2                   -378501.692481      1.735794            
3                   -378501.596291      2.370778            
4                   -378501.381636      3.179783            
5                   -378500.923481      3.994915            
6                   -378500.326883      4.337167            
7                   -378499.656529      4.228619            
8                   -378498.997875      3.718703            
9                   -378498.462132      2.893723            
10                  -378498.116584      1.727568            
11                  -378498.079615      1.510941            
12                  -378498.153203      1.380087            
13                  -378498.226593      1.343372            
14                  -378498.29857       1.256864            
15                  -378498.366354      1.290224            
16                  -378498.438472      1.253438            
17                  -378498.509105      1.214932            
18                  -378498.578034      1.225235            
19                  -378498.645614      1.237992            
20                  -378498.718476      1.232317            
21                  -378498.793345      1.277355            
22                  -378498.871472      1.379028            
23                  -378498.980439      1.493159            
24                  -378499.104237      1.597381            
25                  -378499.240457      1.664563            
26                  -378499.371967      1.688303            
27                  -378499.506721      1.652212            
28                  -378499.669806      1.333612            
29                  -378499.81979       1.293109            
30                  -378499.628896      4.544164            
31                  -378499.957075      1.113044            
32                  -378500.042471      1.092077            
33                  -378500.113479      1.006027            
34                  -378500.163229      0.730512            
35                  -378500.201633      0.650623            
36                  -378500.230197      0.493202            
37                  -378500.251876      0.38308             
38                  -378500.26931       0.318688            
39                  -378500.283923      0.306432            
40                  -378500.296403      0.294605            
41                  -378500.30714       0.283348            
42                  -378500.316416      0.27264             
43                  -378500.32447       0.262244            
44                  -378500.331507      0.251979            
45                  -378500.337701      0.242124            
46                  -378500.343191      0.232338            
47                  -378500.348083      0.222941            
48                  -378500.352465      0.213635            
49                  -378500.356401      0.204586            
50                  -378500.35995       0.195664            
51                  -378500.363157      0.187195            
52                  -378500.366066      0.178783            
53                  -378500.368706      0.17069             
54                  -378500.37111       0.162938            
55                  -378500.373304      0.155475            
56                  -378500.375311      0.148177            
57                  -378500.37715       0.141319            
58                  -378500.378839      0.134545            
59                  -378500.380394      0.128184            
60                  -378500.381827      0.122086            
61                  -378500.38315       0.116234            
62                  -378500.384374      0.115292            
63                  -378500.385508      0.11433             
64                  -378500.38656       0.113371            
65                  -378500.387537      0.112401            
66                  -378500.388446      0.111424            
67                  -378500.389292      0.110435            
68                  -378500.390082      0.109427            
69                  -378500.390821      0.108429            
70                  -378500.391512      0.107437            
71                  -378500.39216       0.106445            
72                  -378500.39277       0.105446            
73                  -378500.393344      0.10445             
74                  -378500.393886      0.103598            
75                  -378500.394399      0.103224            
76                  -378500.394886      0.102848            
77                  -378500.395349      0.102473            
78                  -378500.39579       0.102091            
79                  -378500.396212      0.101696            
80                  -378500.396617      0.101318            
81                  -378500.397005      0.100918            
82                  -378500.397379      0.10053             
83                  -378500.39774       0.100121            
84                  -378500.39809       0.099712            
85                  -378500.39843       0.099313            
86                  -378500.398761      0.098921            
87                  -378500.399084      0.098527            
88                  -378500.399402      0.098123            
89                  -378500.399716      0.097738            
90                  -378500.400025      0.097339            
91                  -378500.400333      0.096928            
92                  -378500.400638      0.096521            
93                  -378500.400943      0.09612             
94                  -378500.401248      0.095721            
95                  -378500.401553      0.095326            
96                  -378500.40186       0.094941            
97                  -378500.402169      0.094544            
98                  -378500.402481      0.094155            
99                  -378500.402795      0.093785            
100                 -378500.403115      0.093442            
101                 -378500.403445      0.093106            
102                 -378500.403802      0.092837            
103                 -378500.404256      0.092816            
104                 -378500.404726      0.093152            
105                 -378500.405202      0.091996            
106                 -378500.405665      0.091882            
107                 -378500.406149      0.090293            
108                 -378500.406638      0.08968             
109                 -378500.407167      0.086993            
110                 -378500.407741      0.083876            
111                 -378500.408519      0.074568            
112                 -378500.409598      0.135313            
113                 -378500.410557      0.104905            
114                 -378500.411498      0.127741            
115                 -378500.412404      0.095055            
116                 -378500.413325      0.130082            
117                 -378500.414221      0.095948            
118                 -378500.415125      0.134495            
119                 -378500.416007      0.110273            
120                 -378500.41689       0.141415            
121                 -378500.417743      0.139875            
122                 -378500.418591      0.151766            
123                 -378500.419393      0.180329            
124                 -378500.420177      0.174428            
125                 -378500.420875      0.23645             
126                 -378500.421536      0.234354            
127                 -378500.422019      0.315428            
128                 -378500.422424      0.323438            
129                 -378500.422442      0.428094            
130                 -378500.422318      0.456302            
131                 -378500.421301      0.589598            
132                 -378500.420084      0.655175            
133                 -378500.416731      0.820974            
134                 -378500.413348      0.952919            
135                 -378500.404675      1.147661            
136                 -378500.397421      1.394385            
137                 -378500.376834      1.592376            
138                 -378500.364427      2.027045            
139                 -378500.319002      2.151511            
140                 -378500.3065        2.86897             
141                 -378500.218443      2.753317            
142                 -378500.248637      3.494014            
143                 -378500.170832      2.999939            
144                 -378500.32337       2.408577            
145                 -378500.25503       2.617837            
146                 -378500.26561       3.2465              
147                 -378500.206107      2.898087            
148                 -378500.322167      2.390574            
149                 -378500.275156      2.529486            
150                 -378500.287104      2.912983            
151                 -378500.236603      2.761364            
152                 -378500.310108      2.528485            
153                 -378500.275111      2.533503            
154                 -378500.290954      2.786539            
155                 -378500.25884       2.632848            
156                 -378500.297341      2.650441            
157                 -378500.274398      2.526652            
158                 -378500.293635      2.666203            
159                 -378500.276744      2.501446            
160                 -378500.296034      2.606047            
161                 -378500.284478      2.439246            
162                 -378500.302685      2.497788            
163                 -378500.294438      2.36232             
164                 -378500.309889      2.409277            
165                 -378500.302113      2.308555            
166                 -378500.314621      2.375616            
167                 -378500.305373      2.295202            
168                 -378500.315814      2.395193            
169                 -378500.304368      2.31686             
170                 -378500.313995      2.445185            
171                 -378500.300388      2.358442            
172                 -378500.310509      2.503354            
173                 -378500.295706      2.400075            
174                 -378500.30705       2.545272            
175                 -378500.292167      2.428764            
176                 -378500.304895      2.560521            
177                 -378500.29081       2.439337            
178                 -378500.304508      2.551709            
179                 -378500.291522      2.434889            
180                 -378500.305502      2.531005            
181                 -378500.293297      2.424413            
182                 -378500.306972      2.51304             
183                 -378500.294942      2.41723             
184                 -378500.308059      2.507149            
185                 -378500.295662      2.418651            
186                 -378500.308324      2.514547            
187                 -378500.295301      2.428605            
188                 -378500.307817      2.530309            
189                 -378500.294218      2.442995            
190                 -378500.306911      2.547108            
191                 -378500.292995      2.456968            
192                 -378500.306079      2.55884             
193                 -378500.29215       2.466832            
194                 -378500.305645      2.563178            
195                 -378500.291929      2.471496            
196                 -378500.3057        2.561293            
197                 -378500.292253      2.472109            
198                 -378500.306105      2.556646            
199                 -378500.292836      2.471129            
200                 -378500.306616      2.552733            
201                 -378500.293381      2.47093             
202                 -378500.307028      2.551421            
203                 -378500.293718      2.472292            
204                 -378500.307252      2.552617            
205                 -378500.293827      2.474928            
206                 -378500.307316      2.554818            
207                 -378500.293826      2.477924            
208                 -378500.30735       2.555858            
209                 -378500.293887      2.479655            
210                 -378500.307464      2.554556            
211                 -378500.294109      2.479678            
212                 -378500.30774       2.550556            
213                 -378500.294549      2.477644            
214                 -378500.308164      2.544723            
215                 -378500.295144      2.474238            
216                 -378500.308693      2.537909            
217                 -378500.295835      2.470026            
218                 -378500.309286      2.530725            
219                 -378500.296565      2.465366            
220                 -378500.309898      2.523648            
221                 -378500.297301      2.460594            
222                 -378500.310536      2.516504            
223                 -378500.298078      2.45536             
224                 -378500.311219      2.508902            
225                 -378500.298923      2.44954             
226                 -378500.311984      2.500685            
227                 -378500.299859      2.443099            
228                 -378500.312838      2.492085            
229                 -378500.300887      2.436099            
230                 -378500.313776      2.483288            
231                 -378500.30201       2.42862             
232                 -378500.314793      2.474428            
233                 -378500.303206      2.420978            
234                 -378500.315884      2.465602            
235                 -378500.304461      2.413115            
236                 -378500.317018      2.457222            
237                 -378500.305754      2.405435            
238                 -378500.318178      2.449252            
239                 -378500.30707       2.397878            
240                 -378500.319356      2.441619            
241                 -378500.308397      2.390393            
242                 -378500.32054       2.434263            
243                 -378500.309736      2.383114            
244                 -378500.321728      2.427057            
245                 -378500.311073      2.375872            
246                 -378500.322903      2.420225            
247                 -378500.312403      2.368787            
248                 -378500.324078      2.413409            
249                 -378500.313723      2.361715            
250                 -378500.325243      2.406733            
251                 -378500.31503       2.354768            
252                 -378500.326388      2.400411            
253                 -378500.316309      2.347991            
254                 -378500.327505      2.394535            
255                 -378500.317556      2.341462            
256                 -378500.328595      2.388934            
257                 -378500.318764      2.335166            
258                 -378500.329642      2.383831            
259                 -378500.319934      2.329109            
260                 -378500.33066       2.378882            
261                 -378500.321068      2.323222            
262                 -378500.331645      2.374006            
263                 -378500.322166      2.317589            
264                 -378500.332589      2.36923             
265                 -378500.323226      2.311874            
266                 -378500.333493      2.364334            
267                 -378500.324245      2.306183            
268                 -378500.334337      2.359484            
269                 -378500.325214      2.300541            
270                 -378500.335155      2.353929            
271                 -378500.326157      2.294569            
272                 -378500.335943      2.347824            
273                 -378500.327076      2.288232            
274                 -378500.336702      2.341064            
275                 -378500.327985      2.28141             
276                 -378500.337455      2.333395            
277                 -378500.328899      2.273967            
278                 -378500.338223      2.324571            
279                 -378500.329837      2.265762            
280                 -378500.339011      2.31495             
281                 -378500.330811      2.256791            
282                 -378500.339837      2.304317            
283                 -378500.331838      2.247034            
284                 -378500.340725      2.292728            
285                 -378500.332927      2.236516            
286                 -378500.341688      2.280264            
287                 -378500.33409       2.225172            
288                 -378500.342712      2.26745             
289                 -378500.335314      2.213416            
290                 -378500.343817      2.254124            
291                 -378500.336614      2.201074            
292                 -378500.344998      2.240608            
293                 -378500.33799       2.188335            
294                 -378500.346257      2.22685             
295                 -378500.339434      2.175299            
296                 -378500.347578      2.213259            
297                 -378500.340937      2.162081            
298                 -378500.348959      2.199779            
299                 -378500.342488      2.1489              
300                 -378500.350388      2.186558            
