## SLURM PROLOG ###############################################################
##    Job ID : 14113388
##  Job Name : test
##  Nodelist : node[1840,1842]
##      CPUs : 96
##  Mem/Node : 98304 MB
## Directory : /oscar/scratch/kbadger1/SaddleClimb/examples/H2O_to_OH_H/fosp_searches/saddleclimb
##   Job Started : Thu Nov 13 08:49:23 PM EST 2025
###############################################################################
climbing
climbing
climbing
climbing
climbing
climbing
climbing
climbing
climbing
climbing
climbing
climbing
climbing
climbing
climbing
climbing
climbing
climbing
climbing
climbing
climbing
climbing
climbing
climbing
climbing
climbing
climbing
climbing
climbing
climbing
climbing
climbing
climbing
climbing
climbing
climbing
climbing
climbing
climbing
climbing
climbing
climbing
climbing
climbing
climbing
climbing
climbing
climbing
climbing
climbing
climbing
climbing
climbing
climbing
climbing
climbing
climbing
climbing
climbing
climbing
climbing
climbing
climbing
climbing
climbing
climbing
climbing
climbing
descending
climbing
climbing
climbing
climbing
climbing
climbing
descending
descending
descending
climbing
climbing
climbing
climbing
climbing
descending
descending
climbing
climbing
climbing
climbing
climbing
climbing
climbing
climbing
climbing
climbing
climbing
climbing
climbing
climbing
climbing
climbing
climbing
descending
descending
descending
descending
climbing
descending
descending
descending
climbing
climbing
climbing
descending
climbing
climbing
climbing
descending
climbing
climbing
climbing
descending
climbing
climbing
descending
climbing
climbing
climbing
climbing
descending
climbing
climbing
climbing
climbing
descending
climbing
climbing
climbing
climbing
descending
climbing
climbing
climbing
climbing
descending
climbing
climbing
climbing
climbing
descending
climbing
climbing
climbing
climbing
descending
climbing
climbing
descending
climbing
climbing
climbing
descending
climbing
climbing
descending
climbing
climbing
climbing
climbing
descending
climbing
climbing
climbing
descending
climbing
climbing
descending
climbing
climbing
descending
climbing
climbing
