## SLURM PROLOG ###############################################################
##    Job ID : 8899788
##  Job Name : test
##  Nodelist : node[1913,1920]
##      CPUs : 96
##  Mem/Node : 98304 MB
## Directory : /oscar/scratch/kbadger1/SaddleClimb/examples/H2O_to_OH_H/fosp_searches/saddleclimb
##   Job Started : Mon Mar  3 10:29:11 PM EST 2025
###############################################################################
rho is:  0.24632081602316502
p3, a, b [np.float64(-5.970281613164104e-16), np.float64(-1.257288253940253)] 1.75873403702204e-15 1.3366607932721914
[100. 100. 100. 100. 100. 100. 100. 100. 100. 100. 100. 100. 100. 100.
 100. 100. 100. 100. 100. 100. 100. 100. 100. 100. 100. 100. 100. 100.
 100. 100. 100. 100. 100. 100. 100. 100. 100. 100. 100. 100. 100. 100.
 100. 100. 100. 100. 100. 100. 100. 100. 100. 100. 100. 100. 100. 100.
 100. 100. 100. 100. 100. 100. 100.]
dx norm:  0.07937253933193814
alpha:  [0.05312094]
delta:  0.01
rho is:  -9.20001663497691
p3, a, b [np.float64(-0.005810227626976977), np.float64(-1.196251889534647)] 0.012673032878722904 1.3460558152533377
[  6.79697259 100.         100.         100.         100.
 100.         100.         100.         100.         100.
 100.         100.         100.         100.         100.
 100.         100.         100.         100.         100.
 100.         100.         100.         100.         100.
 100.         100.         100.         100.         100.
 100.         100.         100.         100.         100.
 100.         100.         100.         100.         100.
 100.         100.         100.         100.         100.
 100.         100.         100.         100.         100.
 100.         100.         100.         100.         100.
 100.         100.         100.         100.         100.
 100.         100.         125.31471817]
dx norm:  0.05159215056575979
alpha:  [0.03635126]
delta:  0.006500000000000034
slurmstepd: error: *** JOB 8899788 ON node1913 CANCELLED AT 2025-03-03T22:46:07 ***
