## SLURM PROLOG ###############################################################
##    Job ID : 14764222
##  Job Name : HXCO_NEB
##  Nodelist : node[1935,1944]
##      CPUs : 96
##  Mem/Node : 98304 MB
## Directory : /oscar/scratch/kbadger1/SaddleClimb/examples/HCO_to_H_CH_Co0001/fosp_searches/neb_3/restart/restart
##   Job Started : Tue Dec  9 10:06:00 PM EST 2025
###############################################################################
Traceback (most recent call last):
  File "/oscar/scratch/kbadger1/SaddleClimb/examples/HCO_to_H_CH_Co0001/fosp_searches/neb_3/restart/restart/run_neb.py", line 56, in <module>
    dyn.run(fmax=0.01)
    ~~~~~~~^^^^^^^^^^^
  File "/users/kbadger1/anaconda3/envs/ase/lib/python3.13/site-packages/ase/optimize/optimize.py", line 415, in run
  File "/users/kbadger1/anaconda3/envs/ase/lib/python3.13/site-packages/ase/optimize/optimize.py", line 284, in run
  File "/users/kbadger1/anaconda3/envs/ase/lib/python3.13/site-packages/ase/optimize/optimize.py", line 259, in irun
  File "/users/kbadger1/anaconda3/envs/ase/lib/python3.13/site-packages/ase/optimize/optimize.py", line 425, in log
  File "/users/kbadger1/anaconda3/envs/ase/lib/python3.13/site-packages/ase/mep/neb.py", line 266, in get_forces
  File "/users/kbadger1/anaconda3/envs/ase/lib/python3.13/site-packages/ase/mep/neb.py", line 730, in get_forces
  File "/users/kbadger1/anaconda3/envs/ase/lib/python3.13/site-packages/ase/mep/neb.py", line 450, in get_forces
  File "/users/kbadger1/anaconda3/envs/ase/lib/python3.13/site-packages/ase/atoms.py", line 827, in get_forces
  File "/users/kbadger1/anaconda3/envs/ase/lib/python3.13/site-packages/ase/calculators/abc.py", line 30, in get_forces
  File "/users/kbadger1/anaconda3/envs/ase/lib/python3.13/site-packages/ase/calculators/calculator.py", line 538, in get_property
  File "/users/kbadger1/anaconda3/envs/ase/lib/python3.13/site-packages/ase/calculators/genericfileio.py", line 341, in calculate
  File "/users/kbadger1/anaconda3/envs/ase/lib/python3.13/site-packages/ase/calculators/espresso.py", line 87, in execute
  File "/users/kbadger1/anaconda3/envs/ase/lib/python3.13/site-packages/ase/calculators/genericfileio.py", line 93, in run
  File "/users/kbadger1/anaconda3/envs/ase/lib/python3.13/contextlib.py", line 619, in __exit__
  File "/users/kbadger1/anaconda3/envs/ase/lib/python3.13/contextlib.py", line 604, in __exit__
PermissionError: [Errno 1] Operation not permitted
