Iteration           Energy (eV)         Fmax (eV/A)         Climbing Direction
0                   -82403.243097       0.000635            
1                   -82403.201312       1.566365            
2                   -82403.174847       1.364154            
3                   -82403.092168       1.798818            
4                   -82402.926908       2.461085            
5                   -82402.683833       2.703314            
6                   -82402.481515       3.575333            
7                   -82402.683246       1.264887            
8                   -82402.674182       1.339619            
9                   -82402.715303       1.148153            
10                  -82402.76541        1.082068            
11                  -82402.814151       1.037232            
12                  -82402.860718       0.945191            
13                  -82402.899703       0.819604            
14                  -82402.926922       0.683755            
15                  -82402.944744       0.643792            
16                  -82402.862317       2.374149            
17                  -82402.931931       0.492079            
18                  -82402.934222       0.70281             
19                  -82402.939954       0.64949             
20                  -82402.950556       0.626382            
21                  -82402.962766       0.581375            
22                  -82402.972301       0.595474            
23                  -82402.969639       0.866539            
24                  -82402.953293       1.172363            
25                  -82402.952631       1.208354            
26                  -82402.992623       0.609133            
27                  -82402.995229       0.480144            
28                  -82403.002028       0.396699            
29                  -82403.011694       0.291682            
30                  -82403.012839       0.218088            
31                  -82403.013977       0.184189            
32                  -82403.01545        0.180154            
33                  -82403.019236       0.149253            
34                  -82403.019764       0.160442            
35                  -82403.020267       0.104479            
36                  -82403.020762       0.14762             
37                  -82403.025072       0.163736            
38                  -82403.02738        0.171854            
39                  -82403.028222       0.119985            
40                  -82403.029077       0.092842            
41                  -82403.029802       0.145497            
42                  -82403.043406       0.098092            
43                  -82403.043477       0.046946            
44                  -82403.04351        0.030768            
45                  -82403.043533       0.04853             
46                  -82403.043793       0.024043            
47                  -82403.04381        0.027604            
48                  -82403.043836       0.039441            
49                  -82403.043862       0.04156             
50                  -82403.043855       0.063817            
51                  -82403.044087       0.030187            
52                  -82403.044083       0.043147            
53                  -82403.044483       0.029635            
54                  -82403.044472       0.058914            
55                  -82403.045637       0.054776            
56                  -82403.045436       0.123307            
57                  -82403.044699       0.229325            
58                  -82403.045737       0.007633            
59                  -82403.04574        0.011134            
60                  -82403.045746       0.011072            
61                  -82403.045784       0.010681            
62                  -82403.045785       0.029537            
63                  -82403.04568        0.079734            
64                  -82403.046112       0.028738            
65                  -82403.046039       0.068487            
66                  -82403.044999       0.233488            
67                  -82403.046278       0.018094            
68                  -82403.046344       0.00729             
69                  -82403.04634        0.02077             
70                  -82403.046663       0.034931            
71                  -82403.046589       0.080751            
72                  -82403.0452         0.256952            
73                  -82403.046248       0.041412            
74                  -82403.045999       0.120311            
75                  -82403.042685       0.404176            
76                  -82403.04584        0.0267              
77                  -82403.045821       0.04812             
78                  -82403.045282       0.163061            
79                  -82403.04531        0.027806            
80                  -82403.044711       0.039154            
81                  -82403.043444       0.171578            
82                  -82403.04264        0.277783            
83                  -82403.044737       0.067211            
84                  -82403.044775       0.086302            
85                  -82403.043977       0.215013            
86                  -82403.044881       0.053329            
87                  -82403.045541       0.027792            
88                  -82403.045364       0.100689            
89                  -82403.045906       0.049297            
90                  -82403.045801       0.104547            
91                  -82403.043834       0.33568             
92                  -82403.046296       0.026481            
93                  -82403.046321       0.019943            
94                  -82403.046292       0.054842            
95                  -82403.046851       0.019241            
96                  -82403.046812       0.058696            
97                  -82403.045854       0.22251             
98                  -82403.046322       0.022584            
99                  -82403.046156       0.090868            
100                 -82403.043929       0.337161            
101                 -82403.046271       0.007215            
102                 -82403.046267       0.021584            
103                 -82403.046145       0.079569            
104                 -82403.04601        0.023944            
105                 -82403.04601        0.037675            
106                 -82403.045601       0.141366            
107                 -82403.044086       0.252683            
108                 -82403.02907        0.938399            
109                 -82402.855544       2.338965            
110                 -82403.046012       0.306377            
111                 -82403.049341       0.149658            
112                 -82403.048694       0.204081            
113                 -82403.051745       0.050311            
114                 -82403.051648       0.168814            
115                 -82403.047265       0.422551            
116                 -82403.042484       0.482783            
117                 -82403.052082       0.075328            
118                 -82403.05111        0.226003            
119                 -82403.039721       0.670602            
120                 -82403.04482        0.117787            
121                 -82403.038383       0.332773            
122                 -82403.045203       0.227989            
123                 -82403.049413       0.242056            
124                 -82403.036157       0.860119            
125                 -82402.898377       2.091891            
126                 -82402.962614       1.76976             
127                 -82403.048802       0.184217            
128                 -82403.056682       0.137681            
129                 -82403.054754       0.315123            
130                 -82403.046112       0.341335            
131                 -82403.057217       0.156129            
132                 -82403.057447       0.2333              
133                 -82403.051181       0.514763            
134                 -82403.048844       0.227283            
135                 -82403.041283       0.342813            
136                 -82403.04459        0.509179            
137                 -82402.989029       1.406897            
138                 -82403.011287       1.109643            
139                 -82402.989291       1.292809            
140                 -82403.03496        0.729404            
141                 -82402.91849        1.944273            
142                 -82403.040324       0.559583            
143                 -82403.052107       0.146058            
144                 -82403.048647       0.319606            
145                 -82403.017396       1.285294            
146                 -82402.74156        2.674562            
147                 -82402.991736       1.411588            
148                 -82403.052239       0.618034            
149                 -82402.984727       1.499437            
150                 -82403.051415       0.58635             
151                 -82403.059093       0.400252            
152                 -82403.050205       0.801885            
153                 -82403.063629       0.102209            
154                 -82403.063458       0.151224            
155                 -82403.060286       0.351808            
156                 -82403.064863       0.097391            
157                 -82403.064404       0.204477            
158                 -82403.061434       0.331944            
159                 -82403.064805       0.028633            
160                 -82403.06481        0.056758            
161                 -82403.06432        0.146444            
162                 -82403.065          0.018865            
163                 -82403.065007       0.040383            
164                 -82403.064984       0.037661            
165                 -82403.064633       0.138865            
166                 -82403.060778       0.410168            
167                 -82403.065157       0.014111            
168                 -82403.065161       0.032918            
169                 -82403.065034       0.076345            
170                 -82403.065336       0.012096            
171                 -82403.065352       0.025716            
172                 -82403.06531        0.051114            
173                 -82403.065772       0.02308             
174                 -82403.065685       0.083405            
175                 -82403.064381       0.251675            
176                 -82403.056736       0.691486            
177                 -82403.066373       0.024402            
178                 -82403.066319       0.061868            
179                 -82403.066525       0.007839            
180                 -82403.06651        0.020178            
181                 -82403.06648        0.02451             
182                 -82403.066464       0.033196            
183                 -82403.066433       0.045011            
184                 -82403.066094       0.135978            
185                 -82403.066605       0.005931            
186                 -82403.066602       0.024649            
187                 -82403.066533       0.061698            
188                 -82403.066653       0.011426            
189                 -82403.066678       0.024539            
190                 -82403.066634       0.048506            
191                 -82403.066716       0.002815            
192                 -82403.066717       0.006178            
193                 -82403.066716       0.00497             
194                 -82403.066704       0.028603            
195                 -82403.066569       0.089138            
196                 -82403.066724       0.001856            
197                 -82403.066724       0.004891            
198                 -82403.06672        0.012928            
199                 -82403.066725       0.001117            
200                 -82403.066725       0.000807            
