Iteration           Energy (eV)         Fmax (eV/A)         Climbing Direction
0                   -377891.041791      0.007175            
1                   -377891.034002      0.17388             
2                   -377891.022147      0.272314            
3                   -377891.007298      0.360583            
4                   -377890.991996      0.426055            
5                   -377890.981507      0.44586             
6                   -377890.981058      0.418757            
7                   -377890.981456      0.415976            
8                   -377890.980996      0.409269            
9                   -377890.979962      0.391766            
10                  -377890.978169      0.368482            
11                  -377890.975477      0.345957            
12                  -377890.972184      0.326793            
13                  -377890.968686      0.312138            
14                  -377890.965447      0.304322            
15                  -377890.962912      0.306671            
16                  -377890.961171      0.317601            
17                  -377890.960617      0.327586            
18                  -377890.958692      0.339458            
19                  -377890.956703      0.346645            
20                  -377890.953742      0.354057            
21                  -377890.948514      0.369779            
22                  -377890.93971       0.398834            
23                  -377890.925973      0.441602            
24                  -377890.904387      0.497503            
25                  -377890.878413      0.544878            
26                  -377890.848331      0.578033            
27                  -377890.813056      0.606455            
28                  -377890.774081      0.636868            
29                  -377890.726334      0.670377            
30                  -377890.652711      0.731294            
31                  -377890.539895      0.890579            
32                  -377890.430315      0.925848            
33                  -377890.271515      1.169911            
34                  -377890.02862       1.149472            
35                  -377889.703099      1.64426             
36                  -377889.297795      1.436998            
37                  -377888.778681      1.853688            
38                  -377888.175822      1.643174            
39                  -377887.329468      2.032438            
40                  -377886.956631      3.05861             
41                  -377886.425738      2.754932            
42                  -377885.55479       2.256614            
43                  -377884.588905      1.842171            
44                  -377885.634923      4.066151            
45                  -377886.213153      2.386796            
46                  -377886.694531      2.627885            
47                  -377887.362568      1.827093            
48                  -377887.913473      1.267337            
49                  -377888.773293      1.782374            
50                  -377886.532813      7.01211             
51                  -377889.033096      2.360356            
52                  -377883.894333      21.960418           
53                  -377888.977038      2.262617            
54                  -377889.409182      1.571488            
55                  -377889.566563      0.999321            
56                  -377889.620105      0.658371            
57                  -377888.811149      1.917853            
58                  -377889.511093      0.701413            
59                  -377889.384926      0.717025            
60                  -377889.288527      0.991197            
61                  -377889.457294      0.613693            
62                  -377889.504755      0.704649            
63                  -377889.525365      0.483879            
64                  -377889.530601      0.251834            
65                  -377889.533742      0.206771            
66                  -377889.543456      0.193726            
67                  -377889.553216      0.24109             
68                  -377889.557843      0.200123            
69                  -377889.563161      0.125685            
70                  -377889.568857      0.098768            
71                  -377889.5725        0.129339            
72                  -377889.143299      2.33525             
73                  -377889.556635      0.299353            
74                  -377889.575699      0.167202            
75                  -377889.5772        0.097587            
76                  -377889.57826       0.080667            
77                  -377889.79964       1.434378            
78                  -377889.584494      0.205071            
79                  -377889.580545      0.085811            
80                  -377889.38418       1.057091            
81                  -377889.570739      0.218744            
82                  -377889.802899      0.660738            
83                  -377889.621761      0.436525            
84                  -377889.647342      1.229713            
85                  -377889.577209      0.200975            
86                  -377889.58126       0.030351            
87                  -377889.581513      0.026609            
88                  -377889.581717      0.041468            
89                  -377889.581907      0.053597            
