## SLURM PROLOG ###############################################################
##    Job ID : 8502070
##  Job Name : test
##  Nodelist : node[1905-1906]
##      CPUs : 96
##  Mem/Node : 98304 MB
## Directory : /oscar/scratch/kbadger1/SaddleClimb/examples/CH_to_C_H/fosp_search/saddleclimb
##   Job Started : Thu Feb 20 11:06:14 PM EST 2025
###############################################################################
rho is:  0.03448501454721755
[70. 70. 70. 70. 70. 70. 70. 70. 70. 70. 70. 70. 70. 70. 70. 70. 70. 70.
 70. 70. 70. 70. 70. 70. 70. 70. 70. 70. 70. 70. 70. 70. 70. 70. 70. 70.
 70. 70. 70. 70. 70. 70. 70. 70. 70. 70. 70. 70. 70. 70. 70. 70. 70. 70.
 70. 70. 70. 70. 70. 70.]
dx norm:  0.05034878350069643
alpha:  [0.03939151]
delta:  0.006500000000000001
rho is:  0.9363235145669612
[ 2.28911399 70.         70.         70.         70.         70.
 70.         70.         70.         70.         70.         70.
 70.         70.         70.         70.         70.         70.
 70.         70.         70.         70.         70.         70.
 70.         70.         70.         70.         70.         70.
 70.         70.         70.         70.         70.         70.
 70.         70.         70.         70.         70.         70.
 70.         70.         70.         70.         70.         70.
 70.         70.         70.         70.         70.         70.
 70.         70.         70.         70.         70.         70.14457069]
dx norm:  0.050348783500696506
alpha:  [0.04262096]
delta:  0.006500000000000001
rho is:  0.8971090247164942
[ 1.95256047 60.38280052 70.         70.         70.         70.
 70.         70.         70.         70.         70.         70.
 70.         70.         70.         70.         70.         70.
 70.         70.         70.         70.         70.         70.
 70.         70.         70.         70.         70.         70.
 70.         70.         70.         70.         70.         70.
 70.         70.         70.         70.         70.         70.
 70.         70.         70.         70.         70.         70.
 70.         70.         70.         70.         70.         70.
 70.         70.         70.         70.         70.001166   70.96375157]
dx norm:  0.05034878350069643
alpha:  [0.04398123]
delta:  0.006500000000000001
rho is:  0.8111203312482561
[ 1.46115312 38.65035909 70.         70.         70.         70.
 70.         70.         70.         70.         70.         70.
 70.         70.         70.         70.         70.         70.
 70.         70.         70.         70.         70.         70.
 70.         70.         70.         70.         70.         70.
 70.         70.         70.         70.         70.         70.
 70.         70.         70.         70.         70.         70.
 70.         70.         70.         70.         70.         70.
 70.         70.         70.         70.         70.         70.
 70.         70.         70.         70.00037403 70.01073265 71.89775995]
dx norm:  0.05034878350069643
alpha:  [0.04086283]
delta:  0.006500000000000001
rho is:  0.34488307367932086
[ 1.04024154 14.02353811 69.99735278 70.         70.         70.
 70.         70.         70.         70.         70.         70.
 70.         70.         70.         70.         70.         70.
 70.         70.         70.         70.         70.         70.
 70.         70.         70.         70.         70.         70.
 70.         70.         70.         70.         70.         70.
 70.         70.         70.         70.         70.         70.
 70.         70.         70.         70.         70.         70.
 70.         70.         70.         70.         70.         70.
 70.         70.         70.         70.00056693 70.00499811 71.17425837]
dx norm:  0.05034878350069643
alpha:  [0.03854189]
delta:  0.006500000000000001
rho is:  0.6096288366343995
[ 1.01992894  6.50708393 68.19908255 70.         70.         70.
 70.         70.         70.         70.         70.         70.
 70.         70.         70.         70.         70.         70.
 70.         70.         70.         70.         70.         70.
 70.         70.         70.         70.         70.         70.
 70.         70.         70.         70.         70.         70.
 70.         70.         70.         70.         70.         70.
 70.         70.         70.         70.         70.         70.
 70.         70.         70.         70.         70.         70.
 70.         70.         70.00023471 70.00069281 70.01097263 70.49916118]
dx norm:  0.05034878350069642
alpha:  [0.03987672]
delta:  0.006500000000000001
rho is:  0.9109814210039141
[ 1.05441132  5.64967675 61.63623067 70.         70.         70.
 70.         70.         70.         70.         70.         70.
 70.         70.         70.         70.         70.         70.
 70.         70.         70.         70.         70.         70.
 70.         70.         70.         70.         70.         70.
 70.         70.         70.         70.         70.         70.
 70.         70.         70.         70.         70.         70.
 70.         70.         70.         70.         70.         70.
 70.         70.         70.         70.         70.         70.
 70.         70.00014097 70.00068019 70.00837689 70.11799997 73.70127911]
dx norm:  0.05034878350069654
alpha:  [0.04253211]
delta:  0.006500000000000001
rho is:  0.9472288348869454
[ 0.94473699  5.5306107  55.75993039 70.         70.         70.
 70.         70.         70.         70.         70.         70.
 70.         70.         70.         70.         70.         70.
 70.         70.         70.         70.         70.         70.
 70.         70.         70.         70.         70.         70.
 70.         70.         70.         70.         70.         70.
 70.         70.         70.         70.         70.         70.
 70.         70.         70.         70.         70.         70.
 70.         70.         70.         70.         70.         70.
 70.00011374 70.00039116 70.00742612 70.01861034 70.32522714 73.31597064]
dx norm:  0.05034878350069643
alpha:  [0.04529052]
delta:  0.006500000000000001
rho is:  0.9511344801271897
[ 0.88332164  5.51643014 47.00005468 69.75611016 70.         70.
 70.         70.         70.         70.         70.         70.
 70.         70.         70.         70.         70.         70.
 70.         70.         70.         70.         70.         70.
 70.         70.         70.         70.         70.         70.
 70.         70.         70.         70.         70.         70.
 70.         70.         70.         70.         70.         70.
 70.         70.         70.         70.         70.         70.
 70.         70.         70.         70.         70.         70.
 70.00011959 70.00031501 70.00384653 70.00947852 70.50518698 71.1265272 ]
dx norm:  0.05034878350069689
alpha:  [0.04580421]
delta:  0.006500000000000001
rho is:  0.9320745203954365
[ 0.86882256  5.21546962 32.26527343 67.09654298 70.         70.
 70.         70.         70.         70.         70.         70.
 70.         70.         70.         70.         70.         70.
 70.         70.         70.         70.         70.         70.
 70.         70.         70.         70.         70.         70.
 70.         70.         70.         70.         70.         70.
 70.         70.         70.         70.         70.         70.
 70.         70.         70.         70.         70.         70.
 70.         70.         70.         70.         70.         70.00008899
 70.00023647 70.00384189 70.00811729 70.01855533 70.35761358 71.35321164]
dx norm:  0.05034878350069659
alpha:  [0.04488653]
delta:  0.006500000000000001
rho is:  0.9139206090358875
[ 0.83012223  4.97232428 17.97837798 62.76201097 70.         70.
 70.         70.         70.         70.         70.         70.
 70.         70.         70.         70.         70.         70.
 70.         70.         70.         70.         70.         70.
 70.         70.         70.         70.         70.         70.
 70.         70.         70.         70.         70.         70.
 70.         70.         70.         70.         70.         70.
 70.         70.         70.         70.         70.         70.
 70.         70.         70.         70.         70.00006993 70.00022197
 70.00383288 70.00616736 70.01027525 70.03172264 70.28054042 72.35567386]
dx norm:  0.050348783500696416
alpha:  [0.0428122]
delta:  0.006500000000000001
rho is:  0.9031003441683875
[ 0.8684331   4.53052004  9.93317999 58.45755509 69.97362131 70.
 70.         70.         70.         70.         70.         70.
 70.         70.         70.         70.         70.         70.
 70.         70.         70.         70.         70.         70.
 70.         70.         70.         70.         70.         70.
 70.         70.         70.         70.         70.         70.
 70.         70.         70.         70.         70.         70.
 70.         70.         70.         70.         70.         70.
 70.         70.         70.         70.         70.00007504 70.00021881
 70.00056962 70.00423807 70.01056352 70.01827812 70.46389694 72.76116964]
dx norm:  0.05034878350069644
alpha:  [0.04076351]
delta:  0.006500000000000001
rho is:  0.8563686595796963
[ 0.89906236  3.53868452  7.4531107  50.80034545 69.26846805 70.
 70.         70.         70.         70.         70.         70.
 70.         70.         70.         70.         70.         70.
 70.         70.         70.         70.         70.         70.
 70.         70.         70.         70.         70.         70.
 70.         70.         70.         70.         70.         70.
 70.         70.         70.         70.         70.         70.
 70.         70.         70.         70.         70.         70.
 70.         70.         70.         70.00006523 70.00014649 70.00022201
 70.0042113  70.00566191 70.00949555 70.01906273 70.46933008 71.49669462]
dx norm:  0.050348783500696485
alpha:  [0.03876102]
delta:  0.006500000000000001
rho is:  0.5574827156510056
[ 0.79986219  2.46665945  6.92438342 34.61923069 66.41457435 70.
 70.         70.         70.         70.         70.         70.
 70.         70.         70.         70.         70.         70.
 70.         70.         70.         70.         70.         70.
 70.         70.         70.         70.         70.         70.
 70.         70.         70.         70.         70.         70.
 70.         70.         70.         70.         70.         70.
 70.         70.         70.         70.         70.         70.
 70.         70.         70.00005699 70.00012174 70.00016759 70.00068217
 70.00419498 70.00794105 70.01580656 70.01860126 70.24839418 71.77939018]
dx norm:  0.050348783500696416
alpha:  [0.03780425]
delta:  0.006500000000000001
rho is:  0.9813845638177338
[ 0.64911414  1.66744654  6.87113158 18.15169768 62.40537855 69.98855488
 70.         70.         70.         70.         70.         70.
 70.         70.         70.         70.         70.         70.
 70.         70.         70.         70.         70.         70.
 70.         70.         70.         70.         70.         70.
 70.         70.         70.         70.         70.         70.
 70.         70.         70.         70.         70.         70.
 70.         70.         70.         70.         70.         70.
 70.         70.         70.00007334 70.00007404 70.00013627 70.00045199
 70.00297827 70.00433935 70.01088607 70.01853897 70.30696509 71.59668464]
dx norm:  0.05790110102580093
alpha:  [0.04198218]
delta:  0.007474999999999998
rho is:  1.0021183339065327
[ 0.67030702  1.80408391  7.40570612 14.21130888 60.64724892 69.90351266
 70.         70.         70.         70.         70.         70.
 70.         70.         70.         70.         70.         70.
 70.         70.         70.         70.         70.         70.
 70.         70.         70.         70.         70.         70.
 70.         70.         70.         70.         70.         70.
 70.         70.         70.         70.         70.         70.
 70.         70.         70.         70.         70.         70.
 70.         70.00006041 70.00007318 70.00013348 70.000426   70.00216593
 70.00297765 70.00626281 70.0155928  70.02240243 70.1614257  75.87408293]
dx norm:  0.06658626617967105
alpha:  [0.04702695]
delta:  0.008596250000000005
rho is:  0.9834284270253649
[ 0.72521235  1.67245655  7.43965217 14.77159391 59.61838856 69.97000421
 70.         70.         70.         70.         70.         70.
 70.         70.         70.         70.         70.         70.
 70.         70.         70.         70.         70.         70.
 70.         70.         70.         70.         70.         70.
 70.         70.         70.         70.         70.         70.
 70.         70.         70.         70.         70.         70.
 70.         70.         70.         70.         70.         70.
 70.00005344 70.000057   70.00013129 70.00030495 70.00083338 70.00283872
 70.00564269 70.00702885 70.01807576 70.05245327 70.84369955 74.95057022]
dx norm:  0.07657420610662173
alpha:  [0.05595454]
delta:  0.009885687500000004
rho is:  0.9790524236316014
[ 0.63031217  1.60571162  7.4181259  15.42445208 61.49445396 69.86179904
 69.99631063 70.         70.         70.         70.         70.
 70.         70.         70.         70.         70.         70.
 70.         70.         70.         70.         70.         70.
 70.         70.         70.         70.         70.         70.
 70.         70.         70.         70.         70.         70.
 70.         70.         70.         70.         70.         70.
 70.         70.         70.         70.         70.         70.
 70.00005319 70.00006641 70.00013211 70.0003264  70.00042983 70.00268842
 70.00360689 70.00667792 70.0097911  70.02075563 71.45764877 74.91716332]
dx norm:  0.08806033702261495
alpha:  [0.07766246]
delta:  0.011368540625000008
rho is:  0.980322463004379
[ 0.56724086  1.46813906  7.46849581 15.29079736 61.69478421 68.55499838
 69.98384318 70.         70.         70.         70.         70.
 70.         70.         70.         70.         70.         70.
 70.         70.         70.         70.         70.         70.
 70.         70.         70.         70.         70.         70.
 70.         70.         70.         70.         70.         70.
 70.         70.         70.         70.         70.         70.
 70.         70.         70.         70.         70.         70.00004356
 70.00005356 70.00012525 70.0002379  70.00038536 70.00089828 70.00306143
 70.00486382 70.00640977 70.01089459 70.02071647 71.02182057 74.92626329]
dx norm:  0.10126938757600719
alpha:  [0.0885238]
delta:  0.013073821718750003
rho is:  0.9783058034810702
[ 0.5535785   1.36236822  7.5179704  14.67433745 58.87550879 65.55117077
 69.97612988 70.         70.         70.         70.         70.
 70.         70.         70.         70.         70.         70.
 70.         70.         70.         70.         70.         70.
 70.         70.         70.         70.         70.         70.
 70.         70.         70.         70.         70.         70.
 70.         70.         70.         70.         70.         70.
 70.         70.         70.         70.         70.00003912 70.00005224
 70.00010506 70.00014962 70.00036145 70.00046142 70.00148575 70.00326161
 70.0057202  70.00941598 70.01071572 70.02026399 70.62556987 75.39233234]
dx norm:  0.10898160495027735
alpha:  0.1
delta:  0.015034894976562505
rho is:  0.9827937259067975
[ 0.54695413  1.33760396  7.24156814 14.22481753 53.04820258 64.17087978
 69.93139366 70.         70.         70.         70.         70.
 70.         70.         70.         70.         70.         70.
 70.         70.         70.         70.         70.         70.
 70.         70.         70.         70.         70.         70.
 70.         70.         70.         70.         70.         70.
 70.         70.         70.         70.         70.         70.
 70.         70.         70.         70.00000389 70.00004027 70.0000914
 70.00013824 70.00016754 70.00037616 70.00056832 70.00199286 70.00271849
 70.0039802  70.00588952 70.01071559 70.02111677 70.35606016 75.0117916 ]
dx norm:  0.1161421698803863
alpha:  0.1
delta:  0.016179884405589564
rho is:  0.9892160938510167
[ 0.5445384   1.28536744  7.46049528 13.91042626 46.17510868 62.29614833
 69.60821586 69.98765265 70.         70.         70.         70.
 70.         70.         70.         70.         70.         70.
 70.         70.         70.         70.         70.         70.
 70.         70.         70.         70.         70.         70.
 70.         70.         70.         70.         70.         70.
 70.         70.         70.         70.         70.         70.
 70.         70.         70.         70.00002397 70.00005218 70.00006815
 70.00012575 70.00015254 70.00020848 70.00062388 70.00096035 70.00370722
 70.00431676 70.00781115 70.01907258 70.02305729 70.13967169 75.8706815 ]
dx norm:  0.12476302999526744
alpha:  0.1
delta:  0.0172429731066666
rho is:  0.9844608527384703
[ 0.57156259  1.31941913  7.73775781 13.54402025 36.8319728  60.62663125
 69.00641471 69.9856174  70.         70.         70.         70.
 70.         70.         70.         70.         70.         70.
 70.         70.         70.         70.         70.         70.
 70.         70.         70.         70.         70.         70.
 70.         70.         70.         70.         70.         70.
 70.         70.         70.         70.         70.         70.
 70.         70.         70.00002089 70.0000354  70.00005878 70.00007629
 70.00014445 70.00017287 70.00041658 70.00090032 70.00181354 70.00423166
 70.00650488 70.00854496 70.01826074 70.03933469 70.2078715  80.9359006 ]
dx norm:  0.12224650376401741
alpha:  0.1
delta:  0.018522863600105143
rho is:  0.9963531123913368
[ 0.56671492  1.28625686  8.68884679 13.21840265 29.79446017 59.43520062
 68.64290302 69.97970444 70.         70.         70.         70.
 70.         70.         70.         70.         70.         70.
 70.         70.         70.         70.         70.         70.
 70.         70.         70.         70.         70.         70.
 70.         70.         70.         70.         70.         70.
 70.         70.         70.         70.         70.         70.
 70.         70.00001806 70.00003132 70.00005568 70.00007543 70.00012901
 70.0001629  70.00040849 70.00075058 70.00084537 70.00175309 70.00441177
 70.00782289 70.00813417 70.01637904 70.07264746 70.45069947 83.68624325]
dx norm:  0.12516934311591724
alpha:  0.1
delta:  0.018522863600105143
rho is:  0.990325552913936
[ 0.58175482  1.37761126  9.12332786 12.91354782 24.79106639 57.02338521
 68.29636607 69.9103771  69.99639768 70.         70.         70.
 70.         70.         70.         70.         70.         70.
 70.         70.         70.         70.         70.         70.
 70.         70.         70.         70.         70.         70.
 70.         70.         70.         70.         70.         70.
 70.         70.         70.         70.         70.         70.
 70.         70.00001866 70.00003484 70.00004547 70.00007473 70.00011276
 70.00014282 70.000317   70.00042521 70.00098881 70.0023602  70.00470938
 70.00659242 70.0091335  70.01468636 70.09697431 70.33597108 90.8477341 ]
dx norm:  0.1277798226871498
alpha:  0.1
delta:  0.018583186618173993
rho is:  0.9826156892389407
[ 0.59754033  1.30443834  9.37273827 12.83787376 23.38404617 54.95576212
 67.20240467 69.54600528 69.99046167 70.         70.         70.
 70.         70.         70.         70.         70.         70.
 70.         70.         70.         70.         70.         70.
 70.         70.         70.         70.         70.         70.
 70.         70.         70.         70.         70.         70.
 70.         70.         70.         70.         70.         70.
 70.00001832 70.0000333  70.00004315 70.00006917 70.00008148 70.00012998
 70.00030609 70.00040583 70.00081117 70.00143644 70.00310205 70.00440307
 70.00626014 70.00942125 70.01534847 70.08298654 70.46786761 89.8914363 ]
dx norm:  0.10538033140462116
alpha:  0.1
delta:  0.018970749801198932
rho is:  0.9767910973937763
[ 0.55188414  1.25014     9.59047869 12.86747757 22.80997841 49.16234703
 63.00898407 68.85148311 69.97731231 69.99999184 70.         70.
 70.         70.         70.         70.         70.         70.
 70.         70.         70.         70.         70.         70.
 70.         70.         70.         70.         70.         70.
 70.         70.         70.         70.         70.         70.
 70.         70.         70.         70.         70.         70.
 70.00002001 70.00003656 70.00005567 70.0000693  70.00008551 70.00012262
 70.00023822 70.00043181 70.00076539 70.00179443 70.00300082 70.00619764
 70.00750751 70.0106703  70.01573213 70.1338572  70.18178623 91.30323607]
dx norm:  0.10989068482796634
alpha:  0.1
delta:  0.018970749801198932
rho is:  0.9739600488483537
[ 0.55301397  1.20863626  9.54575541 12.84928221 21.70935782 33.93730834
 60.27058993 68.52375532 69.9657114  69.99827511 70.         70.
 70.         70.         70.         70.         70.         70.
 70.         70.         70.         70.         70.         70.
 70.         70.         70.         70.         70.         70.
 70.         70.         70.         70.         70.         70.
 70.         70.         70.         70.         70.         70.00001705
 70.00002677 70.00004133 70.00005235 70.00006976 70.00009073 70.00015416
 70.00029679 70.00063296 70.0015659  70.00221991 70.00520344 70.00625905
 70.00866437 70.0126562  70.01423901 70.13418134 70.41863362 90.18365161]
dx norm:  0.11530149885550572
alpha:  0.1
delta:  0.018970749801198932
rho is:  0.9782523630402125
[ 0.55819533  1.25078529  9.61051445 12.52500545 17.62081484 26.51513409
 59.03065121 68.34072818 69.94222783 69.99381876 70.         70.
 70.         70.         70.         70.         70.         70.
 70.         70.         70.         70.         70.         70.
 70.         70.         70.         70.         70.         70.
 70.         70.         70.         70.         70.         70.
 70.         70.         70.         70.         70.00001657 70.00002562
 70.00004039 70.00004809 70.00005607 70.00008746 70.00011709 70.00021256
 70.00035851 70.00109349 70.00169095 70.00226722 70.00547365 70.00765837
 70.0083442  70.01170018 70.02098513 70.12815247 70.792886   90.82699807]
dx norm:  0.14694679609022226
alpha:  [0.05566444]
delta:  0.018970749801198932
rho is:  1.1733119659466127
[ 0.56458829  1.3931784   9.46131181 10.33185289 14.35163659 26.4057055
 57.5479201  67.90236642 69.76951832 69.98697214 70.         70.
 70.         70.         70.         70.         70.         70.
 70.         70.         70.         70.         70.         70.
 70.         70.         70.         70.         70.         70.
 70.         70.         70.         70.         70.         70.
 70.         70.         70.         70.00001319 70.00001985 70.00003209
 70.00004549 70.00005111 70.00006833 70.0000798  70.00013789 70.00025876
 70.00035758 70.00101579 70.00186347 70.00265555 70.00545463 70.00760692
 70.00827807 70.0174545  70.02299978 70.14295437 70.59290283 90.747701  ]
dx norm:  0.12575615725378214
alpha:  0.1
delta:  0.018970749801198932
rho is:  0.9341221897081733
[  0.56512949   1.345754     7.26716788  11.65045736  14.3537416
  26.44385909  58.23843715  67.8640831   69.74626628  69.98855534
  70.          70.          70.          70.          70.
  70.          70.          70.          70.          70.
  70.          70.          70.          70.          70.
  70.          70.          70.          70.          70.
  70.          70.          70.          70.          70.
  70.          70.          70.          70.0000121   70.00001875
  70.00002827  70.00004126  70.00005092  70.00006349  70.00007302
  70.0001325   70.00021399  70.00033258  70.00100034  70.00181448
  70.00204531  70.00431317  70.00546528  70.007607    70.00853409
  70.01965542  70.0254681   70.33566084  71.04171016 104.89105394]
dx norm:  0.12254411805615832
alpha:  0.1
delta:  0.018970749801198932
rho is:  0.9907752297605458
[ 0.56491502  1.45339118  7.43954195 10.67954324 14.26562235 26.6121975
 58.48673219 67.01199739 69.0665496  69.93099098 69.98972714 70.
 70.         70.         70.         70.         70.         70.
 70.         70.         70.         70.         70.         70.
 70.         70.         70.         70.         70.         70.
 70.         70.         70.         70.         70.         70.
 70.         70.         70.00001356 70.00002087 70.00002864 70.00004125
 70.0000502  70.00006423 70.00008032 70.00014261 70.00025764 70.00045663
 70.00077733 70.0014943  70.00227885 70.00242631 70.00538113 70.00662449
 70.0086995  70.01172738 70.02279667 70.0355143  71.599203   91.50130006]
dx norm:  0.11471406716970449
alpha:  0.1
delta:  0.018970749801198932
rho is:  0.9693737881222764
[  0.56421761   1.15254924   8.42559618  10.18169866  14.79762294
  26.62613991  58.47600815  63.72994941  68.87821716  69.90213425
  69.98927507  70.          70.          70.          70.
  70.          70.          70.          70.          70.
  70.          70.          70.          70.          70.
  70.          70.          70.          70.          70.
  70.          70.          70.          70.          70.
  70.          70.          70.00001239  70.00002032  70.00002853
  70.00003416  70.00004214  70.00005731  70.00007852  70.00012591
  70.0002062   70.00036231  70.00052254  70.00096112  70.00164571
  70.00241376  70.00347576  70.0054113   70.00757111  70.01138865
  70.0128074   70.032156    70.0459778   71.44174148 103.304285  ]
dx norm:  0.1469467960902223
alpha:  [0.07652507]
delta:  0.018970749801198932
rho is:  0.9101601171924176
[ 0.55865009  1.10256364  7.07173642  8.71953276 14.78304228 27.21259105
 57.2870877  59.48196754 68.96235521 69.879847   69.99282508 70.
 70.         70.         70.         70.         70.         70.
 70.         70.         70.         70.         70.         70.
 70.         70.         70.         70.         70.         70.
 70.         70.         70.         70.         70.         70.
 70.00001083 70.00001902 70.00002763 70.00003414 70.00003949 70.00004274
 70.0000592  70.0000757  70.00013238 70.00028166 70.00042174 70.00094351
 70.00129852 70.00218244 70.0024165  70.00495903 70.00615672 70.00941719
 70.01248275 70.02422557 70.03799433 70.11451665 71.05306859 99.92191954]
dx norm:  0.1469467960902223
alpha:  [0.09398045]
delta:  0.018970749801198932
rho is:  0.5909924005448963
[  0.55855671   1.04540786   6.5981447    8.71743997  14.82255034
  27.18703625  56.35909407  59.72635583  68.94066234  69.8829108
  69.99278343  70.          70.          70.          70.
  70.          70.          70.          70.          70.
  70.          70.          70.          70.          70.
  70.          70.          70.          70.          70.
  70.          70.          70.          70.          70.
  70.00001015  70.00001677  70.00002272  70.00003255  70.00003584
  70.0000404   70.00004855  70.00007484  70.00012767  70.00027192
  70.00040949  70.00070693  70.00108698  70.00157917  70.00217471
  70.00312623  70.00493804  70.00696254  70.00958843  70.01274451
  70.02692702  70.04814012  70.1199881   71.42430417 111.44841231]
dx norm:  0.14524531027630752
alpha:  0.1
delta:  0.018970749801198932
rho is:  1.8030142040682
[  0.55758174   1.21747279   3.07986972   8.87995213  15.24513574
  27.62192687  54.87832812  59.10693153  69.53466456  69.8828505
  69.99296799  69.99889051  70.          70.          70.
  70.          70.          70.          70.          70.
  70.          70.          70.          70.          70.
  70.          70.          70.          70.          70.
  70.          70.          70.          70.          70.
  70.00000926  70.00001288  70.00002325  70.00003106  70.00003632
  70.00003967  70.00005568  70.00007729  70.00011062  70.00013468
  70.00031258  70.00047225  70.00105     70.00148169  70.00218645
  70.00449426  70.00532871  70.00609906  70.01126374  70.0251496
  70.04290531  70.11229938  70.36694806  71.7156155  106.5995852 ]
dx norm:  0.1331593320850913
alpha:  0.1
delta:  0.018970749801198932
rho is:  0.6161059989906486
[ 0.55454589  1.19484726  1.83831804  8.41187672 14.60026327 27.46932194
 49.7816376  59.26146194 69.68383846 69.81758687 69.90264986 69.99340203
 70.         70.         70.         70.         70.         70.
 70.         70.         70.         70.         70.         70.
 70.         70.         70.         70.         70.         70.
 70.         70.         70.         70.         70.00000778 70.00001287
 70.00002084 70.00002751 70.00003443 70.00003744 70.00005001 70.00006958
 70.00009728 70.00012385 70.00027813 70.00045027 70.00062508 70.00118584
 70.00173893 70.00230901 70.00243121 70.00509588 70.00616117 70.01268319
 70.02368086 70.05185737 70.1202042  70.49225554 72.37313122 94.26443834]
dx norm:  0.1287950403591913
alpha:  0.1
delta:  0.018970749801198932
rho is:  1.1056273332557833
[ -0.47023419   0.56132319   2.43671775   6.52944863  13.12840897
  26.44921788  39.70838688  58.87974184  62.63324789  69.72980727
  69.88588556  69.99363292  70.          70.          70.
  70.          70.          70.          70.          70.
  70.          70.          70.          70.          70.
  70.          70.          70.          70.          70.
  70.          70.          70.          70.0000073   70.00001262
  70.00001631  70.00002299  70.00003268  70.00003564  70.00004838
  70.00005698  70.00008508  70.00009649  70.000142    70.00027597
  70.00047432  70.0008151   70.0014684   70.00169344  70.00236713
  70.00432976  70.00584479  70.00645799  70.01546777  70.02960982
  70.05156405  70.07647543  70.13270535  71.91058828 104.55326493]
dx norm:  0.1296413383900745
alpha:  0.1
delta:  0.018970749801198932
rho is:  13.581159816107103
[ -0.46365282   0.5593386    2.50745009   5.32863697  12.37720054
  24.29360431  32.36470726  58.45197307  60.8896852   69.73246953
  69.88593743  69.99434514  70.          70.          70.
  70.          70.          70.          70.          70.
  70.          70.          70.          70.          70.
  70.          70.          70.          70.          70.
  70.          70.          70.00000644  70.00001085  70.00001461
  70.00002207  70.00003183  70.00003289  70.00004344  70.00005497
  70.00008438  70.00009504  70.00012268  70.00017899  70.00046269
  70.00079016  70.00084643  70.00154474  70.00236595  70.00391005
  70.00452256  70.00592501  70.01192681  70.01500955  70.02838876
  70.05850922  70.12828533  70.18969196  72.17406135 116.48854923]
dx norm:  0.08426686995354844
alpha:  [0.07813032]
delta:  0.010878806132237307
rho is:  0.8975537166143476
[  0.40253051   0.55896699   2.7401234    6.28595591  12.10807692
  23.49734345  31.40695353  58.12720527  60.80984894  69.73251802
  69.89798445  69.99445747  70.          70.          70.
  70.          70.          70.          70.          70.
  70.          70.          70.          70.          70.
  70.          70.          70.          70.          70.
  70.          70.00000407  70.0000106   70.00001428  70.00001652
  70.00002346  70.00003198  70.00003771  70.00004512  70.00005596
  70.00008578  70.00010237  70.00012629  70.00039958  70.00055708
  70.00083529  70.00143942  70.00234662  70.00297033  70.00450084
  70.00493724  70.00577073  70.01273827  70.02355524  70.0372239
  70.07126085  70.14023588  70.28905495  73.027708   138.10854788]
dx norm:  0.08426686995354847
alpha:  [0.04463265]
delta:  0.010878806132237307
rho is:  0.3009158168518539
[-62.72161886   0.55841212   0.88749689   3.20839138   9.00274002
  13.0047088   26.52543213  32.83988612  58.6271133   62.49365146
  69.74525441  69.90092773  69.99563797  70.          70.
  70.          70.          70.          70.          70.
  70.          70.          70.          70.          70.
  70.          70.          70.          70.          70.
  70.          70.0000042   70.00001056  70.000014    70.00001437
  70.00001947  70.00002508  70.00003623  70.00003877  70.00004749
  70.00007647  70.00009231  70.00012601  70.00038936  70.00047048
  70.00073783  70.0011126   70.00151386  70.00271113  70.00314409
  70.0045737   70.00528926  70.00632791  70.01401038  70.03322682
  70.03791538  70.09150068  70.33980975  70.82593401  75.8636233 ]
dx norm:  0.07788601930775033
alpha:  0.1
delta:  0.010878806132237307
rho is:  1.0585176569842714
[-4.59596694  0.55973356  3.04827859  6.29123279 12.98758767 25.91858819
 30.00696068 35.88309221 60.44679055 64.41833362 69.74518056 69.90157346
 69.99724138 70.         70.         70.         70.         70.
 70.         70.         70.         70.         70.         70.
 70.         70.         70.         70.         70.         70.
 70.00000199 70.00000733 70.00001294 70.00001417 70.00001694 70.00002508
 70.00003348 70.00003816 70.0000454  70.00007635 70.0000826  70.00012426
 70.00015469 70.00047033 70.00061343 70.00110714 70.00139984 70.00264253
 70.00314265 70.00394545 70.00479093 70.00611278 70.01396782 70.01736194
 70.03780886 70.08319536 70.26888984 70.34171708 71.05598099 75.83807799]
dx norm:  0.08426686995354847
alpha:  [0.05414112]
delta:  0.010878806132237307
rho is:  0.9618649051018016
[-4.61876798  0.55709238  2.4299102   7.87443668 13.16207012 16.86026124
 28.70990338 42.13360389 60.47056608 64.65013426 69.77640824 69.90270244
 69.99730435 70.         70.         70.         70.         70.
 70.         70.         70.         70.         70.         70.
 70.         70.         70.         70.         70.         70.00000086
 70.00000686 70.00000733 70.00001365 70.00001673 70.00001703 70.00002519
 70.00003611 70.0000452  70.0000693  70.00008235 70.00012252 70.00015352
 70.0003573  70.00049089 70.00070623 70.00110117 70.00183606 70.00306802
 70.00381375 70.00438545 70.00533654 70.00962515 70.01429453 70.01593658
 70.06623879 70.08377478 70.33780567 70.37479905 73.95418561 75.64501015]
dx norm:  0.08426686995354836
alpha:  [0.09739714]
delta:  0.010878806132237307
rho is:  1.0312317690183161
[-4.59395481  0.5576389   2.47045652  6.24429568 14.97512746 16.89777
 28.70708601 42.1953329  62.60285544 64.87791962 69.82651628 69.92142869
 69.99728922 70.         70.         70.         70.         70.
 70.         70.         70.         70.         70.         70.
 70.         70.         70.         70.         70.00000085 70.00000678
 70.00000728 70.00000884 70.000016   70.00001674 70.00002497 70.00002739
 70.00004215 70.00006924 70.00007667 70.00010475 70.00014617 70.00033955
 70.00038872 70.0006255  70.00087437 70.00113281 70.00184972 70.00368171
 70.00426903 70.00464074 70.00615095 70.01065205 70.01392102 70.04705929
 70.06867065 70.16714226 70.31814376 71.32802794 72.65470136 77.08875282]
dx norm:  0.09690690044658094
alpha:  [0.099504]
delta:  0.012510627052072893
rho is:  1.0179926535308117
[-4.35466371  0.5595321   2.32640135  5.41188158 14.05108185 16.5834803
 28.57401937 43.94828236 58.78312769 63.33350529 69.42321551 69.86056854
 69.92247891 69.99770674 70.         70.         70.         70.
 70.         70.         70.         70.         70.         70.
 70.         70.         70.         70.         70.00000061 70.00000217
 70.00000686 70.00000737 70.00000921 70.00001629 70.00001837 70.00002626
 70.00004058 70.00004879 70.00007004 70.00008705 70.00010667 70.00022497
 70.00038639 70.00045757 70.00087172 70.00090799 70.00177285 70.00200938
 70.00375738 70.00434316 70.00560178 70.00635482 70.01588659 70.01900568
 70.06574112 70.10746324 70.27746903 70.52297219 72.70956043 76.85885124]
dx norm:  0.09643628484393042
alpha:  0.1
delta:  0.014387221109883875
rho is:  1.0182845054731793
[-3.85215049  0.56102911  2.12303352  4.56968325 13.87130139 16.61000934
 28.59020383 43.74771005 53.42136517 63.40462674 68.35985888 69.84091917
 69.92258885 69.99766955 70.         70.         70.         70.
 70.         70.         70.         70.         70.         70.
 70.         70.         70.         70.00000055 70.00000161 70.0000032
 70.00000717 70.00000918 70.0000108  70.00001633 70.00002018 70.00002766
 70.00004259 70.00005198 70.0000722  70.00009353 70.00016286 70.00026698
 70.00043937 70.00050101 70.00087279 70.00100667 70.00188974 70.00270772
 70.00380022 70.00469945 70.00591599 70.00691224 70.01473651 70.02307693
 70.07069521 70.13985627 70.2364546  70.44863453 71.99552472 76.869574  ]
dx norm:  0.11144293551356808
alpha:  [0.06598809]
delta:  0.014387221109883875
rho is:  1.024258183597246
[-3.62738058  0.56283001  2.04299306  4.04650837 13.96454934 16.59916734
 28.62691098 43.48078763 49.75494594 63.20182764 66.6379129  69.8302296
 69.92579242 69.99759199 70.         70.         70.         70.
 70.         70.         70.         70.         70.         70.
 70.         70.         70.00000053 70.00000145 70.0000029  70.00000394
 70.000009   70.00000956 70.00001546 70.00001806 70.00002374 70.00003625
 70.0000428  70.00006267 70.00007476 70.00009748 70.00016844 70.0004091
 70.00047978 70.0005174  70.00089208 70.00090463 70.00185681 70.00273643
 70.0044333  70.00477646 70.00636674 70.00942634 70.01266726 70.03521851
 70.05902254 70.07578058 70.20945448 70.41759431 71.5180655  76.76924045]
dx norm:  0.10572840095912894
alpha:  0.1
delta:  0.016545304276366454
rho is:  1.0205003066793525
[-3.77773433  0.5615638   2.00190779  4.29727368 13.89953694 16.56691772
 28.61847118 41.9899602  48.32033478 61.28885716 65.28219998 69.82464361
 69.86573822 69.95039844 69.99876437 70.         70.         70.
 70.         70.         70.         70.         70.         70.
 70.         70.         70.00000052 70.00000127 70.00000285 70.00000339
 70.0000062  70.00000936 70.00001515 70.00001672 70.00002011 70.0000244
 70.00004106 70.00005883 70.00007595 70.00009459 70.00010389 70.00020677
 70.00043125 70.00052158 70.00069157 70.00089657 70.00152539 70.00254365
 70.00449737 70.00486448 70.00622446 70.00795076 70.01400205 70.01632678
 70.04916295 70.08582185 70.22584039 70.42476555 71.31612779 76.67157509]
dx norm:  0.09713045813781476
alpha:  0.1
delta:  0.016545304276366454
rho is:  1.0059115452248055
[-3.24851898  0.56214126  1.83825423  4.24773136 13.86307449 16.1961282
 28.56869103 38.9475869  47.48336939 57.05433892 65.0557533  69.62320059
 69.83228049 69.94824148 69.99890597 70.         70.         70.
 70.         70.         70.         70.         70.         70.
 70.         70.00000046 70.00000125 70.00000281 70.00000298 70.0000052
 70.00000921 70.00001292 70.00001643 70.00001968 70.00002072 70.00002573
 70.0000413  70.00006156 70.00007702 70.00010112 70.00013864 70.00025204
 70.00044244 70.00057815 70.00067908 70.00092747 70.00148514 70.00286105
 70.00448634 70.00497509 70.0063035  70.00812339 70.01376252 70.01691821
 70.04979998 70.07946112 70.22432698 70.42480894 70.96218979 76.63755765]
dx norm:  0.1281593758406032
alpha:  [0.03596715]
delta:  0.016545304276366454
rho is:  1.6454299014439837
[-3.33700175  0.56240122  2.09510262  4.21290278 13.82128197 16.03304121
 28.50541249 36.36325278 46.35557399 56.12824209 64.93288557 69.46859754
 69.83121169 69.95045699 69.99910833 69.99993951 70.         70.
 70.         70.         70.         70.         70.         70.
 70.         70.00000041 70.00000125 70.00000224 70.00000284 70.00000571
 70.00000613 70.00000924 70.00001528 70.00001973 70.00002159 70.00003658
 70.00004382 70.0000606  70.00007877 70.00009908 70.00011791 70.0004287
 70.00044849 70.00066644 70.00081875 70.00097074 70.00204041 70.0029629
 70.00471167 70.00512499 70.00630192 70.00938083 70.01445405 70.01712828
 70.05367289 70.07869718 70.22981222 70.42482156 71.17230127 76.66474438]
dx norm:  0.10628786385014403
alpha:  0.1
delta:  0.016545304276366454
rho is:  0.9834228296014956
[-4.042673    0.56187535  2.09424546  4.20198568 13.27248431 15.28303316
 28.43585047 33.82594123 46.28381743 55.94472574 64.82535985 69.38777932
 69.82632495 69.95043626 69.99720684 69.9995007  69.99994109 70.
 70.         70.         70.         70.         70.         70.
 70.         70.0000004  70.00000104 70.00000192 70.0000028  70.00000379
 70.00000611 70.00000862 70.00001104 70.00001648 70.00002126 70.00003248
 70.00003799 70.00006024 70.00007731 70.00009418 70.00011774 70.00017541
 70.00043862 70.00055975 70.00070285 70.00083283 70.0013179  70.0027538
 70.00410798 70.00501894 70.00628683 70.00916107 70.01422757 70.01667417
 70.05211032 70.07824836 70.22936509 70.34948074 71.12873766 76.64995427]
dx norm:  0.10255477757773669
alpha:  0.1
delta:  0.016545304276366454
rho is:  1.0520652553453838
[-3.09694189  0.56194774  1.77950339  4.1883557  12.80737191 15.11702458
 28.37390031 31.9173079  46.08031738 56.04675946 64.78934817 69.19792578
 69.81335622 69.95069065 69.98557571 69.99930227 69.99994698 70.
 70.         70.         70.         70.         70.         70.
 70.0000004  70.00000103 70.0000014  70.00000213 70.00000312 70.00000419
 70.00000615 70.00000852 70.00001159 70.00001701 70.00002176 70.00003189
 70.00003815 70.00006061 70.00008055 70.00009002 70.00011971 70.00013755
 70.00044804 70.00052668 70.00073916 70.00084281 70.00121816 70.00266004
 70.00435011 70.0050161  70.00632341 70.00987888 70.01393997 70.01588062
 70.04552693 70.0768993  70.23037982 70.31811633 71.23459351 76.56298699]
dx norm:  0.12815937584060466
alpha:  [0.04489038]
delta:  0.016545304276366454
rho is:  1.1356102353041588
[-3.83859933  0.56264391  2.0587072   4.2068554  12.71255352 15.05046736
 28.3453367  31.21403658 45.53529215 55.9855287  64.82356601 68.8684636
 69.79700514 69.93707504 69.95933255 69.99883558 69.9999449  69.99998717
 70.         70.         70.         70.         70.         70.
 70.00000026 70.00000099 70.00000121 70.0000024  70.00000361 70.00000563
 70.000006   70.00000825 70.00001119 70.0000177  70.00002266 70.00003588
 70.00004113 70.00005013 70.00006528 70.00008304 70.0001274  70.00022789
 70.00042133 70.00061516 70.00072279 70.00085932 70.00121907 70.00248436
 70.00411503 70.00535388 70.00674126 70.00832845 70.01237101 70.01613954
 70.0320964  70.07747131 70.22591434 70.34266425 71.01466096 76.37717209]
dx norm:  0.10332681303947208
alpha:  0.1
delta:  0.016545304276366454
rho is:  1.2127242988412459
[-3.99877581  0.56264671  2.06724324  4.2042682  12.45964857 14.99757418
 28.32008911 30.74468913 45.42547134 55.97435852 64.79197829 68.57746114
 69.78143699 69.93432482 69.95771441 69.99860897 69.9999439  69.99995851
 69.99999005 70.         70.         70.         70.         70.
 70.00000022 70.00000085 70.00000116 70.00000239 70.0000036  70.00000525
 70.00000576 70.00000787 70.00000977 70.00001186 70.00001942 70.00003525
 70.0000399  70.00004756 70.00006522 70.0000823  70.00012157 70.0002097
 70.00037925 70.0005613  70.00071888 70.00086006 70.00121377 70.00221879
 70.00399076 70.00525958 70.00674393 70.0083408  70.01230526 70.016127
 70.03110087 70.07539885 70.22427228 70.3278797  71.00318593 75.91015851]
dx norm:  0.09371135086892135
alpha:  0.1
delta:  0.016545304276366454
rho is:  1.2655566036635055
[-3.17252231  0.56272375  1.8473577   4.20068614 12.20728334 14.97046769
 28.30628474 30.15735874 45.11759449 55.85116261 64.7869917  67.78236889
 69.75065801 69.92226291 69.9548595  69.99808594 69.9998568  69.99997276
 69.99999342 70.         70.         70.         70.         70.00000015
 70.00000071 70.00000113 70.00000153 70.00000289 70.0000036  70.00000569
 70.00000693 70.00000847 70.00001062 70.00001482 70.00001928 70.00003494
 70.00004256 70.00004711 70.00006736 70.0000808  70.00011466 70.0002194
 70.00029916 70.00059617 70.00077738 70.00089131 70.00118227 70.0020144
 70.00371707 70.00557899 70.00697968 70.00839407 70.01293618 70.01584388
 70.02981059 70.07557639 70.22823851 70.34074156 70.94025865 75.20903448]
dx norm:  0.054556755268152846
alpha:  0.1
delta:  0.016545304276366454
rho is:  1.0830660652052886
[-3.81629619  0.56270266  1.99306185  4.21001359 12.12686479 14.94918931
 28.30120548 29.70646715 44.83934532 55.4345592  64.75608538 67.0896295
 69.69202312 69.86049716 69.95301325 69.99472763 69.99874695 69.99994411
 69.99998763 69.99999464 70.         70.         70.         70.00000016
 70.0000003  70.00000079 70.00000183 70.00000218 70.00000411 70.00000487
 70.00000587 70.00000935 70.00000958 70.00001192 70.00001955 70.00002718
 70.00003523 70.00004715 70.00005355 70.00008602 70.0001166  70.00018068
 70.00027527 70.00046852 70.00059756 70.00083962 70.0011483  70.00151006
 70.00218912 70.00442649 70.00585074 70.00813408 70.0135171  70.01664372
 70.02959049 70.07468761 70.2123882  70.31208176 70.80611022 75.20631065]
dx norm:  0.03270309828363249
alpha:  0.1
delta:  0.016545304276366454
rho is:  1.1556855570139435
[-3.6792324   0.56288641  1.71873186  4.22099584 11.93573353 14.91038197
 28.3003641  28.68467995 44.24373553 54.15553873 63.83078692 66.19944287
 69.35954475 69.79090256 69.95226096 69.98400029 69.99841885 69.99988804
 69.99998726 69.99999434 70.         70.         70.00000014 70.0000003
 70.00000075 70.0000014  70.000002   70.00000319 70.00000419 70.00000585
 70.00000774 70.00000925 70.00001071 70.00001696 70.00002037 70.00003229
 70.00003851 70.00004711 70.00005808 70.00008779 70.00010384 70.00023506
 70.00027461 70.00043332 70.00062711 70.00088527 70.00107323 70.00120307
 70.00205776 70.00427672 70.00604408 70.0080045  70.01343952 70.02474305
 70.03049011 70.06819575 70.1716041  70.27631753 70.73964123 75.2154386 ]
dx norm:  0.018529581246638435
alpha:  0.1
delta:  0.016545304276366454
rho is:  1.5439227491089214
[-3.59612222  0.54792887  1.69966217  4.2992231  11.56104519 14.85630362
 26.04234938 28.32831131 41.47513407 49.18983938 62.40295833 65.8611368
 68.84306209 69.78857838 69.95598163 69.98193012 69.99800797 69.99986599
 69.99998866 69.99999429 70.         70.00000001 70.00000027 70.0000006
 70.0000007  70.00000126 70.00000195 70.00000269 70.00000477 70.00000588
 70.00000854 70.00000984 70.00001308 70.00001766 70.00002247 70.00002867
 70.00003748 70.00004907 70.00005894 70.00009241 70.00019952 70.00022052
 70.00036688 70.00043502 70.00074376 70.0010333  70.00119198 70.00190438
 70.00223863 70.00437553 70.00629542 70.0080628  70.01310104 70.02229942
 70.03056962 70.07736701 70.17387631 70.27740865 70.73457819 75.27154642]
dx norm:  0.12815937584060724
alpha:  [0.01934194]
delta:  0.016545304276366454
rho is:  1.677316038660988
[-3.61168352  0.4519243   1.92136641  4.00802825 10.45200164 14.41546406
 17.07886975 28.59610299 35.08970422 47.35291418 59.77176502 66.35516921
 68.5277236  69.78929235 69.96726486 69.98075951 69.99662864 69.99926285
 69.99992946 69.99999157 69.99999444 70.00000001 70.00000025 70.00000032
 70.00000079 70.00000139 70.00000179 70.00000236 70.00000494 70.00000589
 70.00000823 70.00000971 70.00001299 70.0000201  70.0000219  70.00003291
 70.00004629 70.00004714 70.00006072 70.00007041 70.00014328 70.00022431
 70.00039058 70.00043379 70.00072293 70.00100229 70.00118696 70.00165678
 70.00248987 70.00413223 70.00629663 70.00897378 70.01058165 70.02835296
 70.04637382 70.07189237 70.19651068 70.27263945 70.75271738 75.23180095]
dx norm:  0.07281136113243687
alpha:  0.1
delta:  0.016545304276366454
rho is:  0.959070119688305
[-7.09475917  0.45218299  1.91054008  4.00330697 10.08298057 14.41611857
 16.75062709 28.59217872 35.04054516 47.34207593 58.40148922 65.68394599
 68.33067008 69.73517619 69.96352993 69.97083887 69.99563767 69.9969319
 69.99933373 69.99996616 69.99999158 69.99999464 70.00000025 70.00000032
 70.00000066 70.00000112 70.00000145 70.0000018  70.0000045  70.0000057
 70.00000749 70.00000852 70.00001152 70.00001398 70.00002189 70.00003248
 70.00004102 70.0000468  70.00004919 70.00007029 70.00010697 70.00015297
 70.00028422 70.00039846 70.00056894 70.00080425 70.00102219 70.00148995
 70.00229508 70.0032946  70.00617671 70.00786463 70.0103667  70.02800053
 70.03718655 70.06099564 70.19632834 70.26985233 70.695282   74.37212253]
dx norm:  0.04782456129326147
alpha:  0.1
delta:  0.016545304276366454
rho is:  1.0859955649307196
[-7.55347497  0.45216854  1.91053901  4.00392478 10.09201965 14.41219696
 16.74639361 28.59140304 35.01232071 47.34109676 58.03330534 65.32737201
 68.24343634 69.72161996 69.95841186 69.96969505 69.99459754 69.99644078
 69.99933411 69.99996619 69.99999095 69.99999226 69.9999993  70.00000025
 70.00000048 70.000001   70.00000135 70.00000176 70.00000415 70.0000054
 70.00000672 70.00000824 70.00001121 70.00001364 70.00002068 70.00003202
 70.00003807 70.00004668 70.0000492  70.00005832 70.00010623 70.00015023
 70.00027197 70.00039451 70.0005426  70.00079436 70.00102098 70.00147341
 70.00229089 70.00326243 70.0061631  70.00760962 70.00989735 70.02742296
 70.03355443 70.06110446 70.19577375 70.26907876 70.69427949 74.08462789]
dx norm:  0.026705634217513076
alpha:  0.1
delta:  0.016545304276366454
rho is:  0.7377151055395884
[-6.19029927  0.45053637  1.9130971   3.99966612 10.08282543 14.4092273
 16.7488802  28.58735167 34.95756173 47.2398524  57.15070666 65.0171085
 68.22349698 69.71940355 69.93986186 69.96971822 69.98512266 69.9953196
 69.99874113 69.9998737  69.99996619 69.99999189 69.99999467 69.99999975
 70.00000049 70.00000095 70.0000013  70.00000176 70.00000213 70.00000483
 70.00000641 70.00000814 70.00001021 70.00001246 70.00001986 70.00002759
 70.00003694 70.00004356 70.00004803 70.00005415 70.00007307 70.00010755
 70.00018915 70.00039462 70.00047512 70.00065139 70.00102064 70.00139171
 70.00228964 70.00320336 70.00600235 70.00627259 70.0077042  70.02162337
 70.02847643 70.05718932 70.18561773 70.26906452 70.69315672 74.06044219]
dx norm:  0.007258895049307447
alpha:  0.1
delta:  0.016545304276366454
rho is:  1.842337066030487
[-5.24393062  0.44854293  1.87507185  3.92406485  9.89183638 14.38221915
 16.67500244 28.39733522 34.57756736 45.81103017 54.63627792 64.41485751
 68.22980921 69.61902895 69.72774309 69.96492174 69.97154268 69.99500114
 69.99804212 69.99975777 69.99996693 69.99999199 69.99999491 69.99999944
 70.00000048 70.00000099 70.00000141 70.00000199 70.00000351 70.00000478
 70.00000652 70.00000793 70.00001053 70.00001218 70.0000198  70.00002442
 70.00003602 70.00004246 70.00004884 70.00005295 70.0000822  70.00012291
 70.0001799  70.00039886 70.00046287 70.00060698 70.00103205 70.00139211
 70.00224575 70.00321713 70.00392922 70.00626844 70.00767936 70.01609312
 70.02814344 70.05254246 70.155588   70.26769408 70.69453222 74.05699291]
dx norm:  0.02799057903878642
alpha:  0.1
delta:  0.016545304276366454
rho is:  1.2981310693602164
[-5.241194    0.33817674  1.65622655  3.29281267  6.35532645 12.79837778
 14.91983251 25.93262843 31.03235586 37.70722909 51.31474029 63.17836341
 68.22869095 69.13924114 69.75669593 69.96602371 69.97192174 69.9959961
 69.9977598  69.99970488 69.99996951 69.99998903 69.99999828 69.99999919
 70.00000002 70.00000055 70.00000149 70.00000161 70.00000216 70.00000565
 70.0000068  70.00000893 70.00001033 70.00001395 70.00001957 70.00003363
 70.00003444 70.00004234 70.00004913 70.00006358 70.00010393 70.00017252
 70.00038497 70.00045363 70.00055435 70.0007321  70.00099668 70.00147431
 70.00222568 70.00329168 70.00604786 70.00716998 70.01231428 70.01912776
 70.02877839 70.07102369 70.16096774 70.27902486 70.77612082 74.61384871]
dx norm:  0.017059448480061943
alpha:  0.1
delta:  0.016545304276366454
rho is:  1.5786597564679583
[-5.18337892  0.31419394  1.67331814  3.1056713   5.3695629  12.75165536
 14.84493057 25.28573074 30.33959248 37.04508981 51.21203007 63.26439415
 68.23042452 69.20191587 69.79434885 69.96622678 69.97262171 69.99619422
 69.9980923  69.99971974 69.99997106 69.99999602 69.99999869 69.99999918
 70.00000054 70.00000105 70.00000149 70.00000169 70.00000518 70.00000676
 70.00000771 70.00000899 70.00001382 70.00001857 70.00002909 70.00003443
 70.00003578 70.00004464 70.00006312 70.00007221 70.00015941 70.0002151
 70.00038414 70.000554   70.00067328 70.00075016 70.00100975 70.00154221
 70.00247577 70.00349891 70.00605247 70.00802943 70.01309624 70.02767037
 70.03911506 70.10385247 70.26398353 70.31818785 70.87117542 76.36220012]
dx norm:  0.01224429867017734
alpha:  0.1
delta:  0.016545304276366454
rho is:  1.525669901313019
[-5.12494078  0.31993361  1.7309986   2.55404572  4.37679017 12.54783832
 14.61656245 22.24405268 27.51713672 36.6263514  51.41722944 58.3838224
 68.33916532 68.80664346 69.29237723 69.84659461 69.96842212 69.97465626
 69.99622853 69.99825477 69.99992934 69.99997213 69.99999632 69.99999885
 69.99999929 70.00000125 70.00000148 70.00000169 70.00000411 70.00000558
 70.00000688 70.00000887 70.00001169 70.00001468 70.00002167 70.00003184
 70.00003541 70.00004041 70.00004578 70.0000725  70.00014791 70.00016877
 70.00022909 70.00050793 70.00059379 70.00075478 70.00095132 70.00148406
 70.00209797 70.00354077 70.00502453 70.00804055 70.0109158  70.02602283
 70.03478501 70.06085317 70.13395242 70.29819736 70.82718085 72.39681007]
dx norm:  0.005462702553847222
alpha:  0.1
delta:  0.016545304276366454
rho is:  1.630906358598193
[-5.04332979  0.34291872  1.73308182  2.17398293  4.19395939 12.04339207
 14.01848789 17.94110246 26.76009798 37.76284392 51.42518964 53.5716165
 67.44280233 68.44485062 69.36200786 69.82844565 69.97122689 69.97555156
 69.99625443 69.99887525 69.9999317  69.99997202 69.9999963  69.99999914
 69.99999946 70.00000126 70.00000153 70.00000273 70.00000422 70.00000594
 70.0000075  70.00001156 70.0000129  70.00002069 70.00002196 70.00003193
 70.00004004 70.00004404 70.00006865 70.00012267 70.00014623 70.00017404
 70.00024536 70.00058389 70.00066499 70.00085451 70.00119064 70.00149146
 70.00256583 70.0039534  70.00630297 70.0083066  70.01241505 70.02895905
 70.0428432  70.10552684 70.16399221 70.28315715 71.14840792 71.88454901]
dx norm:  0.005216195892406195
alpha:  0.1
delta:  0.016545304276366454
rho is:  1.6317463853341747
[-4.96245467  0.34838588  1.71963608  2.00444192  4.14771624  9.90161276
 13.19523485 15.71238611 26.33903723 37.10976617 49.91595134 52.28928622
 65.43635912 68.49753332 69.38552841 69.81523004 69.97252114 69.97723531
 69.99648194 69.99861487 69.99993233 69.99997165 69.99999613 69.99999885
 69.99999987 70.00000121 70.00000265 70.00000304 70.00000585 70.00000719
 70.00000872 70.00001134 70.00001461 70.00002157 70.00002765 70.00003269
 70.00004132 70.0000618  70.00008148 70.00012194 70.00016055 70.00021751
 70.00028496 70.00058152 70.00072101 70.00084721 70.00125134 70.00147905
 70.00274258 70.0039722  70.00684031 70.00826539 70.01283902 70.0280752
 70.04346492 70.09931558 70.21965103 70.31349239 71.29956434 71.97077837]
dx norm:  0.0059597592733214135
alpha:  0.1
delta:  0.016545304276366454
rho is:  1.6512545026128713
[-4.89181449  0.31677645  1.6712154   1.99235226  4.21562036  7.48169788
 12.9164005  15.19886938 25.66480035 32.52498885 47.78102996 54.0203778
 62.13953605 68.46074369 69.34372352 69.6709947  69.92000527 69.97349922
 69.97810126 69.99719447 69.99911855 69.99994637 69.99997334 69.99999641
 69.99999926 70.00000109 70.00000208 70.00000276 70.00000405 70.00000589
 70.00000856 70.00001119 70.00001466 70.00001985 70.00002666 70.00003307
 70.00003784 70.00005548 70.00008322 70.00012225 70.0001476  70.00022132
 70.00036817 70.00061105 70.00064792 70.00087149 70.0011746  70.00125174
 70.00277031 70.00372402 70.00636069 70.00841304 70.01130302 70.01460235
 70.04118956 70.04821814 70.21018352 70.50053328 70.64986551 72.04142517]
dx norm:  0.004024459571222422
alpha:  0.1
delta:  0.016545304276366454
rho is:  1.9680782628009035
[-4.83874597  0.31123587  1.56399405  1.96007196  4.23628336  6.43245692
 12.61665068 15.04850299 23.30088676 28.69765259 45.36260149 53.56724061
 58.40723614 68.29482779 68.70674444 69.46111094 69.85903734 69.97289607
 69.97857692 69.99712684 69.99896576 69.99994723 69.99997603 69.99999679
 69.99999925 70.00000103 70.00000207 70.00000277 70.0000043  70.00000589
 70.00000861 70.00001118 70.00001519 70.00002425 70.00003277 70.00003715
 70.00005527 70.00006163 70.00012094 70.0001236  70.00016612 70.00032946
 70.00050707 70.00060019 70.00074579 70.00086123 70.0012234  70.00155199
 70.0029261  70.00353827 70.00608661 70.0076924  70.01016646 70.02045745
 70.04083676 70.05584799 70.19070983 70.37969245 70.6285244  72.50643391]
dx norm:  0.0032137017451480897
alpha:  0.1
delta:  0.016545304276366454
