## SLURM PROLOG ###############################################################
##    Job ID : 8899929
##  Job Name : test
##  Nodelist : node[1911,1913]
##      CPUs : 96
##  Mem/Node : 98304 MB
## Directory : /oscar/scratch/kbadger1/SaddleClimb/examples/CH_to_C_H/fosp_search/saddleclimb
##   Job Started : Mon Mar  3 11:37:42 PM EST 2025
###############################################################################
rho is:  0.025956181762000447
p1, p2, p3:  [ 0.         -1.25808391] [0.         1.25808391] [ 8.71392278e-16 -1.18062424e+00]
p3, a, b [ 8.71392278e-16 -1.18062424e+00] 2.5223513861523374e-15 1.2580839096650043
dydx:  183615800903496.2
[100. 100. 100. 100. 100. 100. 100. 100. 100. 100. 100. 100. 100. 100.
 100. 100. 100. 100. 100. 100. 100. 100. 100. 100. 100. 100. 100. 100.
 100. 100. 100. 100. 100. 100. 100. 100. 100. 100. 100. 100. 100. 100.
 100. 100. 100. 100. 100. 100. 100. 100. 100. 100. 100. 100. 100. 100.
 100. 100. 100. 100.]
dx norm:  0.05034878350069642
alpha:  [0.0391867]
delta:  0.006500000000000001
rho is:  0.9445503253774505
p1, p2, p3:  [ 0.         -1.25808391] [0.         1.25808391] [-1.17491039e-04 -1.13044835e+00]
p3, a, b [-1.17491039e-04 -1.13044835e+00] 0.0002677089388096627 1.2580839666310686
dydx:  -2295.3426597646853
[  2.48732125 100.         100.         100.         100.
 100.         100.         100.         100.         100.
 100.         100.         100.         100.         100.
 100.         100.         100.         100.         100.
 100.         100.         100.         100.         100.
 100.         100.         100.         100.         100.
 100.         100.         100.         100.         100.
 100.         100.         100.         100.         100.
 100.         100.         100.         100.         100.
 100.         100.         100.         100.         100.
 100.         100.         100.         100.         100.
 100.         100.         100.         100.         100.1116249 ]
dx norm:  0.05034878350069641
alpha:  [0.04275622]
delta:  0.006500000000000001
rho is:  0.9291156730737573
p1, p2, p3:  [ 0.         -1.25808391] [0.         1.25808391] [-4.10424651e-04 -1.08098278e+00]
p3, a, b [-4.10424651e-04 -1.08098278e+00] 0.0008022515748845019 1.258084421243173
dydx:  -933.712290187523
[  2.11304082  90.08209498 100.         100.         100.
 100.         100.         100.         100.         100.
 100.         100.         100.         100.         100.
 100.         100.         100.         100.         100.
 100.         100.         100.         100.         100.
 100.         100.         100.         100.         100.
 100.         100.         100.         100.         100.
 100.         100.         100.         100.         100.
 100.         100.         100.         100.         100.
 100.         100.         100.         100.         100.
 100.         100.         100.         100.         100.
 100.         100.         100.         100.00066484 100.50488898]
dx norm:  0.050348783500696416
alpha:  [0.04445402]
delta:  0.006500000000000001
rho is:  0.8937031987948205
p1, p2, p3:  [ 0.         -1.25808391] [0.         1.25808391] [-9.92570518e-04 -1.03341306e+00]
p3, a, b [-9.92570518e-04 -1.03341306e+00] 0.001740348593186699 1.2580863171545018
dydx:  -501.9215136628697
[  1.72680099  65.30418813 100.         100.         100.
 100.         100.         100.         100.         100.
 100.         100.         100.         100.         100.
 100.         100.         100.         100.         100.
 100.         100.         100.         100.         100.
 100.         100.         100.         100.         100.
 100.         100.         100.         100.         100.
 100.         100.         100.         100.         100.
 100.         100.         100.         100.         100.
 100.         100.         100.         100.         100.
 100.         100.         100.         100.         100.
 100.         100.         100.00046718 100.01401653 101.95017045]
dx norm:  0.05034878350069643
alpha:  [0.04428575]
delta:  0.006500000000000001
rho is:  0.7716160569315579
p1, p2, p3:  [ 0.         -1.25808391] [0.         1.25808391] [-0.00209301 -0.99228519]
p3, a, b [-0.00209301 -0.99228519] 0.0034046547800564418 1.2580931235120318
dydx:  -288.01488639425554
[  1.32880807  32.76908592  99.99923304 100.         100.
 100.         100.         100.         100.         100.
 100.         100.         100.         100.         100.
 100.         100.         100.         100.         100.
 100.         100.         100.         100.         100.
 100.         100.         100.         100.         100.
 100.         100.         100.         100.         100.
 100.         100.         100.         100.         100.
 100.         100.         100.         100.         100.
 100.         100.         100.         100.         100.
 100.         100.         100.         100.         100.
 100.         100.         100.00083713 100.0044011  102.44355021]
dx norm:  0.050348783500696416
alpha:  [0.03984935]
delta:  0.006500000000000001
rho is:  0.17408548103347404
p1, p2, p3:  [ 0.         -1.25808391] [0.         1.25808391] [-0.00376175 -0.96725032]
p3, a, b [-0.00376175 -0.96725032] 0.0058825515678523265 1.2581114160317353
dydx:  -177.8924841249059
[  1.07023585  10.9557824   98.69992022 100.         100.
 100.         100.         100.         100.         100.
 100.         100.         100.         100.         100.
 100.         100.         100.         100.         100.
 100.         100.         100.         100.         100.
 100.         100.         100.         100.         100.
 100.         100.         100.         100.         100.
 100.         100.         100.         100.         100.
 100.         100.         100.         100.         100.
 100.         100.         100.         100.         100.
 100.         100.         100.         100.         100.
 100.         100.00005305 100.00198402 100.0059809  100.43127173]
dx norm:  0.032726709275452674
alpha:  [0.0249042]
delta:  0.0042250000000000005
rho is:  -3.134104173032239
p1, p2, p3:  [ 0.         -1.25808391] [0.         1.25808391] [-0.00480788 -0.95476849]
p3, a, b [-0.00480788 -0.95476849] 0.00738276642148133 1.258127235328208
dydx:  -146.23996968450678
[  1.11533586   6.33906642  88.18223988 100.         100.
 100.         100.         100.         100.         100.
 100.         100.         100.         100.         100.
 100.         100.         100.         100.         100.
 100.         100.         100.         100.         100.
 100.         100.         100.         100.         100.
 100.         100.         100.         100.         100.
 100.         100.         100.         100.         100.
 100.         100.         100.         100.         100.
 100.         100.         100.         100.         100.
 100.         100.         100.         100.         100.
 100.00003687 100.00020095 100.00342046 100.05545621 100.61131858]
dx norm:  0.02127236102904423
alpha:  [0.01598374]
delta:  0.00274625
rho is:  0.6700911000554012
p1, p2, p3:  [ 0.         -1.25808391] [0.         1.25808391] [-0.00534522 -0.94743888]
p3, a, b [-0.00534522 -0.94743888] 0.008123879053095124 1.2581363706554125
dydx:  -135.31404580864952
[  1.12406379   5.6621692   68.28783079  99.99999996 100.
 100.         100.         100.         100.         100.
 100.         100.         100.         100.         100.
 100.         100.         100.         100.         100.
 100.         100.         100.         100.         100.
 100.         100.         100.         100.         100.
 100.         100.         100.         100.         100.
 100.         100.         100.         100.         100.
 100.         100.         100.         100.         100.
 100.         100.         100.         100.         100.
 100.         100.         100.         100.         100.
 100.00013911 100.00016006 100.0020953  100.02329609 105.8847739 ]
dx norm:  0.02127236102904423
alpha:  [0.01601701]
delta:  0.00274625
rho is:  0.8513534913224466
p1, p2, p3:  [ 0.         -1.25808391] [0.         1.25808391] [-0.00566561 -0.9407675 ]
p3, a, b [-0.00566561 -0.9407675 ] 0.008532709728713285 1.2581417838219755
dydx:  -130.93321375158126
[  1.03789992   5.59437649  52.65355938  99.93474829 100.
 100.         100.         100.         100.         100.
 100.         100.         100.         100.         100.
 100.         100.         100.         100.         100.
 100.         100.         100.         100.         100.
 100.         100.         100.         100.         100.
 100.         100.         100.         100.         100.
 100.         100.         100.         100.         100.
 100.         100.         100.         100.         100.
 100.         100.         100.         100.         100.
 100.         100.         100.         100.         100.00001861
 100.00006898 100.00019831 100.00437632 100.17830898 108.63640894]
dx norm:  0.021272361029044236
alpha:  [0.01618276]
delta:  0.00274625
rho is:  0.924486721338434
p1, p2, p3:  [ 0.         -1.25808391] [0.         1.25808391] [-0.00567165 -0.93425798]
p3, a, b [-0.00567165 -0.93425798] 0.008468084985063597 1.2581409103501673
dydx:  -134.0081098580154
[  0.96841188   5.69973747  43.52312263  99.74132539 100.
 100.         100.         100.         100.         100.
 100.         100.         100.         100.         100.
 100.         100.         100.         100.         100.
 100.         100.         100.         100.         100.
 100.         100.         100.         100.         100.
 100.         100.         100.         100.         100.
 100.         100.         100.         100.         100.
 100.         100.         100.         100.         100.
 100.         100.         100.         100.         100.
 100.         100.         100.         100.0000178  100.00006548
 100.00018207 100.00068909 100.00439498 101.09760726 103.86995663]
dx norm:  0.02127236102904422
alpha:  [0.01644567]
delta:  0.00274625
rho is:  0.9414927452618205
p1, p2, p3:  [ 0.         -1.25808391] [0.         1.25808391] [-0.0052696  -0.92735701]
p3, a, b [-0.0052696  -0.92735701] 0.007797643522032857 1.2581322414487364
dydx:  -147.9301787360067
[  0.93247988   5.73246069  37.80592462  94.95127705 100.
 100.         100.         100.         100.         100.
 100.         100.         100.         100.         100.
 100.         100.         100.         100.         100.
 100.         100.         100.         100.         100.
 100.         100.         100.         100.         100.
 100.         100.         100.         100.         100.
 100.         100.         100.         100.         100.
 100.         100.         100.         100.         100.
 100.         100.         100.         100.         100.
 100.         100.         100.00001667 100.00005141 100.00011477
 100.00018232 100.00315487 100.0078013  100.17841577 103.38683289]
dx norm:  0.021272361029044232
alpha:  [0.01668679]
delta:  0.00274625
rho is:  0.9403739195383287
p1, p2, p3:  [ 0.         -1.25808391] [0.         1.25808391] [-0.00434999 -0.92021316]
p3, a, b [-0.00434999 -0.92021316] 0.006378972607641429 1.25811625427511
dydx:  -183.88209994825712
[  0.88754368   5.41256974  33.74605457  86.13295499  99.9940057
 100.         100.         100.         100.         100.
 100.         100.         100.         100.         100.
 100.         100.         100.         100.         100.
 100.         100.         100.         100.         100.
 100.         100.         100.         100.         100.
 100.         100.         100.         100.         100.
 100.         100.         100.         100.         100.
 100.         100.         100.         100.         100.
 100.         100.         100.         100.         100.
 100.         100.         100.00001602 100.00002421 100.00009444
 100.00022465 100.00062175 100.00387901 100.11819481 105.03714853]
dx norm:  0.021272361029044253
alpha:  [0.01679568]
delta:  0.00274625
rho is:  0.9316376597246498
p1, p2, p3:  [ 0.         -1.25808391] [0.         1.25808391] [-0.00276007 -0.91296611]
p3, a, b [-0.00276007 -0.91296611] 0.004011492383886446 1.2580967007134531
dydx:  -297.3591541043533
[  0.84812877   4.76949642  30.15175913  75.28015591  99.89952364
 100.         100.         100.         100.         100.
 100.         100.         100.         100.         100.
 100.         100.         100.         100.         100.
 100.         100.         100.         100.         100.
 100.         100.         100.         100.         100.
 100.         100.         100.         100.         100.
 100.         100.         100.         100.         100.
 100.         100.         100.         100.         100.
 100.         100.         100.         100.         100.
 100.         100.00000749 100.00002019 100.00006202 100.00015124
 100.00043502 100.00274067 100.00377495 100.38255248 103.74368783]
dx norm:  0.021272361029044246
alpha:  [0.01669655]
delta:  0.00274625
rho is:  0.9109682984081134
p1, p2, p3:  [ 0.         -1.25808391] [0.         1.25808391] [-2.57874128e-04 -9.05564207e-01]
p3, a, b [-2.57874128e-04 -9.05564207e-01] 0.00037147734025926287 1.2580840193519842
dydx:  -3266.2029107681324
[  0.81922002   4.00777584  25.69466561  61.01330835  99.13104176
 100.         100.         100.         100.         100.
 100.         100.         100.         100.         100.
 100.         100.         100.         100.         100.
 100.         100.         100.         100.         100.
 100.         100.         100.         100.         100.
 100.         100.         100.         100.         100.
 100.         100.         100.         100.         100.
 100.         100.         100.         100.         100.
 100.         100.         100.         100.         100.
 100.00000599 100.00001453 100.00006173 100.00011431 100.00040049
 100.00230472 100.00270195 100.00397162 100.70543483 101.12387547]
dx norm:  0.021272361029044253
alpha:  [0.0163282]
delta:  0.00274625
rho is:  0.88766941133411
p1, p2, p3:  [ 0.         -1.25808391] [0.         1.25808391] [ 0.00334221 -0.89781561]
p3, a, b [ 0.00334221 -0.89781561] 0.0047710011381457305 1.25810200282204
dydx:  258.8565691561246
[  0.80996794   3.19269873  18.95637378  47.87770528  95.23568792
 100.         100.         100.         100.         100.
 100.         100.         100.         100.         100.
 100.         100.         100.         100.         100.
 100.         100.         100.         100.         100.
 100.         100.         100.         100.         100.
 100.         100.         100.         100.         100.
 100.         100.         100.         100.         100.
 100.         100.         100.         100.         100.
 100.         100.         100.         100.         100.00000561
 100.00001042 100.00001858 100.00006782 100.0003855  100.00068556
 100.00179816 100.00280769 100.00327973 100.13802326 102.39242237]
dx norm:  0.021272361029044246
alpha:  [0.01588697]
delta:  0.00274625
rho is:  0.869279852646564
p1, p2, p3:  [ 0.         -1.25808391] [0.         1.25808391] [ 0.00785973 -0.88993198]
p3, a, b [ 0.00785973 -0.88993198] 0.011118628400303348 1.258182179065504
dydx:  113.09298580259309
[  0.82251754   2.47770046  12.5470188   40.62924435  89.69206863
  99.96704339 100.         100.         100.         100.
 100.         100.         100.         100.         100.
 100.         100.         100.         100.         100.
 100.         100.         100.         100.         100.
 100.         100.         100.         100.         100.
 100.         100.         100.         100.         100.
 100.         100.         100.         100.         100.
 100.         100.         100.         100.         100.
 100.         100.         100.         100.         100.00000527
 100.00001237 100.00002004 100.00002806 100.00009314 100.00038875
 100.00228654 100.00275726 100.00376659 100.07465328 103.60600093]
dx norm:  0.021272361029044208
alpha:  [0.01559193]
delta:  0.00274625
rho is:  0.6764240370536603
p1, p2, p3:  [ 0.         -1.25808391] [0.         1.25808391] [ 0.01309753 -0.88375456]
p3, a, b [ 0.01309753 -0.88375456] 0.018398751037383098 1.2583530224175377
dydx:  69.324400488011
[  0.7989084    1.92828246   9.63779014  36.0702147   79.54094535
  99.79397727 100.         100.         100.         100.
 100.         100.         100.         100.         100.
 100.         100.         100.         100.         100.
 100.         100.         100.         100.         100.
 100.         100.         100.         100.         100.
 100.         100.         100.         100.         100.
 100.         100.         100.         100.         100.
 100.         100.         100.         100.         100.
 100.         100.         100.         100.00000391 100.000012
 100.00001681 100.00002227 100.00008691 100.00015279 100.00044892
 100.00221204 100.0028139  100.00362784 100.15389562 102.85654694]
dx norm:  0.021272361029044243
alpha:  [0.01543931]
delta:  0.00274625
rho is:  0.9592808929190657
p1, p2, p3:  [ 0.         -1.25808391] [0.         1.25808391] [ 0.00812457 -0.88034983]
p3, a, b [ 0.00812457 -0.88034983] 0.011371944679498076 1.2581867077524573
dydx:  112.97063620525014
[  0.66543421   1.53682906   8.5493918   30.22601453  60.90906211
  98.12338816 100.         100.         100.         100.
 100.         100.         100.         100.         100.
 100.         100.         100.         100.         100.
 100.         100.         100.         100.         100.
 100.         100.         100.         100.         100.
 100.         100.         100.         100.         100.
 100.         100.         100.         100.         100.
 100.         100.         100.         100.         100.
 100.         100.         100.00000344 100.00000855 100.00001301
 100.0000169  100.00006602 100.00008394 100.00018747 100.00050509
 100.0028083  100.00308264 100.00386973 100.33025165 100.54702768]
dx norm:  0.02127236102904424
alpha:  [0.01514311]
delta:  0.00274625
rho is:  1.0051860018919823
p1, p2, p3:  [ 0.         -1.25808391] [0.         1.25808391] [ 0.00321467 -0.87876436]
p3, a, b [ 0.00321467 -0.87876436] 0.004492112749846918 1.2580999493405622
dydx:  286.94081474605173
[  0.6812464    1.79959357   7.81377863  26.17566601  53.06192256
  96.1315248   99.99970993 100.         100.         100.
 100.         100.         100.         100.         100.
 100.         100.         100.         100.         100.
 100.         100.         100.         100.         100.
 100.         100.         100.         100.         100.
 100.         100.         100.         100.         100.
 100.         100.         100.         100.         100.
 100.         100.         100.         100.         100.
 100.         100.         100.00000345 100.00001058 100.00001297
 100.000017   100.00005308 100.00009665 100.00022976 100.00241263
 100.00274838 100.00375174 100.01349767 100.08426008 100.49059635]
dx norm:  0.024463215183400878
alpha:  [0.0172119]
delta:  0.0031581875
rho is:  0.9951868627628995
p1, p2, p3:  [ 0.         -1.25808391] [0.         1.25808391] [-0.00267499 -0.87805003]
p3, a, b [-0.00267499 -0.87805003] 0.0037351005007688226 1.2580949987995855
dydx:  -345.64059298914964
[  0.69004895   1.84440008   7.76050101  25.82400024  52.25557955
  95.8067866   99.9742157  100.         100.         100.
 100.         100.         100.         100.         100.
 100.         100.         100.         100.         100.
 100.         100.         100.         100.         100.
 100.         100.         100.         100.         100.
 100.         100.         100.         100.         100.
 100.         100.         100.         100.         100.
 100.         100.         100.         100.         100.
 100.         100.00000341 100.00000945 100.00001165 100.00001516
 100.00004356 100.00006679 100.00013422 100.00021566 100.0011608
 100.00337422 100.00383536 100.00697675 100.04066547 100.4943564 ]
dx norm:  0.028132697460911016
alpha:  [0.01987465]
delta:  0.0036319156250000004
rho is:  0.9859263591918165
p1, p2, p3:  [ 0.         -1.25808391] [0.         1.25808391] [-0.0097176  -0.87495854]
p3, a, b [-0.0097176  -0.87495854] 0.013522323809125627 1.258229263834925
dydx:  -96.15864628602466
[  0.6430895    1.67912555   7.7819551   27.30831842  54.0763968
  96.44602753  99.88410881 100.         100.         100.
 100.         100.         100.         100.         100.
 100.         100.         100.         100.         100.
 100.         100.         100.         100.         100.
 100.         100.         100.         100.         100.
 100.         100.         100.         100.         100.
 100.         100.         100.         100.         100.
 100.         100.         100.         100.         100.
 100.00000338 100.00000888 100.00001138 100.00001509 100.00004076
 100.0000577  100.00007106 100.00016018 100.000421   100.00084733
 100.0033622  100.00422409 100.00745854 100.05618726 100.66651751]
dx norm:  0.03235260208004766
alpha:  [0.02339389]
delta:  0.004176702968750001
rho is:  0.9825727414826477
p1, p2, p3:  [ 0.         -1.25808391] [0.         1.25808391] [-0.01805219 -0.86666102]
p3, a, b [-0.01805219 -0.86666102] 0.024894856121099443 1.2585766527203952
dydx:  -53.23789035074683
[  0.55733828   1.52800485   7.83678083  27.96276712  54.23791078
  96.2892472   99.77200533  99.99996104 100.         100.
 100.         100.         100.         100.         100.
 100.         100.         100.         100.         100.
 100.         100.         100.         100.         100.
 100.         100.         100.         100.         100.
 100.         100.         100.         100.         100.
 100.         100.         100.         100.         100.
 100.         100.         100.         100.         100.
 100.00000291 100.00001122 100.00001148 100.00001526 100.00002178
 100.00004713 100.00006741 100.00013635 100.00026781 100.00090964
 100.00332846 100.00543535 100.01151179 100.05284695 101.22719404]
dx norm:  0.03720549239205482
alpha:  [0.02898004]
delta:  0.0048032084140625
rho is:  0.9814650142472826
p1, p2, p3:  [ 0.         -1.25808391] [0.         1.25808391] [-0.02764841 -0.85100598]
p3, a, b [-0.02764841 -0.85100598] 0.03751183069127868 1.2592029743299507
dydx:  -36.60939071332738
[  0.48499798   1.47164745   7.9307378   25.75505025  51.6839377
  95.44296445  99.49689092  99.99887774 100.         100.
 100.         100.         100.         100.         100.
 100.         100.         100.         100.         100.
 100.         100.         100.         100.         100.
 100.         100.         100.         100.         100.
 100.         100.         100.         100.         100.
 100.         100.         100.         100.         100.
 100.         100.         100.         100.         100.00000283
 100.00000747 100.00000947 100.00001215 100.0000159  100.00004145
 100.00004243 100.00007001 100.00021402 100.00034922 100.00099536
 100.00327492 100.00564381 100.01278649 100.04095099 101.15714817]
dx norm:  0.04278631625086302
alpha:  [0.0391567]
delta:  0.005523689676171876
rho is:  0.9827733019169286
p1, p2, p3:  [ 0.         -1.25808391] [0.         1.25808391] [-0.0366071  -0.82173967]
p3, a, b [-0.0366071  -0.82173967] 0.048291663338694606 1.2599389304295592
dydx:  -30.323947286933684
[  0.44763434   1.48053347   7.98303094  21.54402883  49.70009922
  93.27159405  98.6463236   99.9779719  100.         100.
 100.         100.         100.         100.         100.
 100.         100.         100.         100.         100.
 100.         100.         100.         100.         100.
 100.         100.         100.         100.         100.
 100.         100.         100.         100.         100.
 100.         100.         100.         100.         100.
 100.         100.         100.         100.00000278 100.00000452
 100.0000091  100.00001032 100.00001313 100.00001582 100.00004166
 100.00006603 100.00006942 100.00020298 100.00041127 100.00102766
 100.00307408 100.00537178 100.00885047 100.02948261 100.46052931]
dx norm:  0.04920426368849246
alpha:  [0.04388062]
delta:  0.006352243127597655
rho is:  0.97991665632321
p1, p2, p3:  [ 0.         -1.25808391] [0.         1.25808391] [-0.04122469 -0.78278647]
p3, a, b [-0.04122469 -0.78278647] 0.05260153720275166 1.260284679420696
dydx:  -30.23114013320816
[  0.43952374   1.45853646   7.87681891  19.07404096  48.99413968
  87.62395427  97.24039636  99.85600488 100.         100.
 100.         100.         100.         100.         100.
 100.         100.         100.         100.         100.
 100.         100.         100.         100.         100.
 100.         100.         100.         100.         100.
 100.         100.         100.         100.         100.
 100.         100.         100.         100.         100.
 100.         100.         100.00000268 100.00000401 100.00000766
 100.00000891 100.00001136 100.00001482 100.00002759 100.0000401
 100.00006221 100.00008837 100.00020656 100.00039622 100.0008357
 100.00302336 100.00608251 100.01155945 100.03129512 100.12228771]
dx norm:  0.05658490324176634
alpha:  [0.04833537]
delta:  0.007305079596737302
rho is:  0.9764020835780179
p1, p2, p3:  [ 0.         -1.25808391] [0.         1.25808391] [-0.04432528 -0.73940503]
p3, a, b [-0.04432528 -0.73940503] 0.05473149362408294 1.2604661793188163
dydx:  -31.794855442794265
[  0.44704357   1.37357478   7.71442294  18.39806778  48.65475326
  73.01882646  95.9080814   99.77146043  99.99970248 100.
 100.         100.         100.         100.         100.
 100.         100.         100.         100.         100.
 100.         100.         100.         100.         100.
 100.         100.         100.         100.         100.
 100.         100.         100.         100.         100.
 100.         100.         100.         100.         100.
 100.         100.         100.00000268 100.00000398 100.00000859
 100.00000944 100.00001144 100.00001426 100.00002483 100.00002935
 100.000055   100.00007123 100.00022517 100.00054265 100.000651
 100.00293295 100.00608257 100.01246647 100.04650808 100.09311396]
dx norm:  0.06507263872803129
alpha:  [0.0537964]
delta:  0.0084008415362479
rho is:  0.982140812013039
p1, p2, p3:  [ 0.         -1.25808391] [0.         1.25808391] [-0.04577148 -0.69068542]
p3, a, b [-0.04577148 -0.69068542] 0.05471759208127323 1.260464537790532
dydx:  -35.165917331391
[  0.45994215   1.285142     7.65804039  18.42568085  47.61268867
  54.48654857  95.7364356   99.75638256  99.99644524 100.
 100.         100.         100.         100.         100.
 100.         100.         100.         100.         100.
 100.         100.         100.         100.         100.
 100.         100.         100.         100.         100.
 100.         100.         100.         100.         100.
 100.         100.         100.         100.         100.
 100.         100.0000018  100.00000396 100.00000712 100.00000852
 100.00000983 100.00001229 100.00001429 100.00002719 100.00004495
 100.00007074 100.00011213 100.00022979 100.00037028 100.00066829
 100.00278631 100.0061105  100.01247265 100.03317731 100.20323047]
dx norm:  0.074833534537236
alpha:  [0.05738815]
delta:  0.009660967766685081
rho is:  0.9926332054348562
p1, p2, p3:  [ 0.         -1.25808391] [0.         1.25808391] [-0.04252354 -0.63819733]
p3, a, b [-0.04252354 -0.63819733] 0.04931748195166409 1.2600174606911607
dydx:  -43.493639814458895
[  0.48621165   1.29955175   7.65096452  18.50809711  38.5445159
  49.39486431  95.77671686  99.71759862  99.98606903 100.
 100.         100.         100.         100.         100.
 100.         100.         100.         100.         100.
 100.         100.         100.         100.         100.
 100.         100.         100.         100.         100.
 100.         100.         100.         100.         100.
 100.         100.         100.         100.         100.
 100.00000167 100.00000378 100.00000461 100.00000718 100.00000955
 100.00000981 100.00001395 100.00001563 100.00002901 100.00004432
 100.00007015 100.00009958 100.0003363  100.00058176 100.00116385
 100.00301729 100.00582394 100.01231397 100.03422949 100.29246136]
dx norm:  0.08605856471782145
alpha:  [0.06380986]
delta:  0.011110112931687847
rho is:  0.9899224904248712
p1, p2, p3:  [ 0.         -1.25808391] [0.         1.25808391] [-0.03613824 -0.58087863]
p3, a, b [-0.03613824 -0.58087863] 0.04072929429959272 1.2594025105646556
dydx:  -59.48355614697656
[  0.50541333   1.31508329   7.63899881  18.51787885  33.87286729
  49.17493477  95.87362074  99.35452519  99.91211619  99.99988901
 100.         100.         100.         100.         100.
 100.         100.         100.         100.         100.
 100.         100.         100.         100.         100.
 100.         100.         100.         100.         100.
 100.         100.         100.         100.         100.
 100.         100.         100.         100.         100.
 100.00000159 100.00000261 100.00000398 100.00000598 100.00000771
 100.00001007 100.00001383 100.00001634 100.00002743 100.00003226
 100.00006899 100.00009618 100.00032441 100.00062621 100.00138833
 100.00297774 100.00590923 100.01203647 100.04798275 100.19617984]
dx norm:  0.09896734942549468
alpha:  [0.08019249]
delta:  0.012776629871441032
rho is:  0.9981082160875538
p1, p2, p3:  [ 0.         -1.25808391] [0.         1.25808391] [-0.03362298 -0.50926404]
p3, a, b [-0.03362298 -0.50926404] 0.03676406726958573 1.2591581892216452
dydx:  -77.44737374907781
[  0.48651908   1.21961527   7.62132174  18.43908055  35.06644452
  49.12364322  96.02571585  97.40474968  99.82572248  99.99922717
 100.         100.         100.         100.         100.
 100.         100.         100.         100.         100.
 100.         100.         100.         100.         100.
 100.         100.         100.         100.         100.
 100.         100.         100.         100.         100.
 100.         100.         100.         100.         100.00000153
 100.00000245 100.00000362 100.00000539 100.00000698 100.0000083
 100.00001368 100.00001498 100.00002289 100.0000279  100.00005981
 100.00007898 100.00019813 100.00029456 100.00038263 100.00267806
 100.00427086 100.00644793 100.01238319 100.04154528 100.15108403]
dx norm:  0.11381245183931893
alpha:  [0.10553073]
delta:  0.014693124352157189
rho is:  0.9948152098669598
p1, p2, p3:  [ 0.         -1.25808391] [0.         1.25808391] [-0.05032044 -0.4241894 ]
p3, a, b [-0.05032044 -0.4241894 ] 0.05343798133377672 1.2603532243291888
dydx:  -65.98862947921201
[  0.47112521   1.24445913   7.62377847  18.28978316  35.65285479
  49.05088107  93.58927297  96.57710005  99.89110182  99.99655892
 100.         100.         100.         100.         100.
 100.         100.         100.         100.         100.
 100.         100.         100.         100.         100.
 100.         100.         100.         100.         100.
 100.         100.         100.         100.         100.
 100.         100.         100.         100.00000152 100.00000232
 100.00000317 100.00000427 100.00000552 100.00000819 100.00001121
 100.00001446 100.00001782 100.00002762 100.00002843 100.0000641
 100.0000807  100.00011608 100.00035254 100.00198223 100.00382542
 100.00641533 100.01082885 100.01232296 100.03452596 100.17231419]
dx norm:  0.13088431961521677
alpha:  [0.10064509]
delta:  0.016897093004980775
rho is:  0.9964956932442697
p1, p2, p3:  [ 0.         -1.25808391] [0.         1.25808391] [-0.08471029 -0.3753203 ]
p3, a, b [-0.08471029 -0.3753203 ] 0.08870898057528566 1.264334122402849
dydx:  -45.84823621031551
[  0.47307305   1.23354797   7.69182886  18.15622533  34.99009445
  48.97131039  89.50016875  97.71340502  99.77039175  99.98132287
  99.99999847 100.         100.         100.         100.
 100.         100.         100.         100.         100.
 100.         100.         100.         100.         100.
 100.         100.         100.         100.         100.
 100.         100.         100.         100.         100.
 100.         100.         100.         100.00000152 100.00000253
 100.00000301 100.00000415 100.00000639 100.00000809 100.00000978
 100.00001415 100.00001771 100.00002681 100.00003086 100.00006491
 100.00007992 100.00015538 100.00086658 100.00092364 100.00353379
 100.00630936 100.01100676 100.02198442 100.0269206  100.4700452 ]
dx norm:  0.15051696755749924
alpha:  [0.12109087]
delta:  0.01943165695572789
rho is:  1.0007101343538738
p1, p2, p3:  [ 0.         -1.25808391] [0.         1.25808391] [-0.12037549 -0.29889503]
p3, a, b [-0.12037549 -0.29889503] 0.12385304014776044 1.2702541854075942
dydx:  -42.36305916267167
[  0.46217938   1.26121201   7.91118325  18.23876596  35.29210438
  48.74180049  84.02078112  97.62567352  99.43456955  99.97391952
  99.99960243 100.         100.         100.         100.
 100.         100.         100.         100.         100.
 100.         100.         100.         100.         100.
 100.         100.         100.         100.         100.
 100.         100.         100.         100.         100.
 100.         100.         100.00000117 100.00000217 100.00000254
 100.00000341 100.00000475 100.00000698 100.00000839 100.00001128
 100.00001579 100.00002121 100.00002856 100.00006457 100.00007712
 100.00008581 100.00022228 100.00046336 100.00281512 100.00373728
 100.00841608 100.01144033 100.0234137  100.07183189 100.27312434]
dx norm:  0.1730945126911241
alpha:  [0.15865867]
delta:  0.022346405499087067
rho is:  0.9967535435097002
p1, p2, p3:  [ 0.         -1.25808391] [0.         1.25808391] [-0.14892557 -0.19596977]
p3, a, b [-0.14892557 -0.19596977] 0.15071339987561738 1.2760806276682364
dydx:  -54.47944503414285
[  0.45453793   1.26655827   8.27511532  18.25436545  36.29344568
  48.39789111  81.83421494  98.75202441  99.26901523  99.96346656
  99.99876547 100.         100.         100.         100.
 100.         100.         100.         100.         100.
 100.         100.         100.         100.         100.
 100.         100.         100.         100.         100.
 100.         100.         100.         100.         100.
 100.         100.00000093 100.00000212 100.00000253 100.00000336
 100.00000416 100.00000628 100.00000833 100.00001049 100.00001526
 100.00002028 100.00002458 100.00003737 100.00005398 100.00007704
 100.0001322  100.00038866 100.00103402 100.00342996 100.00381766
 100.0085336  100.01133519 100.02154261 100.09304877 100.86507144]
dx norm:  0.19905868959479275
alpha:  [0.18432239]
delta:  0.025698366323950124
rho is:  1.0064092240580635
p1, p2, p3:  [ 0.         -1.25808391] [0.         1.25808391] [-0.1717603  -0.04884172]
p3, a, b [-0.1717603  -0.04884172] 0.17188519112702083 1.2814597009965474
dydx:  -195.4631089784633
[  0.45426955   1.21270415   8.66124432  18.39388822  34.94518014
  48.39246868  79.39848784  98.23800124  99.35841006  99.90720667
  99.99249822 100.         100.         100.         100.
 100.         100.         100.         100.         100.
 100.         100.         100.         100.         100.
 100.         100.         100.         100.         100.
 100.         100.         100.         100.         100.
 100.0000009  100.00000189 100.0000024  100.00000329 100.00000338
 100.00000582 100.00000825 100.00001048 100.00001285 100.00001606
 100.00002253 100.00002456 100.00003408 100.00007643 100.00012623
 100.00037959 100.00051757 100.00146957 100.001991   100.0040323
 100.00614783 100.01076512 100.0247708  100.03371947 101.9706718 ]
dx norm:  0.22891749303401163
alpha:  [0.20909415]
delta:  0.02955312127254265
rho is:  0.9896398287599483
p1, p2, p3:  [ 0.         -1.25808391] [0.         1.25808391] [-0.19345557  0.07825428]
p3, a, b [-0.19345557  0.07825428] 0.1938137469410046 1.2877693133424786
dydx:  109.13903534654526
[  0.45431848   1.22829803   9.79898111  17.81680949  34.35606053
  48.081006    79.97911458  98.12110819  99.48175734  99.80458856
  99.98571322  99.99992869 100.         100.         100.
 100.         100.         100.         100.         100.
 100.         100.         100.         100.         100.
 100.         100.         100.         100.         100.
 100.         100.         100.         100.         100.
 100.00000083 100.00000174 100.00000238 100.00000283 100.00000348
 100.00000472 100.00000611 100.00001014 100.00001148 100.00001743
 100.00002314 100.00003382 100.0000368  100.00007814 100.00013004
 100.00030442 100.00043555 100.00114895 100.00271939 100.00418706
 100.00938891 100.01105533 100.02733154 100.04589994 105.87360286]
dx norm:  0.2632551169891134
alpha:  [0.23617004]
delta:  0.03398608946342404
rho is:  0.989919443548864
p1, p2, p3:  [ 0.         -1.25808391] [0.         1.25808391] [-0.19937571  0.25554613]
p3, a, b [-0.19937571  0.25554613] 0.20340168048564214 1.2907911402244605
dydx:  31.41997387118397
[  0.45543363   1.15417032  10.11132009  17.48290544  31.88889248
  47.97586018  77.83406466  96.33389877  99.47666667  99.70934682
  99.98615808  99.99962158 100.         100.         100.
 100.         100.         100.         100.         100.
 100.         100.         100.         100.         100.
 100.         100.         100.         100.         100.
 100.         100.         100.         100.         100.00000073
 100.00000133 100.00000237 100.00000278 100.0000034  100.00000392
 100.00000535 100.00000976 100.00001145 100.00001181 100.00001832
 100.00002655 100.0000336  100.00006049 100.00012329 100.00015467
 100.00027074 100.00043954 100.00145678 100.00275009 100.0042258
 100.00902039 100.00996292 100.01834926 100.11678036 108.3872602 ]
dx norm:  0.3027433845374803
alpha:  [0.25912021]
delta:  0.03908400288293765
rho is:  0.9834935149737766
p1, p2, p3:  [ 0.         -1.25808391] [0.         1.25808391] [-0.25103192  0.34772683]
p3, a, b [-0.25103192  0.34772683] 0.26034866134666235 1.3115641332167347
dydx:  18.32141932442885
[  0.44070487   1.12287873  10.53205301  16.96363932  30.08786282
  47.69311641  76.96679138  94.22768974  99.50598153  99.64412547
  99.97512394  99.99875261 100.         100.         100.
 100.         100.         100.         100.         100.
 100.         100.         100.         100.         100.
 100.         100.         100.         100.         100.
 100.         100.         100.         100.00000058 100.00000125
 100.00000188 100.00000229 100.0000027  100.00000352 100.00000496
 100.00000522 100.00000958 100.00001107 100.0000149  100.00001902
 100.00002594 100.00003611 100.00009475 100.00012259 100.00016845
 100.0003881  100.00052518 100.00129893 100.00278798 100.00422684
 100.00830191 100.01170172 100.04722378 100.13626741 109.39939304]
dx norm:  0.34815489221810225
alpha:  [0.31329206]
delta:  0.04494660331537828
rho is:  0.9887309789500409
p1, p2, p3:  [ 0.         -1.25808391] [0.         1.25808391] [-0.28733168  0.49390637]
p3, a, b [-0.28733168  0.49390637] 0.3093234754987528 1.3337225937909971
dydx:  10.815438786289823
[  0.43717487   1.12184432  10.29125222  16.77582611  27.42613077
  47.45348058  74.16704508  91.63364569  99.44420908  99.694327
  99.94009076  99.99332971  99.99997427 100.         100.
 100.         100.         100.         100.         100.
 100.         100.         100.         100.         100.
 100.         100.         100.         100.         100.
 100.         100.         100.         100.00000065 100.00000127
 100.00000204 100.00000263 100.00000345 100.00000351 100.00000463
 100.0000067  100.00000966 100.00001122 100.00001796 100.00002213
 100.00003477 100.0000809  100.00008759 100.00013306 100.00027564
 100.00031509 100.00101399 100.00214805 100.00285966 100.00432443
 100.00984473 100.0157518  100.05524048 100.21971264 111.05967538]
dx norm:  0.4003781260508175
alpha:  [0.14391506]
delta:  0.051688593812685014
rho is:  0.6444751399508784
p1, p2, p3:  [ 0.         -1.25808391] [0.         1.25808391] [-0.28361713  0.69589777]
p3, a, b [-0.28361713  0.69589777] 0.3313323454963189 1.346049813221152
dydx:  6.726383372435457
[  0.44353115   1.23898412   9.99647353  15.40700246  25.79045369
  47.42710278  71.75693538  89.0366116   99.27881726  99.71646217
  99.88036617  99.9906397   99.99983273 100.         100.
 100.         100.         100.         100.         100.
 100.         100.         100.         100.         100.
 100.         100.         100.         100.         100.
 100.         100.         100.00000046 100.00000115 100.00000147
 100.00000231 100.00000316 100.00000347 100.00000409 100.00000588
 100.00000635 100.00000992 100.0000163  100.00002065 100.00002895
 100.00005214 100.00007832 100.00012196 100.00013247 100.00022811
 100.0003128  100.00081602 100.00227385 100.00281546 100.00521929
 100.01036393 100.01778217 100.06278533 101.1750418  111.46046496]
dx norm:  0.4003781260508175
alpha:  [0.32164618]
delta:  0.051688593812685014
rho is:  0.8869783962560637
p1, p2, p3:  [ 0.         -1.25808391] [0.         1.25808391] [-0.30298518  0.7631528 ]
p3, a, b [-0.30298518  0.7631528 ] 0.36530770861424744 1.3660430423831706
dydx:  5.551635935902652
[  0.44348912   1.27669646   4.1557961   15.81936969  27.49280997
  49.41288623  71.40071671  88.96486656  99.36139399  99.71430507
  99.88236507  99.99184715  99.99980526 100.         100.
 100.         100.         100.         100.         100.
 100.         100.         100.         100.         100.
 100.         100.         100.         100.         100.
 100.         100.00000033 100.000001   100.00000137 100.00000219
 100.00000251 100.00000318 100.00000353 100.00000576 100.00000627
 100.00000912 100.000013   100.00001828 100.00002245 100.00003081
 100.00005232 100.00009233 100.00011997 100.00021935 100.0002842
 100.00055484 100.00197442 100.00277904 100.00514302 100.00914496
 100.01465775 100.04209447 100.70458327 100.92947969 113.7489907 ]
dx norm:  0.4003781260508175
alpha:  [0.33858282]
delta:  0.051688593812685014
rho is:  0.9543090377622427
p1, p2, p3:  [ 0.         -1.25808391] [0.         1.25808391] [-0.30908227  0.84693999]
p3, a, b [-0.30908227  0.84693999] 0.3908213526052775 1.3838752076536172
dydx:  4.575712694281481
[  0.44220035   1.11475829   4.54743486  14.17680025  27.3895423
  45.28317848  69.99941537  88.52890811  97.77240531  99.36385603
  99.73566768  99.93881277  99.99221312  99.99987183 100.
 100.         100.         100.         100.         100.
 100.         100.         100.         100.         100.
 100.         100.         100.         100.         100.
 100.         100.00000029 100.00000045 100.00000121 100.000002
 100.00000251 100.00000269 100.00000321 100.00000468 100.00000604
 100.00000856 100.00001169 100.00001622 100.00002021 100.0000256
 100.00003857 100.00009172 100.00012443 100.00020813 100.00028831
 100.00054467 100.00197625 100.00277657 100.00494355 100.00912782
 100.01259291 100.02493536 100.26901084 101.6026705  108.5428598 ]
dx norm:  0.4003781260508177
alpha:  [0.36867612]
delta:  0.051688593812685014
rho is:  0.8595968148040459
p1, p2, p3:  [ 0.         -1.25808391] [0.         1.25808391] [-0.29474277  1.01382308]
p3, a, b [-0.29474277  1.01382308] 0.42229814487568457 1.4156633952528526
dydx:  3.2671016961826154
[  0.44233125   0.76318655   6.10178169  11.95195094  28.43466255
  43.0392722   66.89495537  87.60075798  94.9012414   99.43096119
  99.75059401  99.9437666   99.99441044  99.9999118  100.
 100.         100.         100.         100.         100.
 100.         100.         100.         100.         100.
 100.         100.         100.         100.         100.
 100.00000028 100.00000045 100.00000069 100.00000179 100.00000232
 100.00000268 100.00000307 100.00000367 100.00000575 100.00000726
 100.00001153 100.00001386 100.00001879 100.00002534 100.00003512
 100.00008137 100.00011773 100.00019913 100.00021104 100.00053168
 100.00132487 100.00270689 100.00472343 100.00822055 100.01205189
 100.01761868 100.07960502 100.30180542 102.56722683 109.02113004]
dx norm:  0.40037812605081574
alpha:  [0.44048811]
delta:  0.051688593812685014
rho is:  1.4002602886846425
p1, p2, p3:  [ 0.         -1.25808391] [0.         1.25808391] [-0.25461968  1.16706406]
p3, a, b [-0.25461968  1.16706406] 0.42862010056283206 1.4507931896159452
dydx:  2.4995580197414213
[ -2.90597534   0.44950651   3.47282263  10.77623047  28.46381641
  43.28715606  61.94038513  86.37023987  89.31943984  97.94943858
  99.5786513   99.84572453  99.95389404  99.9946371   99.99992127
 100.         100.         100.         100.         100.
 100.         100.         100.         100.         100.
 100.         100.         100.         100.         100.
 100.00000028 100.00000044 100.00000068 100.00000148 100.00000208
 100.00000247 100.00000308 100.00000333 100.00000384 100.00000721
 100.00000973 100.00001341 100.0000189  100.00002475 100.00003542
 100.00008209 100.000108   100.00016799 100.00019974 100.00033113
 100.00133916 100.00257635 100.00471407 100.00596496 100.00903878
 100.01225663 100.02630524 100.11102544 101.14533129 108.50265038]
dx norm:  0.4003781260508173
alpha:  [0.36922847]
delta:  0.051688593812685014
rho is:  0.930172676785133
p1, p2, p3:  [ 0.         -1.25808391] [0.         1.25808391] [-0.26471042  0.91864589]
p3, a, b [-0.26471042  0.91864589] 0.35786058921945046 1.3651354190599512
dydx:  4.193210120830981
[ -5.70318727   0.4001997    0.79175981  11.46855809  26.03558152
  41.61514539  50.07194181  79.09348553  87.82984781  95.22331722
  99.53374368  99.814507    99.954982    99.99237809  99.99950747
  99.99997248 100.         100.         100.         100.
 100.         100.         100.         100.         100.
 100.         100.         100.         100.         100.
 100.00000027 100.00000039 100.00000062 100.00000132 100.00000218
 100.0000025  100.0000029  100.00000316 100.00000369 100.00000534
 100.00000769 100.00001119 100.00001359 100.00002307 100.0000344
 100.00008685 100.00011262 100.00016946 100.00019142 100.0003997
 100.00149818 100.00257    100.00471091 100.00684755 100.0088004
 100.01227128 100.0262814  100.05459998 101.24866797 108.52817687]
dx norm:  0.4003781260508176
alpha:  [0.26550651]
delta:  0.051688593812685014
rho is:  0.9759873422719172
p1, p2, p3:  [ 0.         -1.25808391] [0.         1.25808391] [-0.16388278  1.17360013]
p3, a, b [-0.16388278  1.17360013] 0.3219311087538185 1.3634938255918847
dydx:  2.5049186744100975
[ -5.69319564   0.40042073   0.86386518  11.18453398  26.83292763
  42.18129991  45.69411989  74.31522105  87.6497574   94.79509847
  99.58923883  99.77556194  99.92280452  99.96100932  99.9956301
  99.99993523 100.         100.         100.         100.
 100.         100.         100.         100.         100.
 100.         100.         100.         100.         100.00000021
 100.00000038 100.00000058 100.00000102 100.00000158 100.00000231
 100.00000252 100.0000029  100.00000366 100.00000531 100.00000592
 100.00000884 100.0000105  100.00001562 100.00003279 100.00005686
 100.00007237 100.00010508 100.00016537 100.0001745  100.00128585
 100.00247848 100.0031516  100.00490668 100.00742116 100.01105201
 100.01608924 100.02654278 100.26730742 101.4614968  108.52524411]
dx norm:  0.4604348449584398
alpha:  [0.40593948]
delta:  0.05944188288458776
rho is:  1.028812753300142
p1, p2, p3:  [ 0.         -1.25808391] [0.         1.25808391] [-0.16849101  0.87753985]
p3, a, b [-0.16849101  0.87753985] 0.22832084922345314 1.3003527755792326
dydx:  6.227892858680435
[ -3.10231947   0.32435175   0.97996276   9.36736434  26.65414055
  38.45482852  44.49826765  66.81261702  87.58832089  94.56068143
  99.45510181  99.62964415  99.85571975  99.96185359  99.9983922
  99.99969033  99.99996495 100.         100.         100.
 100.         100.         100.         100.         100.
 100.         100.         100.         100.         100.00000017
 100.00000037 100.00000057 100.000001   100.00000136 100.00000211
 100.00000233 100.00000255 100.00000365 100.00000472 100.00000597
 100.00000877 100.00000909 100.00001522 100.0000283  100.00006539
 100.00007087 100.00010913 100.00016839 100.0002669  100.00124905
 100.00249481 100.00423816 100.0063589  100.00836336 100.01090562
 100.02443228 100.03862845 100.11633357 101.4952013  108.57735234]
dx norm:  0.5295000717022057
alpha:  [0.36547121]
delta:  0.06835816531727586
rho is:  0.8843023178313449
p1, p2, p3:  [ 0.         -1.25808391] [0.         1.25808391] [-0.01862301  1.1367634 ]
p3, a, b [-0.01862301  1.1367634 ] 0.043239093838255666 1.2595773351308357
dydx:  13.901968073801278
[ -2.37830079   0.34409241   0.86973123   7.57568102  26.7868205
  34.09589652  43.80046863  64.92323517  87.54513981  94.30577574
  99.03279193  99.61916952  99.84978456  99.96326357  99.98206014
  99.9984059   99.99995929 100.         100.         100.
 100.         100.         100.         100.         100.
 100.         100.         100.         100.00000017 100.00000035
 100.00000055 100.00000066 100.00000104 100.00000191 100.00000223
 100.00000239 100.00000318 100.00000471 100.00000542 100.00000711
 100.00000887 100.00001363 100.00002198 100.00004535 100.00006231
 100.00009845 100.00013712 100.00016732 100.00050498 100.00219971
 100.00277139 100.00438526 100.00575095 100.00767797 100.01154225
 100.01665591 100.04656591 100.11727216 101.57539483 108.65020132]
dx norm:  0.5295000717022076
alpha:  [0.59160716]
delta:  0.06835816531727586
rho is:  0.9011948755335576
p1, p2, p3:  [ 0.         -1.25808391] [0.         1.25808391] [-0.01231733  0.99812911]
p3, a, b [-0.01231733  0.99812911] 0.020225375764639543 1.2584091811648985
dydx:  47.772764500078914
[ -1.96516665   0.27005587   1.13078213  13.7322457   26.93929947
  31.75581336  44.04447521  64.9544242   87.52298216  95.57975242
  99.0175313   99.71338827  99.89927474  99.96212952  99.97566384
  99.99887063  99.99996198 100.         100.         100.
 100.         100.         100.         100.         100.
 100.         100.         100.00000017 100.00000035 100.00000046
 100.00000066 100.00000103 100.00000156 100.0000019  100.00000225
 100.00000318 100.00000366 100.00000522 100.00000544 100.00000717
 100.00001238 100.00001971 100.00004371 100.0000609  100.00009069
 100.00012767 100.00015999 100.00017026 100.0011046  100.00197711
 100.00421321 100.00538009 100.00720514 100.00914999 100.01426665
 100.01757037 100.0619538  101.38401441 104.61822965 114.55186805]
dx norm:  0.5295000717022059
alpha:  [0.0837974]
delta:  0.06835816531727586
rho is:  0.2429245233281785
p1, p2, p3:  [ 0.         -1.25808391] [0.         1.25808391] [0.12170996 0.92513657]
p3, a, b [0.12170996 0.92513657] 0.17566004676540092 1.2830222372952176
dydx:  -7.018473124187966
[ -1.90350247   0.30199499   2.22466752  14.0645264   27.7238451
  31.7695121   46.73723807  64.24171454  87.80250603  94.24993583
  99.1423053   99.70417287  99.89298707  99.96241305  99.97809284
  99.99915211  99.99996205 100.         100.         100.
 100.         100.         100.         100.         100.
 100.         100.00000017 100.00000032 100.00000036 100.00000058
 100.00000094 100.00000111 100.00000181 100.00000206 100.00000273
 100.00000357 100.00000511 100.00000536 100.00000705 100.00001095
 100.00001938 100.00002787 100.00004778 100.00008711 100.00012115
 100.00015956 100.00016045 100.0009378  100.00102576 100.00221608
 100.00472291 100.0056741  100.00855486 100.01424048 100.01661218
 100.03910538 100.62637259 101.41326181 102.23933454 110.03220717]
dx norm:  0.4889141444900237
alpha:  1
delta:  0.06835816531727586
rho is:  1.02001016941623
p1, p2, p3:  [ 0.         -1.25808391] [0.         1.25808391] [0.01586374 0.99439206]
p3, a, b [0.01586374 0.99439206] 0.025878019953078604 1.2586165229432469
dydx:  -37.737460294977
[ -3.66631996   0.30198244   2.01217098  11.88265458  16.06080951
  27.72929574  32.3575378   46.80103853  87.83067472  94.27884921
  99.14262423  99.71534973  99.92265488  99.96358653  99.98377035
  99.99917752  99.99996281 100.         100.         100.
 100.         100.         100.         100.         100.
 100.00000009 100.00000017 100.00000036 100.00000049 100.00000079
 100.00000111 100.00000134 100.00000206 100.0000024  100.00000339
 100.0000051  100.00000534 100.00000623 100.00001077 100.00001749
 100.00002631 100.00004762 100.0000823  100.00011903 100.00015386
 100.00015956 100.00068863 100.00100247 100.00116877 100.00284063
 100.00506806 100.00800681 100.013762   100.01660204 100.03395176
 100.21718067 100.6706605  101.76968722 102.83321064 111.02995103]
dx norm:  0.5622512661635272
alpha:  [0.11267188]
delta:  0.07258632634117915
rho is:  0.33765453177103205
p1, p2, p3:  [ 0.         -1.25808391] [0.         1.25808391] [-0.06221083  0.95117874]
p3, a, b [-0.06221083  0.95117874] 0.09434590713938056 1.2652013500619135
dydx:  11.761887782794407
[ -3.66600264   0.30201307   2.04182978  12.72634057  16.09265919
  27.75806657  31.38922514  47.00840288  87.40759738  91.26988025
  97.80876416  99.40214982  99.73226154  99.93034091  99.96724258
  99.98379058  99.99921621  99.99998345 100.         100.
 100.         100.         100.         100.         100.
 100.00000007 100.00000012 100.00000034 100.00000049 100.00000074
 100.00000093 100.00000125 100.00000192 100.00000233 100.00000337
 100.00000384 100.0000053  100.00000558 100.00001077 100.00001512
 100.0000263  100.00004754 100.00006098 100.00011928 100.00013783
 100.00015937 100.0004452  100.00099796 100.00107634 100.00221803
 100.00332999 100.00658572 100.01177657 100.0159729  100.03050518
 100.03807676 100.39659849 101.09363058 102.30298601 107.13277608]
dx norm:  0.44510567474970525
alpha:  1
delta:  0.07258632634117915
rho is:  0.8658177630841468
p1, p2, p3:  [ 0.         -1.25808391] [0.         1.25808391] [-0.0469476   1.02737103]
p3, a, b [-0.0469476   1.02737103] 0.08067736421026912 1.2632942714341726
dydx:  11.20447973646471
[-11.3638123    0.14464866   1.68268836   3.69794763  13.17309661
  25.55872621  29.88820049  43.42685182  55.3850854   87.93143721
  99.13430866  99.71439367  99.85678691  99.93538157  99.96779021
  99.98541112  99.99925411  99.99998345 100.         100.
 100.         100.         100.         100.         100.00000006
 100.00000011 100.00000034 100.00000046 100.00000059 100.00000092
 100.00000125 100.00000174 100.00000229 100.00000267 100.00000349
 100.00000515 100.00000543 100.00000893 100.00001487 100.00002604
 100.00003464 100.00004824 100.00009924 100.00012504 100.00015804
 100.0004298  100.00081044 100.00103268 100.00214852 100.00323682
 100.0065671  100.01173302 100.01592968 100.02450984 100.03261691
 100.33669215 100.65571398 101.83973944 103.92639879 120.37133588]
dx norm:  0.5622512661635265
alpha:  [0.98107509]
delta:  0.07258632634117915
rho is:  0.8309216477211617
p1, p2, p3:  [ 0.         -1.25808391] [0.         1.25808391] [0.09942451 0.75565762]
p3, a, b [0.09942451 0.75565762] 0.12369028394381375 1.2702798886929507
dydx:  -13.877015663637925
[-11.40614264   0.14432839   1.67584438   3.68059776  13.17610927
  25.53532782  29.87366242  42.47009716  61.67374584  87.66811249
  99.07424063  99.71621493  99.78584784  99.94088438  99.96797855
  99.9823256   99.98574083  99.99936437  99.99998348 100.
 100.         100.         100.         100.         100.00000003
 100.00000006 100.00000029 100.00000037 100.00000058 100.00000061
 100.00000125 100.00000173 100.00000229 100.00000266 100.00000323
 100.00000462 100.00000531 100.00000645 100.00001485 100.00002583
 100.00003175 100.00003468 100.00005382 100.00010369 100.00014631
 100.00042555 100.00069264 100.0010113  100.00201604 100.0032305
 100.00568399 100.00771166 100.01520449 100.02311927 100.0305318
 100.28005007 100.44208933 101.6454895  104.18181416 122.74061133]
dx norm:  0.3284470317089024
alpha:  1
delta:  0.07258632634117915
rho is:  1.0469643803808448
p1, p2, p3:  [ 0.         -1.25808391] [0.         1.25808391] [0.04162066 0.61325724]
p3, a, b [0.04162066 0.61325724] 0.04764605667133427 1.2598885140418234
dydx:  -47.454413711344515
[-11.04113457   0.16645876   1.63597677   4.48410757  13.25804736
  22.28904342  29.84699755  36.83230805  61.81152686  86.57300396
  98.05674673  99.52127468  99.71914786  99.91367286  99.96206867
  99.97055346  99.98818874  99.99971047  99.99998507 100.
 100.         100.         100.         100.00000003 100.00000006
 100.00000021 100.0000003  100.0000005  100.00000059 100.00000112
 100.00000137 100.00000174 100.0000023  100.00000315 100.00000415
 100.00000462 100.00000635 100.00001467 100.00001867 100.00002664
 100.00003176 100.00004721 100.00010233 100.000114   100.00024485
 100.00068463 100.00100925 100.0019406  100.00273265 100.00323806
 100.00461666 100.01441009 100.01854032 100.03031892 100.0619741
 100.18134148 100.41714799 101.50712371 105.07948965 119.61004269]
dx norm:  0.18729096424734146
alpha:  1
delta:  0.07258632634117915
rho is:  0.7587542398457053
p1, p2, p3:  [ 0.         -1.25808391] [0.         1.25808391] [0.06199354 0.61061974]
p3, a, b [0.06199354 0.61061974] 0.07083632510549885 1.2620730475269397
dydx:  -32.22794013703
[-10.47182557   0.19402459   2.17420623   4.62188419  10.92821474
  15.63391386  30.20137534  33.61326247  63.9619872   83.44062738
  95.09115532  99.63696298  99.76419011  99.91044248  99.96944727
  99.97848822  99.98960273  99.99973706  99.99998507 100.
 100.         100.         100.         100.00000005 100.00000014
 100.00000028 100.00000043 100.00000058 100.00000101 100.00000116
 100.0000014  100.0000023  100.00000275 100.000004   100.00000458
 100.00000633 100.00000814 100.0000178  100.00002654 100.00003056
 100.00004717 100.00007471 100.00010819 100.00020286 100.00054993
 100.00092298 100.00109337 100.00186988 100.00301276 100.00409566
 100.0090869  100.01437076 100.02688935 100.02988638 100.06057063
 100.17887796 100.37259016 101.03877016 103.27655769 118.51497701]
dx norm:  0.5622512661635274
alpha:  [0.13006176]
delta:  0.07258632634117915
rho is:  4.489733316257717
p1, p2, p3:  [ 0.         -1.25808391] [0.         1.25808391] [0.22160613 0.50223241]
p3, a, b [0.22160613 0.50223241] 0.24013763275816782 1.3037944986848777
dydx:  -13.006932131788362
[ -9.3144326    0.19198566   2.08768735   4.92083493  11.70575153
  14.97554106  30.36539372  33.69958877  62.45299731  82.46949379
  92.37600155  99.58087726  99.70433623  99.77618978  99.96166745
  99.97060369  99.98523516  99.98994247  99.99978874  99.9999855
 100.         100.         100.         100.00000005 100.00000012
 100.0000002  100.00000036 100.00000058 100.00000085 100.00000116
 100.00000131 100.00000178 100.00000274 100.00000333 100.00000428
 100.00000589 100.00000781 100.00001334 100.00001939 100.00002656
 100.00004465 100.0000658  100.00011381 100.00013679 100.00049231
 100.00082872 100.00159713 100.0018177  100.0029816  100.00354659
 100.00824139 100.01341527 100.0246615  100.04972958 100.07574324
 100.17286084 100.31255119 100.94992419 102.62976104 119.94502372]
dx norm:  0.43678970977549597
alpha:  1
delta:  0.07258632634117915
rho is:  0.9763659088286409
p1, p2, p3:  [ 0.         -1.25808391] [0.         1.25808391] [0.12262945 0.45455072]
p3, a, b [0.12262945 0.45455072] 0.13130255942198932 1.2717721546796006
dydx:  -25.30956358030912
[ -3.07022601   0.19199449   2.08077869   4.93099129  11.82829308
  15.20465733  30.78201439  33.49646231  62.88847972  82.81226637
  92.29098935  99.55803641  99.71141744  99.81182957  99.96358891
  99.97959345  99.98779908  99.99406097  99.99980598  99.99998901
 100.         100.         100.00000002 100.00000009 100.00000017
 100.00000035 100.00000049 100.00000077 100.00000099 100.00000117
 100.00000173 100.00000232 100.00000276 100.00000375 100.00000588
 100.00000774 100.00000956 100.00001835 100.00002655 100.00004265
 100.00006093 100.00007731 100.00012296 100.00049188 100.00062002
 100.00113639 100.00163309 100.00240718 100.00310965 100.00786065
 100.01329741 100.01848329 100.04325422 100.06938576 100.14355629
 100.21550591 100.8874296  101.5648459  102.52764483 123.86208631]
dx norm:  0.32153585028932297
alpha:  1
delta:  0.07258632634117915
rho is:  1.4921545302357664
p1, p2, p3:  [ 0.         -1.25808391] [0.         1.25808391] [0.15160447 0.21395814]
p3, a, b [0.15160447 0.21395814] 0.1537789116769758 1.2768190220486009
dydx:  -48.84817390159984
[ -2.88924295   0.19201228   2.02262067   5.0508131   12.15130638
  14.9967963   29.79597656  33.6313033   63.08550913  82.14429097
  91.93112336  99.14318092  99.63280613  99.80774837  99.95082648
  99.97320885  99.98480455  99.99023473  99.99833036  99.99980673
  99.99998903 100.         100.00000002 100.00000003 100.0000001
 100.00000035 100.00000046 100.00000057 100.00000087 100.00000116
 100.00000159 100.00000217 100.00000233 100.00000367 100.00000434
 100.00000646 100.00000774 100.00001834 100.00002641 100.00003619
 100.0000611  100.00007746 100.00011834 100.00043057 100.00049363
 100.00099721 100.00164167 100.00238025 100.00308053 100.00751527
 100.01314061 100.01935995 100.02677005 100.06178654 100.14204562
 100.18935793 100.38704544 101.12856301 102.7294583  124.34934444]
dx norm:  0.5622512661635275
alpha:  [0.22238036]
delta:  0.07258632634117915
rho is:  0.9301635718801036
p1, p2, p3:  [ 0.         -1.25808391] [0.         1.25808391] [0.13452266 0.6141346 ]
p3, a, b [0.13452266 0.6141346 ] 0.1534375776601829 1.276811572144192
dydx:  -15.167780332928201
[ -2.05017655   0.19567988   1.77949631   4.96473716  11.85208786
  14.40050756  27.24848179  32.28614478  62.51549505  81.36890166
  92.01004292  98.14457017  99.57284267  99.80576263  99.80962162
  99.97050139  99.9846471   99.99026077  99.99566147  99.9998069
  99.99998944 100.         100.00000003 100.00000007 100.00000028
 100.00000037 100.00000052 100.0000008  100.00000107 100.00000134
 100.00000201 100.00000229 100.00000308 100.00000393 100.00000487
 100.00000774 100.0000124  100.00002598 100.00003286 100.00005251
 100.00007633 100.00010802 100.00014563 100.00043379 100.00055547
 100.0011796  100.00159031 100.00224997 100.00301412 100.00764073
 100.00868482 100.01335813 100.02161721 100.06178668 100.16222373
 100.18344132 100.41460699 101.12846307 102.19195413 123.61180895]
dx norm:  0.5622512661635253
alpha:  [0.93738462]
delta:  0.07258632634117915
rho is:  1.3019525844674587
p1, p2, p3:  [ 0.         -1.25808391] [0.         1.25808391] [0.13275141 0.17964097]
p3, a, b [0.13275141 0.17964097] 0.13409468991436993 1.2723394881889534
dydx:  -66.52985915359358
[ -2.28339963   0.19554204   2.15206243   4.97070164  11.66041903
  14.40134395  26.50480481  32.27330872  61.33406826  81.13468176
  92.15629367  97.8891348   99.5174161   99.78729412  99.81236326
  99.97090092  99.98506367  99.99065495  99.99638204  99.99981884
  99.99995894  99.99998979 100.         100.00000003 100.00000018
 100.0000003  100.00000038 100.00000058 100.00000094 100.00000109
 100.00000164 100.00000209 100.00000243 100.00000319 100.00000417
 100.00000692 100.00001346 100.00002196 100.00002956 100.00005446
 100.00006862 100.00011612 100.00024555 100.00044238 100.00094503
 100.00107635 100.00204457 100.00238518 100.00464904 100.00720661
 100.00805012 100.01410538 100.02160594 100.06182343 100.18237911
 100.19215917 100.42544501 101.13304139 102.10376084 124.94383408]
dx norm:  0.23673952694585737
alpha:  1
delta:  0.07258632634117915
rho is:  1.2440871997753975
p1, p2, p3:  [ 0.         -1.25808391] [0.         1.25808391] [0.0683286  0.15634734]
p3, a, b [0.0683286  0.15634734] 0.06885920874542589 1.261850165302509
dydx:  -146.75859744323242
[ -2.78928193   0.19474827   2.46796324   4.97215723  11.5528345
  14.39227315  25.8874328   32.25614798  59.96526062  81.27918883
  92.29441115  97.92110424  99.4538362   99.78217806  99.82092156
  99.97100032  99.98378023  99.98901562  99.99645242  99.99920179
  99.99985285  99.9999961  100.         100.00000011 100.00000018
 100.00000036 100.00000055 100.00000063 100.00000102 100.00000128
 100.00000203 100.00000239 100.00000312 100.0000035  100.00000548
 100.00000711 100.0000178  100.00002649 100.00003065 100.00005513
 100.00008198 100.0001277  100.00027434 100.00046808 100.00088286
 100.00118443 100.00202904 100.00232624 100.00554962 100.0070536
 100.00798826 100.01415111 100.02311422 100.06175224 100.18366643
 100.21239997 100.441086   101.17259262 102.16027043 125.83639943]
dx norm:  0.1541001007896723
alpha:  1
delta:  0.07258632634117915
rho is:  1.3078428081201154
p1, p2, p3:  [ 0.         -1.25808391] [0.         1.25808391] [0.03543776 0.12367623]
p3, a, b [0.03543776 0.12367623] 0.03560996567577152 1.2590916529903535
dydx:  -358.22144831733925
[ -2.74026128   0.19026503   2.82342392   4.83083848  11.09359862
  14.26199685  19.67660875  31.46898195  55.90314741  81.45528144
  90.23672363  97.97382767  99.09563284  99.7633529   99.84817071
  99.95815362  99.97128889  99.98752895  99.99581564  99.99841389
  99.99984874  99.99999763  99.99999903 100.00000002 100.00000014
 100.00000025 100.00000052 100.00000064 100.00000076 100.00000138
 100.00000179 100.0000023  100.00000278 100.00000371 100.00000449
 100.00000765 100.00001872 100.00002678 100.00003571 100.00004535
 100.00010676 100.00022983 100.00029473 100.00071127 100.00088737
 100.00149486 100.00232322 100.00369168 100.00535757 100.00778703
 100.01195357 100.01445479 100.02538818 100.08732531 100.15393296
 100.21829144 100.41742932 101.09795374 102.12762531 124.46050208]
dx norm:  0.07599558168573767
alpha:  1
delta:  0.07258632634117915
rho is:  0.7534813235829664
p1, p2, p3:  [ 0.         -1.25808391] [0.         1.25808391] [0.022163   0.17058759]
p3, a, b [0.022163   0.17058759] 0.02236946405337591 1.258481622675228
dydx:  -411.2101238123414
[ -2.65880948   0.20794219   2.85065246   5.36674078   8.63486393
  12.97642897  16.05994481  31.4381187   52.21812319  79.92552097
  89.03320948  97.5994857   98.20982015  99.66141102  99.82110704
  99.8948759   99.97354074  99.9861117   99.99478279  99.99848867
  99.99985311  99.99999042  99.99999802 100.00000005 100.00000015
 100.0000003  100.00000054 100.00000075 100.0000011  100.00000136
 100.00000191 100.00000259 100.00000351 100.0000044  100.00000657
 100.00001581 100.00002292 100.00002704 100.00003932 100.00004211
 100.00011601 100.00021381 100.0002947  100.00088673 100.00119878
 100.00148791 100.00247809 100.00274875 100.00557744 100.0079499
 100.01038034 100.01442885 100.02786783 100.05476936 100.17914553
 100.22816688 100.4088898  100.81104122 102.12283205 118.00516544]
dx norm:  0.04482889037438793
alpha:  1
delta:  0.07258632634117915
rho is:  1.678730647863794
p1, p2, p3:  [ 0.         -1.25808391] [0.         1.25808391] [0.00705674 0.18243925]
p3, a, b [0.00705674 0.18243925] 0.007132127649852879 1.2581243416829717
dydx:  -1203.6354279323461
[ -2.5231792    0.20475207   2.63880594   5.51653694   9.30378415
  14.07776673  15.88734806  31.53373951  48.25202538  78.14253071
  88.44240342  94.89191295  98.19671256  99.56791872  99.80229326
  99.89298585  99.97511318  99.98446094  99.99334835  99.99750339
  99.99972339  99.99986649  99.99999894 100.00000005 100.00000025
 100.00000049 100.00000071 100.00000104 100.00000127 100.00000169
 100.00000216 100.00000272 100.00000353 100.00000432 100.00000587
 100.00001314 100.00002115 100.00002692 100.00004033 100.00006441
 100.00011472 100.00017352 100.00031231 100.00083203 100.00118698
 100.00154674 100.00202392 100.00351471 100.00697424 100.00766121
 100.00993094 100.01544062 100.02610717 100.06618959 100.17949429
 100.23243219 100.37827903 100.55070371 102.1274544  115.90103678]
dx norm:  0.07126186359265166
alpha:  1
delta:  0.07258632634117915
rho is:  1.7329794647852828
p1, p2, p3:  [ 0.         -1.25808391] [0.         1.25808391] [0.01626763 0.1592875 ]
p3, a, b [0.01626763 0.1592875 ] 0.016399564677886575 1.2582976752491795
dydx:  -601.2357661139617
[ -3.07966185   0.23177261   3.10403559   5.67811601   8.73144371
  10.44258609  16.07657399  19.37060488  32.69963574  68.27856839
  82.6460093   89.00512504  98.59031587  99.48254163  99.69066509
  99.87754804  99.95654237  99.98290368  99.98756206  99.99625525
  99.9990061   99.99994459  99.99999023  99.99999897 100.00000005
 100.00000026 100.00000049 100.00000073 100.00000121 100.00000173
 100.00000213 100.00000242 100.00000282 100.00000411 100.00000566
 100.0000141  100.00002565 100.00003445 100.00004032 100.00008405
 100.0001434  100.00027436 100.00067043 100.00090112 100.00123335
 100.00142678 100.00196649 100.00365431 100.00494996 100.00731554
 100.01115324 100.01226216 100.02747784 100.09936112 100.15734564
 100.20172932 100.3755718  100.41885881 102.53126952 113.2453152 ]
dx norm:  0.07796452229127365
alpha:  1
delta:  0.07258632634117915
rho is:  1.441624265944161
p1, p2, p3:  [ 0.         -1.25808391] [0.         1.25808391] [-0.01729514  0.19770964]
p3, a, b [-0.01729514  0.19770964] 0.01751265407872013 1.2583276769519052
dydx:  451.6267837539256
[ -4.00921771   0.24192246   2.95663909   3.73622776   6.57602667
  12.73097425  15.51298344  16.13067263  33.34732969  68.85903856
  81.56282255  88.95608396  98.56582622  99.45212313  99.67586122
  99.88546171  99.95193331  99.9864538   99.9877759   99.99634055
  99.998984    99.99994568  99.99999278  99.99999972 100.00000021
 100.00000049 100.0000007  100.00000093 100.00000161 100.00000191
 100.00000224 100.00000277 100.00000358 100.00000541 100.00001314
 100.00001605 100.00003093 100.00003347 100.00005184 100.00013893
 100.00017684 100.00045785 100.00077266 100.00101192 100.00137204
 100.00170302 100.00206187 100.00368321 100.00554791 100.0107729
 100.01147173 100.02699763 100.02755998 100.1236483  100.14423923
 100.19326398 100.3883412  100.40737483 102.45059649 113.23066582]
dx norm:  0.048323244966082306
alpha:  1
delta:  0.07258632634117915
rho is:  1.4158576843741117
p1, p2, p3:  [ 0.         -1.25808391] [0.         1.25808391] [-0.04318708  0.18906533]
p3, a, b [-0.04318708  0.18906533] 0.04368195791059062 1.2596001771071341
dydx:  189.9342051590475
[ -4.0233466    0.241441     2.23337175   3.52801349   6.52329474
  12.68214909  15.0409198   16.14426431  33.32683371  68.78300928
  79.21779947  88.93221763  98.22047964  99.16497558  99.54728425
  99.7901958   99.91617357  99.97680054  99.98778945  99.99654824
  99.99906554  99.99953543  99.99995801  99.99999879 100.00000011
 100.00000042 100.00000049 100.00000094 100.00000149 100.00000176
 100.00000219 100.0000027  100.00000337 100.00000525 100.00000757
 100.00001586 100.00002841 100.00003432 100.00005159 100.00005624
 100.00015422 100.00043098 100.0007545  100.0009731  100.00144876
 100.00148047 100.00198307 100.00334778 100.00471648 100.00902435
 100.01133583 100.01449901 100.03754434 100.04642967 100.15467952
 100.26695472 100.37741506 100.43421374 102.58867707 113.37451324]
dx norm:  0.07101599505862277
alpha:  1
delta:  0.07258632634117915
rho is:  1.3960915341581333
p1, p2, p3:  [ 0.         -1.25808391] [0.         1.25808391] [-0.04933184  0.20009926]
p3, a, b [-0.04933184  0.20009926] 0.049965868656567415 1.2600676454183537
dydx:  156.79154789609248
[ -4.00871397   0.25380932   1.81006892   3.41538243   6.43336752
  12.81317009  14.19221662  16.34773401  33.28458027  53.30455069
  69.26958661  88.83614159  91.75981462  99.16725936  99.54161359
  99.7412723   99.91524827  99.97042463  99.98829724  99.99584651
  99.9972773   99.9995534   99.99996825  99.99999894 100.00000019
 100.00000042 100.00000083 100.00000099 100.00000147 100.0000019
 100.00000264 100.00000324 100.00000464 100.00000519 100.00001439
 100.00001927 100.00002957 100.00004353 100.00005175 100.00005745
 100.00015886 100.00042537 100.00054204 100.00103489 100.0014049
 100.00171376 100.00212272 100.00353491 100.00485347 100.0103715
 100.01121245 100.02733226 100.03634402 100.0671495  100.17901229
 100.35750679 100.38424115 100.4332164  102.21461684 112.72760481]
dx norm:  0.046994713881994665
alpha:  1
delta:  0.07258632634117915
rho is:  1.438439185837152
p1, p2, p3:  [ 0.         -1.25808391] [0.         1.25808391] [-0.05343489  0.21758192]
p3, a, b [-0.05343489  0.21758192] 0.05424931044682201 1.2604222184852394
dydx:  132.57014813525225
[ -4.0078619    0.25765069   1.97327011   3.33074022   6.4296702
  11.35331358  12.96903668  16.14869242  30.78884342  34.64586851
  69.17138328  88.6947839   89.99985564  99.18348668  99.53167921
  99.757665    99.91800553  99.97383565  99.9883454   99.99517443
  99.99718813  99.99959233  99.99998082  99.99999942 100.00000023
 100.00000044 100.00000098 100.00000109 100.00000184 100.00000246
 100.00000275 100.00000458 100.00000517 100.00000939 100.00001439
 100.00002777 100.0000305  100.0000435  100.00005396 100.00015834
 100.00018277 100.00036912 100.00054002 100.0013531  100.00169616
 100.00203691 100.00303142 100.00348621 100.00605358 100.01034406
 100.01107694 100.02861324 100.03783949 100.12309696 100.19594903
 100.33063566 100.39360968 100.63213134 102.9291248  112.65160993]
dx norm:  0.05830645761367759
alpha:  1
delta:  0.07258632634117915
rho is:  1.291660933321901
p1, p2, p3:  [ 0.         -1.25808391] [0.         1.25808391] [-0.05229674  0.23044671]
p3, a, b [-0.05229674  0.23044671] 0.05319349839733752 1.2603321376640735
dydx:  127.39635978209111
[ -4.00561465   0.24069327   1.8294145    3.35398549   6.51399688
   8.25421814  13.24076296  15.97549845  25.38330678  34.42738082
  68.90698219  86.41254404  89.92937765  98.63617624  99.5125771
  99.74011372  99.91926455  99.96337     99.98855248  99.99305433
  99.99686717  99.99953143  99.99997885  99.99999385 100.00000024
 100.0000005  100.00000101 100.00000122 100.00000162 100.00000226
 100.00000276 100.00000318 100.00000481 100.00000745 100.00001075
 100.00002188 100.00002923 100.00003754 100.00005243 100.00015508
 100.00018222 100.00033356 100.00071555 100.00127971 100.00164242
 100.00203889 100.00313339 100.00394998 100.00568352 100.00841423
 100.01137713 100.02589355 100.04489809 100.11854308 100.19445946
 100.26102122 100.39133895 100.62164963 102.50691231 113.47552588]
dx norm:  0.5622512661635273
alpha:  [0.00538327]
delta:  0.07258632634117915
rho is:  0.8067299967143629
p1, p2, p3:  [ 0.         -1.25808391] [0.         1.25808391] [-0.10244171  0.3626889 ]
p3, a, b [-0.10244171  0.3626889 ] 0.10691465990316049 1.2671592212887837
dydx:  39.67622957713353
[ -4.00416219   0.24649755   1.83073707   3.37084413   6.44241202
   7.33807748  13.20039714  16.16164088  22.84009103  34.48996716
  68.31062402  78.36265152  89.95446299  96.58961873  99.48965406
  99.65676614  99.82843055  99.92647266  99.98533941  99.99239848
  99.99608533  99.99814954  99.99964399  99.999987    99.99999973
 100.00000043 100.00000086 100.00000107 100.00000206 100.0000022
 100.00000256 100.00000473 100.00000601 100.00000838 100.00001419
 100.00002318 100.00003283 100.00004652 100.00007403 100.00014604
 100.00020592 100.00025747 100.00066408 100.00138394 100.00151385
 100.00208631 100.00262368 100.00329683 100.00573254 100.00815319
 100.0114481  100.02801282 100.0371011  100.07499242 100.19102585
 100.31972954 100.37892077 100.52776807 102.09409917 113.40856699]
dx norm:  0.43456836788047487
alpha:  1
delta:  0.07258632634117915
rho is:  0.9751352830440585
p1, p2, p3:  [ 0.         -1.25808391] [0.         1.25808391] [-0.06456465  0.2619533 ]
p3, a, b [-0.06456465  0.2619533 ] 0.06600323411457094 1.2615447061037912
dydx:  90.04212831408
[ -3.9948941    0.24639691   1.79017203   2.42398318   6.76421142
   7.34464519  13.20039988  16.1738637   22.89606179  34.57546396
  70.78946845  79.30217954  90.30155182  96.64934793  99.49557968
  99.76731437  99.83371478  99.93630786  99.98571761  99.99243638
  99.99618063  99.99875333  99.99965053  99.99998705  99.99999997
 100.00000046 100.00000086 100.00000136 100.00000217 100.00000256
 100.00000445 100.00000519 100.00000691 100.00001226 100.00001741
 100.00002382 100.0000458  100.00005463 100.00014595 100.00014893
 100.000206   100.0003878  100.0008286  100.00142023 100.0016393
 100.00215464 100.00269164 100.00349959 100.00578454 100.01129785
 100.02527411 100.03398141 100.04200741 100.07913967 100.21417322
 100.3226086  100.43070647 100.52787614 102.10270612 117.64608634]
dx norm:  0.13001590414262634
alpha:  1
delta:  0.07258632634117915
rho is:  1.006505741498134
p1, p2, p3:  [ 0.         -1.25808391] [0.         1.25808391] [-0.05365902  0.26428708]
p3, a, b [-0.05365902  0.26428708] 0.05487888354459583 1.2604768530960393
dydx:  107.10901233294365
[ -3.98920655   0.24635136   1.77917902   2.51489951   6.88595119
   7.33962535  13.20949413  16.1967239   22.95265871  34.58348949
  68.75870701  79.64728665  90.38466696  96.48114297  99.48098884
  99.73176892  99.8280062   99.93299548  99.98492397  99.99244981
  99.99603341  99.99851637  99.99965758  99.99997913  99.99998843
  99.99999998 100.00000061 100.00000126 100.00000183 100.00000229
 100.00000332 100.00000503 100.0000061  100.00000939 100.00001702
 100.00001792 100.00004027 100.00004799 100.00014218 100.00016085
 100.00020427 100.00031095 100.00083355 100.00143132 100.00151858
 100.00201969 100.00250272 100.00350839 100.00547959 100.01105221
 100.01562989 100.02969906 100.03707883 100.08055439 100.20338857
 100.328204   100.4332559  100.51416501 102.07745283 114.68366252]
dx norm:  0.03478353126385263
alpha:  1
delta:  0.07258632634117915
rho is:  1.2670962839353188
p1, p2, p3:  [ 0.         -1.25808391] [0.         1.25808391] [-0.06122011  0.24673631]
p3, a, b [-0.06122011  0.24673631] 0.062426448012589036 1.2611799245891064
dydx:  101.26932881334932
[ -3.97428307   0.25204729   1.79085738   2.46712838   6.9788246
   7.32811932  13.43299062  16.29338715  23.66705688  34.63620583
  69.03687917  79.4235923   90.52474111  95.79623076  99.43847376
  99.75016597  99.85954587  99.93150903  99.96773181  99.98947965
  99.99356115  99.99655366  99.99891037  99.99971669  99.99998947
 100.00000007 100.00000088 100.00000151 100.00000178 100.00000245
 100.00000388 100.00000534 100.00000718 100.00001416 100.00001745
 100.00001909 100.00003611 100.0000528  100.00011925 100.0001536
 100.00017881 100.00031534 100.0005068  100.00089542 100.00165893
 100.00204426 100.00239054 100.00361317 100.0037511  100.01159338
 100.01178402 100.02943587 100.05084249 100.11321931 100.18981362
 100.31422041 100.43296098 100.65019511 101.96950755 113.94841565]
dx norm:  0.010270877992599096
alpha:  1
delta:  0.07258632634117915
rho is:  1.5962872293269108
p1, p2, p3:  [ 0.         -1.25808391] [0.         1.25808391] [-0.06063996  0.24252712]
p3, a, b [-0.06063996  0.24252712] 0.06179339640361821 1.2611174725269012
dydx:  104.14191313455672
[ -3.79978887   0.2698484    1.79324218   2.48023466   7.12330107
   7.34496337  12.63789184  16.30594553  18.44357741  36.28548502
  63.38616675  69.43790734  85.81298346  93.74271118  98.34567351
  99.49024995  99.7917657   99.88012853  99.94196138  99.9854893
  99.99356448  99.99609299  99.99911196  99.99975276  99.99999
  99.99999863 100.00000013 100.00000132 100.00000153 100.00000198
 100.00000373 100.00000548 100.00000718 100.00000828 100.00001719
 100.00002288 100.00002889 100.00005016 100.00008843 100.00015564
 100.00018054 100.00025334 100.00044194 100.00120718 100.00151029
 100.00197636 100.00272004 100.00306307 100.00390742 100.01153075
 100.01300919 100.01873729 100.03919472 100.05671351 100.13675438
 100.21525832 100.41762479 100.45037153 101.97733189 113.90937295]
dx norm:  0.5622512661635277
alpha:  [0.03231225]
delta:  0.07258632634117915
rho is:  1.3573633496597264
p1, p2, p3:  [ 0.         -1.25808391] [0.         1.25808391] [ 0.04072031 -0.24092966]
p3, a, b [ 0.04072031 -0.24092966] 0.041486479569533385 1.2594516494113321
dydx:  155.76528442677375
[ -3.78161053   0.27087514   1.70380476   2.49510811   6.84347453
   7.50651117   9.67236253  13.90284599  16.61866705  33.67799905
  40.75778927  69.55297327  85.21072452  93.28610956  98.0396067
  99.48806395  99.82352123  99.89574875  99.95687465  99.9854075
  99.99354464  99.99632735  99.99873582  99.99961831  99.99995924
  99.99999257 100.00000039 100.00000117 100.00000169 100.00000336
 100.00000377 100.00000622 100.00000657 100.00000812 100.00001722
 100.00001956 100.00003942 100.00005899 100.0000897  100.00016242
 100.00020888 100.00034787 100.00060968 100.00100287 100.00133286
 100.00196463 100.00263382 100.00329302 100.00380725 100.01153169
 100.01563053 100.02237569 100.05166543 100.06829373 100.13500789
 100.20788979 100.43727838 100.4905534  101.9679716  113.95750895]
dx norm:  0.4916951657154588
alpha:  1
delta:  0.07258632634117915
rho is:  1.1203245272518665
p1, p2, p3:  [ 0.         -1.25808391] [0.         1.25808391] [-0.05586245  0.17814952]
p3, a, b [-0.05586245  0.17814952] 0.05642876655592512 1.2606137378300262
dydx:  156.49421116050362
[ -4.35055667   0.27091594   1.68516446   2.50579229   6.84490572
   7.49128296   9.67147375  13.8979209   16.61723247  33.49390427
  40.58278308  69.29343633  85.15909953  93.24744118  97.98439205
  99.48174501  99.8173931   99.89099259  99.95265239  99.98460631
  99.99352861  99.99631711  99.9982768   99.99916795  99.99967338
  99.99996231  99.99999505 100.00000102 100.00000167 100.00000197
 100.00000344 100.00000565 100.00000631 100.00000791 100.00001084
 100.00001876 100.0000319  100.00005665 100.00007852 100.00009829
 100.00016283 100.00034653 100.00044665 100.0008328  100.0010263
 100.00189164 100.00258448 100.00329271 100.00379908 100.01121897
 100.01535237 100.02235971 100.04912788 100.06330696 100.12064386
 100.19096492 100.43721765 100.48042143 101.86550624 113.94966039]
dx norm:  0.08347617188549597
alpha:  1
delta:  0.07258632634117915
rho is:  0.9654165401628589
p1, p2, p3:  [ 0.         -1.25808391] [0.         1.25808391] [-0.07295357  0.25038202]
p3, a, b [-0.07295357  0.25038202] 0.0744320638715269 1.2624843188870125
dydx:  83.82533238469486
[ -4.27481176   0.27091745   1.68403199   2.48677996   6.84516771
   7.49771684   9.6725406   13.89417231  16.61903797  33.52547482
  40.52969161  69.22943787  85.13384467  93.22616906  97.97925978
  99.48045144  99.81224255  99.88541229  99.94925016  99.98422479
  99.99345803  99.99630652  99.99786054  99.99895735  99.99966325
  99.99996076  99.99999501 100.00000104 100.0000017  100.00000192
 100.00000346 100.00000555 100.00000635 100.00000777 100.00000989
 100.00001862 100.00003084 100.00005645 100.00007311 100.00010147
 100.00016275 100.00033878 100.00041282 100.00082707 100.00102627
 100.00187827 100.00259408 100.00329286 100.0038047  100.01110156
 100.01536007 100.02226992 100.04874149 100.0596661  100.1181379
 100.18789138 100.43732638 100.47165478 101.83945889 113.9479943 ]
dx norm:  0.5622512661635269
alpha:  [0.01490704]
delta:  0.07258632634117915
rho is:  0.9502762169331355
p1, p2, p3:  [ 0.         -1.25808391] [0.         1.25808391] [-0.17264315  0.61402682]
p3, a, b [-0.17264315  0.61402682] 0.1963630623276583 1.288765124759001
dydx:  12.11127795663659
[ -4.30950981   0.2707312    1.68388289   2.50056168   6.83527096
   7.50215195   9.66968908  13.87949637  16.63498692  33.37983938
  40.50978564  69.2479989   84.7735817   92.85711544  97.9576666
  99.479481    99.6950992   99.85234478  99.93778788  99.98379515
  99.99125138  99.9961586   99.99695566  99.99849469  99.99962901
  99.9998763   99.99998028  99.99999747 100.00000111 100.00000201
 100.00000222 100.00000484 100.00000609 100.00000798 100.00001377
 100.00001925 100.00002776 100.00004573 100.00005707 100.00010685
 100.00014107 100.00021079 100.00039812 100.00082692 100.00103198
 100.00187845 100.002552   100.00330265 100.00379289 100.01111862
 100.01427923 100.02059715 100.03965561 100.04905998 100.12178748
 100.19257175 100.37156317 100.43839704 101.83943018 113.86987724]
dx norm:  0.4711748235134592
alpha:  1
delta:  0.07258632634117915
rho is:  1.024243833192531
p1, p2, p3:  [ 0.         -1.25808391] [0.         1.25808391] [-0.08783208  0.28874327]
p3, a, b [-0.08783208  0.28874327] 0.09021538152725132 1.264546650880158
dydx:  59.76539773412049
[ -4.08663207   0.26972017   1.62548344   2.15455201   6.83516872
   7.50348367   9.67023083  13.87944509  16.6365384   33.48682311
  40.54148222  69.36303263  84.77654499  92.85609069  97.95430813
  99.48390172  99.69196198  99.85585508  99.93786186  99.98387338
  99.99122496  99.99616236  99.99701559  99.99859077  99.99974156
  99.9998973   99.999982    99.99999819 100.00000138 100.00000202
 100.00000232 100.00000597 100.00000634 100.00000801 100.00001556
 100.00001989 100.00003686 100.00005339 100.00006779 100.00011868
 100.00014949 100.00032843 100.00045243 100.00082926 100.00122256
 100.00188427 100.00255205 100.00352713 100.0038694  100.01112476
 100.01430912 100.0217317  100.03946943 100.05093945 100.12305102
 100.19267471 100.37059456 100.44309154 101.84125219 114.25969656]
dx norm:  0.5622512661635299
alpha:  [0.08390503]
delta:  0.07258632634117915
rho is:  0.3947570311527858
p1, p2, p3:  [ 0.         -1.25808391] [0.         1.25808391] [-0.17482703  0.79711388]
p3, a, b [-0.17482703  0.79711388] 0.2215654980393301 1.297545362110093
dydx:  7.5219258274608745
[ -4.0662823    0.26964786   1.58977593   2.16645917   6.83484306
   7.50223101   9.67012677  13.87937046  16.64161194  33.5143498
  40.51079854  69.15589499  84.78540926  92.76158833  97.95104166
  99.47660014  99.67261695  99.85915301  99.93640657  99.98417801
  99.99112087  99.99607556  99.99686738  99.99854926  99.99926961
  99.99982832  99.99997815  99.99999786 100.00000139 100.00000201
 100.0000022  100.00000528 100.00000622 100.00000802 100.00001542
 100.00001974 100.00003489 100.00004561 100.00007418 100.00013037
 100.00013791 100.00030776 100.00039595 100.00078151 100.0008493
 100.00189282 100.00255199 100.00333804 100.00404327 100.01108164
 100.01431137 100.01878432 100.03851972 100.04832898 100.1192778
 100.19331143 100.36888768 100.44061883 101.84406291 113.53663233]
dx norm:  0.44878469179565583
alpha:  1
delta:  0.07258632634117915
rho is:  3.569941846371748
p1, p2, p3:  [ 0.         -1.25808391] [0.         1.25808391] [-0.08649395  0.39456341]
p3, a, b [-0.08649395  0.39456341] 0.0910380851247666 1.264666755431421
dydx:  42.30336513619123
[ -0.72333426   0.27245732   1.65424317   2.0812419    6.83558279
   7.52265213   9.69301486  13.87809421  16.65027494  33.43804078
  40.50916553  69.24204586  84.80350357  92.75266596  97.93812965
  99.47934299  99.69425767  99.86009666  99.93727181  99.98432658
  99.99014881  99.99604953  99.99704911  99.99821102  99.99880572
  99.99983384  99.9999832   99.99999647  99.99999848 100.00000141
 100.00000219 100.00000356 100.00000599 100.00000703 100.00000924
 100.00001726 100.00002551 100.00003501 100.00007544 100.0001233
 100.00014352 100.00023594 100.00039822 100.00061149 100.00085743
 100.0018255  100.00252962 100.00316263 100.00408201 100.01097286
 100.01352092 100.02013506 100.03838493 100.04838343 100.11740297
 100.18201142 100.36973425 100.44052637 101.84438909 113.5869813 ]
dx norm:  0.562251266163527
alpha:  [0.54963662]
delta:  0.07258632634117915
rho is:  -0.13836133946836435
p1, p2, p3:  [ 0.         -1.25808391] [0.         1.25808391] [-0.17006562 -0.09484216]
p3, a, b [-0.17006562 -0.09484216] 0.17053358614535288 1.2810968607990332
dydx:  -101.19502357508951
[ -0.13533707   0.2885966    1.4694187    1.74067015   6.80259081
   7.27279095   9.35350055  13.89796758  15.94297057  30.12706996
  40.64090004  66.06874752  84.58376087  92.75201283  97.14899457
  98.92257164  99.49783629  99.83835724  99.89308617  99.94574683
  99.98701256  99.99226127  99.99612456  99.99732102  99.99900414
  99.9994081   99.99984892  99.9999953   99.99999904 100.00000139
 100.00000225 100.00000291 100.00000593 100.00000642 100.00000929
 100.00001739 100.00002736 100.00004622 100.00006099 100.00007674
 100.00015758 100.00025458 100.00039628 100.00063102 100.00077199
 100.00153923 100.00222965 100.0029404  100.00377662 100.00595847
 100.01180975 100.01772243 100.03852741 100.0488392  100.07818695
 100.13013525 100.3710008  100.44194859 101.82105316 113.28883811]
dx norm:  0.36546332300629336
alpha:  [0.81891038]
delta:  0.047181112121766434
rho is:  0.8581894000297212
p1, p2, p3:  [ 0.         -1.25808391] [0.         1.25808391] [-0.11190119  0.23204   ]
p3, a, b [-0.11190119  0.23204   ] 0.11382213532060864 1.2683636052483833
dydx:  59.883328358776126
[ -5.07204646   0.27173333   1.44523509   1.5017143    6.35838467
   6.90144079   8.86805684  13.83421112  15.84396144  28.10841336
  40.34532121  65.20776461  84.53735611  92.34538486  97.05945107
  98.8792867   99.47637943  99.82151025  99.89141777  99.93286801
  99.98684576  99.99201252  99.99591051  99.99666072  99.99901557
  99.99940042  99.99984854  99.99994509  99.99999609 100.00000132
 100.00000162 100.00000266 100.00000471 100.00000593 100.00000745
 100.00001742 100.00002276 100.00003497 100.00006111 100.00007681
 100.00015808 100.00026388 100.00037728 100.00060759 100.0007502
 100.00151595 100.00183549 100.00249016 100.00319342 100.00615423
 100.01181612 100.01584418 100.0338261  100.04503328 100.07576915
 100.10832651 100.37034011 100.43420776 101.62849792 113.19102983]
dx norm:  0.14711434145602215
alpha:  1
delta:  0.047181112121766434
rho is:  0.8996577775239831
p1, p2, p3:  [ 0.         -1.25808391] [0.         1.25808391] [-0.07872217  0.24171945]
p3, a, b [-0.07872217  0.24171945] 0.08020428425207832 1.2631926265068514
dydx:  80.78476563291629
[ -6.57359419   0.27227609   1.46237748   1.51989573   6.5560275
   6.93756915   8.9536525   13.83996823  15.87040743  28.51995585
  40.43249427  65.50347183  84.54948645  92.32299942  97.07691286
  98.90089984  99.47328343  99.82164393  99.88663803  99.93479689
  99.98608342  99.99169138  99.99600588  99.99668284  99.99900711
  99.99938764  99.99984899  99.9999709   99.99999612 100.00000136
 100.0000016  100.00000253 100.00000507 100.0000059  100.00000719
 100.00001729 100.00002442 100.00004012 100.00006043 100.0000763
 100.0001602  100.00025472 100.00037249 100.00063218 100.00074329
 100.00153146 100.00186043 100.00254256 100.00318633 100.00614739
 100.01178007 100.01658785 100.03517781 100.04647272 100.07578219
 100.11152232 100.36735035 100.43590981 101.66007    113.19219182]
dx norm:  0.010764015111482717
alpha:  1
delta:  0.047181112121766434
rho is:  1.37128326316954
p1, p2, p3:  [ 0.         -1.25808391] [0.         1.25808391] [-0.07666     0.24567486]
p3, a, b [-0.07666     0.24567486] 0.07815294592159658 1.2629348782051406
dydx:  81.48530959549079
[ -6.65710213   0.26411441   1.46371942   1.52753546   6.84089711
   7.02426096   9.37224539  13.85285436  15.85311555  29.28591753
  41.88760263  64.76078156  84.47224014  92.24850722  97.05467922
  98.63829068  99.46351311  99.77045445  99.84230679  99.95851275
  99.97368616  99.99072666  99.99588673  99.99668563  99.99884217
  99.99912583  99.9997265   99.99995031  99.99998979  99.99999624
 100.00000168 100.00000185 100.00000365 100.00000548 100.00000794
 100.00001669 100.00001875 100.00004456 100.0000665  100.0001032
 100.00020576 100.00026096 100.00037206 100.00055227 100.00088716
 100.00155599 100.00189113 100.00273305 100.00397363 100.00622163
 100.01160163 100.02146129 100.03693639 100.04100945 100.08238565
 100.10469122 100.33683758 100.4410622  101.84911022 113.19504837]
dx norm:  0.00785644398456672
alpha:  1
delta:  0.047181112121766434
rho is:  1.473224882230083
p1, p2, p3:  [ 0.         -1.25808391] [0.         1.25808391] [-0.07747674  0.24761963]
p3, a, b [-0.07747674  0.24761963] 0.07901002204349906 1.2630417832536653
dydx:  79.95715672357535
[ -6.69946561   0.26245113   1.45565225   1.62056944   6.11450679
   7.54672362   9.12661846  13.66532896  15.92014739  26.98414395
  32.49389367  63.90434471  82.19321347  88.31499424  96.90857182
  97.35189804  99.23500734  99.48564764  99.84923648  99.93270532
  99.97713041  99.99043011  99.99459725  99.99680118  99.99863665
  99.99902925  99.99972698  99.99996541  99.99998404  99.99999747
 100.00000076 100.00000225 100.00000282 100.00000667 100.00000855
 100.00001674 100.00001829 100.00004664 100.00005492 100.00007595
 100.00021791 100.00029287 100.00037133 100.00042596 100.0007167
 100.00155625 100.0016095  100.00212065 100.00438993 100.00553641
 100.01171395 100.02378338 100.03692671 100.05268827 100.08790546
 100.10266023 100.33207265 100.45378807 101.80692201 113.26619987]
dx norm:  0.0135322611522927
alpha:  1
delta:  0.047181112121766434
rho is:  1.2692799660304461
p1, p2, p3:  [ 0.         -1.25808391] [0.         1.25808391] [-0.07755185  0.25024583]
p3, a, b [-0.07755185  0.25024583] 0.07912030301946696 1.26305563906788
dydx:  78.97586155048386
[ -6.73103752   0.24450919   1.33211745   1.76905801   5.38531978
   7.49777977   9.3870338   12.03327855  15.30294474  20.73282836
  30.87498356  62.45779318  78.13724842  87.62089181  96.20293824
  97.25551561  99.26091612  99.48359744  99.85158088  99.94023051
  99.97590973  99.99061849  99.99437493  99.99674782  99.99881237
  99.99923581  99.99986277  99.99993934  99.99998849  99.99999705
 100.00000109 100.0000025  100.00000474 100.00000677 100.00001209
 100.0000167  100.00001828 100.00004628 100.00005896 100.00009851
 100.00023074 100.00034731 100.00037088 100.00047306 100.00089656
 100.00155879 100.00211815 100.00343097 100.00419116 100.00995477
 100.02223373 100.02763607 100.03721148 100.05388164 100.08531431
 100.11411815 100.33717623 100.46247661 101.82036004 115.10291162]
dx norm:  0.004603593152010822
alpha:  1
delta:  0.047181112121766434
Traceback (most recent call last):
  File "/oscar/scratch/kbadger1/SaddleClimb/examples/CH_to_C_H/fosp_search/saddleclimb/run_climb.py", line 46, in <module>
    climber.run()
    ~~~~~~~~~~~^^
  File "/users/kbadger1/scratch/SaddleClimb/saddleclimb.py", line 287, in run
    g = -atoms.get_forces()[idx, :].reshape(-1)
         ~~~~~~~~~~~~~~~~^^
  File "/users/kbadger1/anaconda3/envs/ase/lib/python3.13/site-packages/ase/atoms.py", line 827, in get_forces
    forces = self._calc.get_forces(self)
  File "/users/kbadger1/anaconda3/envs/ase/lib/python3.13/site-packages/ase/calculators/abc.py", line 30, in get_forces
    return self.get_property('forces', atoms)
           ~~~~~~~~~~~~~~~~~^^^^^^^^^^^^^^^^^
  File "/users/kbadger1/anaconda3/envs/ase/lib/python3.13/site-packages/ase/calculators/calculator.py", line 538, in get_property
    self.calculate(atoms, [name], system_changes)
    ~~~~~~~~~~~~~~^^^^^^^^^^^^^^^^^^^^^^^^^^^^^^^
  File "/users/kbadger1/anaconda3/envs/ase/lib/python3.13/site-packages/ase/calculators/genericfileio.py", line 333, in calculate
    self.template.execute(self.directory, self.profile)
    ~~~~~~~~~~~~~~~~~~~~~^^^^^^^^^^^^^^^^^^^^^^^^^^^^^^
  File "/users/kbadger1/anaconda3/envs/ase/lib/python3.13/site-packages/ase/calculators/espresso.py", line 87, in execute
    profile.run(directory, self.inputname, self.outputname,
    ~~~~~~~~~~~^^^^^^^^^^^^^^^^^^^^^^^^^^^^^^^^^^^^^^^^^^^^
                errorfile=self.errorname)
                ^^^^^^^^^^^^^^^^^^^^^^^^^
  File "/users/kbadger1/anaconda3/envs/ase/lib/python3.13/site-packages/ase/calculators/genericfileio.py", line 101, in run
    check_call(
    ~~~~~~~~~~^
        argv_command,
        ^^^^^^^^^^^^^
    ...<3 lines>...
        env=os.environ,
        ^^^^^^^^^^^^^^^
    )
    ^
  File "/users/kbadger1/anaconda3/envs/ase/lib/python3.13/subprocess.py", line 419, in check_call
    raise CalledProcessError(retcode, cmd)
subprocess.CalledProcessError: Command '['mpirun', '-n', '96', '--bind-to', 'core', '/oscar/runtime/software/external/quantum-espresso/7.1-git/bin/pw.x', '-in', 'espresso.pwi']' returned non-zero exit status 16.
