## SLURM PROLOG ###############################################################
##    Job ID : 14113398
##  Job Name : test
##  Nodelist : node[1833,1835]
##      CPUs : 96
##  Mem/Node : 98304 MB
## Directory : /oscar/scratch/kbadger1/SaddleClimb/examples/CH_to_C_H/fosp_search/saddleclimb
##   Job Started : Thu Nov 13 09:01:32 PM EST 2025
###############################################################################
climbing
climbing
climbing
climbing
climbing
climbing
climbing
climbing
climbing
climbing
climbing
climbing
climbing
climbing
climbing
climbing
climbing
climbing
climbing
climbing
climbing
climbing
climbing
climbing
climbing
climbing
climbing
climbing
climbing
climbing
climbing
climbing
climbing
climbing
climbing
climbing
climbing
climbing
climbing
climbing
climbing
climbing
climbing
climbing
climbing
climbing
climbing
climbing
climbing
climbing
climbing
climbing
climbing
climbing
climbing
climbing
climbing
climbing
climbing
climbing
climbing
climbing
climbing
climbing
climbing
climbing
climbing
climbing
climbing
climbing
climbing
climbing
climbing
climbing
climbing
climbing
climbing
climbing
climbing
climbing
climbing
climbing
climbing
climbing
climbing
climbing
climbing
climbing
climbing
climbing
climbing
climbing
climbing
climbing
climbing
climbing
climbing
climbing
climbing
climbing
climbing
climbing
climbing
climbing
climbing
climbing
climbing
climbing
climbing
