## SLURM PROLOG ###############################################################
##    Job ID : 8755355
##  Job Name : test
##  Nodelist : node1932
##      CPUs : 48
##  Mem/Node : 98304 MB
## Directory : /oscar/scratch/kbadger1/SaddleClimb/examples/H_diffusion_Pt111/fosp_searches/fcc_to_hcp/saddleclimb
##   Job Started : Wed Feb 26 09:44:59 PM EST 2025
###############################################################################
rho is:  0.02229017363507785
[50. 50. 50. 50. 50. 50. 50. 50. 50. 50. 50. 50. 50. 50. 50. 50. 50. 50.
 50. 50. 50. 50. 50. 50. 50. 50. 50. 50. 50. 50. 50. 50. 50. 50. 50. 50.
 50. 50. 50. 50. 50. 50. 50. 50. 50. 50. 50. 50. 50. 50. 50. 50. 50. 50.
 50. 50. 50.]
dx norm:  0.049073923829259895
alpha:  1
delta:  0.0065000000000000014
rho is:  0.9053528181737912
[ 1.0096178  50.         50.         50.         50.         50.
 50.         50.         50.         50.         50.         50.
 50.         50.         50.         50.         50.         50.
 50.         50.         50.         50.         50.         50.
 50.         50.         50.         50.         50.         50.
 50.         50.         50.         50.         50.         50.
 50.         50.         50.         50.         50.         50.
 50.         50.         50.         50.         50.         50.
 50.         50.         50.         50.         50.         50.
 50.         50.         50.04235533]
dx norm:  0.049073923829260895
alpha:  1
delta:  0.0065000000000000014
rho is:  0.9305916743610858
[ 0.64391758 45.98548051 50.         50.         50.         50.
 50.         50.         50.         50.         50.         50.
 50.         50.         50.         50.         50.         50.
 50.         50.         50.         50.         50.         50.
 50.         50.         50.         50.         50.         50.
 50.         50.         50.         50.         50.         50.
 50.         50.         50.         50.         50.         50.
 50.         50.         50.         50.         50.         50.
 50.         50.         50.         50.         50.         50.
 50.         50.00086531 50.33716179]
dx norm:  0.04907392382925988
alpha:  1
delta:  0.0065000000000000014
rho is:  0.9313151251147758
[ 0.39644711 36.44139153 50.         50.         50.         50.
 50.         50.         50.         50.         50.         50.
 50.         50.         50.         50.         50.         50.
 50.         50.         50.         50.         50.         50.
 50.         50.         50.         50.         50.         50.
 50.         50.         50.         50.         50.         50.
 50.         50.         50.         50.         50.         50.
 50.         50.         50.         50.         50.         50.
 50.         50.         50.         50.         50.         50.
 50.0005763  50.01328701 50.74346002]
dx norm:  0.04907392382925998
alpha:  1
delta:  0.0065000000000000014
rho is:  0.930945547649911
[ 0.20044293 24.530252   50.         50.         50.         50.
 50.         50.         50.         50.         50.         50.
 50.         50.         50.         50.         50.         50.
 50.         50.         50.         50.         50.         50.
 50.         50.         50.         50.         50.         50.
 50.         50.         50.         50.         50.         50.
 50.         50.         50.         50.         50.         50.
 50.         50.         50.         50.         50.         50.
 50.         50.         50.         50.         50.         50.00012171
 50.0015838  50.00800273 51.12594533]
dx norm:  0.04907392382925988
alpha:  1
delta:  0.0065000000000000014
rho is:  0.910200318424308
[ 0.05837914 15.03812994 49.14236945 50.         50.         50.
 50.         50.         50.         50.         50.         50.
 50.         50.         50.         50.         50.         50.
 50.         50.         50.         50.         50.         50.
 50.         50.         50.         50.         50.         50.
 50.         50.         50.         50.         50.         50.
 50.         50.         50.         50.         50.         50.
 50.         50.         50.         50.         50.         50.
 50.         50.         50.         50.         50.         50.0000447
 50.00111291 50.00929579 50.70854051]
dx norm:  0.04907392382925988
alpha:  1
delta:  0.0065000000000000014
rho is:  0.7805890680733205
[-3.94079637e-02  7.31086984e+00  4.06605098e+01  5.00000000e+01
  5.00000000e+01  5.00000000e+01  5.00000000e+01  5.00000000e+01
  5.00000000e+01  5.00000000e+01  5.00000000e+01  5.00000000e+01
  5.00000000e+01  5.00000000e+01  5.00000000e+01  5.00000000e+01
  5.00000000e+01  5.00000000e+01  5.00000000e+01  5.00000000e+01
  5.00000000e+01  5.00000000e+01  5.00000000e+01  5.00000000e+01
  5.00000000e+01  5.00000000e+01  5.00000000e+01  5.00000000e+01
  5.00000000e+01  5.00000000e+01  5.00000000e+01  5.00000000e+01
  5.00000000e+01  5.00000000e+01  5.00000000e+01  5.00000000e+01
  5.00000000e+01  5.00000000e+01  5.00000000e+01  5.00000000e+01
  5.00000000e+01  5.00000000e+01  5.00000000e+01  5.00000000e+01
  5.00000000e+01  5.00000000e+01  5.00000000e+01  5.00000000e+01
  5.00000000e+01  5.00000000e+01  5.00000000e+01  5.00000000e+01
  5.00000282e+01  5.00002549e+01  5.00030849e+01  5.00276495e+01
  5.04479305e+01]
dx norm:  0.04907392382925987
alpha:  1
delta:  0.0065000000000000014
rho is:  0.7428888696156134
[-0.06538243  3.63616297 32.84652344 50.         50.         50.
 50.         50.         50.         50.         50.         50.
 50.         50.         50.         50.         50.         50.
 50.         50.         50.         50.         50.         50.
 50.         50.         50.         50.         50.         50.
 50.         50.         50.         50.         50.         50.
 50.         50.         50.         50.         50.         50.
 50.         50.         50.         50.         50.         50.
 50.         50.         50.         50.00002353 50.00018747 50.00075607
 50.00502265 50.03233687 51.04579091]
dx norm:  0.04907392382925989
alpha:  1
delta:  0.0065000000000000014
rho is:  0.7808292473986832
[-0.0740158   3.6222735  25.61240467 49.91793993 50.         50.
 50.         50.         50.         50.         50.         50.
 50.         50.         50.         50.         50.         50.
 50.         50.         50.         50.         50.         50.
 50.         50.         50.         50.         50.         50.
 50.         50.         50.         50.         50.         50.
 50.         50.         50.         50.         50.         50.
 50.         50.         50.         50.         50.         50.
 50.         50.         50.         50.00002106 50.00016367 50.00082431
 50.00175259 50.01202016 52.22718885]
dx norm:  0.049073923829259895
alpha:  1
delta:  0.0065000000000000014
rho is:  0.5739380073183735
[-0.1047574   4.10666974 14.93753151 45.1956522  50.         50.
 50.         50.         50.         50.         50.         50.
 50.         50.         50.         50.         50.         50.
 50.         50.         50.         50.         50.         50.
 50.         50.         50.         50.         50.         50.
 50.         50.         50.         50.         50.         50.
 50.         50.         50.         50.         50.         50.
 50.         50.         50.         50.         50.         50.
 50.         50.         50.00002043 50.00012601 50.00027627 50.000833
 50.00421472 50.02903136 50.37905805]
dx norm:  0.04907392382925988
alpha:  1
delta:  0.0065000000000000014
rho is:  0.21354878916136294
[-0.14794092  5.43570318  8.25925416 38.13164898 50.         50.
 50.         50.         50.         50.         50.         50.
 50.         50.         50.         50.         50.         50.
 50.         50.         50.         50.         50.         50.
 50.         50.         50.         50.         50.         50.
 50.         50.         50.         50.         50.         50.
 50.         50.         50.         50.         50.         50.
 50.         50.         50.         50.         50.         50.
 50.         50.00001952 50.0000576  50.00019365 50.00063638 50.00243986
 50.00416524 50.02383407 50.78320633]
dx norm:  0.031898050489018934
alpha:  1
delta:  0.004225000000000001
rho is:  -1.030033979732955
[-0.15936613  4.93755325  7.10182344 31.25812842 49.93599108 50.
 50.         50.         50.         50.         50.         50.
 50.         50.         50.         50.         50.         50.
 50.         50.         50.         50.         50.         50.
 50.         50.         50.         50.         50.         50.
 50.         50.         50.         50.         50.         50.
 50.         50.         50.         50.         50.         50.
 50.         50.         50.         50.         50.         50.
 50.         50.00001949 50.0000589  50.00019727 50.00021269 50.00090969
 50.00302738 50.00890289 50.87977169]
dx norm:  0.020733732817862314
alpha:  1
delta:  0.0027462500000000013
rho is:  -1.4276358931540984
[-0.15618183  4.20138692  6.90918957 23.99508002 47.5859623  50.
 50.         50.         50.         50.         50.         50.
 50.         50.         50.         50.         50.         50.
 50.         50.         50.         50.         50.         50.
 50.         50.         50.         50.         50.         50.
 50.         50.         50.         50.         50.         50.
 50.         50.         50.         50.         50.         50.
 50.         50.         50.         50.         50.         50.
 50.00001898 50.00004672 50.00015625 50.00020566 50.00043529 50.0016685
 50.00317765 50.01031629 50.50358873]
dx norm:  0.013476926331610503
alpha:  1
delta:  0.0017850625000000015
rho is:  1.514178190644403
[-0.14689926  3.31912736  6.33273843 15.27052356 38.52372114 50.
 50.         50.         50.         50.         50.         50.
 50.         50.         50.         50.         50.         50.
 50.         50.         50.         50.         50.         50.
 50.         50.         50.         50.         50.         50.
 50.         50.         50.         50.         50.         50.
 50.         50.         50.         50.         50.         50.
 50.         50.         50.         50.         50.         50.0000187
 50.00004205 50.00004924 50.000202   50.00023778 50.00080361 50.00259795
 50.00896615 50.01262332 50.25363915]
dx norm:  0.01347692633161051
alpha:  1
delta:  0.0017850625000000015
rho is:  1.295568900131933
[-0.147493    3.42157992  5.58519573 11.85784294 31.97462561 49.95307096
 50.         50.         50.         50.         50.         50.
 50.         50.         50.         50.         50.         50.
 50.         50.         50.         50.         50.         50.
 50.         50.         50.         50.         50.         50.
 50.         50.         50.         50.         50.         50.
 50.         50.         50.         50.         50.         50.
 50.         50.         50.         50.         50.         50.00001859
 50.00003626 50.00004219 50.000125   50.00024016 50.00050383 50.00085509
 50.00471069 50.01058403 50.38677153]
dx norm:  0.013476926331610458
alpha:  1
delta:  0.0017850625000000015
rho is:  0.9764715912864219
[-0.14598344  3.15120126  5.51094112 11.73912523 28.80966222 49.69407619
 50.         50.         50.         50.         50.         50.
 50.         50.         50.         50.         50.         50.
 50.         50.         50.         50.         50.         50.
 50.         50.         50.         50.         50.         50.
 50.         50.         50.         50.         50.         50.
 50.         50.         50.         50.         50.         50.
 50.         50.         50.         50.         50.00001147 50.00002408
 50.00004078 50.00011647 50.00021581 50.00029455 50.00072427 50.00254378
 50.00579413 50.01134345 50.78438292]
dx norm:  0.013476926331610507
alpha:  1
delta:  0.0017850625000000015
rho is:  0.9753666058272589
[-0.12393557  1.83595203  5.91126175 11.57991984 24.96708752 45.15127137
 49.99999884 50.         50.         50.         50.         50.
 50.         50.         50.         50.         50.         50.
 50.         50.         50.         50.         50.         50.
 50.         50.         50.         50.         50.         50.
 50.         50.         50.         50.         50.         50.
 50.         50.         50.         50.         50.         50.
 50.         50.         50.         50.         50.00001823 50.00003616
 50.00006851 50.00011622 50.00019305 50.00033998 50.00068345 50.00134807
 50.01051399 50.01461795 50.12118586]
dx norm:  0.013476926331610501
alpha:  1
delta:  0.0017850625000000015
