## SLURM PROLOG ###############################################################
##    Job ID : 8506515
##  Job Name : test
##  Nodelist : node2307
##      CPUs : 48
##  Mem/Node : 98304 MB
## Directory : /oscar/scratch/kbadger1/SaddleClimb/examples/H_diffusion_Pt111/fosp_searches/fcc_to_hcp/saddleclimb
##   Job Started : Fri Feb 21 12:08:38 PM EST 2025
###############################################################################
rho is:  0.015624508795712014
[70. 70. 70. 70. 70. 70. 70. 70. 70. 70. 70. 70. 70. 70. 70. 70. 70. 70.
 70. 70. 70. 70. 70. 70. 70. 70. 70. 70. 70. 70. 70. 70. 70. 70. 70. 70.
 70. 70. 70. 70. 70. 70. 70. 70. 70. 70. 70. 70. 70. 70. 70. 70. 70. 70.
 70. 70. 70.]
dx norm:  0.04907392382925993
alpha:  [0.03823628]
delta:  0.0065
rho is:  0.9185298889886403
[ 1.01265636 70.         70.         70.         70.         70.
 70.         70.         70.         70.         70.         70.
 70.         70.         70.         70.         70.         70.
 70.         70.         70.         70.         70.         70.
 70.         70.         70.         70.         70.         70.
 70.         70.         70.         70.         70.         70.
 70.         70.         70.         70.         70.         70.
 70.         70.         70.         70.         70.         70.
 70.         70.         70.         70.         70.         70.
 70.         70.         70.02105121]
dx norm:  0.049073923829259875
alpha:  [0.04285554]
delta:  0.0065
rho is:  0.934117448314173
[ 0.67566127 66.75401002 70.         70.         70.         70.
 70.         70.         70.         70.         70.         70.
 70.         70.         70.         70.         70.         70.
 70.         70.         70.         70.         70.         70.
 70.         70.         70.         70.         70.         70.
 70.         70.         70.         70.         70.         70.
 70.         70.         70.         70.         70.         70.
 70.         70.         70.         70.         70.         70.
 70.         70.         70.         70.         70.         70.
 70.         70.00054857 70.30250241]
dx norm:  0.04907392382925991
alpha:  [0.04535313]
delta:  0.0065
rho is:  0.926284027071436
[ 0.41171063 54.75332126 70.         70.         70.         70.
 70.         70.         70.         70.         70.         70.
 70.         70.         70.         70.         70.         70.
 70.         70.         70.         70.         70.         70.
 70.         70.         70.         70.         70.         70.
 70.         70.         70.         70.         70.         70.
 70.         70.         70.         70.         70.         70.
 70.         70.         70.         70.         70.         70.
 70.         70.         70.         70.         70.         70.
 70.00034242 70.0138779  70.49524396]
dx norm:  0.04907392382925987
alpha:  [0.04702332]
delta:  0.0065
rho is:  0.9152093375567504
[ 0.19130764 33.1544463  69.9945767  70.         70.         70.
 70.         70.         70.         70.         70.         70.
 70.         70.         70.         70.         70.         70.
 70.         70.         70.         70.         70.         70.
 70.         70.         70.         70.         70.         70.
 70.         70.         70.         70.         70.         70.
 70.         70.         70.         70.         70.         70.
 70.         70.         70.         70.         70.         70.
 70.         70.         70.         70.         70.         70.
 70.00020468 70.0017918  70.69214275]
dx norm:  0.049073923829259875
alpha:  [0.0477292]
delta:  0.0065
rho is:  0.9202461424166074
[6.67133939e-02 1.74209945e+01 6.95561016e+01 7.00000000e+01
 7.00000000e+01 7.00000000e+01 7.00000000e+01 7.00000000e+01
 7.00000000e+01 7.00000000e+01 7.00000000e+01 7.00000000e+01
 7.00000000e+01 7.00000000e+01 7.00000000e+01 7.00000000e+01
 7.00000000e+01 7.00000000e+01 7.00000000e+01 7.00000000e+01
 7.00000000e+01 7.00000000e+01 7.00000000e+01 7.00000000e+01
 7.00000000e+01 7.00000000e+01 7.00000000e+01 7.00000000e+01
 7.00000000e+01 7.00000000e+01 7.00000000e+01 7.00000000e+01
 7.00000000e+01 7.00000000e+01 7.00000000e+01 7.00000000e+01
 7.00000000e+01 7.00000000e+01 7.00000000e+01 7.00000000e+01
 7.00000000e+01 7.00000000e+01 7.00000000e+01 7.00000000e+01
 7.00000000e+01 7.00000000e+01 7.00000000e+01 7.00000000e+01
 7.00000000e+01 7.00000000e+01 7.00000000e+01 7.00000000e+01
 7.00000000e+01 7.00001544e+01 7.00009145e+01 7.00074161e+01
 7.12053323e+01]
dx norm:  0.04907392382925988
alpha:  [0.04754266]
delta:  0.0065
rho is:  0.891059268896283
[2.47958923e-02 9.65110924e+00 6.76827315e+01 7.00000000e+01
 7.00000000e+01 7.00000000e+01 7.00000000e+01 7.00000000e+01
 7.00000000e+01 7.00000000e+01 7.00000000e+01 7.00000000e+01
 7.00000000e+01 7.00000000e+01 7.00000000e+01 7.00000000e+01
 7.00000000e+01 7.00000000e+01 7.00000000e+01 7.00000000e+01
 7.00000000e+01 7.00000000e+01 7.00000000e+01 7.00000000e+01
 7.00000000e+01 7.00000000e+01 7.00000000e+01 7.00000000e+01
 7.00000000e+01 7.00000000e+01 7.00000000e+01 7.00000000e+01
 7.00000000e+01 7.00000000e+01 7.00000000e+01 7.00000000e+01
 7.00000000e+01 7.00000000e+01 7.00000000e+01 7.00000000e+01
 7.00000000e+01 7.00000000e+01 7.00000000e+01 7.00000000e+01
 7.00000000e+01 7.00000000e+01 7.00000000e+01 7.00000000e+01
 7.00000000e+01 7.00000000e+01 7.00000000e+01 7.00000000e+01
 7.00001355e+01 7.00008862e+01 7.00072674e+01 7.00613858e+01
 7.30792813e+01]
dx norm:  0.049073923829259875
alpha:  [0.04516451]
delta:  0.0065
rho is:  0.7123840467361542
[-5.57067372e-03  5.03307517e+00  5.04183169e+01  7.00000000e+01
  7.00000000e+01  7.00000000e+01  7.00000000e+01  7.00000000e+01
  7.00000000e+01  7.00000000e+01  7.00000000e+01  7.00000000e+01
  7.00000000e+01  7.00000000e+01  7.00000000e+01  7.00000000e+01
  7.00000000e+01  7.00000000e+01  7.00000000e+01  7.00000000e+01
  7.00000000e+01  7.00000000e+01  7.00000000e+01  7.00000000e+01
  7.00000000e+01  7.00000000e+01  7.00000000e+01  7.00000000e+01
  7.00000000e+01  7.00000000e+01  7.00000000e+01  7.00000000e+01
  7.00000000e+01  7.00000000e+01  7.00000000e+01  7.00000000e+01
  7.00000000e+01  7.00000000e+01  7.00000000e+01  7.00000000e+01
  7.00000000e+01  7.00000000e+01  7.00000000e+01  7.00000000e+01
  7.00000000e+01  7.00000000e+01  7.00000000e+01  7.00000000e+01
  7.00000000e+01  7.00000000e+01  7.00000000e+01  7.00001125e+01
  7.00005203e+01  7.00052994e+01  7.00295688e+01  7.02908835e+01
  7.07698050e+01]
dx norm:  0.04907392382925986
alpha:  [0.04422247]
delta:  0.0065
rho is:  0.43944801539778466
[-2.49149410e-02  3.82965601e+00  3.06314281e+01  6.99106649e+01
  7.00000000e+01  7.00000000e+01  7.00000000e+01  7.00000000e+01
  7.00000000e+01  7.00000000e+01  7.00000000e+01  7.00000000e+01
  7.00000000e+01  7.00000000e+01  7.00000000e+01  7.00000000e+01
  7.00000000e+01  7.00000000e+01  7.00000000e+01  7.00000000e+01
  7.00000000e+01  7.00000000e+01  7.00000000e+01  7.00000000e+01
  7.00000000e+01  7.00000000e+01  7.00000000e+01  7.00000000e+01
  7.00000000e+01  7.00000000e+01  7.00000000e+01  7.00000000e+01
  7.00000000e+01  7.00000000e+01  7.00000000e+01  7.00000000e+01
  7.00000000e+01  7.00000000e+01  7.00000000e+01  7.00000000e+01
  7.00000000e+01  7.00000000e+01  7.00000000e+01  7.00000000e+01
  7.00000000e+01  7.00000000e+01  7.00000000e+01  7.00000000e+01
  7.00000000e+01  7.00000000e+01  7.00000000e+01  7.00001132e+01
  7.00003898e+01  7.00017249e+01  7.00118020e+01  7.02555569e+01
  7.16234333e+01]
dx norm:  0.049073923829259875
alpha:  [0.04765586]
delta:  0.0065
rho is:  0.6792690683454297
[-4.22928895e-02  5.11738750e+00  1.81646747e+01  6.95314057e+01
  7.00000000e+01  7.00000000e+01  7.00000000e+01  7.00000000e+01
  7.00000000e+01  7.00000000e+01  7.00000000e+01  7.00000000e+01
  7.00000000e+01  7.00000000e+01  7.00000000e+01  7.00000000e+01
  7.00000000e+01  7.00000000e+01  7.00000000e+01  7.00000000e+01
  7.00000000e+01  7.00000000e+01  7.00000000e+01  7.00000000e+01
  7.00000000e+01  7.00000000e+01  7.00000000e+01  7.00000000e+01
  7.00000000e+01  7.00000000e+01  7.00000000e+01  7.00000000e+01
  7.00000000e+01  7.00000000e+01  7.00000000e+01  7.00000000e+01
  7.00000000e+01  7.00000000e+01  7.00000000e+01  7.00000000e+01
  7.00000000e+01  7.00000000e+01  7.00000000e+01  7.00000000e+01
  7.00000000e+01  7.00000000e+01  7.00000000e+01  7.00000000e+01
  7.00000000e+01  7.00000000e+01  7.00000949e+01  7.00003326e+01
  7.00017154e+01  7.00030014e+01  7.00118316e+01  7.03814140e+01
  7.26373453e+01]
dx norm:  0.049073923829259895
alpha:  [0.04944234]
delta:  0.0065
rho is:  0.45675363575549527
[-5.74270926e-02  7.08420959e+00  1.07826985e+01  6.45268847e+01
  7.00000000e+01  7.00000000e+01  7.00000000e+01  7.00000000e+01
  7.00000000e+01  7.00000000e+01  7.00000000e+01  7.00000000e+01
  7.00000000e+01  7.00000000e+01  7.00000000e+01  7.00000000e+01
  7.00000000e+01  7.00000000e+01  7.00000000e+01  7.00000000e+01
  7.00000000e+01  7.00000000e+01  7.00000000e+01  7.00000000e+01
  7.00000000e+01  7.00000000e+01  7.00000000e+01  7.00000000e+01
  7.00000000e+01  7.00000000e+01  7.00000000e+01  7.00000000e+01
  7.00000000e+01  7.00000000e+01  7.00000000e+01  7.00000000e+01
  7.00000000e+01  7.00000000e+01  7.00000000e+01  7.00000000e+01
  7.00000000e+01  7.00000000e+01  7.00000000e+01  7.00000000e+01
  7.00000000e+01  7.00000000e+01  7.00000000e+01  7.00000000e+01
  7.00000000e+01  7.00000721e+01  7.00002525e+01  7.00011983e+01
  7.00017374e+01  7.00092953e+01  7.00122870e+01  7.03711704e+01
  7.09581931e+01]
dx norm:  0.04562592222637909
alpha:  0.05
delta:  0.0065
rho is:  2.3824668120848194
[-0.12663944  5.95746655 10.78655836 41.18648244 69.90850825 70.
 70.         70.         70.         70.         70.         70.
 70.         70.         70.         70.         70.         70.
 70.         70.         70.         70.         70.         70.
 70.         70.         70.         70.         70.         70.
 70.         70.         70.         70.         70.         70.
 70.         70.         70.         70.         70.         70.
 70.         70.         70.         70.         70.         70.
 70.         70.00007557 70.00025662 70.00116452 70.00159335 70.00265121
 70.01122295 70.13922988 70.69132515]
dx norm:  0.03686266345425156
alpha:  0.05
delta:  0.0065
rho is:  1.3351905360602172
[-0.14120051  6.2425375  10.71278162 27.05555826 69.7241872  70.
 70.         70.         70.         70.         70.         70.
 70.         70.         70.         70.         70.         70.
 70.         70.         70.         70.         70.         70.
 70.         70.         70.         70.         70.         70.
 70.         70.         70.         70.         70.         70.
 70.         70.         70.         70.         70.         70.
 70.         70.         70.         70.         70.         70.
 70.00007081 70.00024562 70.00099503 70.00148787 70.00178635 70.00258335
 70.01322753 70.13922963 72.1473172 ]
dx norm:  0.03986083136201367
alpha:  0.05
delta:  0.0065
rho is:  1.1851829851423583
[-0.13221286  5.64158309  8.44630036 17.97949917 67.70488027 70.
 70.         70.         70.         70.         70.         70.
 70.         70.         70.         70.         70.         70.
 70.         70.         70.         70.         70.         70.
 70.         70.         70.         70.         70.         70.
 70.         70.         70.         70.         70.         70.
 70.         70.         70.         70.         70.         70.
 70.         70.         70.         70.         70.         70.000061
 70.00023739 70.00076561 70.00102736 70.00147929 70.0018058  70.00277388
 70.01027858 70.41302197 70.71139844]
dx norm:  0.04662124987239773
alpha:  0.05
delta:  0.0065
rho is:  1.0603806061613392
[-0.11900667  2.16019095  7.08625267 16.34857854 54.93401118 69.96181634
 70.         70.         70.         70.         70.         70.
 70.         70.         70.         70.         70.         70.
 70.         70.         70.         70.         70.         70.
 70.         70.         70.         70.         70.         70.
 70.         70.         70.         70.         70.         70.
 70.         70.         70.         70.         70.         70.
 70.         70.         70.         70.         70.         70.00005699
 70.00023125 70.00098445 70.00112222 70.00146873 70.00171418 70.00274667
 70.0060919  70.20697533 70.44182717]
dx norm:  0.04907392382926031
alpha:  [0.04999578]
delta:  0.0065
rho is:  1.2965807176801802
[-0.10543294  1.00219319  7.16920593 16.21866228 40.27901861 69.7906596
 70.         70.         70.         70.         70.         70.
 70.         70.         70.         70.         70.         70.
 70.         70.         70.         70.         70.         70.
 70.         70.         70.         70.         70.         70.
 70.         70.         70.         70.         70.         70.
 70.         70.         70.         70.         70.         70.
 70.         70.         70.         70.         70.00004938 70.00020376
 70.0004379  70.00104825 70.00126244 70.00146901 70.00171917 70.00283188
 70.01206152 70.13224728 70.41895024]
dx norm:  0.04907392382925987
alpha:  [0.03660118]
delta:  0.0065
rho is:  1.2888143175156528
[5.54082073e-02 6.59359694e-01 8.41639159e+00 1.59131607e+01
 2.56340874e+01 6.94583716e+01 6.99984269e+01 7.00000000e+01
 7.00000000e+01 7.00000000e+01 7.00000000e+01 7.00000000e+01
 7.00000000e+01 7.00000000e+01 7.00000000e+01 7.00000000e+01
 7.00000000e+01 7.00000000e+01 7.00000000e+01 7.00000000e+01
 7.00000000e+01 7.00000000e+01 7.00000000e+01 7.00000000e+01
 7.00000000e+01 7.00000000e+01 7.00000000e+01 7.00000000e+01
 7.00000000e+01 7.00000000e+01 7.00000000e+01 7.00000000e+01
 7.00000000e+01 7.00000000e+01 7.00000000e+01 7.00000000e+01
 7.00000000e+01 7.00000000e+01 7.00000000e+01 7.00000000e+01
 7.00000000e+01 7.00000000e+01 7.00000000e+01 7.00000000e+01
 7.00000000e+01 7.00000000e+01 7.00000336e+01 7.00002059e+01
 7.00006044e+01 7.00008696e+01 7.00012957e+01 7.00015529e+01
 7.00017600e+01 7.00031684e+01 7.00118183e+01 7.01619864e+01
 7.04195295e+01]
dx norm:  0.04907392382926007
alpha:  [0.03907344]
delta:  0.0065
rho is:  0.8836602524131674
[ 0.11035162  3.01670936 10.01072851 15.92235179 25.61814987 69.2607128
 69.99857779 70.         70.         70.         70.         70.
 70.         70.         70.         70.         70.         70.
 70.         70.         70.         70.         70.         70.
 70.         70.         70.         70.         70.         70.
 70.         70.         70.         70.         70.         70.
 70.         70.         70.         70.         70.         70.
 70.         70.         70.         70.00003301 70.00019858 70.0005411
 70.00084336 70.00093588 70.00140842 70.00157896 70.00267315 70.01040558
 70.07380262 70.40497932 70.64974053]
dx norm:  0.04907392382926006
alpha:  [0.04326505]
delta:  0.0065
rho is:  0.926512402906611
[ 0.14983402  3.65914568  7.0958898  16.17812446 25.76337925 69.1141241
 69.99713416 70.         70.         70.         70.         70.
 70.         70.         70.         70.         70.         70.
 70.         70.         70.         70.         70.         70.
 70.         70.         70.         70.         70.         70.
 70.         70.         70.         70.         70.         70.
 70.         70.         70.         70.         70.         70.
 70.         70.         70.00002782 70.00018395 70.00043536 70.00074126
 70.00084462 70.00115455 70.00154108 70.00251536 70.00496694 70.00999029
 70.02544652 70.42034972 70.75123916]
dx norm:  0.04907392382926004
alpha:  [0.04404195]
delta:  0.0065
rho is:  0.936336260697213
[ 0.18082261  3.21095804  5.4537428  16.19813673 25.75350389 67.74180776
 69.90307464 69.9996165  70.         70.         70.         70.
 70.         70.         70.         70.         70.         70.
 70.         70.         70.         70.         70.         70.
 70.         70.         70.         70.         70.         70.
 70.         70.         70.         70.         70.         70.
 70.         70.         70.         70.         70.         70.
 70.         70.         70.00002857 70.00017214 70.00035357 70.00060161
 70.00082977 70.00114483 70.00140628 70.00205976 70.00823707 70.01172955
 70.01400829 70.42145805 70.82996438]
dx norm:  0.049073923829260346
alpha:  [0.04267286]
delta:  0.0065
rho is:  0.9282701757747038
[ 0.22180919  2.03122979  4.7656779  16.02724564 25.64453202 64.55751849
 69.79189861 69.99965228 70.         70.         70.         70.
 70.         70.         70.         70.         70.         70.
 70.         70.         70.         70.         70.         70.
 70.         70.         70.         70.         70.         70.
 70.         70.         70.         70.         70.         70.
 70.         70.         70.         70.         70.         70.
 70.         70.00002836 70.00016423 70.00024906 70.00046504 70.00060272
 70.00083104 70.00114181 70.00170909 70.00199199 70.00914587 70.01371637
 70.04441146 70.38760002 70.53090358]
dx norm:  0.04907392382925988
alpha:  [0.04552114]
delta:  0.0065
rho is:  1.0142033209143395
[ 0.15424329  2.28243416  4.27686475 16.07902272 25.55940828 62.06426967
 69.72709791 69.9994973  70.         70.         70.         70.
 70.         70.         70.         70.         70.         70.
 70.         70.         70.         70.         70.         70.
 70.         70.         70.         70.         70.         70.
 70.         70.         70.         70.         70.         70.
 70.         70.         70.         70.         70.         70.
 70.00002734 70.00015923 70.00021145 70.00032621 70.00042038 70.00064048
 70.00087089 70.00113832 70.00173112 70.00195699 70.01214258 70.01455414
 70.05763954 70.38571054 70.60258806]
dx norm:  0.05643501240364886
alpha:  [0.04867822]
delta:  0.007475
rho is:  1.0363495081494694
[ 0.22798303  1.74192411  4.79659663 16.4244385  25.45261036 59.70977533
 69.23939632 69.98025597 69.99982317 70.         70.         70.
 70.         70.         70.         70.         70.         70.
 70.         70.         70.         70.         70.         70.
 70.         70.         70.         70.         70.         70.
 70.         70.         70.         70.         70.         70.
 70.         70.         70.         70.         70.         70.
 70.00002688 70.00016362 70.00024497 70.00039681 70.00059777 70.00063057
 70.00099932 70.00108009 70.00146306 70.00251026 70.00479849 70.0123732
 70.03792469 70.40664254 71.48048424]
dx norm:  0.05300727291170069
alpha:  0.05
delta:  0.007475
rho is:  0.9742416392227404
[ 0.16438442  2.80649762  5.07430148 16.68134439 25.40824378 59.43451813
 69.72643442 69.98287423 69.99980171 70.         70.         70.
 70.         70.         70.         70.         70.         70.
 70.         70.         70.         70.         70.         70.
 70.         70.         70.         70.         70.         70.
 70.         70.         70.         70.         70.         70.
 70.         70.         70.         70.         70.         70.00001878
 70.00015205 70.00023103 70.00038873 70.00046353 70.000606   70.00092413
 70.00106735 70.00130367 70.00148549 70.0039048  70.01067455 70.02841616
 70.23933038 70.55139498 71.17574035]
dx norm:  0.051479926742751515
alpha:  0.05
delta:  0.00807413253510237
rho is:  0.9646536971791736
[ 0.09061341  2.93272505  5.50311253 18.27745946 25.07212891 59.31536344
 63.76600082 69.918337   69.99623714 69.99986539 70.         70.
 70.         70.         70.         70.         70.         70.
 70.         70.         70.         70.         70.         70.
 70.         70.         70.         70.         70.         70.
 70.         70.         70.         70.         70.         70.
 70.         70.         70.         70.         70.         70.00001843
 70.0001479  70.00023244 70.00034934 70.00041313 70.00046785 70.00077786
 70.00108062 70.00133199 70.00150532 70.00223863 70.00875367 70.01314755
 70.13595714 70.39338394 71.64428516]
dx norm:  0.05050712907726753
alpha:  0.05
delta:  0.00807413253510237
rho is:  0.9467381499761808
[1.29962500e-02 3.04889322e+00 5.22510634e+00 1.58644424e+01
 2.42319780e+01 5.28377501e+01 5.95487560e+01 6.98785775e+01
 6.99964532e+01 6.99998619e+01 7.00000000e+01 7.00000000e+01
 7.00000000e+01 7.00000000e+01 7.00000000e+01 7.00000000e+01
 7.00000000e+01 7.00000000e+01 7.00000000e+01 7.00000000e+01
 7.00000000e+01 7.00000000e+01 7.00000000e+01 7.00000000e+01
 7.00000000e+01 7.00000000e+01 7.00000000e+01 7.00000000e+01
 7.00000000e+01 7.00000000e+01 7.00000000e+01 7.00000000e+01
 7.00000000e+01 7.00000000e+01 7.00000000e+01 7.00000000e+01
 7.00000000e+01 7.00000000e+01 7.00000000e+01 7.00000000e+01
 7.00000180e+01 7.00001401e+01 7.00002278e+01 7.00003426e+01
 7.00004058e+01 7.00004625e+01 7.00006358e+01 7.00007675e+01
 7.00012247e+01 7.00013467e+01 7.00017433e+01 7.00025387e+01
 7.00094650e+01 7.00372412e+01 7.02388793e+01 7.03715747e+01
 7.09634209e+01]
dx norm:  0.04908455478008668
alpha:  0.05
delta:  0.00807413253510237
rho is:  0.9380024736154418
[-7.02137857e-02  2.89027839e+00  5.35146693e+00  1.60367749e+01
  2.45487525e+01  4.43945690e+01  5.93556634e+01  6.96041840e+01
  6.99257041e+01  6.99990425e+01  6.99998877e+01  7.00000000e+01
  7.00000000e+01  7.00000000e+01  7.00000000e+01  7.00000000e+01
  7.00000000e+01  7.00000000e+01  7.00000000e+01  7.00000000e+01
  7.00000000e+01  7.00000000e+01  7.00000000e+01  7.00000000e+01
  7.00000000e+01  7.00000000e+01  7.00000000e+01  7.00000000e+01
  7.00000000e+01  7.00000000e+01  7.00000000e+01  7.00000000e+01
  7.00000000e+01  7.00000000e+01  7.00000000e+01  7.00000000e+01
  7.00000000e+01  7.00000000e+01  7.00000000e+01  7.00000000e+01
  7.00000160e+01  7.00001340e+01  7.00002277e+01  7.00003450e+01
  7.00004036e+01  7.00004609e+01  7.00006019e+01  7.00007115e+01
  7.00011111e+01  7.00012472e+01  7.00017314e+01  7.00020915e+01
  7.00079114e+01  7.00105710e+01  7.01159636e+01  7.03803166e+01
  7.10394727e+01]
dx norm:  0.047083825843021024
alpha:  0.05
delta:  0.00807413253510237
rho is:  0.9226647285572208
[-0.16113653  2.75155518  5.35066053 15.77585211 24.5324999  37.63571891
 58.62931061 68.73999543 69.88635713 69.99527752 69.9993957  69.99988777
 70.         70.         70.         70.         70.         70.
 70.         70.         70.         70.         70.         70.
 70.         70.         70.         70.         70.         70.
 70.         70.         70.         70.         70.         70.
 70.         70.         70.         70.         70.00001584 70.00013342
 70.00022329 70.00034358 70.00040252 70.00041194 70.00049927 70.00070151
 70.00101331 70.0011911  70.00172981 70.00206061 70.00788041 70.01034582
 70.11188209 70.36741674 71.0359331 ]
dx norm:  0.04403229111464972
alpha:  0.05
delta:  0.00807413253510237
rho is:  0.901943451643356
[-0.24717529  2.70516354  5.35065926 15.55739916 24.52416565 33.29613629
 57.04385543 67.68366172 69.85474367 69.98116615 69.99938346 69.99952457
 69.99990329 70.         70.         70.         70.         70.
 70.         70.         70.         70.         70.         70.
 70.         70.         70.         70.         70.         70.
 70.         70.         70.         70.         70.         70.
 70.         70.         70.         70.         70.00001584 70.00013219
 70.00022145 70.00034321 70.00037007 70.00041168 70.00045496 70.0007014
 70.00091919 70.00101946 70.00158876 70.00205557 70.00779487 70.00822568
 70.11140244 70.36386785 71.03521421]
dx norm:  0.038845897539244924
alpha:  0.05
delta:  0.00807413253510237
rho is:  0.8457735908181593
[-0.31637649  2.68248036  5.35051116 15.34466806 24.51128131 30.45852966
 54.05215116 66.6013292  69.78192993 69.95743228 69.99869875 69.99938352
 69.99967913 69.99992965 70.         70.         70.         70.
 70.         70.         70.         70.         70.         70.
 70.         70.         70.         70.         70.         70.
 70.         70.         70.         70.         70.         70.
 70.         70.         70.         70.         70.00001517 70.00013216
 70.00021958 70.00031319 70.00035454 70.0003981  70.00045421 70.00068587
 70.0008684  70.00095458 70.00155965 70.00205539 70.00751928 70.00809002
 70.11108334 70.35411213 71.02862714]
dx norm:  0.027458697868988236
alpha:  0.05
delta:  0.00807413253510237
rho is:  0.46336911000471986
[-0.3559311   2.67362008  5.34938409 15.17791456 24.46444542 28.08075099
 48.97097352 65.72857667 69.61383901 69.93369825 69.99343015 69.99926201
 69.99967875 69.99973302 69.99995863 70.         70.         70.
 70.         70.         70.         70.         70.         70.
 70.         70.         70.         70.         70.         70.
 70.         70.         70.         70.         70.         70.
 70.         70.         70.         70.         70.00001517 70.00012867
 70.00019519 70.00029309 70.000354   70.00039098 70.00043919 70.00067731
 70.00086368 70.00095246 70.00154341 70.00205539 70.00605158 70.00790883
 70.11107494 70.34320094 71.02614104]
dx norm:  0.06095836384845581
alpha:  [0.00490943]
delta:  0.00807413253510237
rho is:  0.877627998777111
[-0.3659953   2.6707883   5.34931525 14.91711597 22.74755435 24.87742138
 40.59072053 65.10145122 69.20362626 69.90402148 69.9842587  69.99919359
 69.99946538 69.99973091 69.9997924  69.99995898 70.         70.
 70.         70.         70.         70.         70.         70.
 70.         70.         70.         70.         70.         70.
 70.         70.         70.         70.         70.         70.
 70.         70.         70.         70.         70.00001417 70.00012713
 70.00019047 70.00027608 70.0003537  70.00039096 70.00043595 70.00067684
 70.0008625  70.000951   70.00147227 70.00205533 70.00577625 70.00780731
 70.11107296 70.33824721 71.02623262]
dx norm:  0.06095836384845514
alpha:  [0.02952339]
delta:  0.00807413253510237
rho is:  0.974173982360461
[-0.36599534  2.20718889  5.37891617 14.91885697 22.94161509 24.86972581
 40.4282811  65.20789072 69.20557119 69.90361828 69.98459356 69.99919371
 69.99949166 69.99975626 69.99979613 69.99995903 70.         70.
 70.         70.         70.         70.         70.         70.
 70.         70.         70.         70.         70.         70.
 70.         70.         70.         70.         70.         70.
 70.         70.         70.         70.00001372 70.00012533 70.00013979
 70.00026538 70.00032436 70.00035595 70.00040233 70.00044917 70.00076164
 70.00094742 70.00137486 70.00185219 70.00281186 70.00678546 70.02438944
 70.19944276 70.3897148  71.34958022]
dx norm:  0.07010211842572361
alpha:  [0.04214468]
delta:  0.009285252415367626
rho is:  0.973855923670211
[-0.37706793  2.18246142  5.30570359 15.08067137 22.98429543 24.95367543
 39.03659124 64.17570852 69.21263581 69.37024779 69.91000679 69.99055938
 69.99924285 69.99949521 69.99975955 69.99983969 69.99996059 70.
 70.         70.         70.         70.         70.         70.
 70.         70.         70.         70.         70.         70.
 70.         70.         70.         70.         70.         70.
 70.         70.         70.         70.00001346 70.00011745 70.0001299
 70.00024402 70.00028489 70.0003372  70.00035633 70.00042916 70.00075432
 70.00093097 70.00113438 70.00149015 70.0028702  70.00475941 70.01061439
 70.05155225 70.29740292 70.81290128]
dx norm:  0.08061743618958214
alpha:  [0.01862362]
delta:  0.010678040277672801
rho is:  0.8583424620986271
[-0.38085308  2.05036565  5.26646741 15.18956603 22.70627351 24.92525553
 38.08059346 62.8395758  68.47915784 69.24742237 69.91173165 69.98983926
 69.99924158 69.99951008 69.99976529 69.99983991 69.99996057 70.
 70.         70.         70.         70.         70.         70.
 70.         70.         70.         70.         70.         70.
 70.         70.         70.         70.         70.         70.
 70.         70.         70.0000098  70.00010027 70.00012299 70.0002208
 70.00024555 70.00030766 70.00033757 70.00037071 70.00045385 70.00075499
 70.00092291 70.0011572  70.00177429 70.00290713 70.00808021 70.0138784
 70.0610976  70.29585063 70.94723417]
dx norm:  0.07785163680181666
alpha:  0.05
delta:  0.010678040277672801
rho is:  1.011047306248524
[-0.38090962  2.03991427  4.54807412 15.20228326 22.96583563 25.04785631
 38.07631303 62.60994004 68.35898358 69.24548081 69.91230748 69.98982661
 69.99926123 69.99952834 69.99977424 69.99984675 69.99996071 70.
 70.         70.         70.         70.         70.         70.
 70.         70.         70.         70.         70.         70.
 70.         70.         70.         70.         70.         70.
 70.         70.0000087  70.00009651 70.00012174 70.0002176  70.00024475
 70.0002965  70.00033358 70.00034125 70.00045242 70.00065955 70.00090173
 70.00114986 70.0017594  70.00199742 70.00291714 70.00890069 70.01336366
 70.07874365 70.29960923 71.46680854]
dx norm:  0.07577262156851733
alpha:  0.05
delta:  0.011858456379365421
rho is:  1.214513190698465
[-0.38089537  2.12666371  4.40423641 15.05441846 23.02656734 24.81681403
 38.06746584 61.619499   67.87869048 69.24136457 69.90869647 69.98883974
 69.9986565  69.99936847 69.9995388  69.99978252 69.9998659  69.99996084
 70.         70.         70.         70.         70.         70.
 70.         70.         70.         70.         70.         70.
 70.         70.         70.         70.         70.         70.
 70.         70.00000846 70.00009569 70.00010433 70.00015412 70.00022194
 70.00025901 70.00033698 70.00034975 70.00045364 70.00071376 70.00082383
 70.00105911 70.00177362 70.00213411 70.00631601 70.01060427 70.01750957
 70.05413856 70.302567   71.65442046]
dx norm:  0.07558795543381865
alpha:  0.05
delta:  0.011858456379365421
rho is:  0.9726084369587102
[-0.38089231  2.07409018  4.55492715 14.89155667 23.03417484 24.60269002
 38.06270692 58.30197013 66.79788887 69.24052279 69.87446373 69.94461543
 69.99058576 69.99934471 69.99953273 69.99978127 69.99986663 69.99996127
 70.         70.         70.         70.         70.         70.
 70.         70.         70.         70.         70.         70.
 70.         70.         70.         70.         70.         70.
 70.00000594 70.00008537 70.00010088 70.00013917 70.00017233 70.00022753
 70.00027713 70.00033795 70.00037103 70.0006611  70.00079548 70.00082868
 70.00105934 70.0019619  70.00249066 70.00504877 70.00862833 70.01559588
 70.03363975 70.26807145 70.92713539]
dx norm:  0.07410768676127232
alpha:  0.05
delta:  0.011858456379365421
rho is:  1.1735449321344869
[-0.38093653  2.09526486  4.22077524 14.77902476 23.05158086 24.47878564
 38.06399444 55.59229064 66.45055412 69.22845443 69.865896   69.94496003
 69.99052732 69.9993478  69.99953439 69.9997912  69.99986683 69.99996178
 70.         70.         70.         70.         70.         70.
 70.         70.         70.         70.         70.         70.
 70.         70.         70.         70.         70.         70.00000562
 70.00002623 70.00009469 70.00010278 70.00015197 70.00017251 70.00027041
 70.00027772 70.00035735 70.00037622 70.00066482 70.00074961 70.00101525
 70.00112051 70.00221301 70.00227516 70.00534932 70.00892401 70.0152147
 70.04858105 70.2705874  71.15117272]
dx norm:  0.07393017320616597
alpha:  0.05
delta:  0.011858456379365421
rho is:  0.961521101469557
[-0.38094286  2.03987053  4.43049221 14.63189241 22.94034813 24.37446348
 38.06364276 49.82919576 66.04498033 69.21862734 69.77955867 69.93351918
 69.99060366 69.99934056 69.99953069 69.99977758 69.99986739 69.99996373
 69.99999177 70.         70.         70.         70.         70.
 70.         70.         70.         70.         70.         70.
 70.         70.         70.         70.         70.         70.00000564
 70.00002765 70.00005724 70.00009952 70.0001416  70.00015916 70.00022425
 70.0002744  70.00035651 70.00037949 70.00047193 70.00072798 70.00088554
 70.00106651 70.0018249  70.00231111 70.00547014 70.00880864 70.01545698
 70.05080363 70.27244035 71.12278006]
dx norm:  0.07299977070178933
alpha:  0.05
delta:  0.011858456379365421
rho is:  1.1791127582493
[-0.3810222   2.07180108  4.01133361 14.51723668 22.84730446 24.31507721
 38.06695054 46.01834574 65.93711327 69.20469293 69.79514648 69.93486887
 69.99175127 69.99932294 69.99952622 69.99978751 69.99986532 69.99995015
 69.9999658  70.         70.         70.         70.         70.
 70.         70.         70.         70.         70.         70.
 70.         70.         70.         70.         70.00000457 70.00001579
 70.00004773 70.00009472 70.00011641 70.00011997 70.00015802 70.00026572
 70.00029229 70.00033646 70.00039473 70.00056177 70.00070744 70.00105701
 70.0013565  70.00174376 70.00244247 70.00609825 70.00886769 70.01584581
 70.06539009 70.27247332 71.32658138]
dx norm:  0.07290670562991373
alpha:  0.05
delta:  0.011858456379365421
rho is:  0.9459359764774707
[-0.38104875  2.00559585  4.2855701  14.33611948 22.4829483  24.28278095
 38.06305692 39.57441316 65.84311638 69.1874552  69.70102631 69.93360392
 69.99129796 69.99806971 69.99937453 69.99953853 69.99979716 69.99987036
 69.99996404 70.         70.         70.         70.         70.
 70.         70.         70.         70.         70.         70.
 70.         70.         70.         70.00000233 70.00000612 70.00000696
 70.00003953 70.00007744 70.00009954 70.00015537 70.00015731 70.0002201
 70.0003025  70.00033969 70.00037413 70.00052738 70.00071551 70.00099603
 70.00115231 70.00191452 70.00243899 70.00478136 70.00882384 70.01544683
 70.06324859 70.2759618  71.44614751]
dx norm:  0.06798067617860504
alpha:  0.05
delta:  0.011858456379365421
rho is:  0.9229539383904192
[-0.3811662   2.05171245  3.76215123 14.16644087 22.10014444 24.26686964
 35.55357404 38.07654318 65.81919368 69.16567412 69.72271185 69.93399732
 69.99354042 69.99743987 69.99936497 69.99955047 69.99979562 69.99987101
 69.99996443 70.         70.         70.         70.         70.
 70.         70.         70.         70.         70.         70.
 70.         70.         70.00000062 70.00000426 70.00000567 70.00001033
 70.00006642 70.00009004 70.00010266 70.00015678 70.00015849 70.00023953
 70.00029253 70.00037327 70.00042651 70.000587   70.00071269 70.00104119
 70.00139337 70.00189873 70.00296854 70.00576748 70.00971822 70.01538348
 70.07908732 70.27648138 71.62688313]
dx norm:  0.07147858085790125
alpha:  0.05
delta:  0.011858456379365421
rho is:  1.3060227854723512
[-0.38111594  2.20279919  3.20948834 13.59508491 19.90735514 24.29388773
 28.99690218 38.08013018 65.89964511 69.13657349 69.67647935 69.93338688
 69.99399419 69.99492274 69.99934728 69.9995545  69.99979892 69.99987051
 69.99996461 69.99999866 70.         70.         70.         70.
 70.         70.         70.         70.         70.         70.
 70.         70.         70.00000132 70.00000492 70.00000697 70.00001096
 70.00006547 70.0000986  70.00011432 70.0001554  70.00022319 70.00023758
 70.00030623 70.00037304 70.00054438 70.00065312 70.0009277  70.00107879
 70.00187766 70.00231683 70.00347761 70.00860731 70.01304353 70.03485796
 70.09916224 70.28414009 71.49556641]
dx norm:  0.08952938232208925
alpha:  [0.00620389]
delta:  0.011858456379365421
rho is:  0.07632041996623169
[-0.38125493  1.98350254  3.63244134 11.77004377 16.68867606 24.32694478
 25.64499648 38.08462415 65.8881033  68.77796106 69.35619285 69.93542959
 69.96842523 69.99412562 69.99936145 69.99954448 69.99979894 69.99986993
 69.99996919 69.99999155 70.         70.         70.         70.
 70.         70.         70.         70.         70.         70.
 70.         70.00000092 70.00000343 70.00000569 70.0000071  70.00002199
 70.00007217 70.00009844 70.00011807 70.00015313 70.00022352 70.00025111
 70.00031169 70.00037318 70.00053471 70.00065304 70.00095213 70.00107285
 70.00198093 70.00222395 70.00342677 70.0068834  70.00979543 70.0139192
 70.06804124 70.26794518 71.55603374]
dx norm:  0.05819409850935808
alpha:  [0.04129089]
delta:  0.007707996646587532
rho is:  1.0871612105124613
[-0.38283874  1.97333432  3.44345599  4.81012435 11.95083614 16.91685787
 24.42706271 25.9599183  38.24994946 68.80130497 69.3563815  69.96814947
 69.97835612 69.99414253 69.99936486 69.99959356 69.99979956 69.99987004
 69.99997176 69.99999324 70.         70.         70.         70.
 70.         70.         70.         70.         70.         70.
 70.00000092 70.0000033  70.00000557 70.00000665 70.00001297 70.00006316
 70.00009573 70.00011428 70.00014    70.00015747 70.00023207 70.00030644
 70.00032624 70.00044131 70.00064361 70.00084739 70.0010523  70.00168575
 70.00216192 70.00328148 70.00614078 70.00965333 70.01134206 70.04305177
 70.09952986 70.33617679 71.55664933]
dx norm:  0.05819409850935805
alpha:  [0.04041248]
delta:  0.007707996646587532
rho is:  0.9036072137512647
[-0.38284132  1.88482248  3.65077198  4.72992217 11.42326669 16.74622469
 23.74728274 26.59924002 37.25402146 64.01324222 69.2509505  69.5173926
 69.97912825 69.98766729 69.99417636 69.99937107 69.99959609 69.99980215
 69.99988208 69.99997273 69.9999941  70.         70.         70.
 70.         70.         70.         70.         70.         70.
 70.00000066 70.00000174 70.00000553 70.00000561 70.00001342 70.00004288
 70.00007319 70.00009636 70.00013645 70.00014645 70.000232   70.00029096
 70.0003272  70.00044217 70.00046604 70.00065016 70.00089722 70.0015547
 70.00190876 70.0029499  70.00582214 70.00833157 70.01064773 70.04369929
 70.07484704 70.23915702 71.77566897]
dx norm:  0.058194098509358666
alpha:  [0.04049139]
delta:  0.007707996646587532
rho is:  1.0380761489418626
[-0.38375076  1.74791616  2.9847101   4.14776519 11.25027052 17.01377784
 23.24836279 27.10574756 37.14247936 60.96703827 69.30304808 69.64464704
 69.98649458 69.99114474 69.99431629 69.99939247 69.9996068  69.99980908
 69.99988247 69.99997345 69.99999473 70.         70.         70.
 70.         70.         70.         70.         70.         70.00000047
 70.00000156 70.00000377 70.00000558 70.00001288 70.00003934 70.0000663
 70.00008774 70.00012534 70.00014641 70.00017533 70.00024448 70.00030592
 70.00036471 70.00044699 70.00063565 70.00077047 70.00111055 70.00188515
 70.00228043 70.00515298 70.00818779 70.01051496 70.012343   70.04670257
 70.10212145 70.38907335 72.03573171]
dx norm:  0.058194098509358014
alpha:  [0.04039566]
delta:  0.007707996646587532
rho is:  0.9508802905570682
[-0.3837598   1.71042918  3.02159712  4.3983053  10.90937712 17.00706795
 22.33827693 27.59497144 35.38002009 56.55836717 69.2586361  69.65206618
 69.98415839 69.99173294 69.99440742 69.99942035 69.99963009 69.99980781
 69.99988329 69.99998161 69.99999724 70.         70.         70.
 70.         70.         70.         70.         70.00000044 70.00000141
 70.00000239 70.0000048  70.00000887 70.00003895 70.00005884 70.00006519
 70.00008689 70.0001449  70.00015356 70.0002015  70.0002438  70.0003042
 70.00037833 70.00047101 70.00069742 70.00086766 70.00103035 70.00186644
 70.00199584 70.00439111 70.00772669 70.00944589 70.01060832 70.05389208
 70.12684433 70.52402807 72.48368663]
dx norm:  0.05819409850935821
alpha:  [0.04043605]
delta:  0.007707996646587532
rho is:  1.0432824679242176
[-0.38402358  1.64229306  3.05989848  3.88833462 10.75556473 17.00969287
 21.86366669 27.97506276 34.30372666 54.7016672  69.26136544 69.71191887
 69.98336352 69.99213425 69.9944053  69.99944592 69.99965511 69.9998392
 69.99989235 69.99997471 69.9999974  70.         70.         70.
 70.         70.         70.         70.00000027 70.00000082 70.00000144
 70.00000378 70.00000487 70.00001142 70.00004052 70.00006135 70.00007138
 70.00009466 70.00013907 70.00015675 70.00019886 70.0002587  70.00030817
 70.00041928 70.00046141 70.00073045 70.00087454 70.00143763 70.00188622
 70.00421121 70.00491249 70.00833623 70.01013748 70.01070863 70.06458983
 70.14262335 70.58387021 72.53913531]
dx norm:  0.05819409850935825
alpha:  [0.04071915]
delta:  0.007707996646587532
rho is:  0.980724480076967
[-0.3840086   1.54854499  3.00276468  4.14716609 10.18045527 16.8118194
 21.72042168 27.98111076 34.66730622 52.92292213 69.22353728 69.71715358
 69.98211117 69.99241345 69.99492796 69.99769576 69.99945104 69.99965859
 69.99985631 69.99990076 69.99999017 69.99999772 70.         70.
 70.         70.         70.         70.00000025 70.00000117 70.00000186
 70.00000431 70.0000069  70.00002185 70.00004673 70.00006703 70.0000724
 70.00007567 70.00014351 70.00015462 70.00018455 70.00023578 70.00030897
 70.00040678 70.00052959 70.00066409 70.00085163 70.00165067 70.00180664
 70.00200741 70.00476733 70.00786233 70.01047054 70.01398164 70.05105105
 70.17013668 70.61301994 73.37003382]
dx norm:  0.06692321328576202
alpha:  [0.04887532]
delta:  0.008864196143575696
rho is:  0.9642792156688458
[-0.38398887  1.59108317  2.89451025  3.68491233  9.7333869  16.71251894
 21.68193142 28.19808463 34.72607941 52.0209723  69.23889424 69.73540715
 69.97920526 69.99256907 69.99466745 69.99932088 69.99945282 69.99973669
 69.99986422 69.99990046 69.99999237 69.99999796 70.         70.
 70.         70.         70.00000014 70.00000067 70.00000175 70.00000386
 70.00000642 70.00001425 70.00003345 70.00005212 70.00007037 70.00007237
 70.00007685 70.00015157 70.00016374 70.00019898 70.0002653  70.00040369
 70.00049786 70.00065934 70.00080843 70.00104582 70.00142516 70.00198966
 70.00351225 70.00719434 70.00780698 70.01048872 70.01406358 70.06007918
 70.16418472 70.63613348 73.19441234]
dx norm:  0.06692321328576195
alpha:  [0.04984829]
delta:  0.008864196143575696
rho is:  0.9360441936903697
[-0.38398337  1.63851877  2.87692133  3.38209126  8.42223974 16.37503029
 21.66367494 27.11578456 34.88569075 50.91234016 69.01909083 69.5139768
 69.93698765 69.98519046 69.99342281 69.99634519 69.99948276 69.99971833
 69.99985647 69.99990958 69.99999225 69.99999797 70.         70.
 70.         70.00000008 70.00000053 70.00000065 70.00000242 70.00000531
 70.00000629 70.00001278 70.00003801 70.00005427 70.00006305 70.00007302
 70.00011464 70.00013017 70.00015668 70.00021591 70.00028506 70.00032494
 70.00048925 70.00065428 70.00078812 70.00101526 70.00177553 70.00197218
 70.00239207 70.0067592  70.00771923 70.01052729 70.02177991 70.02411499
 70.10650015 70.39231709 73.18072474]
dx norm:  0.066923213285762
alpha:  [0.04919906]
delta:  0.008864196143575696
slurmstepd: error: *** JOB 8506515 ON node2307 CANCELLED AT 2025-02-21T16:52:15 ***
