## SLURM PROLOG ###############################################################
##    Job ID : 14718552
##  Job Name : test
##  Nodelist : node[1941,1944]
##      CPUs : 96
##  Mem/Node : 98304 MB
## Directory : /oscar/scratch/kbadger1/SaddleClimb/examples/CH_C_to_C_CH/fosp_searches/saddleclimb
##   Job Started : Fri Dec  5 10:36:58 AM EST 2025
###############################################################################
climbing
climbing
climbing
climbing
climbing
climbing
climbing
climbing
climbing
climbing
climbing
climbing
climbing
climbing
descending
descending
climbing
climbing
climbing
climbing
climbing
climbing
climbing
climbing
climbing
climbing
climbing
climbing
climbing
climbing
climbing
climbing
climbing
climbing
climbing
climbing
climbing
climbing
climbing
descending
descending
descending
descending
climbing
climbing
climbing
climbing
descending
climbing
climbing
descending
climbing
climbing
climbing
climbing
climbing
climbing
climbing
climbing
climbing
climbing
climbing
climbing
climbing
climbing
climbing
climbing
climbing
climbing
climbing
climbing
climbing
climbing
climbing
climbing
climbing
climbing
climbing
climbing
climbing
climbing
climbing
climbing
climbing
climbing
climbing
climbing
climbing
climbing
climbing
climbing
climbing
climbing
climbing
climbing
climbing
climbing
climbing
