## SLURM PROLOG ###############################################################
##    Job ID : 7597265
##  Job Name : test
##  Nodelist : node2346
##      CPUs : 48
##  Mem/Node : 98304 MB
## Directory : /oscar/scratch/kbadger1/SaddleClimb/example/fosp_searches/fcc1_to_fcc2/saddleclimb
##   Job Started : Sat Jan 11 06:07:36 PM EST 2025
###############################################################################
distance to initial position:
 0.010000000000000023
Fmax
 0.01220243
self.forward_climb?:  True
path_F_dot:  0.4198746289901243
eig:  [ 1.39248796 70.         70.         70.         70.         70.
 70.         70.         70.         70.         70.         70.
 70.         70.         70.         70.         70.         70.
 70.         70.         70.         70.         70.         70.
 70.         70.         70.         70.         70.         70.
 70.         70.         70.         70.         70.         70.
 70.         70.         70.         70.         70.         70.
 70.         70.         70.         70.         70.         70.
 70.         70.         70.         70.         70.         70.
 70.         70.         70.0165368 ]
distance to initial position:
 0.01920748429085894
Fmax
 0.02143691
self.forward_climb?:  True
path_F_dot:  0.6649283710031731
eig:  [ 1.21530773 63.24768823 70.         70.         70.         70.
 70.         70.         70.         70.         70.         70.
 70.         70.         70.         70.         70.         70.
 70.         70.         70.         70.         70.         70.
 70.         70.         70.         70.         70.         70.
 70.         70.         70.         70.         70.         70.
 70.         70.         70.         70.         70.         70.
 70.         70.         70.         70.         70.         70.
 70.         70.         70.         70.         70.         70.
 70.         70.00923051 70.85685657]
distance to initial position:
 0.03800974496760305
Fmax
 0.04082802
self.forward_climb?:  True
path_F_dot:  0.8084173143027937
eig:  [ 1.06489377 61.38596158 70.         70.         70.         70.
 70.         70.         70.         70.         70.         70.
 70.         70.         70.         70.         70.         70.
 70.         70.         70.         70.         70.         70.
 70.         70.         70.         70.         70.         70.
 70.         70.         70.         70.         70.         70.
 70.         70.         70.         70.         70.         70.
 70.         70.         70.         70.         70.         70.
 70.         70.         70.         70.         70.         70.
 70.00579532 70.27367392 71.04002381]
distance to initial position:
 0.07756868962129439
Fmax
 0.08707735
self.forward_climb?:  True
path_F_dot:  0.8363611588811732
eig:  [ 1.12207906 60.9063763  70.         70.         70.         70.
 70.         70.         70.         70.         70.         70.
 70.         70.         70.         70.         70.         70.
 70.         70.         70.         70.         70.         70.
 70.         70.         70.         70.         70.         70.
 70.         70.         70.         70.         70.         70.
 70.         70.         70.         70.         70.         70.
 70.         70.         70.         70.         70.         70.
 70.         70.         70.         70.         70.         70.00536941
 70.14739841 70.3215514  71.59557536]
distance to initial position:
 0.15400373740535397
Fmax
 0.19705027
self.forward_climb?:  True
path_F_dot:  0.7424097419720541
eig:  [ 1.15985313 60.8539952  70.         70.         70.         70.
 70.         70.         70.         70.         70.         70.
 70.         70.         70.         70.         70.         70.
 70.         70.         70.         70.         70.         70.
 70.         70.         70.         70.         70.         70.
 70.         70.         70.         70.         70.         70.
 70.         70.         70.         70.         70.         70.
 70.         70.         70.         70.         70.         70.
 70.         70.         70.         70.         70.00453374 70.07452854
 70.21108464 70.40728406 73.188789  ]
distance to initial position:
 0.27244285424181325
Fmax
 0.43069045
self.forward_climb?:  True
path_F_dot:  0.6302026721779651
eig:  [ 1.25653304 60.92194265 70.         70.         70.         70.
 70.         70.         70.         70.         70.         70.
 70.         70.         70.         70.         70.         70.
 70.         70.         70.         70.         70.         70.
 70.         70.         70.         70.         70.         70.
 70.         70.         70.         70.         70.         70.
 70.         70.         70.         70.         70.         70.
 70.         70.         70.         70.         70.         70.
 70.         70.         70.         70.00410731 70.02836101 70.08097039
 70.23903878 70.47379937 78.20900022]
distance to initial position:
 0.39361157065950103
Fmax
 0.72475585
self.forward_climb?:  True
path_F_dot:  0.5565953257157212
eig:  [ 1.06666453 60.98627811 70.         70.         70.         70.
 70.         70.         70.         70.         70.         70.
 70.         70.         70.         70.         70.         70.
 70.         70.         70.         70.         70.         70.
 70.         70.         70.         70.         70.         70.
 70.         70.         70.         70.         70.         70.
 70.         70.         70.         70.         70.         70.
 70.         70.         70.         70.         70.         70.
 70.         70.         70.00406879 70.01781424 70.05552073 70.09741789
 70.25181819 70.50354137 85.33649674]
distance to initial position:
 0.5188921584454878
Fmax
 0.99607183
self.forward_climb?:  True
path_F_dot:  0.5167338141293552
eig:  [ 0.58289669 60.82271603 70.         70.         70.         70.
 70.         70.         70.         70.         70.         70.
 70.         70.         70.         70.         70.         70.
 70.         70.         70.         70.         70.         70.
 70.         70.         70.         70.         70.         70.
 70.         70.         70.         70.         70.         70.
 70.         70.         70.         70.         70.         70.
 70.         70.         70.         70.         70.         70.
 70.         70.0035703  70.01714921 70.03618693 70.0815024  70.21547474
 70.26018    70.61608495 82.61766173]
scale of eig:  2.0574359019396073
distance to initial position:
 0.6507452013973558
Fmax
 1.10661704
self.forward_climb?:  True
path_F_dot:  0.48157751850716146
eig:  [-0.11142942 45.10347449 61.27506621 70.         70.         70.
 70.         70.         70.         70.         70.         70.
 70.         70.         70.         70.         70.         70.
 70.         70.         70.         70.         70.         70.
 70.         70.         70.         70.         70.         70.
 70.         70.         70.         70.         70.         70.
 70.         70.         70.         70.         70.         70.
 70.         70.         70.         70.         70.         70.
 70.         70.00344236 70.01412778 70.01718123 70.05536445 70.112512
 70.30005316 70.47102715 71.94730323]
scale of eig:  5.92181253785381
distance to initial position:
 0.7942347352449498
Fmax
 0.91583771
self.forward_climb?:  True
path_F_dot:  0.44946137513713547
eig:  [-0.1717317  19.67556501 62.71728122 70.         70.         70.
 70.         70.         70.         70.         70.         70.
 70.         70.         70.         70.         70.         70.
 70.         70.         70.         70.         70.         70.
 70.         70.         70.         70.         70.         70.
 70.         70.         70.         70.         70.         70.
 70.         70.         70.         70.         70.         70.
 70.         70.         70.         70.         70.         70.
 70.00342112 70.01152998 70.01404454 70.01726709 70.06494219 70.15579855
 70.3150464  70.5614853  87.88194731]
scale of eig:  8.663800486810436
distance to initial position:
 0.9082631285909913
Fmax
 0.63701192
self.forward_climb?:  True
path_F_dot:  0.25013647805495726
eig:  [-0.20780824  9.18064688 62.73514745 70.         70.         70.
 70.         70.         70.         70.         70.         70.
 70.         70.         70.         70.         70.         70.
 70.         70.         70.         70.         70.         70.
 70.         70.         70.         70.         70.         70.
 70.         70.         70.         70.         70.         70.
 70.         70.         70.         70.         70.         70.
 70.         70.         70.         70.         70.         70.00340908
 70.00756405 70.01321904 70.0172596  70.05501746 70.1235648  70.25044049
 70.43476615 70.87617296 99.60867459]
scale of eig:  5.682729630101845
distance to initial position:
 1.0548264719587905
Fmax
 0.90933457
self.forward_climb?:  True
path_F_dot:  0.12111558911378298
eig:  [2.25791392e-02 2.72833772e+00 6.27919261e+01 6.98531795e+01
 7.00000000e+01 7.00000000e+01 7.00000000e+01 7.00000000e+01
 7.00000000e+01 7.00000000e+01 7.00000000e+01 7.00000000e+01
 7.00000000e+01 7.00000000e+01 7.00000000e+01 7.00000000e+01
 7.00000000e+01 7.00000000e+01 7.00000000e+01 7.00000000e+01
 7.00000000e+01 7.00000000e+01 7.00000000e+01 7.00000000e+01
 7.00000000e+01 7.00000000e+01 7.00000000e+01 7.00000000e+01
 7.00000000e+01 7.00000000e+01 7.00000000e+01 7.00000000e+01
 7.00000000e+01 7.00000000e+01 7.00000000e+01 7.00000000e+01
 7.00000000e+01 7.00000000e+01 7.00000000e+01 7.00000000e+01
 7.00000000e+01 7.00000000e+01 7.00000000e+01 7.00000000e+01
 7.00000000e+01 7.00000000e+01 7.00000000e+01 7.00033635e+01
 7.00074932e+01 7.00133993e+01 7.00172242e+01 7.00581920e+01
 7.00937917e+01 7.02278179e+01 7.03991765e+01 7.08732062e+01
 1.04839073e+02]
scale of eig:  4.687964462824722
distance to initial position:
 1.16967534302253
Fmax
 1.14660279
self.forward_climb?:  True
path_F_dot:  0.08911133101305964
eig:  [  0.23661105   5.31175757  63.29808611  69.9714511   70.
  70.          70.          70.          70.          70.
  70.          70.          70.          70.          70.
  70.          70.          70.          70.          70.
  70.          70.          70.          70.          70.
  70.          70.          70.          70.          70.
  70.          70.          70.          70.          70.
  70.          70.          70.          70.          70.
  70.          70.          70.          70.          70.
  70.          70.00295487  70.00679419  70.01280843  70.01700585
  70.05710552  70.07849477  70.22752959  70.39797998  70.86409048
  74.38804167 118.56667434]
scale of eig:  4.589348869326606
distance to initial position:
 1.3151894246191544
Fmax
 1.32438096
self.forward_climb?:  True
path_F_dot:  0.03160234194027409
eig:  [  0.228252     6.32016751  63.30023292  69.91984332  70.
  70.          70.          70.          70.          70.
  70.          70.          70.          70.          70.
  70.          70.          70.          70.          70.
  70.          70.          70.          70.          70.
  70.          70.          70.          70.          70.
  70.          70.          70.          70.          70.
  70.          70.          70.          70.          70.
  70.          70.          70.          70.          70.
  70.00292569  70.00663951  70.01151326  70.01690788  70.04507447
  70.05607405  70.08509519  70.25595056  70.46911206  71.77116364
  75.50954928 115.20416678]
scale of eig:  1.5604281586086217
distance to initial position:
 1.4444869549542594
Fmax
 1.48908588
self.forward_climb?:  True
path_F_dot:  0.005304902931860424
eig:  [7.85265999e-02 7.22000391e+00 6.33785153e+01 6.98708669e+01
 7.00000000e+01 7.00000000e+01 7.00000000e+01 7.00000000e+01
 7.00000000e+01 7.00000000e+01 7.00000000e+01 7.00000000e+01
 7.00000000e+01 7.00000000e+01 7.00000000e+01 7.00000000e+01
 7.00000000e+01 7.00000000e+01 7.00000000e+01 7.00000000e+01
 7.00000000e+01 7.00000000e+01 7.00000000e+01 7.00000000e+01
 7.00000000e+01 7.00000000e+01 7.00000000e+01 7.00000000e+01
 7.00000000e+01 7.00000000e+01 7.00000000e+01 7.00000000e+01
 7.00000000e+01 7.00000000e+01 7.00000000e+01 7.00000000e+01
 7.00000000e+01 7.00000000e+01 7.00000000e+01 7.00000000e+01
 7.00000000e+01 7.00000000e+01 7.00000000e+01 7.00000000e+01
 7.00028767e+01 7.00066234e+01 7.00100990e+01 7.00167917e+01
 7.00285010e+01 7.00515861e+01 7.00681337e+01 7.01818115e+01
 7.02592544e+01 7.05770722e+01 7.27683116e+01 7.52245957e+01
 1.13988833e+02]
scale of eig:  6.32443043157731
distance to initial position:
 1.5744843215974242
Fmax
 1.56074401
self.forward_climb?:  False
path_F_dot:  0.013119188264400408
eig:  [-7.29868622e-02  7.48467783e+00  3.69276706e+01  6.34244484e+01
  7.00000000e+01  7.00000000e+01  7.00000000e+01  7.00000000e+01
  7.00000000e+01  7.00000000e+01  7.00000000e+01  7.00000000e+01
  7.00000000e+01  7.00000000e+01  7.00000000e+01  7.00000000e+01
  7.00000000e+01  7.00000000e+01  7.00000000e+01  7.00000000e+01
  7.00000000e+01  7.00000000e+01  7.00000000e+01  7.00000000e+01
  7.00000000e+01  7.00000000e+01  7.00000000e+01  7.00000000e+01
  7.00000000e+01  7.00000000e+01  7.00000000e+01  7.00000000e+01
  7.00000000e+01  7.00000000e+01  7.00000000e+01  7.00000000e+01
  7.00000000e+01  7.00000000e+01  7.00000000e+01  7.00000000e+01
  7.00000000e+01  7.00000000e+01  7.00000000e+01  7.00028542e+01
  7.00064592e+01  7.00084431e+01  7.00133042e+01  7.00192348e+01
  7.00287052e+01  7.00632429e+01  7.00695410e+01  7.01124419e+01
  7.02741995e+01  7.03338448e+01  7.10782983e+01  7.44755795e+01
  7.81865756e+01]
distance to initial position:
 1.453638616844042
Fmax
 1.48055578
self.forward_climb?:  True
path_F_dot:  0.0040857616796301285
eig:  [-0.27358744  6.81551538 19.7107127  63.28222037 69.6442954  70.
 70.         70.         70.         70.         70.         70.
 70.         70.         70.         70.         70.         70.
 70.         70.         70.         70.         70.         70.
 70.         70.         70.         70.         70.         70.
 70.         70.         70.         70.         70.         70.
 70.         70.         70.         70.         70.         70.
 70.         70.00219168 70.00636731 70.00838912 70.01042462 70.01721732
 70.02852194 70.06317291 70.0690322  70.10706162 70.17325375 70.27829172
 70.45912005 73.19210873 77.5771034 ]
distance to initial position:
 1.5750222785017467
Fmax
 1.13107342
self.forward_climb?:  False
path_F_dot:  0.011366596563169164
eig:  [-0.28158893  7.4217188  16.5475549  63.36111163 69.85194389 70.
 70.         70.         70.         70.         70.         70.
 70.         70.         70.         70.         70.         70.
 70.         70.         70.         70.         70.         70.
 70.         70.         70.         70.         70.         70.
 70.         70.         70.         70.         70.         70.
 70.         70.         70.         70.         70.         70.
 70.00217194 70.00605959 70.00797824 70.00990151 70.01419416 70.02452391
 70.05842746 70.06677108 70.0828891  70.1637927  70.26828762 70.39735596
 71.8856372  72.94324562 79.1983573 ]
distance to initial position:
 1.4989748475433087
Fmax
 1.30215302
self.forward_climb?:  True
path_F_dot:  0.012317317741325318
eig:  [-0.30133223  5.60301333 14.27267035 63.52304539 69.73418558 70.
 70.         70.         70.         70.         70.         70.
 70.         70.         70.         70.         70.         70.
 70.         70.         70.         70.         70.         70.
 70.         70.         70.         70.         70.         70.
 70.         70.         70.         70.         70.         70.
 70.         70.         70.         70.         70.         70.00204031
 70.00603631 70.00768132 70.00965077 70.01409015 70.01546265 70.02746829
 70.04305906 70.0624883  70.08552243 70.16427912 70.26193838 70.38536082
 72.24214525 74.24012746 79.07531724]
scale of eig:  2.4918688128568194
distance to initial position:
 1.5011360177308641
Fmax
 0.45053001
self.forward_climb?:  True
path_F_dot:  0.049902200230625846
eig:  [-0.30057468  5.9798225  15.16815572 63.43529562 69.62618753 70.
 70.         70.         70.         70.         70.         70.
 70.         70.         70.         70.         70.         70.
 70.         70.         70.         70.         70.         70.
 70.         70.         70.         70.         70.         70.
 70.         70.         70.         70.         70.         70.
 70.         70.         70.         70.         70.00202325 70.00547293
 70.00601396 70.00826658 70.01208404 70.01363722 70.01865318 70.02917927
 70.06098398 70.06259373 70.08711031 70.16547542 70.26092997 70.38188899
 71.92922525 76.53135249 80.07672809]
distance to initial position:
 1.6429170898835763
Fmax
 0.33101648
self.forward_climb?:  False
path_F_dot:  0.07789329161498106
eig:  [-0.48989395  5.76852376 23.01249493 61.48112937 65.08676905 69.8459749
 70.         70.         70.         70.         70.         70.
 70.         70.         70.         70.         70.         70.
 70.         70.         70.         70.         70.         70.
 70.         70.         70.         70.         70.         70.
 70.         70.         70.         70.         70.         70.
 70.         70.         70.         70.         70.00199076 70.00531769
 70.00687474 70.00885528 70.01248263 70.01418787 70.02615076 70.03359394
 70.05868529 70.06998517 70.12016869 70.14639468 70.26598802 70.36359052
 70.68062958 73.73382786 78.24838791]
distance to initial position:
 1.5367054992296556
Fmax
 0.34788072
self.forward_climb?:  True
path_F_dot:  0.02216806852646385
eig:  [-0.51452425  4.21711196 23.36565155 35.89202626 64.22366873 69.81966403
 70.         70.         70.         70.         70.         70.
 70.         70.         70.         70.         70.         70.
 70.         70.         70.         70.         70.         70.
 70.         70.         70.         70.         70.         70.
 70.         70.         70.         70.         70.         70.
 70.         70.         70.         70.00197635 70.00508319 70.00635704
 70.00799519 70.01064483 70.01248261 70.0148102  70.02635925 70.03222974
 70.06033577 70.07624291 70.12761167 70.14575847 70.30597313 70.40955664
 70.73449779 73.24940376 77.96651452]
distance to initial position:
 1.613279377924045
Fmax
 0.30307504
self.forward_climb?:  False
path_F_dot:  0.053537385221439845
eig:  [-0.54281683  3.79116999 15.26872313 25.79033913 64.29972038 69.84949349
 70.         70.         70.         70.         70.         70.
 70.         70.         70.         70.         70.         70.
 70.         70.         70.         70.         70.         70.
 70.         70.         70.         70.         70.         70.
 70.         70.         70.         70.         70.         70.
 70.         70.         70.00186095 70.00268561 70.00488026 70.00633723
 70.00853143 70.01158279 70.01361598 70.02368253 70.02870532 70.05792235
 70.06993421 70.07988381 70.13465069 70.17009247 70.31211939 70.40633528
 70.88761512 73.2154353  77.6457008 ]
distance to initial position:
 1.561206490674817
Fmax
 0.14358984
self.forward_climb?:  True
path_F_dot:  0.008042057059076397
eig:  [-0.53831605  3.86400266 10.46275159 26.15561944 64.34147336 69.82039644
 69.98534174 70.         70.         70.         70.         70.
 70.         70.         70.         70.         70.         70.
 70.         70.         70.         70.         70.         70.
 70.         70.         70.         70.         70.         70.
 70.         70.         70.         70.         70.         70.
 70.         70.         70.0018068  70.00486642 70.0059389  70.00720357
 70.00883273 70.01283504 70.01855068 70.02262799 70.02562137 70.05808218
 70.07355002 70.10838607 70.13884832 70.25259688 70.31969244 70.51596315
 71.40637243 73.32431636 77.25444977]
distance to initial position:
 1.5742622271763114
Fmax
 0.12431531
self.forward_climb?:  False
path_F_dot:  0.040500901259968976
eig:  [-0.54431333  3.9421981   8.07321841 26.14137371 56.91405737 64.6256484
 69.88117724 70.         70.         70.         70.         70.
 70.         70.         70.         70.         70.         70.
 70.         70.         70.         70.         70.         70.
 70.         70.         70.         70.         70.         70.
 70.         70.         70.         70.         70.         70.
 70.         70.00179037 70.00237674 70.00486579 70.0055882  70.00757826
 70.0095325  70.01146013 70.01923159 70.02115945 70.02782512 70.04636543
 70.0598955  70.09275884 70.12336771 70.14886716 70.31974632 70.39567691
 70.90305417 73.20853063 77.88774122]
distance to initial position:
 1.5322245599119044
Fmax
 0.10256617
self.forward_climb?:  True
path_F_dot:  0.04782647763406299
eig:  [-0.52699773  3.15826228  7.46050034 25.70879523 37.53272701 64.45931879
 69.88709261 70.         70.         70.         70.         70.
 70.         70.         70.         70.         70.         70.
 70.         70.         70.         70.         70.         70.
 70.         70.         70.         70.         70.         70.
 70.         70.         70.         70.         70.         70.
 70.00132706 70.00166344 70.00484127 70.00535059 70.00719147 70.00914895
 70.0111348  70.01801496 70.02034762 70.02745313 70.03566192 70.05445649
 70.07184772 70.08979562 70.13259851 70.16384135 70.32399497 70.43714656
 70.86725812 73.33769028 77.78365512]
distance to initial position:
 1.5421297209392304
Fmax
 0.1138064
self.forward_climb?:  True
path_F_dot:  0.01745352937568438
eig:  [-0.52935057  2.29863458  7.15008618 14.32837748 26.73582715 64.41703673
 69.89611732 69.97697353 70.         70.         70.         70.
 70.         70.         70.         70.         70.         70.
 70.         70.         70.         70.         70.         70.
 70.         70.         70.         70.         70.         70.
 70.         70.         70.         70.         70.         70.
 70.00150715 70.00312742 70.00429235 70.00536609 70.00724717 70.00801114
 70.01161581 70.01840136 70.02010191 70.02737972 70.04122529 70.05373005
 70.07212138 70.10757239 70.12479613 70.27218791 70.37407526 70.51167723
 71.03793773 73.30709319 77.75524619]
distance to initial position:
 1.546522649005105
Fmax
 0.13343937
self.forward_climb?:  True
path_F_dot:  0.0037442039073100697
eig:  [-0.52939846  2.53479933  7.06167974 12.07331057 26.52069528 64.33089849
 69.89695358 69.9229374  70.         70.         70.         70.
 70.         70.         70.         70.         70.         70.
 70.         70.         70.         70.         70.         70.
 70.         70.         70.         70.         70.         70.
 70.         70.         70.         70.         70.         70.00134128
 70.00248981 70.00398732 70.00534554 70.00696021 70.00715632 70.01094369
 70.01708776 70.01838765 70.02383102 70.02847336 70.04242285 70.05221815
 70.08087248 70.10004354 70.1238177  70.22712564 70.38118301 70.49283611
 71.01597498 73.2687426  77.82259571]
distance to initial position:
 1.5606969167850582
Fmax
 0.22535361
self.forward_climb?:  False
path_F_dot:  0.01721402705373161
eig:  [-0.52948269  2.31317213  7.07270857 12.21881211 27.09729011 64.35731713
 69.88962343 69.9498838  70.         70.         70.         70.
 70.         70.         70.         70.         70.         70.
 70.         70.         70.         70.         70.         70.
 70.         70.         70.         70.         70.         70.
 70.         70.         70.         70.         70.00107758 70.00210147
 70.00397614 70.00516063 70.00567067 70.00701058 70.01082625 70.01250884
 70.01736758 70.01915078 70.02650938 70.04072769 70.05036883 70.06591338
 70.07950594 70.10994898 70.12429409 70.29717243 70.39578946 70.66195828
 71.05880747 73.4920252  78.04930919]
distance to initial position:
 1.5444898015084174
Fmax
 0.09457133
self.forward_climb?:  True
path_F_dot:  0.021657647720566733
eig:  [-0.52949663  2.1311159   7.07634767 12.3601678  27.15485129 64.39820718
 69.88902996 69.95548874 70.         70.         70.         70.
 70.         70.         70.         70.         70.         70.
 70.         70.         70.         70.         70.         70.
 70.         70.         70.         70.         70.         70.
 70.         70.         70.         70.00093656 70.00191769 70.00294173
 70.00479273 70.00538416 70.00606493 70.00698544 70.01068115 70.01173368
 70.01750258 70.02073805 70.02636076 70.04047443 70.0504807  70.06884776
 70.07964003 70.11947481 70.12710416 70.31326274 70.40587174 70.81842083
 71.39287903 73.5880735  78.5321164 ]
distance to initial position:
 1.5478880974061193
Fmax
 0.08396545
self.forward_climb?:  True
path_F_dot:  0.018503131830784
eig:  [-0.53081745  1.77211026  6.39445722  8.2762056  26.22688479 38.98359001
 65.01130452 69.92351203 69.97136925 70.         70.         70.
 70.         70.         70.         70.         70.         70.
 70.         70.         70.         70.         70.         70.
 70.         70.         70.         70.         70.         70.
 70.         70.         70.         70.00095993 70.0017961  70.00349389
 70.00486406 70.00539648 70.00690267 70.01060147 70.01159456 70.01657895
 70.01797867 70.02599044 70.03023895 70.04024877 70.05053571 70.06946741
 70.07237884 70.11919238 70.15036096 70.24210522 70.33750896 70.42891222
 70.86046681 73.4428402  76.80766764]
distance to initial position:
 1.5592597801500896
Fmax
 0.12242281
self.forward_climb?:  False
path_F_dot:  0.005219973231782411
eig:  [-0.53097797  1.41777016  5.72696033  7.73812323 23.85883111 30.42326603
 65.00667313 69.92322443 69.97752404 70.         70.         70.
 70.         70.         70.         70.         70.         70.
 70.         70.         70.         70.         70.         70.
 70.         70.         70.         70.         70.         70.
 70.         70.         70.00095312 70.0015629  70.00348898 70.00486383
 70.00499652 70.00663777 70.00859563 70.01144953 70.01525773 70.0177863
 70.02412111 70.0297809  70.03993923 70.04960549 70.06728122 70.07066389
 70.09155824 70.1381629  70.15113756 70.32046844 70.41454368 70.76653612
 71.18065465 74.13407777 77.00530376]
distance to initial position:
 1.5626197976856562
Fmax
 0.16962505
self.forward_climb?:  False
path_F_dot:  0.0030016192548850294
eig:  [-0.53163243  0.86680124  4.63498713  7.42185156 15.51568116 27.10158697
 64.66062925 69.83331493 69.93346471 69.98231206 70.         70.
 70.         70.         70.         70.         70.         70.
 70.         70.         70.         70.         70.         70.
 70.         70.         70.         70.         70.         70.
 70.         70.         70.00092052 70.00155713 70.00303139 70.00457808
 70.00501071 70.00663549 70.00859476 70.01097762 70.01332154 70.01753577
 70.02277673 70.02421989 70.04046452 70.04983276 70.06811333 70.07140796
 70.09377884 70.13316816 70.1382229  70.27923164 70.38647739 70.50320204
 70.90346031 73.58688479 75.96115111]
distance to initial position:
 1.5747041482042177
Fmax
 0.21917422
self.forward_climb?:  True
path_F_dot:  0.0016661439287474003
eig:  [-0.53167042  0.79209337  4.94921119  7.36603367 13.72996238 26.73171403
 64.41107525 69.22506105 69.93498989 69.97992299 70.         70.
 70.         70.         70.         70.         70.         70.
 70.         70.         70.         70.         70.         70.
 70.         70.         70.         70.         70.         70.
 70.         70.00091837 70.00151854 70.00301847 70.00319513 70.00459383
 70.00651875 70.00851894 70.0109151  70.01216096 70.01721873 70.02121263
 70.02416403 70.0395458  70.04966989 70.0657162  70.06864154 70.09135859
 70.10545534 70.12369384 70.16472596 70.32413058 70.40686256 70.80372981
 71.0517312  73.04836073 75.84214296]
distance to initial position:
 1.5867476772095157
Fmax
 0.20485885
self.forward_climb?:  False
path_F_dot:  0.020921912664425477
eig:  [-0.53268098  0.71489879  3.5006491   7.35117582 12.74808933 26.2679146
 55.41762899 65.57680744 69.93464358 69.97775328 70.         70.
 70.         70.         70.         70.         70.         70.
 70.         70.         70.         70.         70.         70.
 70.         70.         70.         70.         70.         70.
 70.00090273 70.00136489 70.00262019 70.00300956 70.00438176 70.00624678
 70.00807805 70.01059794 70.01194344 70.01491304 70.0181217  70.02360546
 70.03646052 70.0421234  70.04971233 70.06800665 70.06935987 70.08584665
 70.09558229 70.10638671 70.15548359 70.17862428 70.34519761 70.42397381
 70.89435316 72.83880013 76.20847125]
distance to initial position:
 1.5859559303961965
Fmax
 0.22586645
self.forward_climb?:  False
path_F_dot:  0.0059186030438945466
eig:  [-0.53973889  0.48062188  2.62959228  7.33508902 11.46391836 25.62088692
 32.61559487 65.07297523 69.93571096 69.97255102 69.98810922 70.
 70.         70.         70.         70.         70.         70.
 70.         70.         70.         70.         70.         70.
 70.         70.         70.         70.         70.         70.
 70.00080569 70.00130327 70.00235591 70.00305483 70.00447572 70.00630171
 70.00793591 70.0105964  70.01196931 70.01502537 70.01811787 70.02328562
 70.0356417  70.03741807 70.06069759 70.06385036 70.07607602 70.09486747
 70.10265476 70.12020202 70.17412953 70.31661668 70.37037444 70.43276732
 70.86938356 72.8741936  76.13594779]
distance to initial position:
 1.5320032596189255
Fmax
 0.12177809
self.forward_climb?:  True
path_F_dot:  0.10640382882498643
eig:  [-0.53920142  0.52264051  2.88335646  7.32118262 11.23425938 25.65616792
 29.83200676 65.02186562 69.93618628 69.9585735  69.98409774 70.
 70.         70.         70.         70.         70.         70.
 70.         70.         70.         70.         70.         70.
 70.         70.         70.         70.         70.         70.00064394
 70.001256   70.00211848 70.00298515 70.00440617 70.00628835 70.00785209
 70.01034228 70.01195844 70.01475331 70.01768676 70.02031405 70.03096927
 70.03726027 70.04640192 70.06042895 70.0691864  70.07650131 70.09486777
 70.10253261 70.1199013  70.17604286 70.30966669 70.35114523 70.43080901
 70.84951854 72.88079602 76.04870461]
distance to initial position:
 1.5843097377978823
Fmax
 0.17141575
self.forward_climb?:  False
path_F_dot:  0.005192202582829265
eig:  [-0.5402501   0.23480938  2.9051353   7.32132594 11.18861894 26.13629104
 30.73167138 65.12586075 69.93728644 69.94834841 69.9825205  70.
 70.         70.         70.         70.         70.         70.
 70.         70.         70.         70.         70.         70.
 70.         70.         70.         70.         70.00053274 70.00118517
 70.00192935 70.00242813 70.00412846 70.00551357 70.00784052 70.00956667
 70.01174835 70.01436229 70.01630096 70.01853104 70.02408877 70.02839289
 70.03743649 70.04797216 70.06072574 70.0748399  70.08737431 70.09772762
 70.10702505 70.12677002 70.17164546 70.30228376 70.40613964 70.44819043
 70.94534473 72.93258735 76.67059102]
distance to initial position:
 1.5525380692656336
Fmax
 0.11533384
self.forward_climb?:  True
path_F_dot:  0.022123123410245013
eig:  [-0.53867038  0.1504332   2.90514136  7.35203246 11.24184075 26.189381
 35.20061956 65.29035238 69.93708264 69.96666469 69.98784184 70.
 70.         70.         70.         70.         70.         70.
 70.         70.         70.         70.         70.         70.
 70.         70.         70.         70.00049531 70.00083386 70.00117505
 70.00188759 70.00239194 70.00407262 70.00546906 70.00785738 70.00950954
 70.01189868 70.01421657 70.01600522 70.02067063 70.02799776 70.03368989
 70.0376631  70.05766249 70.06072588 70.07472702 70.0894837  70.0977779
 70.10684136 70.12567265 70.17950897 70.33797037 70.42427147 70.75034644
 72.17427886 73.13392539 79.04060443]
distance to initial position:
 1.5854891412902925
Fmax
 0.14867168
self.forward_climb?:  False
path_F_dot:  0.007927540034226502
eig:  [-5.38511192e-01  7.71223563e-02  2.90929696e+00  7.36194903e+00
  1.12542812e+01  2.61962236e+01  3.81256823e+01  6.53566109e+01
  6.99380707e+01  6.99685075e+01  6.99877883e+01  7.00000000e+01
  7.00000000e+01  7.00000000e+01  7.00000000e+01  7.00000000e+01
  7.00000000e+01  7.00000000e+01  7.00000000e+01  7.00000000e+01
  7.00000000e+01  7.00000000e+01  7.00000000e+01  7.00000000e+01
  7.00000000e+01  7.00000000e+01  7.00000928e+01  7.00005664e+01
  7.00010949e+01  7.00017001e+01  7.00022140e+01  7.00034339e+01
  7.00041613e+01  7.00054619e+01  7.00081659e+01  7.00116294e+01
  7.00135552e+01  7.00147502e+01  7.00173719e+01  7.00206601e+01
  7.00281894e+01  7.00349650e+01  7.00378064e+01  7.00606575e+01
  7.00701972e+01  7.00750270e+01  7.00904188e+01  7.00979086e+01
  7.01075116e+01  7.01251967e+01  7.01795198e+01  7.03426631e+01
  7.04241534e+01  7.07716931e+01  7.27621229e+01  7.39473441e+01
  8.58864471e+01]
distance to initial position:
 1.5536923712166413
Fmax
 0.11805988
self.forward_climb?:  True
path_F_dot:  0.015080010394183167
eig:  [-5.38253353e-01  3.86624023e-02  2.91784837e+00  7.36670989e+00
  1.12888494e+01  2.62016818e+01  4.07371833e+01  6.53716008e+01
  6.99379704e+01  6.99693835e+01  6.99877750e+01  6.99997211e+01
  7.00000000e+01  7.00000000e+01  7.00000000e+01  7.00000000e+01
  7.00000000e+01  7.00000000e+01  7.00000000e+01  7.00000000e+01
  7.00000000e+01  7.00000000e+01  7.00000000e+01  7.00000000e+01
  7.00000000e+01  7.00000000e+01  7.00005498e+01  7.00010464e+01
  7.00016606e+01  7.00022033e+01  7.00031641e+01  7.00036467e+01
  7.00047140e+01  7.00063924e+01  7.00081747e+01  7.00120720e+01
  7.00137961e+01  7.00148773e+01  7.00201717e+01  7.00225006e+01
  7.00296524e+01  7.00352183e+01  7.00382191e+01  7.00606756e+01
  7.00748300e+01  7.00850952e+01  7.00928858e+01  7.00979501e+01
  7.01074626e+01  7.01314480e+01  7.01805675e+01  7.03467872e+01
  7.04240931e+01  7.07725219e+01  7.28542513e+01  7.45679118e+01
  1.03534953e+02]
distance to initial position:
 1.5852727636729647
Fmax
 0.14740699
self.forward_climb?:  False
path_F_dot:  0.006871776558273401
eig:  [-5.38121930e-01  1.17427615e-02  2.91900753e+00  7.36708283e+00
  1.13060072e+01  2.62031938e+01  4.16159873e+01  6.53712518e+01
  6.99388375e+01  6.99695132e+01  6.99877950e+01  6.99995250e+01
  7.00000000e+01  7.00000000e+01  7.00000000e+01  7.00000000e+01
  7.00000000e+01  7.00000000e+01  7.00000000e+01  7.00000000e+01
  7.00000000e+01  7.00000000e+01  7.00000000e+01  7.00000000e+01
  7.00000000e+01  7.00005457e+01  7.00009298e+01  7.00014680e+01
  7.00020278e+01  7.00031498e+01  7.00035937e+01  7.00047116e+01
  7.00061036e+01  7.00080219e+01  7.00100752e+01  7.00124186e+01
  7.00141082e+01  7.00184356e+01  7.00201766e+01  7.00262664e+01
  7.00315212e+01  7.00363057e+01  7.00404275e+01  7.00606878e+01
  7.00747280e+01  7.00886921e+01  7.00979362e+01  7.01040875e+01
  7.01170163e+01  7.01556636e+01  7.01883969e+01  7.03517145e+01
  7.04244766e+01  7.07734713e+01  7.28875211e+01  7.48447814e+01
  1.34127247e+02]
scale of eig:  21.591759421548677
distance to initial position:
 1.5498409383630072
Fmax
 0.11873425
self.forward_climb?:  True
path_F_dot:  0.029721629523011283
eig:  [-5.37098820e-01  1.07767084e-02  2.90399273e+00  7.34616449e+00
  1.12641745e+01  2.62579241e+01  3.98697050e+01  6.52962964e+01
  6.99173803e+01  6.99508151e+01  6.99850448e+01  6.99922171e+01
  7.00000000e+01  7.00000000e+01  7.00000000e+01  7.00000000e+01
  7.00000000e+01  7.00000000e+01  7.00000000e+01  7.00000000e+01
  7.00000000e+01  7.00000000e+01  7.00000000e+01  7.00000000e+01
  7.00004990e+01  7.00008528e+01  7.00013969e+01  7.00019707e+01
  7.00029232e+01  7.00034110e+01  7.00046443e+01  7.00060545e+01
  7.00079670e+01  7.00089864e+01  7.00111238e+01  7.00119781e+01
  7.00157646e+01  7.00189803e+01  7.00211037e+01  7.00297792e+01
  7.00351904e+01  7.00390563e+01  7.00504493e+01  7.00633569e+01
  7.00687997e+01  7.00883277e+01  7.00980820e+01  7.01031226e+01
  7.01168527e+01  7.01671552e+01  7.02251232e+01  7.03601932e+01
  7.04287791e+01  7.07730352e+01  7.29070762e+01  7.49340938e+01
  1.90742102e+02]
distance to initial position:
 1.5809619996392366
Fmax
 0.14622666
self.forward_climb?:  True
path_F_dot:  0.0044440698642000745
eig:  [-5.36383653e-01  6.08633510e-03  2.91094857e+00  7.35695335e+00
  1.12764006e+01  2.62599983e+01  4.05578777e+01  6.52961186e+01
  6.99173225e+01  6.99509704e+01  6.99850616e+01  6.99933359e+01
  7.00000000e+01  7.00000000e+01  7.00000000e+01  7.00000000e+01
  7.00000000e+01  7.00000000e+01  7.00000000e+01  7.00000000e+01
  7.00000000e+01  7.00000000e+01  7.00000000e+01  7.00003350e+01
  7.00007189e+01  7.00011163e+01  7.00018814e+01  7.00025669e+01
  7.00030672e+01  7.00045339e+01  7.00052699e+01  7.00072746e+01
  7.00085895e+01  7.00100721e+01  7.00116658e+01  7.00135122e+01
  7.00188101e+01  7.00206180e+01  7.00287911e+01  7.00343459e+01
  7.00367300e+01  7.00468132e+01  7.00556848e+01  7.00646964e+01
  7.00751314e+01  7.00883841e+01  7.01009180e+01  7.01114884e+01
  7.01254896e+01  7.01698120e+01  7.02502189e+01  7.03631004e+01
  7.04318060e+01  7.07834121e+01  7.29319867e+01  7.50464839e+01
  3.02875917e+02]
distance to initial position:
 1.6237760494207503
Fmax
 0.18223692
self.forward_climb?:  True
path_F_dot:  0.008729902840728101
eig:  [ -0.5363451    0.65450969   2.95339197   7.37139094  11.27906719
  26.5333562   40.56196512  65.29648813  69.91979268  69.95217935
  69.98663718  69.99420452  70.          70.          70.
  70.          70.          70.          70.          70.
  70.          70.          70.00031831  70.00061332  70.00111175
  70.00178865  70.00255553  70.00300094  70.00402891  70.00459617
  70.00722058  70.00858547  70.00977457  70.01018005  70.01222037
  70.01781038  70.01892426  70.02482745  70.03199807  70.03671665
  70.04680299  70.0498081   70.06398703  70.07499464  70.0881897
  70.09649956  70.10739688  70.12502242  70.16195903  70.18392362
  70.32642682  70.36310595  70.43463277  70.88074389  72.98529204
  75.06546243 304.28413096]
scale of eig:  1.0181786280594038
distance to initial position:
 1.6751062457814097
Fmax
 0.18949738
self.forward_climb?:  True
path_F_dot:  0.03390604998986193
eig:  [ -0.51071807   1.19837455   2.91664435   7.39788794  11.25790606
  26.41375508  38.77150201  65.26926227  69.77708196  69.948684
  69.97761794  69.9938      69.99726845  70.          70.
  70.          70.          70.          70.          70.
  70.          70.          70.00031765  70.00055612  70.0011156
  70.00180123  70.00238105  70.00300379  70.00402518  70.00459397
  70.00683099  70.00807109  70.00912846  70.01213082  70.01237941
  70.01692956  70.01858049  70.0236049   70.02825245  70.03547957
  70.04411308  70.04901721  70.06387609  70.07234168  70.08175907
  70.08888175  70.11083458  70.11144356  70.16587084  70.20917516
  70.3306147   70.41164806  70.60624791  70.9857111   72.97366068
  75.16854605 285.07505048]
scale of eig:  1.1742035454127617
distance to initial position:
 1.6864619497667659
Fmax
 0.17076186
self.forward_climb?:  True
path_F_dot:  0.004498486937975753
eig:  [ -0.47359494   1.31068209   2.95913684   7.25394125  11.23795788
  21.98870122  33.70327177  62.88966225  65.74886851  69.93802904
  69.95243835  69.9879722   69.99423162  70.          70.
  70.          70.          70.          70.          70.
  70.          70.00021856  70.00046769  70.00109927  70.00163287
  70.00214419  70.00286769  70.00300361  70.00402662  70.00410565
  70.0058034   70.00746303  70.0089738   70.01130529  70.0124116
  70.01796923  70.01813306  70.02309222  70.0265719   70.03443424
  70.0445995   70.0467144   70.0565359   70.06814207  70.07715056
  70.09055376  70.09865433  70.11374461  70.15690395  70.1775812
  70.21070768  70.37219037  70.43286679  70.80808715  72.72742263
  74.68471236 207.41003727]
distance to initial position:
 1.7239111798156568
Fmax
 0.1556165
self.forward_climb?:  False
path_F_dot:  0.00967194140561884
eig:  [ -0.282296     1.04522621   2.61270246   5.9793283   10.42906085
  11.32797859  29.52211766  54.74269983  65.4669524   69.9329666
  69.9506284   69.98348905  69.99461874  70.          70.
  70.          70.          70.          70.          70.
  70.0001342   70.00031447  70.00047501  70.00110397  70.00131306
  70.00238189  70.0025242   70.00297809  70.00358203  70.00406579
  70.00620493  70.00712246  70.01042899  70.01220113  70.01504651
  70.01796937  70.02220259  70.02329403  70.03167556  70.03484113
  70.04503823  70.04964777  70.05617956  70.06983736  70.07992266
  70.09064715  70.09264645  70.11730719  70.14199436  70.17254908
  70.20994101  70.37228869  70.4293991   70.80902218  72.62456683
  74.51990665 140.94253294]
distance to initial position:
 1.6640421844789657
Fmax
 0.15388057
self.forward_climb?:  True
path_F_dot:  0.02463453549746183
eig:  [-2.03563550e-01  5.20154782e-03  3.48261076e+00  5.63600107e+00
  1.09733200e+01  1.15072552e+01  2.89230538e+01  5.29534259e+01
  6.55446667e+01  6.99354752e+01  6.99516669e+01  6.99794699e+01
  6.99948126e+01  6.99979367e+01  7.00000000e+01  7.00000000e+01
  7.00000000e+01  7.00000000e+01  7.00000000e+01  7.00000000e+01
  7.00001962e+01  7.00004043e+01  7.00005154e+01  7.00013120e+01
  7.00021006e+01  7.00023167e+01  7.00028386e+01  7.00035198e+01
  7.00040646e+01  7.00058721e+01  7.00068615e+01  7.00102317e+01
  7.00113421e+01  7.00142333e+01  7.00169113e+01  7.00202616e+01
  7.00220861e+01  7.00300271e+01  7.00315749e+01  7.00447749e+01
  7.00477468e+01  7.00556436e+01  7.00665912e+01  7.00709623e+01
  7.00807772e+01  7.00896964e+01  7.01049089e+01  7.01123305e+01
  7.01627633e+01  7.01976894e+01  7.03095751e+01  7.03780546e+01
  7.05903090e+01  7.08042473e+01  7.26817852e+01  7.52900444e+01
  1.29527259e+02]
scale of eig:  3.4255830159679745
distance to initial position:
 1.6715646845975625
Fmax
 0.27967154
self.forward_climb?:  False
path_F_dot:  0.04853714758291661
eig:  [ -0.19794064   1.14215258   3.52591617   5.93730688  11.32059363
  11.86151502  29.4643594   53.39640389  65.54754156  69.93814241
  69.95168592  69.98560456  69.99491968  69.9979384   70.
  70.          70.          70.          70.          70.00018671
  70.00036543  70.00045656  70.00101022  70.00133811  70.00210936
  70.00260175  70.00351866  70.00405209  70.00586851  70.00652671
  70.00819643  70.0109723   70.01290255  70.01437511  70.01694041
  70.02064009  70.02694838  70.03051246  70.03880599  70.04478822
  70.04775005  70.06127761  70.06676455  70.07577957  70.08710143
  70.09081749  70.11218865  70.15570496  70.16866469  70.25266334
  70.3102762   70.41764138  70.7115142   70.92471776  72.85017271
  75.3029908  129.53112381]
distance to initial position:
 1.6387937735878841
Fmax
 0.31163168
self.forward_climb?:  False
path_F_dot:  0.30264634489102793
eig:  [  0.19402405   1.9802586    3.77053656   5.63956051  11.32990546
  11.97446594  29.8337428   53.78963227  65.52390893  69.92907887
  69.95039695  69.98527572  69.99492378  69.99649461  70.
  70.          70.          70.          70.00009501  70.00024273
  70.00039961  70.00097366  70.00127609  70.00200429  70.00241799
  70.00290893  70.00388707  70.00426033  70.00565688  70.00614642
  70.00838961  70.01043234  70.01264137  70.0150243   70.01704032
  70.02061755  70.02662405  70.02950822  70.03915023  70.04407174
  70.04810338  70.062916    70.06870949  70.07710513  70.08785439
  70.0908076   70.1083438   70.16233183  70.17237036  70.26726497
  70.33883584  70.41948956  70.83873767  71.43146022  74.37211496
  75.89788105 128.0677774 ]
distance to initial position:
 1.527005816922169
Fmax
 0.30841075
self.forward_climb?:  False
path_F_dot:  0.3727575742317807
eig:  [1.20950892e-01 2.11343791e+00 3.71950055e+00 5.65019803e+00
 1.08832243e+01 1.15850571e+01 3.00617958e+01 5.29411562e+01
 6.55022856e+01 6.99199663e+01 6.99518810e+01 6.99879338e+01
 6.99927160e+01 6.99959182e+01 7.00000000e+01 7.00000000e+01
 7.00000000e+01 7.00000754e+01 7.00001723e+01 7.00002684e+01
 7.00005749e+01 7.00009933e+01 7.00013148e+01 7.00020455e+01
 7.00024910e+01 7.00030676e+01 7.00037333e+01 7.00039984e+01
 7.00057147e+01 7.00081933e+01 7.00099966e+01 7.00124699e+01
 7.00148291e+01 7.00165830e+01 7.00198064e+01 7.00253415e+01
 7.00287308e+01 7.00373941e+01 7.00414403e+01 7.00476880e+01
 7.00572148e+01 7.00683813e+01 7.00764691e+01 7.00867563e+01
 7.00904967e+01 7.01035723e+01 7.01508677e+01 7.01690954e+01
 7.02185187e+01 7.02740624e+01 7.03320870e+01 7.04474716e+01
 7.08119161e+01 7.10277684e+01 7.33738397e+01 7.52111126e+01
 1.28829174e+02]
distance to initial position:
 1.418837143986044
Fmax
 0.2854095
self.forward_climb?:  False
path_F_dot:  0.3433122523058018
eig:  [ -0.31501288   1.85916583   3.69345939   5.58298192  10.88039742
  11.58594329  30.06219464  52.94592015  65.47124532  69.68734468
  69.93510365  69.96320398  69.98826156  69.99306647  69.99603202
  70.          70.          70.00001292  70.00007953  70.00019936
  70.00030713  70.00075744  70.00124236  70.00204241  70.00249143
  70.00295805  70.00347848  70.00394755  70.00571506  70.00793924
  70.00996945  70.01231053  70.01379523  70.0164884   70.01931234
  70.02394099  70.02819072  70.0363854   70.03982006  70.04507799
  70.04853608  70.05972813  70.06987835  70.08470659  70.08948315
  70.09750266  70.14654622  70.16893196  70.2096352   70.26988067
  70.33159185  70.4426007   70.74495054  70.91564132  73.37206087
  75.18891252 128.59163617]
distance to initial position:
 1.3357363946603977
Fmax
 0.41841909
self.forward_climb?:  False
path_F_dot:  0.3494881791320414
eig:  [ -0.32752852   2.11155148   4.03196815   5.43455815  10.43202186
  11.63969479  30.38570831  51.84819373  65.35089442  68.92882057
  69.93364159  69.96282793  69.97794786  69.99162544  69.99605527
  69.99990616  70.          70.00000073  70.00002308  70.00012491
  70.00044012  70.00113012  70.00142329  70.00180457  70.00244708
  70.00347328  70.00392602  70.00553104  70.00766837  70.0094254
  70.01230045  70.01371855  70.01610283  70.0173166   70.01999175
  70.0265011   70.03232494  70.03641618  70.03968022  70.04814958
  70.05914777  70.06295565  70.07888173  70.08713635  70.09144453
  70.10476078  70.1311056   70.16288722  70.20076448  70.27527908
  70.29391289  70.38518431  70.44847575  70.97818972  72.89890107
  75.08575132 129.60458839]
distance to initial position:
 1.2472105943182825
Fmax
 0.24209635
self.forward_climb?:  False
path_F_dot:  0.06179888609506283
eig:  [ -0.31980743   1.43594908   4.9343214    5.49901983  11.31376469
  14.07093712  30.14158366  53.03250783  65.17209899  67.87617466
  69.93437151  69.96216721  69.97342252  69.99171414  69.99604852
  69.9997667   70.00000005  70.00001928  70.00010495  70.00015632
  70.00040324  70.00132315  70.0017312   70.0018262   70.00244571
  70.00377368  70.00477492  70.00640789  70.00785568  70.01198156
  70.01268757  70.01412024  70.01569449  70.01822825  70.02293879
  70.02776507  70.03156326  70.03653083  70.04191504  70.04919152
  70.05704797  70.06340289  70.08003946  70.08812787  70.09914966
  70.10579121  70.1437992   70.16880271  70.22579222  70.26337274
  70.3745115   70.44291244  70.51832084  71.0516355   72.85731098
  75.53083654 129.60597799]
distance to initial position:
 1.1826427695346509
Fmax
 0.39885793
self.forward_climb?:  False
path_F_dot:  0.03371668713618861
eig:  [ -0.25742022   0.64822927   4.96814599   5.94332045  11.31532887
  13.70902744  29.71250314  53.88363901  65.00788683  67.40069475
  69.93469828  69.96452453  69.97282147  69.99271595  69.99607119
  69.99964569  70.00000149  70.00008666  70.00014238  70.00033078
  70.00087988  70.00150901  70.00177755  70.0018659   70.00332247
  70.00468586  70.00484891  70.00699118  70.01173233  70.0120484
  70.01228234  70.01442961  70.01752016  70.02100166  70.02382413
  70.02776032  70.03255225  70.03677546  70.04507026  70.05028888
  70.05746318  70.06391559  70.07876389  70.09410465  70.10132411
  70.13041538  70.1499954   70.17852693  70.25234447  70.27207531
  70.37387679  70.44904368  70.54859643  71.0100299   72.94860737
  75.39436156 129.75391095]
distance to initial position:
 1.0824708056059298
Fmax
 0.42661463
self.forward_climb?:  False
path_F_dot:  0.01998656581443927
eig:  [1.04859514e-01 2.74942608e-01 4.92075287e+00 6.16778735e+00
 1.14332049e+01 1.43662470e+01 2.95592567e+01 5.45880889e+01
 6.49324666e+01 6.72649480e+01 6.99347005e+01 6.99685484e+01
 6.99740792e+01 6.99930401e+01 6.99961087e+01 6.99995740e+01
 7.00000041e+01 7.00001419e+01 7.00003004e+01 7.00007002e+01
 7.00011514e+01 7.00016825e+01 7.00017786e+01 7.00031927e+01
 7.00039355e+01 7.00048175e+01 7.00065404e+01 7.00093600e+01
 7.00118074e+01 7.00120267e+01 7.00133145e+01 7.00156155e+01
 7.00175203e+01 7.00226021e+01 7.00271564e+01 7.00302430e+01
 7.00354541e+01 7.00396767e+01 7.00495385e+01 7.00549498e+01
 7.00581033e+01 7.00655754e+01 7.00780167e+01 7.00973353e+01
 7.01025625e+01 7.01312535e+01 7.01589497e+01 7.02326766e+01
 7.02459489e+01 7.03420957e+01 7.03736049e+01 7.04547727e+01
 7.06104588e+01 7.10347114e+01 7.29276075e+01 7.53962629e+01
 1.29709261e+02]
scale of eig:  6.272139783022535
distance to initial position:
 1.0648554753501482
Fmax
 0.55735916
self.forward_climb?:  False
path_F_dot:  0.03522847241706014
eig:  [1.10946544e-01 2.11086960e-01 4.81557962e+00 6.63675026e+00
 1.14996205e+01 1.45284447e+01 3.15226872e+01 5.48500086e+01
 6.48562700e+01 6.72259050e+01 6.99353020e+01 6.99712285e+01
 6.99748116e+01 6.99939088e+01 6.99965494e+01 6.99993209e+01
 7.00000701e+01 7.00002776e+01 7.00005461e+01 7.00007258e+01
 7.00013636e+01 7.00016241e+01 7.00023672e+01 7.00033181e+01
 7.00035892e+01 7.00063818e+01 7.00067513e+01 7.00103878e+01
 7.00116136e+01 7.00121159e+01 7.00151028e+01 7.00159246e+01
 7.00194616e+01 7.00223502e+01 7.00270431e+01 7.00302516e+01
 7.00378714e+01 7.00404725e+01 7.00496769e+01 7.00578239e+01
 7.00631267e+01 7.00668891e+01 7.00825859e+01 7.00968128e+01
 7.01118178e+01 7.01399999e+01 7.01835216e+01 7.02320968e+01
 7.02963815e+01 7.03531181e+01 7.03782447e+01 7.04764130e+01
 7.06739482e+01 7.11110510e+01 7.50048745e+01 8.31780466e+01
 1.31221423e+02]
scale of eig:  30.224564747781688
distance to initial position:
 0.9611175652910813
Fmax
 0.37002268
self.forward_climb?:  False
path_F_dot:  0.03421544726202649
eig:  [1.15582238e-01 6.03976711e-01 4.87974778e+00 6.71230565e+00
 1.15253145e+01 1.50987116e+01 3.43749295e+01 5.48445390e+01
 6.49446251e+01 6.75950112e+01 6.99364655e+01 6.99722693e+01
 6.99757590e+01 6.99939088e+01 6.99965730e+01 6.99994715e+01
 7.00002761e+01 7.00003474e+01 7.00006748e+01 7.00012787e+01
 7.00013749e+01 7.00021866e+01 7.00032409e+01 7.00034072e+01
 7.00054533e+01 7.00066863e+01 7.00085184e+01 7.00104127e+01
 7.00119598e+01 7.00144704e+01 7.00158861e+01 7.00193020e+01
 7.00203807e+01 7.00243045e+01 7.00278191e+01 7.00376010e+01
 7.00391706e+01 7.00434413e+01 7.00510747e+01 7.00579770e+01
 7.00644500e+01 7.00811119e+01 7.00874552e+01 7.01004184e+01
 7.01133881e+01 7.01403291e+01 7.01920849e+01 7.02389343e+01
 7.03434238e+01 7.03746187e+01 7.04592223e+01 7.04960999e+01
 7.07347327e+01 7.11114336e+01 7.49925694e+01 9.07776315e+01
 1.33100142e+02]
scale of eig:  4.497256626947171
distance to initial position:
 0.8712432904322202
Fmax
 0.40348469
self.forward_climb?:  False
path_F_dot:  0.05389195048519333
eig:  [1.14895808e-01 6.27862649e-01 4.65042386e+00 7.29119039e+00
 1.15023934e+01 1.44222333e+01 3.45313826e+01 5.48918020e+01
 6.48957257e+01 6.76451991e+01 6.99364037e+01 6.99726226e+01
 6.99768804e+01 6.99939536e+01 6.99982528e+01 6.99990710e+01
 7.00002574e+01 7.00003452e+01 7.00007454e+01 7.00013082e+01
 7.00020659e+01 7.00026480e+01 7.00031473e+01 7.00041538e+01
 7.00054395e+01 7.00075971e+01 7.00097249e+01 7.00102668e+01
 7.00126755e+01 7.00150182e+01 7.00187141e+01 7.00202336e+01
 7.00233410e+01 7.00270656e+01 7.00324431e+01 7.00378440e+01
 7.00398540e+01 7.00439822e+01 7.00503724e+01 7.00643918e+01
 7.00685203e+01 7.00852341e+01 7.00915630e+01 7.01034894e+01
 7.01186927e+01 7.01506428e+01 7.01885104e+01 7.02487302e+01
 7.03418333e+01 7.03810143e+01 7.04578212e+01 7.05967229e+01
 7.09276403e+01 7.14106515e+01 7.49529606e+01 9.08534412e+01
 1.32914055e+02]
scale of eig:  1.2767245773172304
distance to initial position:
 0.8563007201670574
Fmax
 0.49783133
self.forward_climb?:  False
path_F_dot:  0.04210090090745341
eig:  [ -0.19430827   0.70804332   3.62009203   6.2446961   11.4867951
  13.80628966  34.14849217  53.51543719  64.89486345  67.67578358
  69.49922163  69.94706194  69.97292168  69.98001695  69.99399282
  69.99866633  69.99936734  70.00027779  70.00055337  70.00097037
  70.00136285  70.0023975   70.00283057  70.00401981  70.00491596
  70.00765922  70.00971605  70.0099083   70.01266483  70.01507742
  70.01629635  70.02015328  70.02350967  70.02655242  70.03166847
  70.03351902  70.03847946  70.04148253  70.04682628  70.05616266
  70.06723994  70.08323716  70.0907963   70.09302063  70.10422203
  70.14336306  70.17207758  70.24507182  70.32759643  70.34408203
  70.40844305  70.55095238  70.83099599  70.92789423  74.43198681
  87.98739547 132.22655902]
distance to initial position:
 0.831651846496422
Fmax
 0.51758468
self.forward_climb?:  False
path_F_dot:  0.04598180017988828
eig:  [ -0.2302907    0.67325504   4.76518711   7.09126937  11.46602814
  15.67109929  34.20462025  53.44483656  64.87342842  67.57559734
  69.36827809  69.94701156  69.97245765  69.98336561  69.994019
  69.99831404  69.99943862  70.00025984  70.00067793  70.00100403
  70.00140511  70.00251004  70.0038475   70.00393064  70.00519694
  70.0078834   70.00948855  70.01174871  70.0127417   70.01585241
  70.01864492  70.02227732  70.02302565  70.02708756  70.03099283
  70.03761678  70.03994687  70.04141777  70.0542724   70.06574646
  70.07166145  70.08845448  70.08941961  70.09392141  70.12481979
  70.14475594  70.20150923  70.31013998  70.31678521  70.40354223
  70.43037771  70.65572734  70.75242785  71.09125694  74.24908533
  92.89440176 132.32964545]
distance to initial position:
 0.8052142295391396
Fmax
 0.51155823
self.forward_climb?:  False
path_F_dot:  0.01330211325719099
eig:  [ -0.28904463   0.79011902   4.64160427   6.68160162  11.41343403
  14.94809476  34.28429534  52.12821972  64.69908813  67.64332743
  68.74596786  69.94862453  69.96978569  69.98294556  69.99113962
  69.99418594  69.99938986  70.00011984  70.00036153  70.00069978
  70.00162019  70.00291327  70.00387711  70.00424345  70.00478287
  70.00779569  70.00984705  70.01201677  70.01357187  70.01491736
  70.01826775  70.01924544  70.02270942  70.02567902  70.03000447
  70.03591709  70.03999345  70.0459072   70.05270431  70.06312341
  70.07148292  70.08622473  70.09279364  70.095431    70.11951539
  70.14108795  70.19701494  70.26743551  70.31352787  70.4030012
  70.42995738  70.64692858  70.74285305  71.09228203  74.02748858
  92.11057269 131.76194513]
scale of eig:  2.282704007866181
distance to initial position:
 0.7302691168343023
Fmax
 0.33482444
self.forward_climb?:  True
path_F_dot:  0.04782599967994006
eig:  [ -0.28774881   0.66078467   4.67004744   6.53086691  11.34373873
  14.20873906  35.16394839  50.96648804  64.46452531  67.56336546
  68.49201042  69.94584114  69.96811214  69.98265559  69.99081921
  69.99415625  69.99935018  70.00017177  70.00069405  70.00086269
  70.00162811  70.00287853  70.0040508   70.00425811  70.00589615
  70.00778678  70.00973792  70.01175719  70.01376359  70.01498519
  70.01775443  70.0224739   70.02527827  70.02571142  70.03111038
  70.03585866  70.04013616  70.04896698  70.05290646  70.06588305
  70.07436625  70.08549793  70.0929683   70.11107763  70.1204576
  70.17588628  70.19504142  70.26598634  70.31627443  70.40780231
  70.45004055  70.61876423  70.96947699  71.16604279  74.05183663
  92.01657776 131.61209483]
distance to initial position:
 0.763369088528326
Fmax
 0.39089323
self.forward_climb?:  False
path_F_dot:  0.055744442362980116
eig:  [ -0.32118732   0.61778455   4.94223773   7.59774253  11.21560837
  15.44896671  36.11611827  49.72687883  64.013573    67.14358412
  68.92845765  69.94896741  69.9673487   69.98257826  69.98833293
  69.99447143  69.99939066  70.00041508  70.00069881  70.00079694
  70.00208164  70.00289692  70.00398176  70.00536423  70.00585419
  70.00781318  70.01059225  70.01255191  70.01412418  70.01512327
  70.01945983  70.02270632  70.0255276   70.0295043   70.03107923
  70.03588117  70.0405008   70.05012068  70.06481096  70.06899689
  70.07803361  70.08436681  70.10795416  70.11364289  70.11972474
  70.19117387  70.23840245  70.2440631   70.3349435   70.41822974
  70.50680402  70.62400387  71.14968502  71.57161282  74.1747
  94.55781525 131.72694087]
distance to initial position:
 0.7039676378953694
Fmax
 0.26035923
self.forward_climb?:  True
path_F_dot:  0.035615946916483905
eig:  [ -0.32180734   0.51733997   5.11887828   7.73554267  11.16273054
  15.58486547  36.6373046   49.14479711  63.55692245  67.03986741
  68.8983022   69.94277301  69.96608283  69.98209784  69.98602926
  69.99458671  69.99940162  70.00041464  70.00075635  70.00126935
  70.00208185  70.00314937  70.00402211  70.00578641  70.00591561
  70.00969808  70.01091339  70.0125835   70.01389619  70.01537254
  70.01915223  70.02320755  70.02563391  70.02885678  70.03571697
  70.03884562  70.04068955  70.05026663  70.06370413  70.07169037
  70.07592616  70.08545854  70.11031868  70.11359427  70.11617721
  70.19192717  70.22156416  70.24772417  70.3373512   70.42308464
  70.53685929  70.61504558  71.15576348  71.68878647  74.38167558
  94.46416965 131.75153003]
distance to initial position:
 0.7727332571272544
Fmax
 0.37878489
self.forward_climb?:  False
path_F_dot:  0.04549619070373073
eig:  [ -0.31810753   0.30531934   5.08598635   7.75668044  11.04811479
  15.64669313  37.62493033  47.04618998  62.54307723  66.73682164
  68.97072729  69.92760014  69.96424516  69.98010102  69.98413499
  69.9946581   69.99940634  70.00042324  70.00073621  70.00147368
  70.00214308  70.00355454  70.00441229  70.00571177  70.00622618
  70.00959109  70.01142778  70.01261062  70.01348767  70.01567004
  70.0186957   70.02372554  70.02603293  70.02864355  70.03575331
  70.04064931  70.04241402  70.05192614  70.06194765  70.07336884
  70.07345521  70.0839923   70.10773349  70.11284098  70.11407476
  70.19070254  70.20998942  70.25476681  70.3479726   70.42593761
  70.52897425  70.60874407  71.13742628  71.82692855  74.56445899
  93.90915356 130.72914602]
distance to initial position:
 0.6889227077127089
Fmax
 0.24650533
self.forward_climb?:  True
path_F_dot:  0.016807125670189816
eig:  [ -0.32165473   0.21293447   5.17088165   7.7510656   11.06605128
  15.60416233  37.96478732  48.11183827  62.59489219  66.87865002
  68.95552984  69.91700155  69.96439424  69.97894566  69.98488683
  69.99471033  70.00008291  70.00042175  70.00075957  70.00147182
  70.00227807  70.00373055  70.00441976  70.00550975  70.00633711
  70.01026653  70.01174886  70.01253503  70.01482001  70.01663213
  70.01892279  70.02390043  70.0262169   70.03149436  70.03625009
  70.04085397  70.04532794  70.0547139   70.06150717  70.07232038
  70.08299884  70.09036381  70.11234732  70.11381589  70.11513295
  70.19198014  70.20639555  70.25645449  70.35123114  70.42991081
  70.53951765  70.62502623  71.13002667  71.85642333  74.9768601
  99.66413957 133.82139602]
distance to initial position:
 0.7835512291065764
Fmax
 0.38463871
self.forward_climb?:  False
path_F_dot:  0.034010688532132904
eig:  [-2.96358321e-01  2.44116847e-02  5.16463102e+00  7.74028919e+00
  1.09740722e+01  1.55655928e+01  3.83709090e+01  4.73727228e+01
  6.19792580e+01  6.67763553e+01  6.89437344e+01  6.99050199e+01
  6.99636312e+01  6.99775495e+01  6.99868537e+01  6.99951299e+01
  7.00000747e+01  7.00005560e+01  7.00007335e+01  7.00014650e+01
  7.00026564e+01  7.00035051e+01  7.00044107e+01  7.00063097e+01
  7.00077608e+01  7.00102312e+01  7.00116917e+01  7.00125025e+01
  7.00149186e+01  7.00169781e+01  7.00187364e+01  7.00241134e+01
  7.00253629e+01  7.00341160e+01  7.00373717e+01  7.00408761e+01
  7.00471554e+01  7.00550008e+01  7.00630585e+01  7.00710123e+01
  7.00829547e+01  7.00961423e+01  7.01122091e+01  7.01139605e+01
  7.01336363e+01  7.01946062e+01  7.02115018e+01  7.02564293e+01
  7.03516585e+01  7.04361994e+01  7.05668764e+01  7.06513120e+01
  7.11208278e+01  7.18445655e+01  7.51537501e+01  1.01933718e+02
  1.34675130e+02]
scale of eig:  1.2811308690617587
distance to initial position:
 0.6726102886780958
Fmax
 0.23971029
self.forward_climb?:  False
path_F_dot:  0.010584435491299511
eig:  [ -0.9036892   -0.25936296   2.98731381   7.40703329   9.23950939
  14.65684654  15.56753061  38.62940238  58.88473194  65.09950624
  68.82724997  69.23105072  69.91815744  69.96364133  69.97988636
  69.9872304   69.99573906  70.00018158  70.00066112  70.00091489
  70.00174865  70.00277563  70.00350874  70.00479119  70.00639186
  70.0100136   70.01127146  70.01249811  70.01489292  70.01690528
  70.0179794   70.01873827  70.02443044  70.02903052  70.03533167
  70.04079351  70.04282288  70.04908426  70.0602494   70.06679457
  70.07464486  70.08976307  70.09936078  70.11225295  70.11418428
  70.16067668  70.20156822  70.25592269  70.34648166  70.42690589
  70.43631638  70.60513816  71.03244829  71.6822682   73.73141025
  77.66157705 124.8797583 ]
scale of eig:  1.9245797317091031
distance to initial position:
 0.6037948079501169
Fmax
 0.15851936
self.forward_climb?:  False
path_F_dot:  0.00571970152383827
eig:  [ -0.90976901  -0.26179588   3.40046425   8.00438568   9.05948935
  14.59828947  16.51462633  37.0484503   59.14712301  65.19142598
  68.84177374  69.11741424  69.88724811  69.96295333  69.97766862
  69.98878577  69.99590583  70.00010105  70.00057606  70.00108047
  70.00169271  70.00277693  70.00323182  70.00485223  70.0066005
  70.01040921  70.01136021  70.01304213  70.01489999  70.01744303
  70.01785627  70.02158194  70.0283681   70.03387832  70.04049465
  70.04198199  70.04838164  70.05088214  70.0664848   70.07199961
  70.0782676   70.08644204  70.10123201  70.11225104  70.14867098
  70.16054698  70.21660733  70.25602669  70.34489479  70.42436251
  70.43672729  70.60268593  71.04115123  71.72558364  74.45417346
  78.82681802 124.83822142]
distance to initial position:
 0.7187475951162269
Fmax
 0.152448
self.forward_climb?:  False
path_F_dot:  0.03793167098805998
eig:  [ -0.70535671  -0.25727381   3.41124793   6.90043379   8.93981376
  13.93475424  16.03944993  34.8040813   58.95335917  64.79486519
  67.69456004  68.90184681  69.38812309  69.91342443  69.96378363
  69.98522261  69.98885294  69.99606829  70.00054884  70.00108275
  70.00135239  70.00201293  70.00325883  70.00397358  70.00523504
  70.00877209  70.01115099  70.01291604  70.01476467  70.01574112
  70.01771845  70.02147002  70.02422135  70.03359758  70.03424071
  70.04086525  70.04533644  70.04865331  70.0511477   70.06655918
  70.07552184  70.08459647  70.10136193  70.11180121  70.12735601
  70.16017398  70.18586541  70.25581383  70.34493945  70.37779884
  70.43695243  70.6025867   71.01069652  71.29695868  73.05873691
  77.44899695 124.82066787]
scale of eig:  2.789620249278297
distance to initial position:
 0.6882209270217134
Fmax
 0.10351398
self.forward_climb?:  False
path_F_dot:  0.00268611952514843
eig:  [ -0.70748473  -0.25737063   3.39751193   7.04873257   9.90337065
  13.04398238  17.36112756  29.86288967  60.48915982  61.15538684
  65.83618773  68.94508606  69.28064341  69.94860443  69.96462597
  69.98825153  69.98943665  69.99607148  70.0005582   70.00117177
  70.00134631  70.00292836  70.00343657  70.00436457  70.00717308
  70.00876621  70.01230141  70.01306     70.01489775  70.01718461
  70.01983733  70.02294762  70.02665875  70.03333185  70.03883512
  70.04107092  70.04555265  70.05058643  70.05196593  70.06669215
  70.07630935  70.08641702  70.11135095  70.1232932   70.14276566
  70.15995579  70.21252309  70.26056045  70.35341543  70.401076
  70.44454     70.60335383  71.12458623  71.6671056   73.14593325
  80.53077292 125.07620188]
scale of eig:  1.0177514026130023
distance to initial position:
 0.7517295142222916
Fmax
 0.07571384
self.forward_climb?:  False
path_F_dot:  0.07096978691722564
eig:  [ -0.83673834  -0.18134923   3.39619854   6.77515656   9.49922083
  12.55088732  17.37625552  23.32663099  55.38062598  60.78170851
  65.62427143  68.86908405  69.15814034  69.94709109  69.95944912
  69.97476801  69.98915389  69.99259883  69.9969176   70.00056981
  70.00120635  70.00294024  70.0034139   70.004376    70.00690551
  70.00739888  70.00929538  70.012699    70.01489185  70.01497401
  70.01748672  70.02261939  70.02610047  70.03330455  70.03635158
  70.04032343  70.04216968  70.04796523  70.05115908  70.06655556
  70.07461801  70.08603562  70.10621898  70.12116269  70.13274509
  70.15940008  70.20546278  70.25801088  70.35278518  70.40927161
  70.4223535   70.60288882  71.08109061  71.59195083  73.10569752
  79.16481581 124.33792816]
distance to initial position:
 0.741172444631642
Fmax
 0.07920126
self.forward_climb?:  True
path_F_dot:  0.004837292283505981
eig:  [-8.26441502e-01 -9.12632906e-02  3.11211569e+00  5.38011782e+00
  8.36036997e+00  1.13081422e+01  1.57768332e+01  1.87665453e+01
  5.10232747e+01  6.07764698e+01  6.55524936e+01  6.86960195e+01
  6.91141672e+01  6.98521244e+01  6.99489133e+01  6.99703796e+01
  6.99891576e+01  6.99944491e+01  6.99963894e+01  7.00005239e+01
  7.00011774e+01  7.00025942e+01  7.00034402e+01  7.00043757e+01
  7.00072628e+01  7.00082474e+01  7.00098981e+01  7.00128193e+01
  7.00148788e+01  7.00158772e+01  7.00172068e+01  7.00226314e+01
  7.00254387e+01  7.00328774e+01  7.00356440e+01  7.00402736e+01
  7.00450438e+01  7.00461981e+01  7.00512247e+01  7.00654059e+01
  7.00750979e+01  7.00836136e+01  7.01060520e+01  7.01202730e+01
  7.01333624e+01  7.01569849e+01  7.02011595e+01  7.02571335e+01
  7.03420363e+01  7.03989713e+01  7.04248046e+01  7.05975925e+01
  7.10121927e+01  7.15955007e+01  7.30321246e+01  7.88521479e+01
  1.23983286e+02]
distance to initial position:
 0.7600403046613174
Fmax
 0.05738661
self.forward_climb?:  True
path_F_dot:  0.016281240706401027
eig:  [-8.29612392e-01 -9.13332209e-02  3.28313238e+00  5.07012491e+00
  7.81103515e+00  1.09688591e+01  1.54596994e+01  1.84614297e+01
  4.91041750e+01  6.08199271e+01  6.55325173e+01  6.86554484e+01
  6.91070217e+01  6.98699012e+01  6.99537231e+01  6.99786978e+01
  6.99922187e+01  6.99943348e+01  6.99965754e+01  7.00007165e+01
  7.00013323e+01  7.00023642e+01  7.00043238e+01  7.00059447e+01
  7.00077767e+01  7.00094560e+01  7.00122945e+01  7.00142469e+01
  7.00149043e+01  7.00169249e+01  7.00223976e+01  7.00234748e+01
  7.00291874e+01  7.00338382e+01  7.00366445e+01  7.00431167e+01
  7.00446718e+01  7.00508387e+01  7.00566747e+01  7.00736139e+01
  7.00784540e+01  7.01023399e+01  7.01179968e+01  7.01219260e+01
  7.01414682e+01  7.01950415e+01  7.02016257e+01  7.02682416e+01
  7.03596615e+01  7.04019801e+01  7.05517968e+01  7.07859015e+01
  7.10103820e+01  7.16350291e+01  7.29294638e+01  7.89106979e+01
  1.23839062e+02]
scale of eig:  1.8702786974739296
distance to initial position:
 0.7624529058068613
Fmax
 0.05584812
self.forward_climb?:  True
path_F_dot:  0.01125064101532503
eig:  [-8.76745846e-01 -8.27944919e-02  3.28733844e+00  4.61494209e+00
  7.34967578e+00  1.07805113e+01  1.46009373e+01  1.71709223e+01
  2.86403204e+01  6.08306124e+01  6.36475485e+01  6.56333153e+01
  6.90910059e+01  6.91519765e+01  6.99425796e+01  6.99640833e+01
  6.99872323e+01  6.99947226e+01  6.99953466e+01  6.99974092e+01
  7.00016542e+01  7.00026217e+01  7.00035268e+01  7.00053136e+01
  7.00060658e+01  7.00087991e+01  7.00106933e+01  7.00123860e+01
  7.00153442e+01  7.00159309e+01  7.00201578e+01  7.00233269e+01
  7.00305611e+01  7.00327770e+01  7.00386224e+01  7.00416698e+01
  7.00450120e+01  7.00485774e+01  7.00543340e+01  7.00654489e+01
  7.00776245e+01  7.00818936e+01  7.01057197e+01  7.01202728e+01
  7.01356943e+01  7.01497129e+01  7.01991002e+01  7.02706400e+01
  7.03073514e+01  7.04038187e+01  7.04701269e+01  7.06117228e+01
  7.11278323e+01  7.15584672e+01  7.30197499e+01  7.77662121e+01
  1.22324015e+02]
scale of eig:  1.6839256796527549
distance to initial position:
 0.7841427126095377
Fmax
 0.04456585
self.forward_climb?:  False
path_F_dot:  0.02016837111912168
eig:  [-6.92189764e-01 -9.34046747e-02  3.29769374e+00  4.03955426e+00
  7.82430516e+00  9.63540678e+00  1.36930178e+01  1.74631409e+01
  2.12138610e+01  6.08286619e+01  6.23855654e+01  6.56064466e+01
  6.89805772e+01  6.91376439e+01  6.99349765e+01  6.99615535e+01
  6.99857810e+01  6.99940369e+01  6.99971074e+01  6.99975031e+01
  7.00018828e+01  7.00033291e+01  7.00039436e+01  7.00053137e+01
  7.00061680e+01  7.00087993e+01  7.00119998e+01  7.00123650e+01
  7.00152368e+01  7.00157963e+01  7.00206270e+01  7.00252317e+01
  7.00302077e+01  7.00322225e+01  7.00364745e+01  7.00444706e+01
  7.00477097e+01  7.00511268e+01  7.00608943e+01  7.00641932e+01
  7.00769297e+01  7.00801887e+01  7.01050645e+01  7.01197643e+01
  7.01372572e+01  7.01509633e+01  7.02086481e+01  7.02693313e+01
  7.03134313e+01  7.04087366e+01  7.04138503e+01  7.06024195e+01
  7.10730156e+01  7.15127464e+01  7.30231778e+01  7.82353074e+01
  1.21912306e+02]
distance to initial position:
 0.7203328258871521
Fmax
 0.04009224
self.forward_climb?:  True
path_F_dot:  0.029403668254108277
eig:  [-6.75214513e-01 -9.21703450e-02  3.29178853e+00  3.99761684e+00
  7.81879773e+00  9.36755888e+00  1.36242885e+01  1.72861135e+01
  2.05328709e+01  6.05653891e+01  6.21634160e+01  6.54038283e+01
  6.87491063e+01  6.91111313e+01  6.98492950e+01  6.99356116e+01
  6.99628342e+01  6.99882260e+01  6.99957467e+01  6.99973136e+01
  6.99978272e+01  7.00030270e+01  7.00033795e+01  7.00043643e+01
  7.00057835e+01  7.00088126e+01  7.00098680e+01  7.00120767e+01
  7.00126608e+01  7.00156776e+01  7.00177461e+01  7.00210746e+01
  7.00274972e+01  7.00314956e+01  7.00349775e+01  7.00442300e+01
  7.00463440e+01  7.00507940e+01  7.00550395e+01  7.00623234e+01
  7.00757094e+01  7.00798153e+01  7.01050669e+01  7.01194122e+01
  7.01333735e+01  7.01494739e+01  7.02045477e+01  7.02659660e+01
  7.03133904e+01  7.03898105e+01  7.04109000e+01  7.05903196e+01
  7.10627429e+01  7.15155249e+01  7.30020861e+01  7.82441493e+01
  1.21696755e+02]
distance to initial position:
 0.7283795957917192
Fmax
 0.03650396
self.forward_climb?:  True
path_F_dot:  0.0595182422767519
eig:  [-6.99848698e-01 -9.75298827e-02  3.34296845e+00  3.95941328e+00
  6.27950467e+00  8.48064914e+00  1.23028705e+01  1.49535071e+01
  1.88035882e+01  5.09416333e+01  6.13689060e+01  6.41412372e+01
  6.74082053e+01  6.91077340e+01  6.95454647e+01  6.99387653e+01
  6.99625779e+01  6.99881965e+01  6.99965555e+01  6.99973872e+01
  6.99997076e+01  7.00030068e+01  7.00033664e+01  7.00053033e+01
  7.00057477e+01  7.00092000e+01  7.00107345e+01  7.00122728e+01
  7.00133111e+01  7.00174513e+01  7.00208088e+01  7.00269910e+01
  7.00306135e+01  7.00314754e+01  7.00391839e+01  7.00446810e+01
  7.00474990e+01  7.00509906e+01  7.00607149e+01  7.00752892e+01
  7.00759309e+01  7.00840196e+01  7.01046055e+01  7.01257474e+01
  7.01389908e+01  7.01877739e+01  7.02048738e+01  7.03123367e+01
  7.03165071e+01  7.03923511e+01  7.04846015e+01  7.06595215e+01
  7.11267933e+01  7.15118360e+01  7.29570617e+01  7.81706994e+01
  1.19766103e+02]
scale of eig:  1.2782037405223534
distance to initial position:
 0.7294655123978826
Fmax
 0.0178036
self.forward_climb?:  True
path_F_dot:  0.07146828684674733
eig:  [-6.96137897e-01 -8.89596638e-02  3.30538838e+00  3.64804631e+00
  6.47587354e+00  8.25393982e+00  1.16667087e+01  1.47232679e+01
  1.85636696e+01  4.39038269e+01  6.16020249e+01  6.40248473e+01
  6.74388673e+01  6.91675229e+01  6.95309006e+01  6.99386165e+01
  6.99635634e+01  6.99881984e+01  6.99972539e+01  6.99982830e+01
  7.00018734e+01  7.00031439e+01  7.00034726e+01  7.00053605e+01
  7.00060456e+01  7.00103972e+01  7.00114739e+01  7.00130179e+01
  7.00150269e+01  7.00207911e+01  7.00268014e+01  7.00303577e+01
  7.00314612e+01  7.00356359e+01  7.00393207e+01  7.00458224e+01
  7.00508977e+01  7.00596381e+01  7.00711317e+01  7.00753662e+01
  7.00761598e+01  7.01009763e+01  7.01156427e+01  7.01387782e+01
  7.01827870e+01  7.02042646e+01  7.02803364e+01  7.03137466e+01
  7.03312514e+01  7.04505638e+01  7.05377890e+01  7.06817272e+01
  7.11848958e+01  7.15269509e+01  7.29555860e+01  7.81488102e+01
  1.18949294e+02]
distance to initial position:
 0.735333824798164
Fmax
 0.02754782
self.forward_climb?:  False
path_F_dot:  0.15724320289176746
eig:  [ -0.6113658   -0.165343     3.27284556   3.46319881   5.33725103
   8.16917636  11.48585438  14.60281413  18.34327306  39.75391456
  60.48759598  63.94939043  66.83098518  69.01529334  69.40040524
  69.83527568  69.95140065  69.96413656  69.99089482  69.99725965
  69.99880853  70.00244122  70.00346582  70.00364521  70.00593821
  70.00927508  70.01118391  70.01298812  70.01488486  70.01519827
  70.02378432  70.02853371  70.03057358  70.03385604  70.03931437
  70.04163841  70.05028433  70.05736708  70.05967301  70.074258
  70.0753698   70.09634192  70.10669959  70.13874155  70.18160519
  70.20260606  70.27922195  70.312572    70.3161369   70.37606584
  70.49458337  70.60092826  70.87908298  71.48076714  72.89627702
  77.67531749 118.08130179]
distance to initial position:
 0.7187210921302059
Fmax
 0.03418526
self.forward_climb?:  False
path_F_dot:  0.12212209460754245
eig:  [ -1.06845736  -0.14002255   3.25525731   3.50841821   5.75416114
   8.19049407  11.54357988  14.63693483  18.32100898  34.52954645
  58.91686779  63.63774597  66.14847256  68.90184864  69.38466447
  69.69556984  69.94684359  69.96370923  69.98921785  69.99333703
  69.99750887  69.999822    70.00307682  70.00362695  70.00591467
  70.00903605  70.01085433  70.01298819  70.01482541  70.01562705
  70.02089272  70.02498288  70.0305455   70.03393541  70.03645721
  70.04211284  70.04447247  70.05351456  70.05967179  70.07379358
  70.0749087   70.09382046  70.10529667  70.13636456  70.17181226
  70.20063691  70.27653166  70.31344399  70.31626036  70.33850024
  70.43893128  70.59925807  70.8441796   71.47661362  72.8229733
  77.45001358 117.25114239]
distance to initial position:
 0.7019561972066168
Fmax
 0.01554262
self.forward_climb?:  False
path_F_dot:  0.1380783547709537
eig:  [ -0.913986    -0.16301956   3.26173291   3.45342316   5.71642233
   8.14430653  11.50704116  14.62957575  18.31724606  32.67320063
  58.93334869  63.49733889  66.09858034  68.90366044  69.38462028
  69.67030546  69.92848179  69.95648531  69.96838693  69.99058324
  69.9968492   69.99872857  70.00051468  70.00353308  70.00557545
  70.00703783  70.0108486   70.01117707  70.01418731  70.01499356
  70.01861806  70.02498829  70.02884248  70.03391979  70.03667997
  70.03995601  70.04313103  70.05320297  70.05965924  70.07332888
  70.07459345  70.09374332  70.10026654  70.10864198  70.16590855
  70.19796932  70.26489702  70.30076003  70.31387547  70.33694411
  70.41036506  70.5890702   70.84395809  71.47264379  72.81867963
  77.45454877 116.96447221]
distance to initial position:
 0.6839004915836433
Fmax
 0.0215008
self.forward_climb?:  True
path_F_dot:  0.08220518921996214
eig:  [ -0.76491426  -0.2027923    3.18901754   3.47411734   5.67979327
   8.06132603  11.50747991  14.66033979  18.22760844  30.81401027
  58.92273274  62.69483664  66.10702     68.38261864  69.23750037
  69.46395608  69.7125701   69.94557708  69.96179383  69.98674941
  69.99103542  69.99757162  69.99987782  70.0034936   70.00375159
  70.00601754  70.00895861  70.01085912  70.01439474  70.01508949
  70.01848011  70.02306901  70.02666641  70.03380121  70.03634559
  70.0394138   70.04304369  70.05297046  70.05664826  70.0669858
  70.07467122  70.07850669  70.09559114  70.1085329   70.15825865
  70.19348294  70.24975225  70.29418056  70.31363535  70.31656464
  70.40002192  70.5675435   70.83420262  71.45236808  72.81903862
  77.40217528 116.47583456]
distance to initial position:
 0.6504243468541885
Fmax
 0.0404936
self.forward_climb?:  True
path_F_dot:  0.0045381828875972465
eig:  [ -0.78079953  -0.19067362   3.18606018   3.42561117   5.38330768
   8.05203868  11.4744674   14.47835438  18.22658369  30.78246634
  58.88813881  62.211091    66.10149622  68.18572615  69.16669322
  69.44517342  69.70986716  69.94459933  69.96097362  69.97943857
  69.98840913  69.99233177  69.99788817  70.00045785  70.0037214
  70.00502813  70.00801605  70.01028698  70.01191554  70.01443371
  70.01834455  70.02248787  70.02666308  70.0321706   70.03530988
  70.03870108  70.04294431  70.05234693  70.05572985  70.06693139
  70.07460662  70.07850106  70.09556126  70.10788319  70.15752865
  70.19345967  70.24817575  70.2781137   70.31356426  70.31450499
  70.39909301  70.56531687  70.81397178  71.42250156  72.72317243
  77.40079733 116.33997675]
distance to initial position:
 0.7230802620095245
Fmax
 0.01310532
self.forward_climb?:  False
path_F_dot:  0.15517530349640332
eig:  [ -0.74450346  -0.19038087   3.18464616   3.42273742   5.36035309
   8.04951677  11.45843389  14.46101124  18.22656747  30.46307832
  58.8863716   62.19486181  66.08483469  68.18568779  69.16401213
  69.43637995  69.70945067  69.94455555  69.96064945  69.97896902
  69.98788952  69.99232835  69.99788508  69.99975437  70.00361724
  70.00457008  70.00799093  70.01023577  70.01191569  70.0144119
  70.01830683  70.02225754  70.0258237   70.03165087  70.03531006
  70.0384264   70.04224595  70.05196468  70.05571755  70.06689988
  70.0742884   70.07850101  70.09522425  70.10773045  70.15751746
  70.19231731  70.24748259  70.27789455  70.31249532  70.31376457
  70.39724715  70.56498485  70.81397879  71.42192483  72.71716486
  77.39233123 116.28108415]
distance to initial position:
 0.7199633062259762
Fmax
 0.02050771
self.forward_climb?:  False
path_F_dot:  0.18414564712251794
eig:  [ -0.73479153  -0.17535994   3.22541851   3.68389147   6.46917687
   8.10921789   9.70088223  14.05321046  18.2208929   18.42953588
  58.84263198  61.66200075  65.43686052  68.45476593  68.90570613
  69.24776824  69.70089017  69.89466668  69.95165244  69.96403948
  69.98806937  69.99234482  69.99657306  69.99848988  70.00239213
  70.00394714  70.00941556  70.0114006   70.0134443   70.01423395
  70.01739912  70.0212805   70.02345647  70.0351977   70.03607623
  70.03698481  70.04953208  70.05205643  70.06510715  70.07169674
  70.07842499  70.09139017  70.10478684  70.14219272  70.16640234
  70.21409504  70.23700041  70.29146313  70.31144811  70.37700087
  70.54261847  70.70957679  71.00385992  71.42453894  72.67311231
  77.6209057  114.15541664]
distance to initial position:
 0.7160689453093406
Fmax
 0.01055065
self.forward_climb?:  True
path_F_dot:  0.025583069124249812
eig:  [ -0.71727943  -0.1731499    2.73130106   3.79781625   4.15707487
   8.75069927   9.7042682   13.03225656  17.83459721  18.48148889
  58.30271316  61.04794596  65.02282542  67.66322578  68.73647986
  69.26623289  69.69722764  69.88015961  69.95085187  69.96639428
  69.98816886  69.99230732  69.99523405  69.9997615   70.00245337
  70.00392094  70.00994676  70.01001631  70.01232082  70.01441599
  70.02058968  70.02140122  70.02612614  70.03453351  70.03678325
  70.03865132  70.0494003   70.05444269  70.06266422  70.07223507
  70.07373437  70.09051535  70.10441508  70.14610028  70.16803637
  70.18195838  70.24677191  70.29388655  70.31230023  70.36743428
  70.5447858   70.70595619  70.80943948  71.38383362  72.66407153
  77.41031425 112.58085955]
distance to initial position:
 0.7115254360640293
Fmax
 0.01063274
self.forward_climb?:  False
path_F_dot:  0.10860448983712426
eig:  [ -0.71767712  -0.17201949   2.72570232   3.54326692   6.03097736
   8.87626146   9.62643955  13.93995016  17.84133195  18.46812807
  58.97682397  60.70584342  64.89549146  67.0668248   68.74557949
  69.28510885  69.67437218  69.85681102  69.9354425   69.95537378
  69.96970822  69.99047872  69.99491871  69.99842027  70.00202287
  70.00356166  70.00763031  70.01186705  70.0136274   70.01564458
  70.02057294  70.02235645  70.03189683  70.03466415  70.03617266
  70.03738528  70.05040549  70.05738803  70.0665453   70.07216785
  70.08685518  70.09669393  70.14070901  70.160904    70.17436497
  70.20497847  70.27666677  70.3075498   70.36563917  70.5425102
  70.68540701  70.72537368  71.29766751  71.52024503  72.66841626
  77.5882979  112.12508862]
distance to initial position:
 0.7004600638947012
Fmax
 0.01372048
self.forward_climb?:  True
path_F_dot:  0.09830449497426297
eig:  [ -0.66653857  -0.15325649   2.7085907    3.57306112   6.63548036
   8.93678924   9.62039304  13.86911664  17.88444047  18.45469775
  49.48838146  60.29549799  63.73329066  65.61754398  68.73496257
  69.22353043  69.33506827  69.69428398  69.86976234  69.95209976
  69.96906277  69.97584602  69.99173494  69.99687902  70.00217991
  70.00255616  70.0075189   70.00958704  70.01195013  70.01454884
  70.01675723  70.02062297  70.0286671   70.03270318  70.03629791
  70.03654518  70.05041769  70.05712356  70.06528148  70.06801932
  70.08682647  70.09183579  70.13697342  70.14899577  70.16428762
  70.20035103  70.26782115  70.30202351  70.35684041  70.4332427
  70.54984636  70.70060826  70.78185092  71.37023058  72.67165583
  77.02624347 110.21658485]
distance to initial position:
 0.6757673985053065
Fmax
 0.02390632
self.forward_climb?:  True
path_F_dot:  0.0621260254896188
eig:  [ -0.78431943  -0.1970835    2.70730424   3.4718152    6.25170361
   8.92382038   9.61393372  13.87147762  17.82528344  18.43763647
  48.88617403  60.09207597  63.66206131  65.35717512  68.55929858
  69.20773995  69.33423191  69.65244759  69.85104627  69.90538802
  69.95372054  69.97102097  69.97615844  69.9917409   69.99965515
  70.00219733  70.00269122  70.00834783  70.01039358  70.01451544
  70.01608111  70.01830038  70.02662189  70.02870917  70.03345994
  70.0364907   70.04861647  70.05497879  70.06440924  70.06750203
  70.0814887   70.09011701  70.13692247  70.14896137  70.1635795
  70.20025286  70.26150959  70.30201199  70.35655786  70.42802554
  70.5481157   70.69717008  70.76809684  71.36912965  72.66748331
  76.9950094  110.12373128]
distance to initial position:
 0.7200937665726274
Fmax
 0.01139061
self.forward_climb?:  True
path_F_dot:  0.07666031197553473
eig:  [ -0.67583554  -0.19788079   2.7063344    3.47144951   6.2113646
   8.92371663   9.61156004  13.87136378  17.81119294  18.42845773
  48.25274004  60.0893004   63.57550947  65.35506673  68.55617458
  69.20215887  69.33185857  69.65183614  69.85109605  69.90548141
  69.95369842  69.95736931  69.97478271  69.98894154  69.99709756
  70.00195582  70.00247128  70.00779562  70.00841668  70.0141495
  70.01602464  70.01818416  70.02611834  70.02845471  70.0294012
  70.03648811  70.04654899  70.05398649  70.05787441  70.06727944
  70.08006485  70.09009965  70.13666965  70.14895845  70.16079821
  70.19973553  70.24892376  70.29970426  70.35578794  70.42557451
  70.54442468  70.69547552  70.76406385  71.35431212  72.66097899
  76.94593207 110.07288674]
distance to initial position:
 0.7268123785154762
Fmax
 0.00934036
self.forward_climb?:  True
path_F_dot:  0.1447293659773024
eig:  [-9.58916056e-01 -1.06142895e-01  2.72041382e+00  3.38421818e+00
  6.27042224e+00  8.90104972e+00  9.27535606e+00  1.38606795e+01
  1.73958887e+01  1.81741435e+01  3.49773495e+01  6.01021266e+01
  6.21589327e+01  6.53388193e+01  6.84138784e+01  6.89867601e+01
  6.93385497e+01  6.95437876e+01  6.96618477e+01  6.98511387e+01
  6.99068145e+01  6.99583211e+01  6.99743238e+01  6.99841473e+01
  6.99948741e+01  7.00023637e+01  7.00047679e+01  7.00073506e+01
  7.00100814e+01  7.00151260e+01  7.00159592e+01  7.00179946e+01
  7.00222606e+01  7.00277488e+01  7.00364546e+01  7.00382194e+01
  7.00498800e+01  7.00514047e+01  7.00596626e+01  7.00689109e+01
  7.00885172e+01  7.00914867e+01  7.01363049e+01  7.01489816e+01
  7.01691656e+01  7.01951292e+01  7.02328721e+01  7.02947274e+01
  7.03539782e+01  7.04435780e+01  7.05090163e+01  7.06810779e+01
  7.07422895e+01  7.12300223e+01  7.25592497e+01  7.62126910e+01
  1.09372663e+02]
