## SLURM PROLOG ###############################################################
##    Job ID : 14708841
##  Job Name : test
##  Nodelist : node[1734-1735,1737]
##      CPUs : 96
##  Mem/Node : 98304 MB
## Directory : /oscar/scratch/kbadger1/SaddleClimb/examples/CH3_O_to_CH2_OH/fosp_searches/saddleclimb
##   Job Started : Thu Dec  4 12:16:12 PM EST 2025
###############################################################################
trying
trying
climbing
trying
climbing
trying
climbing
trying
climbing
trying
climbing
trying
climbing
trying
climbing
trying
climbing
trying
climbing
trying
climbing
trying
climbing
trying
climbing
trying
climbing
trying
climbing
trying
climbing
trying
climbing
trying
climbing
trying
climbing
trying
climbing
trying
climbing
trying
climbing
trying
climbing
trying
climbing
trying
climbing
trying
climbing
trying
climbing
trying
climbing
trying
climbing
trying
climbing
trying
climbing
trying
climbing
trying
climbing
trying
climbing
trying
climbing
trying
climbing
trying
climbing
trying
climbing
trying
climbing
trying
climbing
trying
climbing
trying
climbing
trying
climbing
trying
climbing
trying
climbing
trying
climbing
trying
climbing
trying
climbing
trying
climbing
trying
climbing
trying
climbing
trying
climbing
trying
climbing
trying
climbing
trying
climbing
trying
climbing
trying
climbing
trying
climbing
trying
climbing
trying
climbing
trying
climbing
trying
climbing
trying
climbing
trying
climbing
trying
climbing
trying
climbing
trying
climbing
trying
climbing
trying
climbing
trying
climbing
trying
climbing
trying
climbing
trying
climbing
trying
climbing
trying
climbing
trying
climbing
trying
climbing
trying
climbing
trying
climbing
trying
climbing
trying
climbing
trying
climbing
trying
climbing
trying
climbing
trying
climbing
trying
climbing
trying
climbing
trying
climbing
trying
climbing
trying
climbing
trying
climbing
trying
climbing
trying
climbing
trying
climbing
trying
climbing
trying
climbing
trying
climbing
trying
climbing
trying
climbing
trying
climbing
trying
climbing
trying
climbing
trying
climbing
trying
climbing
trying
climbing
trying
climbing
trying
climbing
trying
climbing
trying
climbing
trying
climbing
trying
climbing
trying
climbing
trying
climbing
trying
climbing
trying
climbing
trying
climbing
trying
climbing
trying
climbing
trying
climbing
trying
climbing
trying
climbing
trying
climbing
trying
climbing
trying
climbing
trying
climbing
trying
climbing
trying
climbing
trying
climbing
trying
climbing
trying
climbing
trying
climbing
trying
climbing
trying
climbing
trying
climbing
trying
climbing
trying
climbing
trying
climbing
trying
climbing
trying
climbing
trying
climbing
trying
climbing
trying
climbing
trying
climbing
trying
climbing
trying
climbing
trying
climbing
trying
climbing
trying
climbing
trying
climbing
trying
climbing
trying
climbing
trying
climbing
trying
climbing
trying
climbing
trying
climbing
trying
climbing
trying
climbing
trying
climbing
trying
climbing
trying
climbing
trying
climbing
trying
climbing
trying
climbing
trying
climbing
trying
climbing
trying
climbing
trying
climbing
trying
climbing
trying
climbing
trying
climbing
trying
climbing
trying
climbing
trying
climbing
trying
climbing
trying
climbing
trying
climbing
trying
climbing
trying
climbing
trying
climbing
trying
climbing
trying
climbing
trying
climbing
trying
climbing
trying
climbing
trying
climbing
trying
climbing
trying
climbing
trying
climbing
trying
climbing
trying
climbing
trying
climbing
trying
climbing
trying
climbing
trying
climbing
trying
climbing
trying
climbing
trying
climbing
trying
climbing
trying
climbing
trying
climbing
trying
climbing
trying
climbing
trying
climbing
trying
climbing
trying
climbing
trying
climbing
trying
climbing
trying
climbing
trying
climbing
trying
climbing
trying
climbing
trying
climbing
trying
climbing
trying
climbing
trying
climbing
trying
climbing
trying
climbing
trying
climbing
trying
climbing
trying
climbing
trying
climbing
trying
climbing
trying
climbing
trying
climbing
trying
climbing
trying
climbing
trying
climbing
trying
climbing
trying
climbing
trying
climbing
trying
climbing
trying
climbing
trying
climbing
trying
climbing
trying
climbing
trying
climbing
trying
climbing
trying
climbing
trying
climbing
trying
climbing
trying
climbing
trying
climbing
trying
climbing
trying
climbing
trying
climbing
trying
climbing
trying
climbing
trying
climbing
trying
climbing
trying
climbing
trying
climbing
trying
climbing
trying
climbing
trying
climbing
trying
climbing
trying
climbing
trying
climbing
trying
climbing
trying
climbing
trying
climbing
trying
climbing
trying
climbing
trying
climbing
trying
climbing
trying
climbing
trying
climbing
trying
climbing
trying
climbing
trying
climbing
trying
climbing
trying
climbing
trying
climbing
trying
climbing
trying
climbing
trying
climbing
trying
climbing
trying
climbing
trying
climbing
trying
climbing
trying
climbing
trying
climbing
trying
climbing
trying
climbing
trying
climbing
trying
climbing
trying
climbing
trying
climbing
trying
climbing
trying
climbing
trying
climbing
trying
climbing
trying
climbing
trying
climbing
trying
climbing
trying
climbing
trying
climbing
trying
climbing
trying
climbing
trying
climbing
trying
climbing
trying
climbing
slurmstepd: error: *** JOB 14708841 ON node1734 CANCELLED AT 2025-12-05T10:38:27 ***
