Iteration           Energy (eV)         Fmax (eV/A)         Climbing Direction
0                   -82403.224064       0.000924            
1                   -82403.196909       1.314555            
2                   -82403.16163        1.603292            
3                   -82403.083892       2.135053            
4                   -82402.913866       3.053312            
5                   -82402.574559       3.851133            
6                   -82402.19037        3.646179            
7                   -82402.031121       5.413681            
8                   -82402.153461       3.532046            
9                   -82402.287659       1.496128            
10                  -82402.341631       1.482709            
11                  -82402.399915       1.197433            
12                  -82402.453747       1.178049            
13                  -82402.503533       1.074627            
14                  -82402.550043       1.078561            
15                  -82402.600703       1.000244            
16                  -82402.664524       1.223076            
17                  -82402.7523         1.472554            
18                  -82402.793493       0.751286            
19                  -82402.742368       1.285392            
20                  -82402.460067       5.635449            
21                  -82402.763316       1.059606            
22                  -82402.771643       0.84623             
23                  -82402.785744       0.918818            
24                  -82402.803939       0.550155            
25                  -82402.816277       0.403418            
26                  -82402.813015       0.690204            
27                  -82402.826255       0.676315            
28                  -82402.861517       0.653974            
29                  -82402.631529       3.719806            
30                  -82402.839919       1.504182            
31                  -82402.857563       0.779371            
32                  -82402.861259       0.539897            
33                  -82402.878726       0.928383            
34                  -82402.886243       0.829011            
35                  -82402.858336       0.996596            
36                  -82402.839523       2.211226            
37                  -82402.894332       0.286858            
38                  -82402.895201       0.235258            
39                  -82402.896321       0.304493            
40                  -82402.900116       0.19947             
41                  -82402.904328       0.202645            
42                  -82402.909237       0.200137            
43                  -82402.917529       0.330752            
44                  -82402.925495       0.316123            
45                  -82402.931583       0.512889            
46                  -82402.942398       0.56348             
47                  -82402.954973       0.604942            
48                  -82402.961098       0.692031            
49                  -82402.978932       0.436396            
50                  -82402.983141       0.376667            
51                  -82402.985636       0.457708            
52                  -82403.015508       0.402683            
53                  -82403.032094       0.314319            
54                  -82403.020358       1.066384            
55                  -82402.997972       1.278775            
56                  -82403.031396       0.164083            
57                  -82403.03171        0.245877            
58                  -82403.031636       0.191697            
59                  -82403.033949       0.131128            
60                  -82403.034024       0.19695             
61                  -82403.03359        0.287851            
62                  -82403.031845       0.49339             
63                  -82403.025338       0.776073            
64                  -82403.035171       0.058675            
65                  -82403.035211       0.108557            
66                  -82403.035146       0.136533            
67                  -82403.035604       0.038449            
68                  -82403.035999       0.078768            
69                  -82403.036043       0.069212            
70                  -82403.037101       0.037474            
71                  -82403.038233       0.033455            
72                  -82403.038566       0.038379            
73                  -82403.038857       0.018063            
74                  -82403.038863       0.013493            
75                  -82403.038863       0.0225              
76                  -82403.038911       0.00313             
77                  -82403.03891        0.006697            
78                  -82403.038909       0.006359            
79                  -82403.03891        0.003804            
80                  -82403.03891        0.00814             
81                  -82403.038907       0.009419            
82                  -82403.038909       0.005405            
83                  -82403.03891        0.004279            
84                  -82403.03891        0.005301            
85                  -82403.03891        0.006791            
86                  -82403.038907       0.016765            
87                  -82403.038912       0.002148            
88                  -82403.038912       0.001007            
89                  -82403.038912       0.000849            
