## SLURM PROLOG ###############################################################
##    Job ID : 14735197
##  Job Name : test
##  Nodelist : node[1850,1853]
##      CPUs : 96
##  Mem/Node : 98304 MB
## Directory : /oscar/scratch/kbadger1/SaddleClimb/examples/HCO_to_H_CH_Co0001/fosp_searches/saddleclimb_3
##   Job Started : Sun Dec  7 02:14:15 PM EST 2025
###############################################################################
climbing
climbing
climbing
climbing
climbing
climbing
climbing
climbing
climbing
climbing
climbing
climbing
climbing
climbing
climbing
climbing
climbing
climbing
climbing
descending
climbing
climbing
climbing
climbing
climbing
climbing
climbing
climbing
descending
descending
climbing
climbing
climbing
climbing
climbing
descending
climbing
climbing
climbing
climbing
climbing
climbing
climbing
climbing
descending
climbing
climbing
descending
climbing
climbing
descending
descending
climbing
climbing
descending
climbing
climbing
descending
climbing
climbing
climbing
climbing
descending
climbing
climbing
descending
descending
climbing
descending
descending
descending
descending
climbing
climbing
descending
climbing
climbing
climbing
climbing
descending
climbing
climbing
climbing
climbing
climbing
descending
climbing
descending
descending
