Iteration           Energy (eV)         Fmax (eV/A)         Climbing Direction
0                   -82403.263714       0.000984            
1                   -82403.231232       1.064991            
2                   -82403.192601       1.281894            
3                   -82403.116583       1.604048            
4                   -82402.962087       2.380244            
5                   -82402.761398       2.859567            
6                   -82402.581058       2.812991            
7                   -82402.384888       4.898842            
8                   -82402.661774       1.641305            
9                   -82402.680048       1.143107            
10                  -82402.724789       1.103461            
11                  -82402.770814       1.02383             
12                  -82402.817603       0.930661            
13                  -82402.876083       0.875278            
14                  -82402.946783       0.941064            
15                  -82402.802565       2.170808            
16                  -82402.813342       2.325463            
17                  -82402.887645       0.584572            
18                  -82402.900929       0.649577            
19                  -82402.905827       0.75133             
20                  -82402.911492       0.718375            
21                  -82402.921534       0.546729            
22                  -82402.929795       0.364419            
23                  -82402.934062       0.406048            
24                  -82402.93821        0.515699            
25                  -82402.949874       0.455625            
26                  -82402.956695       0.59393             
27                  -82402.936636       1.098645            
28                  -82402.95981        0.955417            
29                  -82402.99498        0.46252             
30                  -82402.99994        0.283422            
31                  -82403.008624       0.215365            
32                  -82403.009329       0.196668            
33                  -82403.010761       0.149139            
34                  -82403.012244       0.125493            
35                  -82403.013295       0.165942            
36                  -82403.014302       0.161642            
37                  -82403.015731       0.121904            
38                  -82403.017231       0.128755            
39                  -82403.018629       0.117487            
40                  -82403.019911       0.128659            
41                  -82403.021211       0.115239            
42                  -82403.022462       0.136329            
43                  -82403.023676       0.130637            
44                  -82403.024834       0.16149             
45                  -82403.025927       0.1578              
46                  -82403.026943       0.198385            
47                  -82403.027877       0.198416            
48                  -82403.028711       0.243077            
49                  -82403.047494       0.488308            
50                  -82403.056562       0.30829             
51                  -82403.062416       0.212842            
52                  -82403.060313       0.294498            
53                  -82403.058217       0.288184            
54                  -82403.055075       0.413869            
55                  -82403.05207        0.40102             
56                  -82403.048465       0.661816            
57                  -82403.043838       0.628836            
58                  -82403.036525       1.132768            
59                  -82403.018869       1.297052            
60                  -82403.05502        0.606356            
61                  -82403.061322       0.258778            
62                  -82403.062279       0.272266            
63                  -82403.062182       0.096928            
64                  -82403.062191       0.096408            
65                  -82403.061707       0.1662              
66                  -82403.060611       0.171117            
67                  -82403.058818       0.400097            
68                  -82403.054991       0.482519            
69                  -82403.062025       0.032128            
70                  -82403.062068       0.036144            
71                  -82403.062093       0.043511            
72                  -82403.062082       0.076573            
73                  -82403.061861       0.121302            
74                  -82403.062439       0.035297            
75                  -82403.062482       0.050105            
76                  -82403.062502       0.041255            
77                  -82403.062452       0.104005            
78                  -82403.061909       0.191769            
79                  -82403.063116       0.028806            
80                  -82403.063125       0.046872            
81                  -82403.063113       0.047218            
82                  -82403.062981       0.124499            
83                  -82403.062016       0.23928             
84                  -82403.06407        0.03388             
85                  -82403.06411        0.054363            
86                  -82403.064109       0.057179            
87                  -82403.065074       0.033695            
88                  -82403.065139       0.074716            
89                  -82403.064957       0.128216            
90                  -82403.066036       0.049914            
91                  -82403.066142       0.031097            
92                  -82403.066621       0.006252            
93                  -82403.066663       0.004363            
94                  -82403.066664       0.004306            
95                  -82403.066665       0.005515            
96                  -82403.066665       0.007401            
97                  -82403.066663       0.015322            
98                  -82403.066647       0.033971            
99                  -82403.066671       0.004636            
100                 -82403.066672       0.004607            
101                 -82403.066671       0.009955            
102                 -82403.066675       0.003105            
103                 -82403.066676       0.003339            
104                 -82403.066676       0.004592            
105                 -82403.066674       0.013855            
106                 -82403.066646       0.039846            
107                 -82403.066675       0.006748            
108                 -82403.066679       0.004905            
109                 -82403.066679       0.009579            
110                 -82403.066689       0.003133            
111                 -82403.06669        0.003594            
112                 -82403.06669        0.008295            
113                 -82403.066682       0.021942            
114                 -82403.066699       0.00163             
115                 -82403.066699       0.003588            
116                 -82403.066699       0.004421            
117                 -82403.066698       0.0107              
118                 -82403.06668        0.031859            
119                 -82403.066711       0.004818            
120                 -82403.066713       0.003185            
121                 -82403.066712       0.006841            
122                 -82403.06672        0.001402            
123                 -82403.06672        0.00323             
124                 -82403.066719       0.007351            
125                 -82403.066725       0.001121            
126                 -82403.066724       0.000405            
