Iteration           Energy (eV)         Fmax (eV/A)         Climbing Direction
0                   -82403.242573       0.000504            
1                   -82403.200796       1.944329            
2                   -82403.174476       1.831955            
3                   -82403.0921         2.462435            
4                   -82402.924985       3.23463             
5                   -82402.669845       3.492272            
6                   -82402.463976       3.646346            
7                   -82402.669715       1.577556            
8                   -82402.664288       1.537811            
9                   -82402.704684       1.302522            
10                  -82402.761553       1.226549            
11                  -82402.820969       1.135748            
12                  -82402.909696       1.396225            
13                  -82402.991331       1.155464            
14                  -82403.017338       1.045139            
15                  -82402.796791       3.370917            
16                  -82402.6685         5.598061            
17                  -82402.930078       1.668097            
18                  -82402.954371       0.59656             
19                  -82402.964717       0.593793            
20                  -82402.973867       0.335871            
21                  -82402.977965       0.314822            
22                  -82402.976913       0.555174            
23                  -82402.978905       0.625153            
24                  -82402.998368       0.834662            
25                  -82403.037387       0.579482            
26                  -82402.915213       2.331471            
27                  -82402.781206       4.309734            
28                  -82403.028993       0.566525            
29                  -82403.022822       0.723493            
30                  -82402.986305       1.714254            
31                  -82403.021469       0.335239            
32                  -82403.022287       0.305102            
33                  -82403.008266       0.780484            
34                  -82403.010584       0.901311            
35                  -82403.016833       0.531703            
36                  -82403.01966        0.582113            
37                  -82403.020469       0.370304            
38                  -82403.020661       0.706682            
39                  -82403.018873       0.665455            
40                  -82403.025497       0.145408            
41                  -82403.025902       0.192898            
42                  -82403.026297       0.181418            
43                  -82403.02759        0.118538            
44                  -82403.027893       0.109844            
45                  -82403.028182       0.184378            
46                  -82403.033352       0.170663            
47                  -82403.035291       0.181615            
48                  -82403.036351       0.132987            
49                  -82403.040061       0.140735            
50                  -82403.040962       0.133819            
51                  -82403.041655       0.105765            
52                  -82403.041861       0.222932            
53                  -82403.040741       0.379296            
54                  -82403.044942       0.054369            
55                  -82403.044994       0.085427            
56                  -82403.044982       0.130321            
57                  -82403.044179       0.314772            
58                  -82403.039789       0.635098            
59                  -82403.0454         0.02838             
60                  -82403.04539        0.050178            
61                  -82403.045226       0.128515            
62                  -82403.045421       0.006143            
63                  -82403.045422       0.005744            
64                  -82403.045426       0.005476            
65                  -82403.045431       0.01184             
66                  -82403.045429       0.023801            
67                  -82403.04547        0.010076            
68                  -82403.045469       0.008069            
69                  -82403.045465       0.023913            
70                  -82403.045471       0.002806            
71                  -82403.045472       0.002615            
72                  -82403.045473       0.002654            
73                  -82403.045474       0.003737            
74                  -82403.045474       0.007216            
75                  -82403.045468       0.008755            
76                  -82403.045457       0.03468             
77                  -82403.045339       0.098696            
78                  -82403.045503       0.012649            
79                  -82403.045508       0.009832            
80                  -82403.045509       0.019739            
81                  -82403.04554        0.009259            
82                  -82403.045533       0.018223            
83                  -82403.045536       0.026093            
84                  -82403.045541       0.007435            
85                  -82403.045546       0.013094            
86                  -82403.045543       0.021657            
87                  -82403.045487       0.074744            
88                  -82403.045563       0.003404            
89                  -82403.045563       0.01041             
90                  -82403.045557       0.025237            
91                  -82403.045566       0.002572            
92                  -82403.045566       0.002999            
93                  -82403.045567       0.001126            
94                  -82403.045567       0.003518            
95                  -82403.045567       0.000339            
