## SLURM PROLOG ###############################################################
##    Job ID : 13675433
##  Job Name : test
##  Nodelist : node1912
##      CPUs : 48
##  Mem/Node : 98304 MB
## Directory : /oscar/scratch/kbadger1/SaddleClimb/examples/H2O_to_OH_H/minimizations/init
##   Job Started : Fri Oct 31 06:38:50 PM EDT 2025
###############################################################################
      Step     Time          Energy          fmax
BFGS:    0 18:44:46  -378227.675020        0.064125
BFGS:    1 18:50:33  -378227.675349        0.061702
BFGS:    2 18:56:19  -378227.679104        0.078413
BFGS:    3 19:02:05  -378227.679403        0.068272
BFGS:    4 19:07:53  -378227.680211        0.020141
BFGS:    5 19:13:41  -378227.680243        0.017127
BFGS:    6 19:19:29  -378227.680257        0.013677
BFGS:    7 19:25:12  -378227.680271        0.009482
BFGS:    8 19:31:01  -378227.680270        0.006731
BFGS:    9 19:36:47  -378227.680265        0.006109
BFGS:   10 19:42:36  -378227.680266        0.005497
BFGS:   11 19:48:26  -378227.680268        0.006284
BFGS:   12 19:54:15  -378227.680271        0.004383
BFGS:   13 20:00:03  -378227.680273        0.003015
BFGS:   14 20:05:52  -378227.680276        0.002942
BFGS:   15 20:11:41  -378227.680280        0.004425
BFGS:   16 20:17:29  -378227.680282        0.004421
BFGS:   17 20:23:16  -378227.680285        0.003726
BFGS:   18 20:29:05  -378227.680285        0.003859
BFGS:   19 20:34:56  -378227.680284        0.004268
BFGS:   20 20:40:42  -378227.680288        0.008098
BFGS:   21 20:46:29  -378227.680298        0.012634
BFGS:   22 20:52:15  -378227.680318        0.014306
BFGS:   23 20:57:59  -378227.680349        0.011441
BFGS:   24 21:03:42  -378227.680380        0.011624
BFGS:   25 21:09:31  -378227.680406        0.012397
BFGS:   26 21:15:31  -378227.680455        0.020143
BFGS:   27 21:21:33  -378227.680482        0.031831
BFGS:   28 21:27:36  -378227.680537        0.022987
BFGS:   29 21:33:35  -378227.680568        0.017806
BFGS:   30 21:39:39  -378227.680668        0.017596
BFGS:   31 21:45:29  -378227.680752        0.025274
BFGS:   32 21:51:16  -378227.681410        0.070033
BFGS:   33 21:57:15  -378227.683848        0.107721
BFGS:   34 22:03:07  -378227.681732        0.124219
BFGS:   35 22:08:45  -378227.684308        0.042665
BFGS:   36 22:14:27  -378227.684456        0.035626
BFGS:   37 22:20:08  -378227.684731        0.035000
BFGS:   38 22:25:50  -378227.684893        0.039688
BFGS:   39 22:31:29  -378227.685230        0.046450
BFGS:   40 22:37:07  -378227.685430        0.031771
BFGS:   41 22:42:49  -378227.685652        0.037446
BFGS:   42 22:48:27  -378227.685860        0.034698
BFGS:   43 22:54:07  -378227.686064        0.045632
BFGS:   44 22:59:50  -378227.686250        0.038269
BFGS:   45 23:05:28  -378227.686386        0.026860
BFGS:   46 23:11:09  -378227.686537        0.032639
BFGS:   47 23:16:57  -378227.686756        0.046826
BFGS:   48 23:22:43  -378227.687063        0.052755
BFGS:   49 23:28:32  -378227.687416        0.040563
BFGS:   50 23:34:16  -378227.687780        0.040317
BFGS:   51 23:40:08  -378227.688226        0.047758
BFGS:   52 23:45:59  -378227.688585        0.056026
BFGS:   53 23:51:51  -378227.688875        0.038203
BFGS:   54 23:57:49  -378227.689061        0.026310
BFGS:   55 00:03:40  -378227.689228        0.026771
BFGS:   56 00:09:30  -378227.689402        0.034261
BFGS:   57 00:15:20  -378227.689546        0.026569
BFGS:   58 00:21:05  -378227.689618        0.016489
BFGS:   59 00:26:58  -378227.689656        0.013839
BFGS:   60 00:32:56  -378227.689698        0.019604
BFGS:   61 00:38:48  -378227.689755        0.025105
BFGS:   62 00:44:41  -378227.689797        0.018949
BFGS:   63 00:50:36  -378227.689819        0.012875
BFGS:   64 00:56:34  -378227.689834        0.011939
BFGS:   65 01:02:26  -378227.689857        0.015156
BFGS:   66 01:08:13  -378227.689888        0.018593
BFGS:   67 01:14:01  -378227.689923        0.013087
BFGS:   68 01:19:53  -378227.689946        0.008309
BFGS:   69 01:25:43  -378227.689963        0.009478
BFGS:   70 01:31:37  -378227.689981        0.012979
BFGS:   71 01:37:30  -378227.689998        0.013731
BFGS:   72 01:43:19  -378227.690008        0.008756
BFGS:   73 01:49:07  -378227.690015        0.008027
BFGS:   74 01:54:57  -378227.690024        0.010399
BFGS:   75 02:00:51  -378227.690033        0.013098
BFGS:   76 02:06:43  -378227.690039        0.010608
BFGS:   77 02:12:39  -378227.690044        0.005959
BFGS:   78 02:18:29  -378227.690048        0.006193
BFGS:   79 02:24:20  -378227.690053        0.009464
BFGS:   80 02:30:15  -378227.690063        0.012320
BFGS:   81 02:36:10  -378227.690075        0.011854
BFGS:   82 02:42:07  -378227.690087        0.007584
BFGS:   83 02:48:07  -378227.690099        0.007668
BFGS:   84 02:54:03  -378227.690114        0.013782
BFGS:   85 02:59:59  -378227.690137        0.018814
BFGS:   86 03:05:49  -378227.690169        0.016359
BFGS:   87 03:11:39  -378227.690200        0.008769
BFGS:   88 03:17:31  -378227.690219        0.007027
BFGS:   89 03:23:26  -378227.690238        0.009666
BFGS:   90 03:29:20  -378227.690251        0.011596
BFGS:   91 03:35:08  -378227.690262        0.007779
BFGS:   92 03:41:02  -378227.690266        0.003558
BFGS:   93 03:46:55  -378227.690268        0.003015
BFGS:   94 03:52:46  -378227.690273        0.005595
BFGS:   95 03:58:46  -378227.690277        0.004747
BFGS:   96 04:04:41  -378227.690279        0.002160
BFGS:   97 04:10:38  -378227.690279        0.001234
BFGS:   98 04:16:34  -378227.690279        0.001311
BFGS:   99 04:22:26  -378227.690278        0.001770
BFGS:  100 04:28:21  -378227.690278        0.001427
BFGS:  101 04:34:19  -378227.690278        0.000762
