## SLURM PROLOG ###############################################################
##    Job ID : 221623
##  Job Name : vib
##  Nodelist : node[1738-1741]
##      CPUs : 128
##  Mem/Node : 98304 MB
## Directory : /oscar/scratch/kbadger1/Saddleclimb_example/XNO-H-XC/vib
##   Job Started : Thu Jan 29 11:10:06 PM EST 2026
###############################################################################
---------------------
  #    meV     cm^-1
---------------------
  0  194.8i   1571.1i
  1   22.4     180.8
  2   30.9     249.2
  3   39.1     315.4
  4   52.9     426.7
  5   55.8     450.3
  6   62.9     507.4
  7   70.7     570.0
  8   87.7     707.0
  9  122.2     985.8
 10  138.8    1119.4
 11  193.8    1563.1
---------------------
Zero-point energy: 0.439 eV
