## SLURM PROLOG ###############################################################
##    Job ID : 14751341
##  Job Name : test
##  Nodelist : node[1852-1853]
##      CPUs : 96
##  Mem/Node : 98304 MB
## Directory : /oscar/scratch/kbadger1/SaddleClimb/examples/HCO_to_H_CH_Co0001/IRC/saddelclimb_IRC/IRC_4
##   Job Started : Tue Dec  9 11:01:54 AM EST 2025
###############################################################################
/users/kbadger1/anaconda3/envs/ase/lib/python3.13/site-packages/sella/peswrapper.py:325: RuntimeWarning: invalid value encountered in scalar divide
  ratio = df_actual / df_pred
     Step     Time          Energy          fmax
IRC:    0 12:54:34   -82403.045567        0.000209
IRC:    1 13:50:10   -82403.047311        0.081792
IRC:    2 14:18:16   -82403.052594        0.172234
IRC:    3 14:47:58   -82403.061443        0.256678
IRC:    4 15:16:32   -82403.073363        0.325864
IRC:    5 15:57:01   -82403.087725        0.373443
IRC:    6 16:25:31   -82403.103735        0.401755
IRC:    7 16:52:55   -82403.120268        0.423956
IRC:    8 17:19:51   -82403.136737        0.432718
IRC:    9 17:45:57   -82403.152919        0.428654
IRC:   10 18:11:56   -82403.168215        0.417697
IRC:   11 18:37:12   -82403.182412        0.392941
IRC:   12 19:04:15   -82403.195163        0.354055
IRC:   13 19:31:18   -82403.206187        0.303369
IRC:   14 20:01:37   -82403.215406        0.251518
IRC:   15 20:29:47   -82403.223072        0.204625
IRC:   16 20:57:45   -82403.229530        0.167699
IRC:   17 21:12:38   -82403.234615        0.127283
IRC:   18 21:40:03   -82403.238278        0.088836
IRC:   19 21:52:33   -82403.240791        0.060013
IRC:   20 22:06:38   -82403.242357        0.031091
IRC:   21 22:35:25   -82403.242822        0.005533
IRC:   22 23:46:05   -82403.047341        0.083091
IRC:   23 00:14:41   -82403.052698        0.166211
IRC:   24 00:42:27   -82403.061391        0.244935
IRC:   25 01:07:56   -82403.073150        0.308265
IRC:   26 01:36:44   -82403.087431        0.360201
IRC:   27 02:06:33   -82403.103736        0.413613
IRC:   28 02:49:54   -82403.121286        0.456465
IRC:   29 03:22:45   -82403.138846        0.486449
IRC:   30 04:08:01   -82403.155664        0.504946
IRC:   31 04:36:18   -82403.171525        0.514179
IRC:   32 05:04:18   -82403.186547        0.517282
IRC:   33 05:32:24   -82403.200913        0.518071
IRC:   34 06:00:11   -82403.214813        0.516601
IRC:   35 06:26:37   -82403.228478        0.515188
IRC:   36 07:20:31   -82403.242210        0.524918
IRC:   37 07:46:55   -82403.256470        0.543362
IRC:   38 08:25:17   -82403.272369        0.588702
IRC:   39 09:20:21   -82403.293348        0.664256
IRC:   40 10:20:12   -82403.325655        0.739025
IRC:   41 11:01:57   -82403.372744        0.792160
IRC:   42 11:43:23   -82403.436120        0.863209
IRC:   43 12:09:01   -82403.512558        0.870357
IRC:   44 12:36:12   -82403.595349        0.854936
IRC:   45 13:03:33   -82403.680670        0.829331
IRC:   46 13:31:04   -82403.765697        0.810636
IRC:   47 14:02:08   -82403.847506        0.767892
IRC:   48 14:49:53   -82403.922257        0.737089
IRC:   49 15:20:28   -82403.984424        0.707838
IRC:   50 16:04:47   -82404.029136        0.680943
IRC:   51 16:49:42   -82404.061455        0.657901
IRC:   52 17:19:32   -82404.091766        0.639427
IRC:   53 17:46:23   -82404.122307        0.621369
IRC:   54 18:13:52   -82404.150928        0.602310
IRC:   55 18:55:34   -82404.174416        0.580796
IRC:   56 19:21:47   -82404.192052        0.555296
IRC:   57 19:49:00   -82404.206581        0.528640
IRC:   58 20:14:09   -82404.219814        0.500366
IRC:   59 20:42:16   -82404.232226        0.472824
IRC:   60 21:09:07   -82404.243906        0.444386
IRC:   61 21:23:33   -82404.254851        0.414674
IRC:   62 21:51:52   -82404.265011        0.381987
IRC:   63 22:19:52   -82404.274333        0.349585
IRC:   64 22:46:36   -82404.282787        0.315354
IRC:   65 23:14:10   -82404.290359        0.280969
IRC:   66 23:39:28   -82404.297049        0.246165
IRC:   67 00:06:02   -82404.302865        0.211728
IRC:   68 00:34:13   -82404.307830        0.178164
IRC:   69 01:02:26   -82404.311983        0.146309
IRC:   70 01:16:18   -82404.315388        0.117285
IRC:   71 01:44:01   -82404.318176        0.093916
IRC:   72 02:23:58   -82404.320545        0.078161
IRC:   73 02:51:27   -82404.322631        0.067656
IRC:   74 03:19:12   -82404.324528        0.061668
IRC:   75 03:46:44   -82404.326391        0.059900
IRC:   76 04:00:21   -82404.328212        0.060161
IRC:   77 04:28:14   -82404.329903        0.055175
IRC:   78 04:41:40   -82404.331484        0.048483
IRC:   79 05:09:07   -82404.333175        0.051636
IRC:   80 05:24:12   -82404.335019        0.054651
IRC:   81 05:38:41   -82404.337117        0.058911
IRC:   82 06:07:39   -82404.339132        0.058480
IRC:   83 06:21:04   -82404.340947        0.053356
IRC:   84 06:36:51   -82404.342888        0.056255
Traceback (most recent call last):
  File "/oscar/scratch/kbadger1/SaddleClimb/examples/HCO_to_H_CH_Co0001/IRC/saddelclimb_IRC/IRC_4/run_irc.py", line 48, in <module>
    opt.run(fmax=0.01, steps=1000, direction='reverse')
    ~~~~~~~^^^^^^^^^^^^^^^^^^^^^^^^^^^^^^^^^^^^^^^^^^^^
  File "/users/kbadger1/anaconda3/envs/ase/lib/python3.13/site-packages/sella/optimize/irc.py", line 117, in run
    for converged in self.irun(*args, **kwargs):
                     ~~~~~~~~~^^^^^^^^^^^^^^^^^
  File "/users/kbadger1/anaconda3/envs/ase/lib/python3.13/site-packages/ase/optimize/optimize.py", line 255, in irun
    self.step()
    ~~~~~~~~~^^
  File "/users/kbadger1/anaconda3/envs/ase/lib/python3.13/site-packages/sella/optimize/irc.py", line 139, in step
    self.pes.kick(s)
    ~~~~~~~~~~~~~^^^
  File "/users/kbadger1/anaconda3/envs/ase/lib/python3.13/site-packages/sella/peswrapper.py", line 320, in kick
    dg_actual = self.get_g() - g_par
                ~~~~~~~~~~^^
  File "/users/kbadger1/anaconda3/envs/ase/lib/python3.13/site-packages/sella/peswrapper.py", line 230, in get_g
    self._update()
    ~~~~~~~~~~~~^^
  File "/users/kbadger1/anaconda3/envs/ase/lib/python3.13/site-packages/sella/peswrapper.py", line 193, in _update
    f, g = self.eval()
           ~~~~~~~~~^^
  File "/users/kbadger1/anaconda3/envs/ase/lib/python3.13/site-packages/sella/peswrapper.py", line 157, in eval
    f = self.atoms.get_potential_energy()
  File "/users/kbadger1/anaconda3/envs/ase/lib/python3.13/site-packages/ase/atoms.py", line 770, in get_potential_energy
    energy = self._calc.get_potential_energy(self)
  File "/users/kbadger1/anaconda3/envs/ase/lib/python3.13/site-packages/ase/calculators/abc.py", line 24, in get_potential_energy
    return self.get_property(name, atoms)
           ~~~~~~~~~~~~~~~~~^^^^^^^^^^^^^
  File "/users/kbadger1/anaconda3/envs/ase/lib/python3.13/site-packages/ase/calculators/calculator.py", line 538, in get_property
    self.calculate(atoms, [name], system_changes)
    ~~~~~~~~~~~~~~^^^^^^^^^^^^^^^^^^^^^^^^^^^^^^^
  File "/users/kbadger1/anaconda3/envs/ase/lib/python3.13/site-packages/ase/calculators/genericfileio.py", line 341, in calculate
    self.template.execute(self.directory, self.profile)
    ~~~~~~~~~~~~~~~~~~~~~^^^^^^^^^^^^^^^^^^^^^^^^^^^^^^
  File "/users/kbadger1/anaconda3/envs/ase/lib/python3.13/site-packages/ase/calculators/espresso.py", line 87, in execute
    profile.run(directory, self.inputname, self.outputname,
    ~~~~~~~~~~~^^^^^^^^^^^^^^^^^^^^^^^^^^^^^^^^^^^^^^^^^^^^
                errorfile=self.errorname)
                ^^^^^^^^^^^^^^^^^^^^^^^^^
  File "/users/kbadger1/anaconda3/envs/ase/lib/python3.13/site-packages/ase/calculators/genericfileio.py", line 93, in run
    with ExitStack() as stack:
         ~~~~~~~~~^^
  File "/users/kbadger1/anaconda3/envs/ase/lib/python3.13/contextlib.py", line 619, in __exit__
    raise exc
  File "/users/kbadger1/anaconda3/envs/ase/lib/python3.13/contextlib.py", line 604, in __exit__
    if cb(*exc_details):
       ~~^^^^^^^^^^^^^^
PermissionError: [Errno 1] Operation not permitted
